submitit INFO (2026-06-23 14:42:22,182) - Starting with JobEnvironment(job_id=1291130_3, hostname=n23m0282.hpc.itc.rwth-aachen.de, local_rank=0(1), node=0(1), global_rank=0(1))
submitit INFO (2026-06-23 14:42:22,183) - Loading pickle: /rwthfs/rz/cluster/home/io632776/experiments/adaptive-smac/logs_fixed_vs_learned/1291130_3_submitted.pkl
[INFO][abstract_initial_design.py:143] Using 60 initial design configurations and 0 additional configurations.
[INFO][abstract_intensifier.py:313] Using only one seed for deterministic scenario.
[INFO][abstract_intensifier.py:523] Added config 545df9 as new incumbent because there are no incumbents yet.
[INFO][abstract_intensifier.py:630] Added config 2b45fe and rejected config 545df9 as incumbent because it is not better than the incumbents on 1 instances: 
[INFO][abstract_intensifier.py:630] Added config 512b20 and rejected config 2b45fe as incumbent because it is not better than the incumbents on 1 instances: 
[INFO][smbo.py:334] Finished 50 trials.
[INFO][abstract_intensifier.py:630] Added config 081149 and rejected config 512b20 as incumbent because it is not better than the incumbents on 1 instances: 
[INFO][smbo.py:334] Finished 100 trials.
[INFO][abstract_intensifier.py:630] Added config 01ae3a and rejected config 081149 as incumbent because it is not better than the incumbents on 1 instances: 
[INFO][smbo.py:334] Finished 150 trials.
[INFO][smbo.py:334] Finished 200 trials.
[INFO][abstract_intensifier.py:630] Added config 6cdcd8 and rejected config 01ae3a as incumbent because it is not better than the incumbents on 1 instances: 
[INFO][smbo.py:334] Finished 250 trials.
[INFO][smbo.py:334] Finished 300 trials.
[INFO][smbo.py:334] Finished 350 trials.
[INFO][smbo.py:334] Finished 400 trials.
[INFO][smbo.py:334] Finished 450 trials.
[INFO][smbo.py:334] Finished 500 trials.
[INFO][smbo.py:342] Configuration budget is exhausted:
[INFO][smbo.py:343] --- Remaining wallclock time: inf
[INFO][smbo.py:344] --- Remaining cpu time: inf
[INFO][smbo.py:345] --- Remaining trials: 0
policy=depth_2, seed=3, incumbent_cost=-2.4678450351711207
Configuration(values={
  'x1': 0.0728087676689,
  'x2': 0.3194997123285,
  'x3': 0.566003023352,
  'x4': 0.3380652615766,
  'x5': 0.3679640574059,
  'x6': 0.7310501876413,
})
submitit INFO (2026-06-23 14:43:42,532) - Job completed successfully
[INFO][submission.py:56] Job completed successfully
submitit INFO (2026-06-23 14:43:42,537) - Exiting after successful completion
[INFO][submission.py:61] Exiting after successful completion
