submitit INFO (2026-06-23 23:43:43,549) - Starting with JobEnvironment(job_id=1315261_6, hostname=r23m0202.hpc.itc.rwth-aachen.de, local_rank=0(1), node=0(1), global_rank=0(1))
submitit INFO (2026-06-23 23:43:43,549) - Loading pickle: /rwthfs/rz/cluster/home/io632776/experiments/adaptive-smac/logs_fixed_vs_learned/1315261_6_submitted.pkl
[INFO][abstract_initial_design.py:143] Using 60 initial design configurations and 0 additional configurations.
[INFO][abstract_intensifier.py:313] Using only one seed for deterministic scenario.
[INFO][abstract_intensifier.py:523] Added config 873002 as new incumbent because there are no incumbents yet.
[INFO][abstract_intensifier.py:630] Added config ce9203 and rejected config 873002 as incumbent because it is not better than the incumbents on 1 instances: 
[INFO][abstract_intensifier.py:630] Added config 1e5f6e and rejected config ce9203 as incumbent because it is not better than the incumbents on 1 instances: 
[INFO][abstract_intensifier.py:630] Added config f55c8b and rejected config 1e5f6e as incumbent because it is not better than the incumbents on 1 instances: 
[INFO][smbo.py:334] Finished 50 trials.
[INFO][abstract_intensifier.py:630] Added config b7b604 and rejected config f55c8b as incumbent because it is not better than the incumbents on 1 instances: 
[INFO][smbo.py:334] Finished 100 trials.
[INFO][abstract_intensifier.py:630] Added config 5d4e44 and rejected config b7b604 as incumbent because it is not better than the incumbents on 1 instances: 
[INFO][abstract_intensifier.py:630] Added config f457bc and rejected config 5d4e44 as incumbent because it is not better than the incumbents on 1 instances: 
[INFO][abstract_intensifier.py:630] Added config 93cc49 and rejected config f457bc as incumbent because it is not better than the incumbents on 1 instances: 
[INFO][abstract_intensifier.py:630] Added config 0ab9fe and rejected config 93cc49 as incumbent because it is not better than the incumbents on 1 instances: 
[INFO][abstract_intensifier.py:630] Added config 5aba1b and rejected config 0ab9fe as incumbent because it is not better than the incumbents on 1 instances: 
[INFO][abstract_intensifier.py:630] Added config c9f96b and rejected config 5aba1b as incumbent because it is not better than the incumbents on 1 instances: 
[INFO][abstract_intensifier.py:630] Added config 6edf93 and rejected config c9f96b as incumbent because it is not better than the incumbents on 1 instances: 
[INFO][smbo.py:334] Finished 150 trials.
[INFO][abstract_intensifier.py:630] Added config 78f13c and rejected config 6edf93 as incumbent because it is not better than the incumbents on 1 instances: 
[INFO][abstract_intensifier.py:630] Added config 919240 and rejected config 78f13c as incumbent because it is not better than the incumbents on 1 instances: 
[INFO][smbo.py:334] Finished 200 trials.
[INFO][abstract_intensifier.py:630] Added config 036a59 and rejected config 919240 as incumbent because it is not better than the incumbents on 1 instances: 
[INFO][smbo.py:334] Finished 250 trials.
[INFO][abstract_intensifier.py:630] Added config 33fdac and rejected config 036a59 as incumbent because it is not better than the incumbents on 1 instances: 
[INFO][abstract_intensifier.py:630] Added config 0e474d and rejected config 33fdac as incumbent because it is not better than the incumbents on 1 instances: 
[INFO][smbo.py:334] Finished 300 trials.
[INFO][abstract_intensifier.py:630] Added config 60f0ec and rejected config 0e474d as incumbent because it is not better than the incumbents on 1 instances: 
[INFO][abstract_intensifier.py:630] Added config dfe309 and rejected config 60f0ec as incumbent because it is not better than the incumbents on 1 instances: 
[INFO][abstract_intensifier.py:630] Added config 519c82 and rejected config dfe309 as incumbent because it is not better than the incumbents on 1 instances: 
[INFO][abstract_intensifier.py:630] Added config ce49b7 and rejected config 519c82 as incumbent because it is not better than the incumbents on 1 instances: 
[INFO][smbo.py:334] Finished 350 trials.
[INFO][smbo.py:334] Finished 400 trials.
[INFO][smbo.py:334] Finished 450 trials.
[INFO][abstract_intensifier.py:630] Added config 63462e and rejected config ce49b7 as incumbent because it is not better than the incumbents on 1 instances: 
[INFO][abstract_intensifier.py:630] Added config 9776f3 and rejected config 63462e as incumbent because it is not better than the incumbents on 1 instances: 
[INFO][smbo.py:334] Finished 500 trials.
[INFO][smbo.py:342] Configuration budget is exhausted:
[INFO][smbo.py:343] --- Remaining wallclock time: inf
[INFO][smbo.py:344] --- Remaining cpu time: inf
[INFO][smbo.py:345] --- Remaining trials: 0
policy=leaf_2, seed=1, incumbent_cost=-3.173770028681133
Configuration(values={
  'x1': 0.4035716237006,
  'x2': 0.8847386846656,
  'x3': 0.8738741459858,
  'x4': 0.5745069425873,
  'x5': 0.1451780072018,
  'x6': 0.012917827301,
})
submitit INFO (2026-06-23 23:45:21,463) - Job completed successfully
[INFO][submission.py:56] Job completed successfully
submitit INFO (2026-06-23 23:45:21,467) - Exiting after successful completion
[INFO][submission.py:61] Exiting after successful completion
