submitit INFO (2026-06-23 23:44:29,221) - Starting with JobEnvironment(job_id=1315261_21, hostname=r23m0198.hpc.itc.rwth-aachen.de, local_rank=0(1), node=0(1), global_rank=0(1))
submitit INFO (2026-06-23 23:44:29,222) - Loading pickle: /rwthfs/rz/cluster/home/io632776/experiments/adaptive-smac/logs_fixed_vs_learned/1315261_21_submitted.pkl
[INFO][abstract_initial_design.py:143] Using 60 initial design configurations and 0 additional configurations.
[INFO][abstract_intensifier.py:313] Using only one seed for deterministic scenario.
[INFO][abstract_intensifier.py:523] Added config 873002 as new incumbent because there are no incumbents yet.
[INFO][abstract_intensifier.py:630] Added config ce9203 and rejected config 873002 as incumbent because it is not better than the incumbents on 1 instances: 
[INFO][abstract_intensifier.py:630] Added config 1e5f6e and rejected config ce9203 as incumbent because it is not better than the incumbents on 1 instances: 
[INFO][abstract_intensifier.py:630] Added config f55c8b and rejected config 1e5f6e as incumbent because it is not better than the incumbents on 1 instances: 
[INFO][smbo.py:334] Finished 50 trials.
[INFO][abstract_intensifier.py:630] Added config 820965 and rejected config f55c8b as incumbent because it is not better than the incumbents on 1 instances: 
[INFO][abstract_intensifier.py:630] Added config 6808f3 and rejected config 820965 as incumbent because it is not better than the incumbents on 1 instances: 
[INFO][abstract_intensifier.py:630] Added config 51b2ad and rejected config 6808f3 as incumbent because it is not better than the incumbents on 1 instances: 
[INFO][abstract_intensifier.py:630] Added config ba497f and rejected config 51b2ad as incumbent because it is not better than the incumbents on 1 instances: 
[INFO][smbo.py:334] Finished 100 trials.
[INFO][abstract_intensifier.py:630] Added config 9f5e7e and rejected config ba497f as incumbent because it is not better than the incumbents on 1 instances: 
[INFO][abstract_intensifier.py:630] Added config 3555ac and rejected config 9f5e7e as incumbent because it is not better than the incumbents on 1 instances: 
[INFO][smbo.py:334] Finished 150 trials.
[INFO][abstract_intensifier.py:630] Added config 1b22a6 and rejected config 3555ac as incumbent because it is not better than the incumbents on 1 instances: 
[INFO][abstract_intensifier.py:630] Added config 11e997 and rejected config 1b22a6 as incumbent because it is not better than the incumbents on 1 instances: 
[INFO][abstract_intensifier.py:630] Added config 7cd063 and rejected config 11e997 as incumbent because it is not better than the incumbents on 1 instances: 
[INFO][abstract_intensifier.py:630] Added config 2fedb6 and rejected config 7cd063 as incumbent because it is not better than the incumbents on 1 instances: 
[INFO][abstract_intensifier.py:630] Added config 96b764 and rejected config 2fedb6 as incumbent because it is not better than the incumbents on 1 instances: 
[INFO][smbo.py:334] Finished 200 trials.
[INFO][abstract_intensifier.py:630] Added config afaf84 and rejected config 96b764 as incumbent because it is not better than the incumbents on 1 instances: 
[INFO][abstract_intensifier.py:630] Added config a302d2 and rejected config afaf84 as incumbent because it is not better than the incumbents on 1 instances: 
[INFO][abstract_intensifier.py:630] Added config f4a3b6 and rejected config a302d2 as incumbent because it is not better than the incumbents on 1 instances: 
[INFO][smbo.py:334] Finished 250 trials.
[INFO][abstract_intensifier.py:630] Added config 45efdc and rejected config f4a3b6 as incumbent because it is not better than the incumbents on 1 instances: 
[INFO][smbo.py:334] Finished 300 trials.
[INFO][abstract_intensifier.py:630] Added config d9b0b1 and rejected config 45efdc as incumbent because it is not better than the incumbents on 1 instances: 
[INFO][abstract_intensifier.py:630] Added config 36cca9 and rejected config d9b0b1 as incumbent because it is not better than the incumbents on 1 instances: 
[INFO][abstract_intensifier.py:630] Added config 2b0f38 and rejected config 36cca9 as incumbent because it is not better than the incumbents on 1 instances: 
[INFO][abstract_intensifier.py:630] Added config 1aa214 and rejected config 2b0f38 as incumbent because it is not better than the incumbents on 1 instances: 
[INFO][smbo.py:334] Finished 350 trials.
[INFO][smbo.py:334] Finished 400 trials.
[INFO][abstract_intensifier.py:630] Added config 8fca06 and rejected config 1aa214 as incumbent because it is not better than the incumbents on 1 instances: 
[INFO][abstract_intensifier.py:630] Added config 4f765a and rejected config 8fca06 as incumbent because it is not better than the incumbents on 1 instances: 
[INFO][abstract_intensifier.py:630] Added config 935cbf and rejected config 4f765a as incumbent because it is not better than the incumbents on 1 instances: 
[INFO][abstract_intensifier.py:630] Added config e0545f and rejected config 935cbf as incumbent because it is not better than the incumbents on 1 instances: 
[INFO][smbo.py:334] Finished 450 trials.
[INFO][abstract_intensifier.py:630] Added config de23b1 and rejected config e0545f as incumbent because it is not better than the incumbents on 1 instances: 
[INFO][smbo.py:334] Finished 500 trials.
[INFO][smbo.py:342] Configuration budget is exhausted:
[INFO][smbo.py:343] --- Remaining wallclock time: inf
[INFO][smbo.py:344] --- Remaining cpu time: inf
[INFO][smbo.py:345] --- Remaining trials: 0
policy=leaf_5, seed=1, incumbent_cost=-3.1571183100775038
Configuration(values={
  'x1': 0.4056617437167,
  'x2': 0.8836503369702,
  'x3': 0.8587678431751,
  'x4': 0.5744702803652,
  'x5': 0.1515729862644,
  'x6': 0.0063466637861,
})
submitit INFO (2026-06-23 23:46:16,651) - Job completed successfully
[INFO][submission.py:56] Job completed successfully
submitit INFO (2026-06-23 23:46:17,929) - Exiting after successful completion
[INFO][submission.py:61] Exiting after successful completion
