submitit INFO (2026-06-24 00:13:40,601) - Starting with JobEnvironment(job_id=1315588_22, hostname=r23m0147.hpc.itc.rwth-aachen.de, local_rank=0(1), node=0(1), global_rank=0(1))
submitit INFO (2026-06-24 00:13:40,601) - Loading pickle: /rwthfs/rz/cluster/home/io632776/experiments/adaptive-smac/logs_fixed_vs_learned/1315588_22_submitted.pkl
[INFO][abstract_initial_design.py:143] Using 25 initial design configurations and 0 additional configurations.
[INFO][abstract_intensifier.py:313] Using only one seed for deterministic scenario.
[INFO][abstract_intensifier.py:523] Added config b9fdb3 as new incumbent because there are no incumbents yet.
[INFO][abstract_intensifier.py:630] Added config 097fb7 and rejected config b9fdb3 as incumbent because it is not better than the incumbents on 1 instances: 
[INFO][abstract_intensifier.py:630] Added config 911f6d and rejected config 097fb7 as incumbent because it is not better than the incumbents on 1 instances: 
[INFO][abstract_intensifier.py:630] Added config 0b476d and rejected config 911f6d as incumbent because it is not better than the incumbents on 1 instances: 
[INFO][abstract_intensifier.py:630] Added config 2e997c and rejected config 0b476d as incumbent because it is not better than the incumbents on 1 instances: 
[INFO][smbo.py:334] Finished 50 trials.
[INFO][abstract_intensifier.py:630] Added config 671398 and rejected config 2e997c as incumbent because it is not better than the incumbents on 1 instances: 
[INFO][abstract_intensifier.py:630] Added config e6bff1 and rejected config 671398 as incumbent because it is not better than the incumbents on 1 instances: 
[INFO][abstract_intensifier.py:630] Added config 33bef8 and rejected config e6bff1 as incumbent because it is not better than the incumbents on 1 instances: 
[INFO][smbo.py:334] Finished 100 trials.
[INFO][abstract_intensifier.py:630] Added config 6cc43a and rejected config 33bef8 as incumbent because it is not better than the incumbents on 1 instances: 
[INFO][abstract_intensifier.py:630] Added config 30a631 and rejected config 6cc43a as incumbent because it is not better than the incumbents on 1 instances: 
[INFO][abstract_intensifier.py:630] Added config 1e8f99 and rejected config 30a631 as incumbent because it is not better than the incumbents on 1 instances: 
[INFO][abstract_intensifier.py:630] Added config b1d60a and rejected config 1e8f99 as incumbent because it is not better than the incumbents on 1 instances: 
[INFO][smbo.py:334] Finished 150 trials.
[INFO][abstract_intensifier.py:630] Added config ff93d6 and rejected config b1d60a as incumbent because it is not better than the incumbents on 1 instances: 
[INFO][smbo.py:334] Finished 200 trials.
[INFO][abstract_intensifier.py:630] Added config 3c0bba and rejected config ff93d6 as incumbent because it is not better than the incumbents on 1 instances: 
[INFO][smbo.py:334] Finished 250 trials.
[INFO][abstract_intensifier.py:630] Added config dd92f8 and rejected config 3c0bba as incumbent because it is not better than the incumbents on 1 instances: 
[INFO][abstract_intensifier.py:630] Added config 62075d and rejected config dd92f8 as incumbent because it is not better than the incumbents on 1 instances: 
[INFO][abstract_intensifier.py:630] Added config 60dca6 and rejected config 62075d as incumbent because it is not better than the incumbents on 1 instances: 
[INFO][smbo.py:334] Finished 300 trials.
[INFO][abstract_intensifier.py:630] Added config df9bd0 and rejected config 60dca6 as incumbent because it is not better than the incumbents on 1 instances: 
[INFO][abstract_intensifier.py:630] Added config 5af2ee and rejected config df9bd0 as incumbent because it is not better than the incumbents on 1 instances: 
[INFO][abstract_intensifier.py:630] Added config 4190dc and rejected config 5af2ee as incumbent because it is not better than the incumbents on 1 instances: 
[INFO][smbo.py:334] Finished 350 trials.
[INFO][abstract_intensifier.py:630] Added config 57557f and rejected config 4190dc as incumbent because it is not better than the incumbents on 1 instances: 
[INFO][abstract_intensifier.py:630] Added config cdf783 and rejected config 57557f as incumbent because it is not better than the incumbents on 1 instances: 
[INFO][abstract_intensifier.py:630] Added config 4cd6d4 and rejected config cdf783 as incumbent because it is not better than the incumbents on 1 instances: 
[INFO][abstract_intensifier.py:630] Added config b4b4f5 and rejected config 4cd6d4 as incumbent because it is not better than the incumbents on 1 instances: 
[INFO][smbo.py:334] Finished 400 trials.
[INFO][abstract_intensifier.py:630] Added config 447de5 and rejected config b4b4f5 as incumbent because it is not better than the incumbents on 1 instances: 
[INFO][abstract_intensifier.py:630] Added config 454774 and rejected config 447de5 as incumbent because it is not better than the incumbents on 1 instances: 
[INFO][abstract_intensifier.py:630] Added config b39b24 and rejected config 454774 as incumbent because it is not better than the incumbents on 1 instances: 
[INFO][smbo.py:334] Finished 450 trials.
[INFO][abstract_intensifier.py:630] Added config a45709 and rejected config b39b24 as incumbent because it is not better than the incumbents on 1 instances: 
[INFO][abstract_intensifier.py:630] Added config 1fba6a and rejected config a45709 as incumbent because it is not better than the incumbents on 1 instances: 
[INFO][abstract_intensifier.py:630] Added config 0c1d12 and rejected config 1fba6a as incumbent because it is not better than the incumbents on 1 instances: 
[INFO][smbo.py:334] Finished 500 trials.
[INFO][smbo.py:342] Configuration budget is exhausted:
[INFO][smbo.py:343] --- Remaining wallclock time: inf
[INFO][smbo.py:344] --- Remaining cpu time: inf
[INFO][smbo.py:345] --- Remaining trials: 0
policy=leaf_5, seed=2, incumbent_cost=-3.2454415617712016
Configuration(values={
  'x1': 0.2037832340863,
  'x2': 0.2322223409462,
  'x3': 0.4779473936941,
  'x4': 0.276548017433,
  'x5': 0.3108459645627,
  'x6': 0.6517553665158,
})
submitit INFO (2026-06-24 00:15:11,502) - Job completed successfully
[INFO][submission.py:56] Job completed successfully
submitit INFO (2026-06-24 00:15:11,504) - Exiting after successful completion
[INFO][submission.py:61] Exiting after successful completion
