submitit INFO (2026-06-24 00:13:04,886) - Starting with JobEnvironment(job_id=1315588_14, hostname=r23m0142.hpc.itc.rwth-aachen.de, local_rank=0(1), node=0(1), global_rank=0(1))
submitit INFO (2026-06-24 00:13:04,886) - Loading pickle: /rwthfs/rz/cluster/home/io632776/experiments/adaptive-smac/logs_fixed_vs_learned/1315588_14_submitted.pkl
[INFO][abstract_initial_design.py:143] Using 25 initial design configurations and 0 additional configurations.
[INFO][abstract_intensifier.py:313] Using only one seed for deterministic scenario.
[INFO][abstract_intensifier.py:523] Added config 4a153e as new incumbent because there are no incumbents yet.
[INFO][abstract_intensifier.py:630] Added config 73bb85 and rejected config 4a153e as incumbent because it is not better than the incumbents on 1 instances: 
[INFO][abstract_intensifier.py:630] Added config dbd536 and rejected config 73bb85 as incumbent because it is not better than the incumbents on 1 instances: 
[INFO][abstract_intensifier.py:630] Added config ed9eb0 and rejected config dbd536 as incumbent because it is not better than the incumbents on 1 instances: 
[INFO][abstract_intensifier.py:630] Added config 157f19 and rejected config ed9eb0 as incumbent because it is not better than the incumbents on 1 instances: 
[INFO][smbo.py:334] Finished 50 trials.
[INFO][abstract_intensifier.py:630] Added config ac672f and rejected config 157f19 as incumbent because it is not better than the incumbents on 1 instances: 
[INFO][abstract_intensifier.py:630] Added config 5098d2 and rejected config ac672f as incumbent because it is not better than the incumbents on 1 instances: 
[INFO][abstract_intensifier.py:630] Added config b51cb0 and rejected config 5098d2 as incumbent because it is not better than the incumbents on 1 instances: 
[INFO][abstract_intensifier.py:630] Added config a213ca and rejected config b51cb0 as incumbent because it is not better than the incumbents on 1 instances: 
[INFO][abstract_intensifier.py:630] Added config eb3e91 and rejected config a213ca as incumbent because it is not better than the incumbents on 1 instances: 
[INFO][abstract_intensifier.py:630] Added config 745bce and rejected config eb3e91 as incumbent because it is not better than the incumbents on 1 instances: 
[INFO][smbo.py:334] Finished 100 trials.
[INFO][abstract_intensifier.py:630] Added config d334fc and rejected config 745bce as incumbent because it is not better than the incumbents on 1 instances: 
[INFO][abstract_intensifier.py:630] Added config c2a293 and rejected config d334fc as incumbent because it is not better than the incumbents on 1 instances: 
[INFO][smbo.py:334] Finished 150 trials.
[INFO][abstract_intensifier.py:630] Added config b645b4 and rejected config c2a293 as incumbent because it is not better than the incumbents on 1 instances: 
[INFO][abstract_intensifier.py:630] Added config d63e4d and rejected config b645b4 as incumbent because it is not better than the incumbents on 1 instances: 
[INFO][smbo.py:334] Finished 200 trials.
[INFO][abstract_intensifier.py:630] Added config 668d6c and rejected config d63e4d as incumbent because it is not better than the incumbents on 1 instances: 
[INFO][abstract_intensifier.py:630] Added config ad2314 and rejected config 668d6c as incumbent because it is not better than the incumbents on 1 instances: 
[INFO][abstract_intensifier.py:630] Added config 949934 and rejected config ad2314 as incumbent because it is not better than the incumbents on 1 instances: 
[INFO][abstract_intensifier.py:630] Added config d61525 and rejected config 949934 as incumbent because it is not better than the incumbents on 1 instances: 
[INFO][abstract_intensifier.py:630] Added config 64ca48 and rejected config d61525 as incumbent because it is not better than the incumbents on 1 instances: 
[INFO][abstract_intensifier.py:630] Added config f2c6e3 and rejected config 64ca48 as incumbent because it is not better than the incumbents on 1 instances: 
[INFO][smbo.py:334] Finished 250 trials.
[INFO][abstract_intensifier.py:630] Added config b794fb and rejected config f2c6e3 as incumbent because it is not better than the incumbents on 1 instances: 
[INFO][abstract_intensifier.py:630] Added config 9dc2c6 and rejected config b794fb as incumbent because it is not better than the incumbents on 1 instances: 
[INFO][abstract_intensifier.py:630] Added config 03574c and rejected config 9dc2c6 as incumbent because it is not better than the incumbents on 1 instances: 
[INFO][smbo.py:334] Finished 300 trials.
[INFO][abstract_intensifier.py:630] Added config e99476 and rejected config 03574c as incumbent because it is not better than the incumbents on 1 instances: 
[INFO][abstract_intensifier.py:630] Added config cbcfc2 and rejected config e99476 as incumbent because it is not better than the incumbents on 1 instances: 
[INFO][smbo.py:334] Finished 350 trials.
[INFO][abstract_intensifier.py:630] Added config 67a256 and rejected config cbcfc2 as incumbent because it is not better than the incumbents on 1 instances: 
[INFO][abstract_intensifier.py:630] Added config ba4292 and rejected config 67a256 as incumbent because it is not better than the incumbents on 1 instances: 
[INFO][abstract_intensifier.py:630] Added config c77afc and rejected config ba4292 as incumbent because it is not better than the incumbents on 1 instances: 
[INFO][smbo.py:334] Finished 400 trials.
[INFO][abstract_intensifier.py:630] Added config 2544ff and rejected config c77afc as incumbent because it is not better than the incumbents on 1 instances: 
[INFO][abstract_intensifier.py:630] Added config be6ba4 and rejected config 2544ff as incumbent because it is not better than the incumbents on 1 instances: 
[INFO][abstract_intensifier.py:630] Added config 33d853 and rejected config be6ba4 as incumbent because it is not better than the incumbents on 1 instances: 
[INFO][abstract_intensifier.py:630] Added config 6f8bc0 and rejected config 33d853 as incumbent because it is not better than the incumbents on 1 instances: 
[INFO][abstract_intensifier.py:630] Added config bd82b7 and rejected config 6f8bc0 as incumbent because it is not better than the incumbents on 1 instances: 
[INFO][abstract_intensifier.py:630] Added config 78cc14 and rejected config bd82b7 as incumbent because it is not better than the incumbents on 1 instances: 
[INFO][abstract_intensifier.py:630] Added config 15577d and rejected config 78cc14 as incumbent because it is not better than the incumbents on 1 instances: 
[INFO][abstract_intensifier.py:630] Added config fd7f56 and rejected config 15577d as incumbent because it is not better than the incumbents on 1 instances: 
[INFO][abstract_intensifier.py:630] Added config d81499 and rejected config fd7f56 as incumbent because it is not better than the incumbents on 1 instances: 
[INFO][smbo.py:334] Finished 450 trials.
[INFO][abstract_intensifier.py:630] Added config 564471 and rejected config d81499 as incumbent because it is not better than the incumbents on 1 instances: 
[INFO][smbo.py:334] Finished 500 trials.
[INFO][smbo.py:342] Configuration budget is exhausted:
[INFO][smbo.py:343] --- Remaining wallclock time: inf
[INFO][smbo.py:344] --- Remaining cpu time: inf
[INFO][smbo.py:345] --- Remaining trials: 0
policy=leaf_3, seed=4, incumbent_cost=-3.1489615544516085
Configuration(values={
  'x1': 0.0835765909689,
  'x2': 0.1435415008152,
  'x3': 0.4853398069179,
  'x4': 0.2768801459597,
  'x5': 0.3146905238649,
  'x6': 0.6600517676672,
})
submitit INFO (2026-06-24 00:14:42,926) - Job completed successfully
[INFO][submission.py:56] Job completed successfully
submitit INFO (2026-06-24 00:14:42,927) - Exiting after successful completion
[INFO][submission.py:61] Exiting after successful completion
