submitit INFO (2026-06-23 23:44:01,678) - Starting with JobEnvironment(job_id=1315261_0, hostname=r23m0196.hpc.itc.rwth-aachen.de, local_rank=0(1), node=0(1), global_rank=0(1))
submitit INFO (2026-06-23 23:44:01,678) - Loading pickle: /rwthfs/rz/cluster/home/io632776/experiments/adaptive-smac/logs_fixed_vs_learned/1315261_0_submitted.pkl
[INFO][abstract_initial_design.py:143] Using 60 initial design configurations and 0 additional configurations.
[INFO][abstract_intensifier.py:313] Using only one seed for deterministic scenario.
[INFO][abstract_intensifier.py:523] Added config 250a07 as new incumbent because there are no incumbents yet.
[INFO][abstract_intensifier.py:630] Added config 9895f5 and rejected config 250a07 as incumbent because it is not better than the incumbents on 1 instances: 
[INFO][abstract_intensifier.py:630] Added config 6ed6e4 and rejected config 9895f5 as incumbent because it is not better than the incumbents on 1 instances: 
[INFO][abstract_intensifier.py:630] Added config 718a9a and rejected config 6ed6e4 as incumbent because it is not better than the incumbents on 1 instances: 
[INFO][smbo.py:334] Finished 50 trials.
[INFO][abstract_intensifier.py:630] Added config 62da27 and rejected config 718a9a as incumbent because it is not better than the incumbents on 1 instances: 
[INFO][abstract_intensifier.py:630] Added config 49d4cc and rejected config 62da27 as incumbent because it is not better than the incumbents on 1 instances: 
[INFO][abstract_intensifier.py:630] Added config c3eb4c and rejected config 49d4cc as incumbent because it is not better than the incumbents on 1 instances: 
[INFO][abstract_intensifier.py:630] Added config 1c1a32 and rejected config c3eb4c as incumbent because it is not better than the incumbents on 1 instances: 
[INFO][smbo.py:334] Finished 100 trials.
[INFO][abstract_intensifier.py:630] Added config c2602a and rejected config 1c1a32 as incumbent because it is not better than the incumbents on 1 instances: 
[INFO][abstract_intensifier.py:630] Added config 2ba26e and rejected config c2602a as incumbent because it is not better than the incumbents on 1 instances: 
[INFO][abstract_intensifier.py:630] Added config 87b249 and rejected config 2ba26e as incumbent because it is not better than the incumbents on 1 instances: 
[INFO][abstract_intensifier.py:630] Added config a9e185 and rejected config 87b249 as incumbent because it is not better than the incumbents on 1 instances: 
[INFO][abstract_intensifier.py:630] Added config 8ef033 and rejected config a9e185 as incumbent because it is not better than the incumbents on 1 instances: 
[INFO][abstract_intensifier.py:630] Added config 95a94c and rejected config 8ef033 as incumbent because it is not better than the incumbents on 1 instances: 
[INFO][abstract_intensifier.py:630] Added config 597f11 and rejected config 95a94c as incumbent because it is not better than the incumbents on 1 instances: 
[INFO][smbo.py:334] Finished 150 trials.
[INFO][abstract_intensifier.py:630] Added config b9adbb and rejected config 597f11 as incumbent because it is not better than the incumbents on 1 instances: 
[INFO][abstract_intensifier.py:630] Added config 7c53d2 and rejected config b9adbb as incumbent because it is not better than the incumbents on 1 instances: 
[INFO][abstract_intensifier.py:630] Added config 3431aa and rejected config 7c53d2 as incumbent because it is not better than the incumbents on 1 instances: 
[INFO][smbo.py:334] Finished 200 trials.
[INFO][abstract_intensifier.py:630] Added config 2101cb and rejected config 3431aa as incumbent because it is not better than the incumbents on 1 instances: 
[INFO][abstract_intensifier.py:630] Added config fc7e58 and rejected config 2101cb as incumbent because it is not better than the incumbents on 1 instances: 
[INFO][abstract_intensifier.py:630] Added config 6befcb and rejected config fc7e58 as incumbent because it is not better than the incumbents on 1 instances: 
[INFO][smbo.py:334] Finished 250 trials.
[INFO][abstract_intensifier.py:630] Added config e1ea09 and rejected config 6befcb as incumbent because it is not better than the incumbents on 1 instances: 
[INFO][abstract_intensifier.py:630] Added config 70a8c3 and rejected config e1ea09 as incumbent because it is not better than the incumbents on 1 instances: 
[INFO][abstract_intensifier.py:630] Added config 6324f5 and rejected config 70a8c3 as incumbent because it is not better than the incumbents on 1 instances: 
[INFO][smbo.py:334] Finished 300 trials.
[INFO][abstract_intensifier.py:630] Added config daf6d3 and rejected config 6324f5 as incumbent because it is not better than the incumbents on 1 instances: 
[INFO][abstract_intensifier.py:630] Added config 663b45 and rejected config daf6d3 as incumbent because it is not better than the incumbents on 1 instances: 
[INFO][abstract_intensifier.py:630] Added config b4a08a and rejected config 663b45 as incumbent because it is not better than the incumbents on 1 instances: 
[INFO][abstract_intensifier.py:630] Added config 9813f0 and rejected config b4a08a as incumbent because it is not better than the incumbents on 1 instances: 
[INFO][smbo.py:334] Finished 350 trials.
[INFO][smbo.py:334] Finished 400 trials.
[INFO][smbo.py:334] Finished 450 trials.
[INFO][abstract_intensifier.py:630] Added config 42a492 and rejected config 9813f0 as incumbent because it is not better than the incumbents on 1 instances: 
[INFO][smbo.py:334] Finished 500 trials.
[INFO][smbo.py:342] Configuration budget is exhausted:
[INFO][smbo.py:343] --- Remaining wallclock time: inf
[INFO][smbo.py:344] --- Remaining cpu time: inf
[INFO][smbo.py:345] --- Remaining trials: 0
policy=leaf_1, seed=0, incumbent_cost=-3.2019133834737286
Configuration(values={
  'x1': 0.4054435893589,
  'x2': 0.8825983948034,
  'x3': 0.8454630826845,
  'x4': 0.5681215140087,
  'x5': 0.1406938517369,
  'x6': 0.0401051696485,
})
submitit INFO (2026-06-23 23:45:23,951) - Job completed successfully
[INFO][submission.py:56] Job completed successfully
submitit INFO (2026-06-23 23:45:23,952) - Exiting after successful completion
[INFO][submission.py:61] Exiting after successful completion
