submitit INFO (2026-06-24 01:21:46,885) - Starting with JobEnvironment(job_id=1316763_32, hostname=r23m0197.hpc.itc.rwth-aachen.de, local_rank=0(1), node=0(1), global_rank=0(1))
submitit INFO (2026-06-24 01:21:46,885) - Loading pickle: /rwthfs/rz/cluster/home/io632776/experiments/adaptive-smac/logs_bruteforce_leaf_policies/1316763_32_submitted.pkl
Running batch with 16 SMAC runs.
[batch 1/16] policy=leaf_policy_2_3_2_3, seed=2
[INFO][abstract_initial_design.py:143] Using 25 initial design configurations and 0 additional configurations.
[BlockwiseMinSamplesLeafCallback] trials=0, block=1, min_samples_leaf=2
[INFO][abstract_intensifier.py:313] Using only one seed for deterministic scenario.
[INFO][abstract_intensifier.py:523] Added config b9fdb3 as new incumbent because there are no incumbents yet.
[INFO][abstract_intensifier.py:630] Added config 097fb7 and rejected config b9fdb3 as incumbent because it is not better than the incumbents on 1 instances: 
[INFO][abstract_intensifier.py:630] Added config 911f6d and rejected config 097fb7 as incumbent because it is not better than the incumbents on 1 instances: 
[INFO][abstract_intensifier.py:630] Added config 0b476d and rejected config 911f6d as incumbent because it is not better than the incumbents on 1 instances: 
[INFO][abstract_intensifier.py:630] Added config 4b2b68 and rejected config 0b476d as incumbent because it is not better than the incumbents on 1 instances: 
[INFO][abstract_intensifier.py:630] Added config 15a493 and rejected config 4b2b68 as incumbent because it is not better than the incumbents on 1 instances: 
[INFO][smbo.py:334] Finished 50 trials.
[INFO][abstract_intensifier.py:630] Added config e77611 and rejected config 15a493 as incumbent because it is not better than the incumbents on 1 instances: 
[INFO][abstract_intensifier.py:630] Added config ae1c30 and rejected config e77611 as incumbent because it is not better than the incumbents on 1 instances: 
[INFO][abstract_intensifier.py:630] Added config ece84e and rejected config ae1c30 as incumbent because it is not better than the incumbents on 1 instances: 
[INFO][abstract_intensifier.py:630] Added config b1366d and rejected config ece84e as incumbent because it is not better than the incumbents on 1 instances: 
[INFO][abstract_intensifier.py:630] Added config becac8 and rejected config b1366d as incumbent because it is not better than the incumbents on 1 instances: 
[INFO][abstract_intensifier.py:630] Added config 842d17 and rejected config becac8 as incumbent because it is not better than the incumbents on 1 instances: 
[INFO][smbo.py:334] Finished 100 trials.
[BlockwiseMinSamplesLeafCallback] trials=100, block=2, min_samples_leaf=3
[INFO][abstract_intensifier.py:630] Added config c5db3e and rejected config 842d17 as incumbent because it is not better than the incumbents on 1 instances: 
[INFO][abstract_intensifier.py:630] Added config e8a5ec and rejected config c5db3e as incumbent because it is not better than the incumbents on 1 instances: 
[INFO][smbo.py:334] Finished 150 trials.
[INFO][abstract_intensifier.py:630] Added config 18b898 and rejected config e8a5ec as incumbent because it is not better than the incumbents on 1 instances: 
[INFO][abstract_intensifier.py:630] Added config a98050 and rejected config 18b898 as incumbent because it is not better than the incumbents on 1 instances: 
[INFO][abstract_intensifier.py:630] Added config f184ab and rejected config a98050 as incumbent because it is not better than the incumbents on 1 instances: 
[INFO][abstract_intensifier.py:630] Added config f97d00 and rejected config f184ab as incumbent because it is not better than the incumbents on 1 instances: 
[INFO][smbo.py:334] Finished 200 trials.
[BlockwiseMinSamplesLeafCallback] trials=200, block=3, min_samples_leaf=2
[INFO][abstract_intensifier.py:630] Added config 46a388 and rejected config f97d00 as incumbent because it is not better than the incumbents on 1 instances: 
[INFO][abstract_intensifier.py:630] Added config a66cf3 and rejected config 46a388 as incumbent because it is not better than the incumbents on 1 instances: 
[INFO][abstract_intensifier.py:630] Added config f70611 and rejected config a66cf3 as incumbent because it is not better than the incumbents on 1 instances: 
[INFO][abstract_intensifier.py:630] Added config e4b3b4 and rejected config f70611 as incumbent because it is not better than the incumbents on 1 instances: 
[INFO][smbo.py:334] Finished 250 trials.
[INFO][abstract_intensifier.py:630] Added config fe466b and rejected config e4b3b4 as incumbent because it is not better than the incumbents on 1 instances: 
[INFO][abstract_intensifier.py:630] Added config 459a6c and rejected config fe466b as incumbent because it is not better than the incumbents on 1 instances: 
[INFO][abstract_intensifier.py:630] Added config a5a9df and rejected config 459a6c as incumbent because it is not better than the incumbents on 1 instances: 
[INFO][abstract_intensifier.py:630] Added config 5360f1 and rejected config a5a9df as incumbent because it is not better than the incumbents on 1 instances: 
[INFO][abstract_intensifier.py:630] Added config 326b56 and rejected config 5360f1 as incumbent because it is not better than the incumbents on 1 instances: 
[INFO][abstract_intensifier.py:630] Added config f47c4e and rejected config 326b56 as incumbent because it is not better than the incumbents on 1 instances: 
[INFO][smbo.py:334] Finished 300 trials.
[BlockwiseMinSamplesLeafCallback] trials=300, block=4, min_samples_leaf=3
[INFO][abstract_intensifier.py:630] Added config 330460 and rejected config f47c4e as incumbent because it is not better than the incumbents on 1 instances: 
[INFO][abstract_intensifier.py:630] Added config a7bc42 and rejected config 330460 as incumbent because it is not better than the incumbents on 1 instances: 
[INFO][smbo.py:334] Finished 350 trials.
[INFO][abstract_intensifier.py:630] Added config 81c97c and rejected config a7bc42 as incumbent because it is not better than the incumbents on 1 instances: 
[INFO][smbo.py:334] Finished 400 trials.
[INFO][smbo.py:342] Configuration budget is exhausted:
[INFO][smbo.py:343] --- Remaining wallclock time: inf
[INFO][smbo.py:344] --- Remaining cpu time: inf
[INFO][smbo.py:345] --- Remaining trials: 0
policy=(2, 3, 2, 3), seed=2, incumbent_cost=-3.2664524086524285
Configuration(values={
  'x1': 0.1967810184807,
  'x2': 0.0815035461011,
  'x3': 0.4729415744102,
  'x4': 0.2759601787199,
  'x5': 0.3110137834314,
  'x6': 0.6672131111956,
})
[batch 2/16] policy=leaf_policy_2_3_2_3, seed=3
[INFO][abstract_initial_design.py:74] Using `n_configs` and ignoring `n_configs_per_hyperparameter`.
[INFO][abstract_initial_design.py:143] Using 25 initial design configurations and 0 additional configurations.
[BlockwiseMinSamplesLeafCallback] trials=0, block=1, min_samples_leaf=2
[INFO][abstract_intensifier.py:313] Using only one seed for deterministic scenario.
[INFO][abstract_intensifier.py:523] Added config 545df9 as new incumbent because there are no incumbents yet.
[INFO][abstract_intensifier.py:630] Added config 2b45fe and rejected config 545df9 as incumbent because it is not better than the incumbents on 1 instances: 
[INFO][abstract_intensifier.py:630] Added config 020724 and rejected config 2b45fe as incumbent because it is not better than the incumbents on 1 instances: 
[INFO][abstract_intensifier.py:630] Added config df3dcc and rejected config 020724 as incumbent because it is not better than the incumbents on 1 instances: 
[INFO][smbo.py:334] Finished 50 trials.
[INFO][abstract_intensifier.py:630] Added config 070450 and rejected config df3dcc as incumbent because it is not better than the incumbents on 1 instances: 
[INFO][abstract_intensifier.py:630] Added config b5f054 and rejected config 070450 as incumbent because it is not better than the incumbents on 1 instances: 
[INFO][abstract_intensifier.py:630] Added config 138b1b and rejected config b5f054 as incumbent because it is not better than the incumbents on 1 instances: 
[INFO][abstract_intensifier.py:630] Added config 65b4bb and rejected config 138b1b as incumbent because it is not better than the incumbents on 1 instances: 
[INFO][smbo.py:334] Finished 100 trials.
[BlockwiseMinSamplesLeafCallback] trials=100, block=2, min_samples_leaf=3
[INFO][abstract_intensifier.py:630] Added config 17e01b and rejected config 65b4bb as incumbent because it is not better than the incumbents on 1 instances: 
[INFO][abstract_intensifier.py:630] Added config 4f7c3d and rejected config 17e01b as incumbent because it is not better than the incumbents on 1 instances: 
[INFO][smbo.py:334] Finished 150 trials.
[INFO][abstract_intensifier.py:630] Added config 866d06 and rejected config 4f7c3d as incumbent because it is not better than the incumbents on 1 instances: 
[INFO][abstract_intensifier.py:630] Added config d675ce and rejected config 866d06 as incumbent because it is not better than the incumbents on 1 instances: 
[INFO][abstract_intensifier.py:630] Added config 996e8c and rejected config d675ce as incumbent because it is not better than the incumbents on 1 instances: 
[INFO][smbo.py:334] Finished 200 trials.
[BlockwiseMinSamplesLeafCallback] trials=200, block=3, min_samples_leaf=2
[INFO][abstract_intensifier.py:630] Added config c7865a and rejected config 996e8c as incumbent because it is not better than the incumbents on 1 instances: 
[INFO][abstract_intensifier.py:630] Added config c3cf7a and rejected config c7865a as incumbent because it is not better than the incumbents on 1 instances: 
[INFO][abstract_intensifier.py:630] Added config d1656a and rejected config c3cf7a as incumbent because it is not better than the incumbents on 1 instances: 
[INFO][abstract_intensifier.py:630] Added config 3a91cb and rejected config d1656a as incumbent because it is not better than the incumbents on 1 instances: 
[INFO][abstract_intensifier.py:630] Added config 4ae183 and rejected config 3a91cb as incumbent because it is not better than the incumbents on 1 instances: 
[INFO][smbo.py:334] Finished 250 trials.
[INFO][smbo.py:334] Finished 300 trials.
[BlockwiseMinSamplesLeafCallback] trials=300, block=4, min_samples_leaf=3
[INFO][abstract_intensifier.py:630] Added config 56f036 and rejected config 4ae183 as incumbent because it is not better than the incumbents on 1 instances: 
[INFO][smbo.py:334] Finished 350 trials.
[INFO][abstract_intensifier.py:630] Added config 315809 and rejected config 56f036 as incumbent because it is not better than the incumbents on 1 instances: 
[INFO][abstract_intensifier.py:630] Added config 6d02e6 and rejected config 315809 as incumbent because it is not better than the incumbents on 1 instances: 
[INFO][abstract_intensifier.py:630] Added config 03448c and rejected config 6d02e6 as incumbent because it is not better than the incumbents on 1 instances: 
[INFO][abstract_intensifier.py:630] Added config 7a2d67 and rejected config 03448c as incumbent because it is not better than the incumbents on 1 instances: 
[INFO][abstract_intensifier.py:630] Added config 888560 and rejected config 7a2d67 as incumbent because it is not better than the incumbents on 1 instances: 
[INFO][abstract_intensifier.py:630] Added config 51ae1c and rejected config 888560 as incumbent because it is not better than the incumbents on 1 instances: 
[INFO][abstract_intensifier.py:630] Added config 5c4479 and rejected config 51ae1c as incumbent because it is not better than the incumbents on 1 instances: 
[INFO][smbo.py:334] Finished 400 trials.
[INFO][smbo.py:342] Configuration budget is exhausted:
[INFO][smbo.py:343] --- Remaining wallclock time: inf
[INFO][smbo.py:344] --- Remaining cpu time: inf
[INFO][smbo.py:345] --- Remaining trials: 0
policy=(2, 3, 2, 3), seed=3, incumbent_cost=-3.1992799898699573
Configuration(values={
  'x1': 0.4065715005346,
  'x2': 0.8816801643868,
  'x3': 0.9012034059021,
  'x4': 0.5758968562152,
  'x5': 0.0724316965055,
  'x6': 0.0318567220072,
})
[batch 3/16] policy=leaf_policy_2_3_2_3, seed=4
[INFO][abstract_initial_design.py:74] Using `n_configs` and ignoring `n_configs_per_hyperparameter`.
[INFO][abstract_initial_design.py:143] Using 25 initial design configurations and 0 additional configurations.
[BlockwiseMinSamplesLeafCallback] trials=0, block=1, min_samples_leaf=2
[INFO][abstract_intensifier.py:313] Using only one seed for deterministic scenario.
[INFO][abstract_intensifier.py:523] Added config 4a153e as new incumbent because there are no incumbents yet.
[INFO][abstract_intensifier.py:630] Added config 73bb85 and rejected config 4a153e as incumbent because it is not better than the incumbents on 1 instances: 
[INFO][abstract_intensifier.py:630] Added config dbd536 and rejected config 73bb85 as incumbent because it is not better than the incumbents on 1 instances: 
[INFO][abstract_intensifier.py:630] Added config ed9eb0 and rejected config dbd536 as incumbent because it is not better than the incumbents on 1 instances: 
[INFO][abstract_intensifier.py:630] Added config 1d5d6c and rejected config ed9eb0 as incumbent because it is not better than the incumbents on 1 instances: 
[INFO][abstract_intensifier.py:630] Added config 54408e and rejected config 1d5d6c as incumbent because it is not better than the incumbents on 1 instances: 
[INFO][smbo.py:334] Finished 50 trials.
[INFO][abstract_intensifier.py:630] Added config 11f29c and rejected config 54408e as incumbent because it is not better than the incumbents on 1 instances: 
[INFO][abstract_intensifier.py:630] Added config 4c80d9 and rejected config 11f29c as incumbent because it is not better than the incumbents on 1 instances: 
[INFO][abstract_intensifier.py:630] Added config 746a1e and rejected config 4c80d9 as incumbent because it is not better than the incumbents on 1 instances: 
[INFO][abstract_intensifier.py:630] Added config 2f3c2f and rejected config 746a1e as incumbent because it is not better than the incumbents on 1 instances: 
[INFO][abstract_intensifier.py:630] Added config f0e0a1 and rejected config 2f3c2f as incumbent because it is not better than the incumbents on 1 instances: 
[INFO][abstract_intensifier.py:630] Added config feb9f1 and rejected config f0e0a1 as incumbent because it is not better than the incumbents on 1 instances: 
[INFO][smbo.py:334] Finished 100 trials.
[BlockwiseMinSamplesLeafCallback] trials=100, block=2, min_samples_leaf=3
[INFO][abstract_intensifier.py:630] Added config 3aceea and rejected config feb9f1 as incumbent because it is not better than the incumbents on 1 instances: 
[INFO][abstract_intensifier.py:630] Added config c8bbc3 and rejected config 3aceea as incumbent because it is not better than the incumbents on 1 instances: 
[INFO][abstract_intensifier.py:630] Added config 5a160b and rejected config c8bbc3 as incumbent because it is not better than the incumbents on 1 instances: 
[INFO][abstract_intensifier.py:630] Added config 0bf951 and rejected config 5a160b as incumbent because it is not better than the incumbents on 1 instances: 
[INFO][abstract_intensifier.py:630] Added config d82034 and rejected config 0bf951 as incumbent because it is not better than the incumbents on 1 instances: 
[INFO][smbo.py:334] Finished 150 trials.
[INFO][abstract_intensifier.py:630] Added config 6bd903 and rejected config d82034 as incumbent because it is not better than the incumbents on 1 instances: 
[INFO][abstract_intensifier.py:630] Added config a85fc9 and rejected config 6bd903 as incumbent because it is not better than the incumbents on 1 instances: 
[INFO][abstract_intensifier.py:630] Added config 8837d1 and rejected config a85fc9 as incumbent because it is not better than the incumbents on 1 instances: 
[INFO][smbo.py:334] Finished 200 trials.
[BlockwiseMinSamplesLeafCallback] trials=200, block=3, min_samples_leaf=2
[INFO][abstract_intensifier.py:630] Added config bf97f8 and rejected config 8837d1 as incumbent because it is not better than the incumbents on 1 instances: 
[INFO][abstract_intensifier.py:630] Added config 78179a and rejected config bf97f8 as incumbent because it is not better than the incumbents on 1 instances: 
[INFO][abstract_intensifier.py:630] Added config 73184b and rejected config 78179a as incumbent because it is not better than the incumbents on 1 instances: 
[INFO][abstract_intensifier.py:630] Added config e740c2 and rejected config 73184b as incumbent because it is not better than the incumbents on 1 instances: 
[INFO][abstract_intensifier.py:630] Added config cdc578 and rejected config e740c2 as incumbent because it is not better than the incumbents on 1 instances: 
[INFO][abstract_intensifier.py:630] Added config 4c923a and rejected config cdc578 as incumbent because it is not better than the incumbents on 1 instances: 
[INFO][smbo.py:334] Finished 250 trials.
[INFO][abstract_intensifier.py:630] Added config bb1815 and rejected config 4c923a as incumbent because it is not better than the incumbents on 1 instances: 
[INFO][abstract_intensifier.py:630] Added config e76ff4 and rejected config bb1815 as incumbent because it is not better than the incumbents on 1 instances: 
[INFO][smbo.py:334] Finished 300 trials.
[BlockwiseMinSamplesLeafCallback] trials=300, block=4, min_samples_leaf=3
[INFO][abstract_intensifier.py:630] Added config 90a6af and rejected config e76ff4 as incumbent because it is not better than the incumbents on 1 instances: 
[INFO][abstract_intensifier.py:630] Added config 8d11ee and rejected config 90a6af as incumbent because it is not better than the incumbents on 1 instances: 
[INFO][abstract_intensifier.py:630] Added config 9f5d1b and rejected config 8d11ee as incumbent because it is not better than the incumbents on 1 instances: 
[INFO][abstract_intensifier.py:630] Added config b3c9f3 and rejected config 9f5d1b as incumbent because it is not better than the incumbents on 1 instances: 
[INFO][abstract_intensifier.py:630] Added config 8c9a78 and rejected config b3c9f3 as incumbent because it is not better than the incumbents on 1 instances: 
[INFO][smbo.py:334] Finished 350 trials.
[INFO][abstract_intensifier.py:630] Added config e34887 and rejected config 8c9a78 as incumbent because it is not better than the incumbents on 1 instances: 
[INFO][abstract_intensifier.py:630] Added config 56aebc and rejected config e34887 as incumbent because it is not better than the incumbents on 1 instances: 
[INFO][smbo.py:334] Finished 400 trials.
[INFO][smbo.py:342] Configuration budget is exhausted:
[INFO][smbo.py:343] --- Remaining wallclock time: inf
[INFO][smbo.py:344] --- Remaining cpu time: inf
[INFO][smbo.py:345] --- Remaining trials: 0
policy=(2, 3, 2, 3), seed=4, incumbent_cost=-3.2300908665431907
Configuration(values={
  'x1': 0.2178418196195,
  'x2': 0.1751772200166,
  'x3': 0.4736466159321,
  'x4': 0.278256555766,
  'x5': 0.2707492682205,
  'x6': 0.6534407358909,
})
[batch 4/16] policy=leaf_policy_2_3_2_5, seed=0
[INFO][abstract_initial_design.py:74] Using `n_configs` and ignoring `n_configs_per_hyperparameter`.
[INFO][abstract_initial_design.py:143] Using 25 initial design configurations and 0 additional configurations.
[BlockwiseMinSamplesLeafCallback] trials=0, block=1, min_samples_leaf=2
[INFO][abstract_intensifier.py:313] Using only one seed for deterministic scenario.
[INFO][abstract_intensifier.py:523] Added config 250a07 as new incumbent because there are no incumbents yet.
[INFO][abstract_intensifier.py:630] Added config 9895f5 and rejected config 250a07 as incumbent because it is not better than the incumbents on 1 instances: 
[INFO][abstract_intensifier.py:630] Added config 6ed6e4 and rejected config 9895f5 as incumbent because it is not better than the incumbents on 1 instances: 
[INFO][abstract_intensifier.py:630] Added config 718a9a and rejected config 6ed6e4 as incumbent because it is not better than the incumbents on 1 instances: 
[INFO][smbo.py:334] Finished 50 trials.
[INFO][abstract_intensifier.py:630] Added config bd9d27 and rejected config 718a9a as incumbent because it is not better than the incumbents on 1 instances: 
[INFO][abstract_intensifier.py:630] Added config aede44 and rejected config bd9d27 as incumbent because it is not better than the incumbents on 1 instances: 
[INFO][abstract_intensifier.py:630] Added config c27428 and rejected config aede44 as incumbent because it is not better than the incumbents on 1 instances: 
[INFO][abstract_intensifier.py:630] Added config b7b660 and rejected config c27428 as incumbent because it is not better than the incumbents on 1 instances: 
[INFO][abstract_intensifier.py:630] Added config 852ffa and rejected config b7b660 as incumbent because it is not better than the incumbents on 1 instances: 
[INFO][abstract_intensifier.py:630] Added config fbb2ef and rejected config 852ffa as incumbent because it is not better than the incumbents on 1 instances: 
[INFO][abstract_intensifier.py:630] Added config 905ec1 and rejected config fbb2ef as incumbent because it is not better than the incumbents on 1 instances: 
[INFO][abstract_intensifier.py:630] Added config 16c25b and rejected config 905ec1 as incumbent because it is not better than the incumbents on 1 instances: 
[INFO][abstract_intensifier.py:630] Added config d39d79 and rejected config 16c25b as incumbent because it is not better than the incumbents on 1 instances: 
[INFO][smbo.py:334] Finished 100 trials.
[BlockwiseMinSamplesLeafCallback] trials=100, block=2, min_samples_leaf=3
[INFO][abstract_intensifier.py:630] Added config 1875be and rejected config d39d79 as incumbent because it is not better than the incumbents on 1 instances: 
[INFO][abstract_intensifier.py:630] Added config d93ba4 and rejected config 1875be as incumbent because it is not better than the incumbents on 1 instances: 
[INFO][abstract_intensifier.py:630] Added config 0ec2c8 and rejected config d93ba4 as incumbent because it is not better than the incumbents on 1 instances: 
[INFO][abstract_intensifier.py:630] Added config a8f422 and rejected config 0ec2c8 as incumbent because it is not better than the incumbents on 1 instances: 
[INFO][abstract_intensifier.py:630] Added config de73c1 and rejected config a8f422 as incumbent because it is not better than the incumbents on 1 instances: 
[INFO][smbo.py:334] Finished 150 trials.
[INFO][abstract_intensifier.py:630] Added config 9f7164 and rejected config de73c1 as incumbent because it is not better than the incumbents on 1 instances: 
[INFO][abstract_intensifier.py:630] Added config 32e325 and rejected config 9f7164 as incumbent because it is not better than the incumbents on 1 instances: 
[INFO][smbo.py:334] Finished 200 trials.
[BlockwiseMinSamplesLeafCallback] trials=200, block=3, min_samples_leaf=2
[INFO][abstract_intensifier.py:630] Added config a02e00 and rejected config 32e325 as incumbent because it is not better than the incumbents on 1 instances: 
[INFO][abstract_intensifier.py:630] Added config 00f995 and rejected config a02e00 as incumbent because it is not better than the incumbents on 1 instances: 
[INFO][abstract_intensifier.py:630] Added config 1ef2d0 and rejected config 00f995 as incumbent because it is not better than the incumbents on 1 instances: 
[INFO][smbo.py:334] Finished 250 trials.
[INFO][smbo.py:334] Finished 300 trials.
[BlockwiseMinSamplesLeafCallback] trials=300, block=4, min_samples_leaf=5
[INFO][smbo.py:334] Finished 350 trials.
[INFO][smbo.py:334] Finished 400 trials.
[INFO][smbo.py:342] Configuration budget is exhausted:
[INFO][smbo.py:343] --- Remaining wallclock time: inf
[INFO][smbo.py:344] --- Remaining cpu time: inf
[INFO][smbo.py:345] --- Remaining trials: 0
policy=(2, 3, 2, 5), seed=0, incumbent_cost=-3.1917487809234597
Configuration(values={
  'x1': 0.4089010962678,
  'x2': 0.8986597903582,
  'x3': 0.830753044942,
  'x4': 0.5715223282751,
  'x5': 0.1768023240546,
  'x6': 0.0467342679939,
})
[batch 5/16] policy=leaf_policy_2_3_2_5, seed=1
[INFO][abstract_initial_design.py:74] Using `n_configs` and ignoring `n_configs_per_hyperparameter`.
[INFO][abstract_initial_design.py:143] Using 25 initial design configurations and 0 additional configurations.
[BlockwiseMinSamplesLeafCallback] trials=0, block=1, min_samples_leaf=2
[INFO][abstract_intensifier.py:313] Using only one seed for deterministic scenario.
[INFO][abstract_intensifier.py:523] Added config 873002 as new incumbent because there are no incumbents yet.
[INFO][abstract_intensifier.py:630] Added config ce9203 and rejected config 873002 as incumbent because it is not better than the incumbents on 1 instances: 
[INFO][abstract_intensifier.py:630] Added config 1e5f6e and rejected config ce9203 as incumbent because it is not better than the incumbents on 1 instances: 
[INFO][abstract_intensifier.py:630] Added config f55c8b and rejected config 1e5f6e as incumbent because it is not better than the incumbents on 1 instances: 
[INFO][abstract_intensifier.py:630] Added config 95d081 and rejected config f55c8b as incumbent because it is not better than the incumbents on 1 instances: 
[INFO][smbo.py:334] Finished 50 trials.
[INFO][abstract_intensifier.py:630] Added config 633da1 and rejected config 95d081 as incumbent because it is not better than the incumbents on 1 instances: 
[INFO][abstract_intensifier.py:630] Added config 0d9bd8 and rejected config 633da1 as incumbent because it is not better than the incumbents on 1 instances: 
[INFO][abstract_intensifier.py:630] Added config 180c49 and rejected config 0d9bd8 as incumbent because it is not better than the incumbents on 1 instances: 
[INFO][abstract_intensifier.py:630] Added config b40c90 and rejected config 180c49 as incumbent because it is not better than the incumbents on 1 instances: 
[INFO][smbo.py:334] Finished 100 trials.
[BlockwiseMinSamplesLeafCallback] trials=100, block=2, min_samples_leaf=3
[INFO][abstract_intensifier.py:630] Added config 49ffd4 and rejected config b40c90 as incumbent because it is not better than the incumbents on 1 instances: 
[INFO][abstract_intensifier.py:630] Added config 5d544e and rejected config 49ffd4 as incumbent because it is not better than the incumbents on 1 instances: 
[INFO][abstract_intensifier.py:630] Added config 641f1e and rejected config 5d544e as incumbent because it is not better than the incumbents on 1 instances: 
[INFO][abstract_intensifier.py:630] Added config c7274d and rejected config 641f1e as incumbent because it is not better than the incumbents on 1 instances: 
[INFO][abstract_intensifier.py:630] Added config 63af1f and rejected config c7274d as incumbent because it is not better than the incumbents on 1 instances: 
[INFO][abstract_intensifier.py:630] Added config 2f9cea and rejected config 63af1f as incumbent because it is not better than the incumbents on 1 instances: 
[INFO][abstract_intensifier.py:630] Added config 889d0e and rejected config 2f9cea as incumbent because it is not better than the incumbents on 1 instances: 
[INFO][smbo.py:334] Finished 150 trials.
[INFO][abstract_intensifier.py:630] Added config a35f73 and rejected config 889d0e as incumbent because it is not better than the incumbents on 1 instances: 
[INFO][smbo.py:334] Finished 200 trials.
[BlockwiseMinSamplesLeafCallback] trials=200, block=3, min_samples_leaf=2
[INFO][abstract_intensifier.py:630] Added config 45ebf1 and rejected config a35f73 as incumbent because it is not better than the incumbents on 1 instances: 
[INFO][abstract_intensifier.py:630] Added config bc46b8 and rejected config 45ebf1 as incumbent because it is not better than the incumbents on 1 instances: 
[INFO][abstract_intensifier.py:630] Added config 2e19b0 and rejected config bc46b8 as incumbent because it is not better than the incumbents on 1 instances: 
[INFO][abstract_intensifier.py:630] Added config e1f723 and rejected config 2e19b0 as incumbent because it is not better than the incumbents on 1 instances: 
[INFO][abstract_intensifier.py:630] Added config 822573 and rejected config e1f723 as incumbent because it is not better than the incumbents on 1 instances: 
[INFO][smbo.py:334] Finished 250 trials.
[INFO][smbo.py:334] Finished 300 trials.
[BlockwiseMinSamplesLeafCallback] trials=300, block=4, min_samples_leaf=5
[INFO][smbo.py:334] Finished 350 trials.
[INFO][abstract_intensifier.py:630] Added config b68bc5 and rejected config 822573 as incumbent because it is not better than the incumbents on 1 instances: 
[INFO][abstract_intensifier.py:630] Added config 737194 and rejected config b68bc5 as incumbent because it is not better than the incumbents on 1 instances: 
[INFO][smbo.py:334] Finished 400 trials.
[INFO][smbo.py:342] Configuration budget is exhausted:
[INFO][smbo.py:343] --- Remaining wallclock time: inf
[INFO][smbo.py:344] --- Remaining cpu time: inf
[INFO][smbo.py:345] --- Remaining trials: 0
policy=(2, 3, 2, 5), seed=1, incumbent_cost=-3.1964921479504262
Configuration(values={
  'x1': 0.4015580783573,
  'x2': 0.8822037409745,
  'x3': 0.8507346520778,
  'x4': 0.5773506460585,
  'x5': 0.0003792776705,
  'x6': 0.0394880186803,
})
[batch 6/16] policy=leaf_policy_2_3_2_5, seed=2
[INFO][abstract_initial_design.py:74] Using `n_configs` and ignoring `n_configs_per_hyperparameter`.
[INFO][abstract_initial_design.py:143] Using 25 initial design configurations and 0 additional configurations.
[BlockwiseMinSamplesLeafCallback] trials=0, block=1, min_samples_leaf=2
[INFO][abstract_intensifier.py:313] Using only one seed for deterministic scenario.
[INFO][abstract_intensifier.py:523] Added config b9fdb3 as new incumbent because there are no incumbents yet.
[INFO][abstract_intensifier.py:630] Added config 097fb7 and rejected config b9fdb3 as incumbent because it is not better than the incumbents on 1 instances: 
[INFO][abstract_intensifier.py:630] Added config 911f6d and rejected config 097fb7 as incumbent because it is not better than the incumbents on 1 instances: 
[INFO][abstract_intensifier.py:630] Added config 0b476d and rejected config 911f6d as incumbent because it is not better than the incumbents on 1 instances: 
[INFO][abstract_intensifier.py:630] Added config 4b2b68 and rejected config 0b476d as incumbent because it is not better than the incumbents on 1 instances: 
[INFO][abstract_intensifier.py:630] Added config 15a493 and rejected config 4b2b68 as incumbent because it is not better than the incumbents on 1 instances: 
[INFO][smbo.py:334] Finished 50 trials.
[INFO][abstract_intensifier.py:630] Added config e77611 and rejected config 15a493 as incumbent because it is not better than the incumbents on 1 instances: 
[INFO][abstract_intensifier.py:630] Added config ae1c30 and rejected config e77611 as incumbent because it is not better than the incumbents on 1 instances: 
[INFO][abstract_intensifier.py:630] Added config ece84e and rejected config ae1c30 as incumbent because it is not better than the incumbents on 1 instances: 
[INFO][abstract_intensifier.py:630] Added config b1366d and rejected config ece84e as incumbent because it is not better than the incumbents on 1 instances: 
[INFO][abstract_intensifier.py:630] Added config becac8 and rejected config b1366d as incumbent because it is not better than the incumbents on 1 instances: 
[INFO][abstract_intensifier.py:630] Added config 842d17 and rejected config becac8 as incumbent because it is not better than the incumbents on 1 instances: 
[INFO][smbo.py:334] Finished 100 trials.
[BlockwiseMinSamplesLeafCallback] trials=100, block=2, min_samples_leaf=3
[INFO][abstract_intensifier.py:630] Added config c5db3e and rejected config 842d17 as incumbent because it is not better than the incumbents on 1 instances: 
[INFO][abstract_intensifier.py:630] Added config e8a5ec and rejected config c5db3e as incumbent because it is not better than the incumbents on 1 instances: 
[INFO][smbo.py:334] Finished 150 trials.
[INFO][abstract_intensifier.py:630] Added config 18b898 and rejected config e8a5ec as incumbent because it is not better than the incumbents on 1 instances: 
[INFO][abstract_intensifier.py:630] Added config a98050 and rejected config 18b898 as incumbent because it is not better than the incumbents on 1 instances: 
[INFO][abstract_intensifier.py:630] Added config f184ab and rejected config a98050 as incumbent because it is not better than the incumbents on 1 instances: 
[INFO][abstract_intensifier.py:630] Added config f97d00 and rejected config f184ab as incumbent because it is not better than the incumbents on 1 instances: 
[INFO][smbo.py:334] Finished 200 trials.
[BlockwiseMinSamplesLeafCallback] trials=200, block=3, min_samples_leaf=2
[INFO][abstract_intensifier.py:630] Added config 46a388 and rejected config f97d00 as incumbent because it is not better than the incumbents on 1 instances: 
[INFO][abstract_intensifier.py:630] Added config a66cf3 and rejected config 46a388 as incumbent because it is not better than the incumbents on 1 instances: 
[INFO][abstract_intensifier.py:630] Added config f70611 and rejected config a66cf3 as incumbent because it is not better than the incumbents on 1 instances: 
[INFO][abstract_intensifier.py:630] Added config e4b3b4 and rejected config f70611 as incumbent because it is not better than the incumbents on 1 instances: 
[INFO][smbo.py:334] Finished 250 trials.
[INFO][abstract_intensifier.py:630] Added config fe466b and rejected config e4b3b4 as incumbent because it is not better than the incumbents on 1 instances: 
[INFO][abstract_intensifier.py:630] Added config 459a6c and rejected config fe466b as incumbent because it is not better than the incumbents on 1 instances: 
[INFO][abstract_intensifier.py:630] Added config a5a9df and rejected config 459a6c as incumbent because it is not better than the incumbents on 1 instances: 
[INFO][abstract_intensifier.py:630] Added config 5360f1 and rejected config a5a9df as incumbent because it is not better than the incumbents on 1 instances: 
[INFO][abstract_intensifier.py:630] Added config 326b56 and rejected config 5360f1 as incumbent because it is not better than the incumbents on 1 instances: 
[INFO][abstract_intensifier.py:630] Added config f47c4e and rejected config 326b56 as incumbent because it is not better than the incumbents on 1 instances: 
[INFO][smbo.py:334] Finished 300 trials.
[BlockwiseMinSamplesLeafCallback] trials=300, block=4, min_samples_leaf=5
[INFO][abstract_intensifier.py:630] Added config 97da31 and rejected config f47c4e as incumbent because it is not better than the incumbents on 1 instances: 
[INFO][abstract_intensifier.py:630] Added config 09f605 and rejected config 97da31 as incumbent because it is not better than the incumbents on 1 instances: 
[INFO][abstract_intensifier.py:630] Added config 34478d and rejected config 09f605 as incumbent because it is not better than the incumbents on 1 instances: 
[INFO][smbo.py:334] Finished 350 trials.
[INFO][smbo.py:334] Finished 400 trials.
[INFO][smbo.py:342] Configuration budget is exhausted:
[INFO][smbo.py:343] --- Remaining wallclock time: inf
[INFO][smbo.py:344] --- Remaining cpu time: inf
[INFO][smbo.py:345] --- Remaining trials: 0
policy=(2, 3, 2, 5), seed=2, incumbent_cost=-3.269016230668132
Configuration(values={
  'x1': 0.2032817426435,
  'x2': 0.0813865837567,
  'x3': 0.477742528706,
  'x4': 0.2761100265249,
  'x5': 0.3131335270546,
  'x6': 0.6540967199639,
})
[batch 7/16] policy=leaf_policy_2_3_2_5, seed=3
[INFO][abstract_initial_design.py:74] Using `n_configs` and ignoring `n_configs_per_hyperparameter`.
[INFO][abstract_initial_design.py:143] Using 25 initial design configurations and 0 additional configurations.
[BlockwiseMinSamplesLeafCallback] trials=0, block=1, min_samples_leaf=2
[INFO][abstract_intensifier.py:313] Using only one seed for deterministic scenario.
[INFO][abstract_intensifier.py:523] Added config 545df9 as new incumbent because there are no incumbents yet.
[INFO][abstract_intensifier.py:630] Added config 2b45fe and rejected config 545df9 as incumbent because it is not better than the incumbents on 1 instances: 
[INFO][abstract_intensifier.py:630] Added config 020724 and rejected config 2b45fe as incumbent because it is not better than the incumbents on 1 instances: 
[INFO][abstract_intensifier.py:630] Added config df3dcc and rejected config 020724 as incumbent because it is not better than the incumbents on 1 instances: 
[INFO][smbo.py:334] Finished 50 trials.
[INFO][abstract_intensifier.py:630] Added config 070450 and rejected config df3dcc as incumbent because it is not better than the incumbents on 1 instances: 
[INFO][abstract_intensifier.py:630] Added config b5f054 and rejected config 070450 as incumbent because it is not better than the incumbents on 1 instances: 
[INFO][abstract_intensifier.py:630] Added config 138b1b and rejected config b5f054 as incumbent because it is not better than the incumbents on 1 instances: 
[INFO][abstract_intensifier.py:630] Added config 65b4bb and rejected config 138b1b as incumbent because it is not better than the incumbents on 1 instances: 
[INFO][smbo.py:334] Finished 100 trials.
[BlockwiseMinSamplesLeafCallback] trials=100, block=2, min_samples_leaf=3
[INFO][abstract_intensifier.py:630] Added config 17e01b and rejected config 65b4bb as incumbent because it is not better than the incumbents on 1 instances: 
[INFO][abstract_intensifier.py:630] Added config 4f7c3d and rejected config 17e01b as incumbent because it is not better than the incumbents on 1 instances: 
[INFO][smbo.py:334] Finished 150 trials.
[INFO][abstract_intensifier.py:630] Added config 866d06 and rejected config 4f7c3d as incumbent because it is not better than the incumbents on 1 instances: 
[INFO][abstract_intensifier.py:630] Added config d675ce and rejected config 866d06 as incumbent because it is not better than the incumbents on 1 instances: 
[INFO][abstract_intensifier.py:630] Added config 996e8c and rejected config d675ce as incumbent because it is not better than the incumbents on 1 instances: 
[INFO][smbo.py:334] Finished 200 trials.
[BlockwiseMinSamplesLeafCallback] trials=200, block=3, min_samples_leaf=2
[INFO][abstract_intensifier.py:630] Added config c7865a and rejected config 996e8c as incumbent because it is not better than the incumbents on 1 instances: 
[INFO][abstract_intensifier.py:630] Added config c3cf7a and rejected config c7865a as incumbent because it is not better than the incumbents on 1 instances: 
[INFO][abstract_intensifier.py:630] Added config d1656a and rejected config c3cf7a as incumbent because it is not better than the incumbents on 1 instances: 
[INFO][abstract_intensifier.py:630] Added config 3a91cb and rejected config d1656a as incumbent because it is not better than the incumbents on 1 instances: 
[INFO][abstract_intensifier.py:630] Added config 4ae183 and rejected config 3a91cb as incumbent because it is not better than the incumbents on 1 instances: 
[INFO][smbo.py:334] Finished 250 trials.
[INFO][smbo.py:334] Finished 300 trials.
[BlockwiseMinSamplesLeafCallback] trials=300, block=4, min_samples_leaf=5
[INFO][smbo.py:334] Finished 350 trials.
[INFO][abstract_intensifier.py:630] Added config c80ab4 and rejected config 4ae183 as incumbent because it is not better than the incumbents on 1 instances: 
[INFO][abstract_intensifier.py:630] Added config 126056 and rejected config c80ab4 as incumbent because it is not better than the incumbents on 1 instances: 
[INFO][smbo.py:334] Finished 400 trials.
[INFO][smbo.py:342] Configuration budget is exhausted:
[INFO][smbo.py:343] --- Remaining wallclock time: inf
[INFO][smbo.py:344] --- Remaining cpu time: inf
[INFO][smbo.py:345] --- Remaining trials: 0
policy=(2, 3, 2, 5), seed=3, incumbent_cost=-3.188890976260015
Configuration(values={
  'x1': 0.4188301623988,
  'x2': 0.8833423432417,
  'x3': 0.9271145014249,
  'x4': 0.5750813088913,
  'x5': 0.051711714923,
  'x6': 0.0408136654172,
})
[batch 8/16] policy=leaf_policy_2_3_2_5, seed=4
[INFO][abstract_initial_design.py:74] Using `n_configs` and ignoring `n_configs_per_hyperparameter`.
[INFO][abstract_initial_design.py:143] Using 25 initial design configurations and 0 additional configurations.
[BlockwiseMinSamplesLeafCallback] trials=0, block=1, min_samples_leaf=2
[INFO][abstract_intensifier.py:313] Using only one seed for deterministic scenario.
[INFO][abstract_intensifier.py:523] Added config 4a153e as new incumbent because there are no incumbents yet.
[INFO][abstract_intensifier.py:630] Added config 73bb85 and rejected config 4a153e as incumbent because it is not better than the incumbents on 1 instances: 
[INFO][abstract_intensifier.py:630] Added config dbd536 and rejected config 73bb85 as incumbent because it is not better than the incumbents on 1 instances: 
[INFO][abstract_intensifier.py:630] Added config ed9eb0 and rejected config dbd536 as incumbent because it is not better than the incumbents on 1 instances: 
[INFO][abstract_intensifier.py:630] Added config 1d5d6c and rejected config ed9eb0 as incumbent because it is not better than the incumbents on 1 instances: 
[INFO][abstract_intensifier.py:630] Added config 54408e and rejected config 1d5d6c as incumbent because it is not better than the incumbents on 1 instances: 
[INFO][smbo.py:334] Finished 50 trials.
[INFO][abstract_intensifier.py:630] Added config 11f29c and rejected config 54408e as incumbent because it is not better than the incumbents on 1 instances: 
[INFO][abstract_intensifier.py:630] Added config 4c80d9 and rejected config 11f29c as incumbent because it is not better than the incumbents on 1 instances: 
[INFO][abstract_intensifier.py:630] Added config 746a1e and rejected config 4c80d9 as incumbent because it is not better than the incumbents on 1 instances: 
[INFO][abstract_intensifier.py:630] Added config 2f3c2f and rejected config 746a1e as incumbent because it is not better than the incumbents on 1 instances: 
[INFO][abstract_intensifier.py:630] Added config f0e0a1 and rejected config 2f3c2f as incumbent because it is not better than the incumbents on 1 instances: 
[INFO][abstract_intensifier.py:630] Added config feb9f1 and rejected config f0e0a1 as incumbent because it is not better than the incumbents on 1 instances: 
[INFO][smbo.py:334] Finished 100 trials.
[BlockwiseMinSamplesLeafCallback] trials=100, block=2, min_samples_leaf=3
[INFO][abstract_intensifier.py:630] Added config 3aceea and rejected config feb9f1 as incumbent because it is not better than the incumbents on 1 instances: 
[INFO][abstract_intensifier.py:630] Added config c8bbc3 and rejected config 3aceea as incumbent because it is not better than the incumbents on 1 instances: 
[INFO][abstract_intensifier.py:630] Added config 5a160b and rejected config c8bbc3 as incumbent because it is not better than the incumbents on 1 instances: 
[INFO][abstract_intensifier.py:630] Added config 0bf951 and rejected config 5a160b as incumbent because it is not better than the incumbents on 1 instances: 
[INFO][abstract_intensifier.py:630] Added config d82034 and rejected config 0bf951 as incumbent because it is not better than the incumbents on 1 instances: 
[INFO][smbo.py:334] Finished 150 trials.
[INFO][abstract_intensifier.py:630] Added config 6bd903 and rejected config d82034 as incumbent because it is not better than the incumbents on 1 instances: 
[INFO][abstract_intensifier.py:630] Added config a85fc9 and rejected config 6bd903 as incumbent because it is not better than the incumbents on 1 instances: 
[INFO][abstract_intensifier.py:630] Added config 8837d1 and rejected config a85fc9 as incumbent because it is not better than the incumbents on 1 instances: 
[INFO][smbo.py:334] Finished 200 trials.
[BlockwiseMinSamplesLeafCallback] trials=200, block=3, min_samples_leaf=2
[INFO][abstract_intensifier.py:630] Added config bf97f8 and rejected config 8837d1 as incumbent because it is not better than the incumbents on 1 instances: 
[INFO][abstract_intensifier.py:630] Added config 78179a and rejected config bf97f8 as incumbent because it is not better than the incumbents on 1 instances: 
[INFO][abstract_intensifier.py:630] Added config 73184b and rejected config 78179a as incumbent because it is not better than the incumbents on 1 instances: 
[INFO][abstract_intensifier.py:630] Added config e740c2 and rejected config 73184b as incumbent because it is not better than the incumbents on 1 instances: 
[INFO][abstract_intensifier.py:630] Added config cdc578 and rejected config e740c2 as incumbent because it is not better than the incumbents on 1 instances: 
[INFO][abstract_intensifier.py:630] Added config 4c923a and rejected config cdc578 as incumbent because it is not better than the incumbents on 1 instances: 
[INFO][smbo.py:334] Finished 250 trials.
[INFO][abstract_intensifier.py:630] Added config bb1815 and rejected config 4c923a as incumbent because it is not better than the incumbents on 1 instances: 
[INFO][abstract_intensifier.py:630] Added config e76ff4 and rejected config bb1815 as incumbent because it is not better than the incumbents on 1 instances: 
[INFO][smbo.py:334] Finished 300 trials.
[BlockwiseMinSamplesLeafCallback] trials=300, block=4, min_samples_leaf=5
[INFO][abstract_intensifier.py:630] Added config 6d9a9c and rejected config e76ff4 as incumbent because it is not better than the incumbents on 1 instances: 
[INFO][abstract_intensifier.py:630] Added config c49f46 and rejected config 6d9a9c as incumbent because it is not better than the incumbents on 1 instances: 
[INFO][abstract_intensifier.py:630] Added config e82937 and rejected config c49f46 as incumbent because it is not better than the incumbents on 1 instances: 
[INFO][abstract_intensifier.py:630] Added config c072f7 and rejected config e82937 as incumbent because it is not better than the incumbents on 1 instances: 
[INFO][smbo.py:334] Finished 350 trials.
[INFO][smbo.py:334] Finished 400 trials.
[INFO][smbo.py:342] Configuration budget is exhausted:
[INFO][smbo.py:343] --- Remaining wallclock time: inf
[INFO][smbo.py:344] --- Remaining cpu time: inf
[INFO][smbo.py:345] --- Remaining trials: 0
policy=(2, 3, 2, 5), seed=4, incumbent_cost=-3.220892326896017
Configuration(values={
  'x1': 0.2002957031883,
  'x2': 0.1844248387487,
  'x3': 0.465679404198,
  'x4': 0.277832991868,
  'x5': 0.2696216012245,
  'x6': 0.6641618698938,
})
[batch 9/16] policy=leaf_policy_2_3_3_1, seed=0
[INFO][abstract_initial_design.py:74] Using `n_configs` and ignoring `n_configs_per_hyperparameter`.
[INFO][abstract_initial_design.py:143] Using 25 initial design configurations and 0 additional configurations.
[BlockwiseMinSamplesLeafCallback] trials=0, block=1, min_samples_leaf=2
[INFO][abstract_intensifier.py:313] Using only one seed for deterministic scenario.
[INFO][abstract_intensifier.py:523] Added config 250a07 as new incumbent because there are no incumbents yet.
[INFO][abstract_intensifier.py:630] Added config 9895f5 and rejected config 250a07 as incumbent because it is not better than the incumbents on 1 instances: 
[INFO][abstract_intensifier.py:630] Added config 6ed6e4 and rejected config 9895f5 as incumbent because it is not better than the incumbents on 1 instances: 
[INFO][abstract_intensifier.py:630] Added config 718a9a and rejected config 6ed6e4 as incumbent because it is not better than the incumbents on 1 instances: 
[INFO][smbo.py:334] Finished 50 trials.
[INFO][abstract_intensifier.py:630] Added config bd9d27 and rejected config 718a9a as incumbent because it is not better than the incumbents on 1 instances: 
[INFO][abstract_intensifier.py:630] Added config aede44 and rejected config bd9d27 as incumbent because it is not better than the incumbents on 1 instances: 
[INFO][abstract_intensifier.py:630] Added config c27428 and rejected config aede44 as incumbent because it is not better than the incumbents on 1 instances: 
[INFO][abstract_intensifier.py:630] Added config b7b660 and rejected config c27428 as incumbent because it is not better than the incumbents on 1 instances: 
[INFO][abstract_intensifier.py:630] Added config 852ffa and rejected config b7b660 as incumbent because it is not better than the incumbents on 1 instances: 
[INFO][abstract_intensifier.py:630] Added config fbb2ef and rejected config 852ffa as incumbent because it is not better than the incumbents on 1 instances: 
[INFO][abstract_intensifier.py:630] Added config 905ec1 and rejected config fbb2ef as incumbent because it is not better than the incumbents on 1 instances: 
[INFO][abstract_intensifier.py:630] Added config 16c25b and rejected config 905ec1 as incumbent because it is not better than the incumbents on 1 instances: 
[INFO][abstract_intensifier.py:630] Added config d39d79 and rejected config 16c25b as incumbent because it is not better than the incumbents on 1 instances: 
[INFO][smbo.py:334] Finished 100 trials.
[BlockwiseMinSamplesLeafCallback] trials=100, block=2, min_samples_leaf=3
[INFO][abstract_intensifier.py:630] Added config 1875be and rejected config d39d79 as incumbent because it is not better than the incumbents on 1 instances: 
[INFO][abstract_intensifier.py:630] Added config d93ba4 and rejected config 1875be as incumbent because it is not better than the incumbents on 1 instances: 
[INFO][abstract_intensifier.py:630] Added config 0ec2c8 and rejected config d93ba4 as incumbent because it is not better than the incumbents on 1 instances: 
[INFO][abstract_intensifier.py:630] Added config a8f422 and rejected config 0ec2c8 as incumbent because it is not better than the incumbents on 1 instances: 
[INFO][abstract_intensifier.py:630] Added config de73c1 and rejected config a8f422 as incumbent because it is not better than the incumbents on 1 instances: 
[INFO][smbo.py:334] Finished 150 trials.
[INFO][abstract_intensifier.py:630] Added config 9f7164 and rejected config de73c1 as incumbent because it is not better than the incumbents on 1 instances: 
[INFO][abstract_intensifier.py:630] Added config 32e325 and rejected config 9f7164 as incumbent because it is not better than the incumbents on 1 instances: 
[INFO][smbo.py:334] Finished 200 trials.
[INFO][abstract_intensifier.py:630] Added config 13a1b2 and rejected config 32e325 as incumbent because it is not better than the incumbents on 1 instances: 
[INFO][smbo.py:334] Finished 250 trials.
[INFO][abstract_intensifier.py:630] Added config 7f1519 and rejected config 13a1b2 as incumbent because it is not better than the incumbents on 1 instances: 
[INFO][abstract_intensifier.py:630] Added config eb74e8 and rejected config 7f1519 as incumbent because it is not better than the incumbents on 1 instances: 
[INFO][abstract_intensifier.py:630] Added config 3fe0d1 and rejected config eb74e8 as incumbent because it is not better than the incumbents on 1 instances: 
[INFO][abstract_intensifier.py:630] Added config c7cc1f and rejected config 3fe0d1 as incumbent because it is not better than the incumbents on 1 instances: 
[INFO][abstract_intensifier.py:630] Added config 714cbe and rejected config c7cc1f as incumbent because it is not better than the incumbents on 1 instances: 
[INFO][smbo.py:334] Finished 300 trials.
[BlockwiseMinSamplesLeafCallback] trials=300, block=4, min_samples_leaf=1
[INFO][abstract_intensifier.py:630] Added config fd9e01 and rejected config 714cbe as incumbent because it is not better than the incumbents on 1 instances: 
[INFO][abstract_intensifier.py:630] Added config 2c7f65 and rejected config fd9e01 as incumbent because it is not better than the incumbents on 1 instances: 
[INFO][smbo.py:334] Finished 350 trials.
[INFO][abstract_intensifier.py:630] Added config e6983e and rejected config 2c7f65 as incumbent because it is not better than the incumbents on 1 instances: 
[INFO][abstract_intensifier.py:630] Added config 123913 and rejected config e6983e as incumbent because it is not better than the incumbents on 1 instances: 
[INFO][abstract_intensifier.py:630] Added config 603f28 and rejected config 123913 as incumbent because it is not better than the incumbents on 1 instances: 
[INFO][abstract_intensifier.py:630] Added config 5d6c84 and rejected config 603f28 as incumbent because it is not better than the incumbents on 1 instances: 
[INFO][abstract_intensifier.py:630] Added config dfa01a and rejected config 5d6c84 as incumbent because it is not better than the incumbents on 1 instances: 
[INFO][smbo.py:334] Finished 400 trials.
[INFO][smbo.py:342] Configuration budget is exhausted:
[INFO][smbo.py:343] --- Remaining wallclock time: inf
[INFO][smbo.py:344] --- Remaining cpu time: inf
[INFO][smbo.py:345] --- Remaining trials: 0
policy=(2, 3, 3, 1), seed=0, incumbent_cost=-3.0090448477460434
Configuration(values={
  'x1': 0.4161666795963,
  'x2': 0.9678316472506,
  'x3': 0.95243822138,
  'x4': 0.5812484676595,
  'x5': 0.0632915945839,
  'x6': 0.0307946658309,
})
[batch 10/16] policy=leaf_policy_2_3_3_1, seed=1
[INFO][abstract_initial_design.py:74] Using `n_configs` and ignoring `n_configs_per_hyperparameter`.
[INFO][abstract_initial_design.py:143] Using 25 initial design configurations and 0 additional configurations.
[BlockwiseMinSamplesLeafCallback] trials=0, block=1, min_samples_leaf=2
[INFO][abstract_intensifier.py:313] Using only one seed for deterministic scenario.
[INFO][abstract_intensifier.py:523] Added config 873002 as new incumbent because there are no incumbents yet.
[INFO][abstract_intensifier.py:630] Added config ce9203 and rejected config 873002 as incumbent because it is not better than the incumbents on 1 instances: 
[INFO][abstract_intensifier.py:630] Added config 1e5f6e and rejected config ce9203 as incumbent because it is not better than the incumbents on 1 instances: 
[INFO][abstract_intensifier.py:630] Added config f55c8b and rejected config 1e5f6e as incumbent because it is not better than the incumbents on 1 instances: 
[INFO][abstract_intensifier.py:630] Added config 95d081 and rejected config f55c8b as incumbent because it is not better than the incumbents on 1 instances: 
[INFO][smbo.py:334] Finished 50 trials.
[INFO][abstract_intensifier.py:630] Added config 633da1 and rejected config 95d081 as incumbent because it is not better than the incumbents on 1 instances: 
[INFO][abstract_intensifier.py:630] Added config 0d9bd8 and rejected config 633da1 as incumbent because it is not better than the incumbents on 1 instances: 
[INFO][abstract_intensifier.py:630] Added config 180c49 and rejected config 0d9bd8 as incumbent because it is not better than the incumbents on 1 instances: 
[INFO][abstract_intensifier.py:630] Added config b40c90 and rejected config 180c49 as incumbent because it is not better than the incumbents on 1 instances: 
[INFO][smbo.py:334] Finished 100 trials.
[BlockwiseMinSamplesLeafCallback] trials=100, block=2, min_samples_leaf=3
[INFO][abstract_intensifier.py:630] Added config 49ffd4 and rejected config b40c90 as incumbent because it is not better than the incumbents on 1 instances: 
[INFO][abstract_intensifier.py:630] Added config 5d544e and rejected config 49ffd4 as incumbent because it is not better than the incumbents on 1 instances: 
[INFO][abstract_intensifier.py:630] Added config 641f1e and rejected config 5d544e as incumbent because it is not better than the incumbents on 1 instances: 
[INFO][abstract_intensifier.py:630] Added config c7274d and rejected config 641f1e as incumbent because it is not better than the incumbents on 1 instances: 
[INFO][abstract_intensifier.py:630] Added config 63af1f and rejected config c7274d as incumbent because it is not better than the incumbents on 1 instances: 
[INFO][abstract_intensifier.py:630] Added config 2f9cea and rejected config 63af1f as incumbent because it is not better than the incumbents on 1 instances: 
[INFO][abstract_intensifier.py:630] Added config 889d0e and rejected config 2f9cea as incumbent because it is not better than the incumbents on 1 instances: 
[INFO][smbo.py:334] Finished 150 trials.
[INFO][abstract_intensifier.py:630] Added config a35f73 and rejected config 889d0e as incumbent because it is not better than the incumbents on 1 instances: 
[INFO][smbo.py:334] Finished 200 trials.
[INFO][abstract_intensifier.py:630] Added config 8b160b and rejected config a35f73 as incumbent because it is not better than the incumbents on 1 instances: 
[INFO][abstract_intensifier.py:630] Added config e70f45 and rejected config 8b160b as incumbent because it is not better than the incumbents on 1 instances: 
[INFO][abstract_intensifier.py:630] Added config 168f22 and rejected config e70f45 as incumbent because it is not better than the incumbents on 1 instances: 
[INFO][abstract_intensifier.py:630] Added config 0b28a7 and rejected config 168f22 as incumbent because it is not better than the incumbents on 1 instances: 
[INFO][smbo.py:334] Finished 250 trials.
[INFO][abstract_intensifier.py:630] Added config b8e523 and rejected config 0b28a7 as incumbent because it is not better than the incumbents on 1 instances: 
[INFO][smbo.py:334] Finished 300 trials.
[BlockwiseMinSamplesLeafCallback] trials=300, block=4, min_samples_leaf=1
[INFO][abstract_intensifier.py:630] Added config e48a9c and rejected config b8e523 as incumbent because it is not better than the incumbents on 1 instances: 
[INFO][abstract_intensifier.py:630] Added config 6d3c55 and rejected config e48a9c as incumbent because it is not better than the incumbents on 1 instances: 
[INFO][abstract_intensifier.py:630] Added config 650c1d and rejected config 6d3c55 as incumbent because it is not better than the incumbents on 1 instances: 
[INFO][abstract_intensifier.py:630] Added config 06a0c4 and rejected config 650c1d as incumbent because it is not better than the incumbents on 1 instances: 
[INFO][abstract_intensifier.py:630] Added config af2957 and rejected config 06a0c4 as incumbent because it is not better than the incumbents on 1 instances: 
[INFO][abstract_intensifier.py:630] Added config 5c5eda and rejected config af2957 as incumbent because it is not better than the incumbents on 1 instances: 
[INFO][smbo.py:334] Finished 350 trials.
[INFO][abstract_intensifier.py:630] Added config aa0d6d and rejected config 5c5eda as incumbent because it is not better than the incumbents on 1 instances: 
[INFO][abstract_intensifier.py:630] Added config 922806 and rejected config aa0d6d as incumbent because it is not better than the incumbents on 1 instances: 
[INFO][smbo.py:334] Finished 400 trials.
[INFO][smbo.py:342] Configuration budget is exhausted:
[INFO][smbo.py:343] --- Remaining wallclock time: inf
[INFO][smbo.py:344] --- Remaining cpu time: inf
[INFO][smbo.py:345] --- Remaining trials: 0
policy=(2, 3, 3, 1), seed=1, incumbent_cost=-3.1965944729768907
Configuration(values={
  'x1': 0.4067405129464,
  'x2': 0.8795148866426,
  'x3': 0.8206241122053,
  'x4': 0.573077235032,
  'x5': 0.0013813337989,
  'x6': 0.04005103443,
})
[batch 11/16] policy=leaf_policy_2_3_3_1, seed=2
[INFO][abstract_initial_design.py:74] Using `n_configs` and ignoring `n_configs_per_hyperparameter`.
[INFO][abstract_initial_design.py:143] Using 25 initial design configurations and 0 additional configurations.
[BlockwiseMinSamplesLeafCallback] trials=0, block=1, min_samples_leaf=2
[INFO][abstract_intensifier.py:313] Using only one seed for deterministic scenario.
[INFO][abstract_intensifier.py:523] Added config b9fdb3 as new incumbent because there are no incumbents yet.
[INFO][abstract_intensifier.py:630] Added config 097fb7 and rejected config b9fdb3 as incumbent because it is not better than the incumbents on 1 instances: 
[INFO][abstract_intensifier.py:630] Added config 911f6d and rejected config 097fb7 as incumbent because it is not better than the incumbents on 1 instances: 
[INFO][abstract_intensifier.py:630] Added config 0b476d and rejected config 911f6d as incumbent because it is not better than the incumbents on 1 instances: 
[INFO][abstract_intensifier.py:630] Added config 4b2b68 and rejected config 0b476d as incumbent because it is not better than the incumbents on 1 instances: 
[INFO][abstract_intensifier.py:630] Added config 15a493 and rejected config 4b2b68 as incumbent because it is not better than the incumbents on 1 instances: 
[INFO][smbo.py:334] Finished 50 trials.
[INFO][abstract_intensifier.py:630] Added config e77611 and rejected config 15a493 as incumbent because it is not better than the incumbents on 1 instances: 
[INFO][abstract_intensifier.py:630] Added config ae1c30 and rejected config e77611 as incumbent because it is not better than the incumbents on 1 instances: 
[INFO][abstract_intensifier.py:630] Added config ece84e and rejected config ae1c30 as incumbent because it is not better than the incumbents on 1 instances: 
[INFO][abstract_intensifier.py:630] Added config b1366d and rejected config ece84e as incumbent because it is not better than the incumbents on 1 instances: 
[INFO][abstract_intensifier.py:630] Added config becac8 and rejected config b1366d as incumbent because it is not better than the incumbents on 1 instances: 
[INFO][abstract_intensifier.py:630] Added config 842d17 and rejected config becac8 as incumbent because it is not better than the incumbents on 1 instances: 
[INFO][smbo.py:334] Finished 100 trials.
[BlockwiseMinSamplesLeafCallback] trials=100, block=2, min_samples_leaf=3
[INFO][abstract_intensifier.py:630] Added config c5db3e and rejected config 842d17 as incumbent because it is not better than the incumbents on 1 instances: 
[INFO][abstract_intensifier.py:630] Added config e8a5ec and rejected config c5db3e as incumbent because it is not better than the incumbents on 1 instances: 
[INFO][smbo.py:334] Finished 150 trials.
[INFO][abstract_intensifier.py:630] Added config 18b898 and rejected config e8a5ec as incumbent because it is not better than the incumbents on 1 instances: 
[INFO][abstract_intensifier.py:630] Added config a98050 and rejected config 18b898 as incumbent because it is not better than the incumbents on 1 instances: 
[INFO][abstract_intensifier.py:630] Added config f184ab and rejected config a98050 as incumbent because it is not better than the incumbents on 1 instances: 
[INFO][abstract_intensifier.py:630] Added config f97d00 and rejected config f184ab as incumbent because it is not better than the incumbents on 1 instances: 
[INFO][smbo.py:334] Finished 200 trials.
[INFO][abstract_intensifier.py:630] Added config beff21 and rejected config f97d00 as incumbent because it is not better than the incumbents on 1 instances: 
[INFO][abstract_intensifier.py:630] Added config 681b0b and rejected config beff21 as incumbent because it is not better than the incumbents on 1 instances: 
[INFO][abstract_intensifier.py:630] Added config be9436 and rejected config 681b0b as incumbent because it is not better than the incumbents on 1 instances: 
[INFO][abstract_intensifier.py:630] Added config b67153 and rejected config be9436 as incumbent because it is not better than the incumbents on 1 instances: 
[INFO][abstract_intensifier.py:630] Added config 102d8f and rejected config b67153 as incumbent because it is not better than the incumbents on 1 instances: 
[INFO][abstract_intensifier.py:630] Added config 61bd84 and rejected config 102d8f as incumbent because it is not better than the incumbents on 1 instances: 
[INFO][smbo.py:334] Finished 250 trials.
[INFO][abstract_intensifier.py:630] Added config 79953e and rejected config 61bd84 as incumbent because it is not better than the incumbents on 1 instances: 
[INFO][abstract_intensifier.py:630] Added config 28e3a1 and rejected config 79953e as incumbent because it is not better than the incumbents on 1 instances: 
[INFO][smbo.py:334] Finished 300 trials.
[BlockwiseMinSamplesLeafCallback] trials=300, block=4, min_samples_leaf=1
[INFO][abstract_intensifier.py:630] Added config a17ed6 and rejected config 28e3a1 as incumbent because it is not better than the incumbents on 1 instances: 
[INFO][abstract_intensifier.py:630] Added config 7d64b0 and rejected config a17ed6 as incumbent because it is not better than the incumbents on 1 instances: 
[INFO][smbo.py:334] Finished 350 trials.
[INFO][abstract_intensifier.py:630] Added config b592dd and rejected config 7d64b0 as incumbent because it is not better than the incumbents on 1 instances: 
[INFO][smbo.py:334] Finished 400 trials.
[INFO][smbo.py:342] Configuration budget is exhausted:
[INFO][smbo.py:343] --- Remaining wallclock time: inf
[INFO][smbo.py:344] --- Remaining cpu time: inf
[INFO][smbo.py:345] --- Remaining trials: 0
policy=(2, 3, 3, 1), seed=2, incumbent_cost=-3.2672296419225058
Configuration(values={
  'x1': 0.2049318417787,
  'x2': 0.0804032304277,
  'x3': 0.46958665598,
  'x4': 0.2793233126128,
  'x5': 0.3116528907209,
  'x6': 0.6583943059109,
})
[batch 12/16] policy=leaf_policy_2_3_3_1, seed=3
[INFO][abstract_initial_design.py:74] Using `n_configs` and ignoring `n_configs_per_hyperparameter`.
[INFO][abstract_initial_design.py:143] Using 25 initial design configurations and 0 additional configurations.
[BlockwiseMinSamplesLeafCallback] trials=0, block=1, min_samples_leaf=2
[INFO][abstract_intensifier.py:313] Using only one seed for deterministic scenario.
[INFO][abstract_intensifier.py:523] Added config 545df9 as new incumbent because there are no incumbents yet.
[INFO][abstract_intensifier.py:630] Added config 2b45fe and rejected config 545df9 as incumbent because it is not better than the incumbents on 1 instances: 
[INFO][abstract_intensifier.py:630] Added config 020724 and rejected config 2b45fe as incumbent because it is not better than the incumbents on 1 instances: 
[INFO][abstract_intensifier.py:630] Added config df3dcc and rejected config 020724 as incumbent because it is not better than the incumbents on 1 instances: 
[INFO][smbo.py:334] Finished 50 trials.
[INFO][abstract_intensifier.py:630] Added config 070450 and rejected config df3dcc as incumbent because it is not better than the incumbents on 1 instances: 
[INFO][abstract_intensifier.py:630] Added config b5f054 and rejected config 070450 as incumbent because it is not better than the incumbents on 1 instances: 
[INFO][abstract_intensifier.py:630] Added config 138b1b and rejected config b5f054 as incumbent because it is not better than the incumbents on 1 instances: 
[INFO][abstract_intensifier.py:630] Added config 65b4bb and rejected config 138b1b as incumbent because it is not better than the incumbents on 1 instances: 
[INFO][smbo.py:334] Finished 100 trials.
[BlockwiseMinSamplesLeafCallback] trials=100, block=2, min_samples_leaf=3
[INFO][abstract_intensifier.py:630] Added config 17e01b and rejected config 65b4bb as incumbent because it is not better than the incumbents on 1 instances: 
[INFO][abstract_intensifier.py:630] Added config 4f7c3d and rejected config 17e01b as incumbent because it is not better than the incumbents on 1 instances: 
[INFO][smbo.py:334] Finished 150 trials.
[INFO][abstract_intensifier.py:630] Added config 866d06 and rejected config 4f7c3d as incumbent because it is not better than the incumbents on 1 instances: 
[INFO][abstract_intensifier.py:630] Added config d675ce and rejected config 866d06 as incumbent because it is not better than the incumbents on 1 instances: 
[INFO][abstract_intensifier.py:630] Added config 996e8c and rejected config d675ce as incumbent because it is not better than the incumbents on 1 instances: 
[INFO][smbo.py:334] Finished 200 trials.
[INFO][abstract_intensifier.py:630] Added config dcaeca and rejected config 996e8c as incumbent because it is not better than the incumbents on 1 instances: 
[INFO][abstract_intensifier.py:630] Added config 6fd76f and rejected config dcaeca as incumbent because it is not better than the incumbents on 1 instances: 
[INFO][abstract_intensifier.py:630] Added config 0c06da and rejected config 6fd76f as incumbent because it is not better than the incumbents on 1 instances: 
[INFO][smbo.py:334] Finished 250 trials.
[INFO][abstract_intensifier.py:630] Added config eda54b and rejected config 0c06da as incumbent because it is not better than the incumbents on 1 instances: 
[INFO][abstract_intensifier.py:630] Added config ebcd09 and rejected config eda54b as incumbent because it is not better than the incumbents on 1 instances: 
[INFO][abstract_intensifier.py:630] Added config 975b63 and rejected config ebcd09 as incumbent because it is not better than the incumbents on 1 instances: 
[INFO][abstract_intensifier.py:630] Added config 69f5a5 and rejected config 975b63 as incumbent because it is not better than the incumbents on 1 instances: 
[INFO][smbo.py:334] Finished 300 trials.
[BlockwiseMinSamplesLeafCallback] trials=300, block=4, min_samples_leaf=1
[INFO][abstract_intensifier.py:630] Added config 17d8ea and rejected config 69f5a5 as incumbent because it is not better than the incumbents on 1 instances: 
[INFO][smbo.py:334] Finished 350 trials.
[INFO][abstract_intensifier.py:630] Added config 233f06 and rejected config 17d8ea as incumbent because it is not better than the incumbents on 1 instances: 
[INFO][smbo.py:334] Finished 400 trials.
[INFO][smbo.py:342] Configuration budget is exhausted:
[INFO][smbo.py:343] --- Remaining wallclock time: inf
[INFO][smbo.py:344] --- Remaining cpu time: inf
[INFO][smbo.py:345] --- Remaining trials: 0
policy=(2, 3, 3, 1), seed=3, incumbent_cost=-3.1854519181057452
Configuration(values={
  'x1': 0.4046733000019,
  'x2': 0.8837898257442,
  'x3': 0.917477853432,
  'x4': 0.5636813652426,
  'x5': 0.0958735262796,
  'x6': 0.0554313086753,
})
[batch 13/16] policy=leaf_policy_2_3_3_1, seed=4
[INFO][abstract_initial_design.py:74] Using `n_configs` and ignoring `n_configs_per_hyperparameter`.
[INFO][abstract_initial_design.py:143] Using 25 initial design configurations and 0 additional configurations.
[BlockwiseMinSamplesLeafCallback] trials=0, block=1, min_samples_leaf=2
[INFO][abstract_intensifier.py:313] Using only one seed for deterministic scenario.
[INFO][abstract_intensifier.py:523] Added config 4a153e as new incumbent because there are no incumbents yet.
[INFO][abstract_intensifier.py:630] Added config 73bb85 and rejected config 4a153e as incumbent because it is not better than the incumbents on 1 instances: 
[INFO][abstract_intensifier.py:630] Added config dbd536 and rejected config 73bb85 as incumbent because it is not better than the incumbents on 1 instances: 
[INFO][abstract_intensifier.py:630] Added config ed9eb0 and rejected config dbd536 as incumbent because it is not better than the incumbents on 1 instances: 
[INFO][abstract_intensifier.py:630] Added config 1d5d6c and rejected config ed9eb0 as incumbent because it is not better than the incumbents on 1 instances: 
[INFO][abstract_intensifier.py:630] Added config 54408e and rejected config 1d5d6c as incumbent because it is not better than the incumbents on 1 instances: 
[INFO][smbo.py:334] Finished 50 trials.
[INFO][abstract_intensifier.py:630] Added config 11f29c and rejected config 54408e as incumbent because it is not better than the incumbents on 1 instances: 
[INFO][abstract_intensifier.py:630] Added config 4c80d9 and rejected config 11f29c as incumbent because it is not better than the incumbents on 1 instances: 
[INFO][abstract_intensifier.py:630] Added config 746a1e and rejected config 4c80d9 as incumbent because it is not better than the incumbents on 1 instances: 
[INFO][abstract_intensifier.py:630] Added config 2f3c2f and rejected config 746a1e as incumbent because it is not better than the incumbents on 1 instances: 
[INFO][abstract_intensifier.py:630] Added config f0e0a1 and rejected config 2f3c2f as incumbent because it is not better than the incumbents on 1 instances: 
[INFO][abstract_intensifier.py:630] Added config feb9f1 and rejected config f0e0a1 as incumbent because it is not better than the incumbents on 1 instances: 
[INFO][smbo.py:334] Finished 100 trials.
[BlockwiseMinSamplesLeafCallback] trials=100, block=2, min_samples_leaf=3
[INFO][abstract_intensifier.py:630] Added config 3aceea and rejected config feb9f1 as incumbent because it is not better than the incumbents on 1 instances: 
[INFO][abstract_intensifier.py:630] Added config c8bbc3 and rejected config 3aceea as incumbent because it is not better than the incumbents on 1 instances: 
[INFO][abstract_intensifier.py:630] Added config 5a160b and rejected config c8bbc3 as incumbent because it is not better than the incumbents on 1 instances: 
[INFO][abstract_intensifier.py:630] Added config 0bf951 and rejected config 5a160b as incumbent because it is not better than the incumbents on 1 instances: 
[INFO][abstract_intensifier.py:630] Added config d82034 and rejected config 0bf951 as incumbent because it is not better than the incumbents on 1 instances: 
[INFO][smbo.py:334] Finished 150 trials.
[INFO][abstract_intensifier.py:630] Added config 6bd903 and rejected config d82034 as incumbent because it is not better than the incumbents on 1 instances: 
[INFO][abstract_intensifier.py:630] Added config a85fc9 and rejected config 6bd903 as incumbent because it is not better than the incumbents on 1 instances: 
[INFO][abstract_intensifier.py:630] Added config 8837d1 and rejected config a85fc9 as incumbent because it is not better than the incumbents on 1 instances: 
[INFO][smbo.py:334] Finished 200 trials.
[INFO][abstract_intensifier.py:630] Added config c0b2d6 and rejected config 8837d1 as incumbent because it is not better than the incumbents on 1 instances: 
[INFO][abstract_intensifier.py:630] Added config c84f86 and rejected config c0b2d6 as incumbent because it is not better than the incumbents on 1 instances: 
[INFO][abstract_intensifier.py:630] Added config f5a4c4 and rejected config c84f86 as incumbent because it is not better than the incumbents on 1 instances: 
[INFO][abstract_intensifier.py:630] Added config 301fef and rejected config f5a4c4 as incumbent because it is not better than the incumbents on 1 instances: 
[INFO][smbo.py:334] Finished 250 trials.
[INFO][abstract_intensifier.py:630] Added config 16c646 and rejected config 301fef as incumbent because it is not better than the incumbents on 1 instances: 
[INFO][abstract_intensifier.py:630] Added config db46c6 and rejected config 16c646 as incumbent because it is not better than the incumbents on 1 instances: 
[INFO][abstract_intensifier.py:630] Added config b8d1da and rejected config db46c6 as incumbent because it is not better than the incumbents on 1 instances: 
[INFO][abstract_intensifier.py:630] Added config e72eb6 and rejected config b8d1da as incumbent because it is not better than the incumbents on 1 instances: 
[INFO][smbo.py:334] Finished 300 trials.
[BlockwiseMinSamplesLeafCallback] trials=300, block=4, min_samples_leaf=1
[INFO][abstract_intensifier.py:630] Added config 5bf0a1 and rejected config e72eb6 as incumbent because it is not better than the incumbents on 1 instances: 
[INFO][abstract_intensifier.py:630] Added config 9f2a72 and rejected config 5bf0a1 as incumbent because it is not better than the incumbents on 1 instances: 
[INFO][abstract_intensifier.py:630] Added config 1ac8db and rejected config 9f2a72 as incumbent because it is not better than the incumbents on 1 instances: 
[INFO][abstract_intensifier.py:630] Added config d7bad4 and rejected config 1ac8db as incumbent because it is not better than the incumbents on 1 instances: 
[INFO][smbo.py:334] Finished 350 trials.
[INFO][abstract_intensifier.py:630] Added config 9ffd0e and rejected config d7bad4 as incumbent because it is not better than the incumbents on 1 instances: 
[INFO][abstract_intensifier.py:630] Added config 734fab and rejected config 9ffd0e as incumbent because it is not better than the incumbents on 1 instances: 
[INFO][abstract_intensifier.py:630] Added config 122cba and rejected config 734fab as incumbent because it is not better than the incumbents on 1 instances: 
[INFO][smbo.py:334] Finished 400 trials.
[INFO][smbo.py:342] Configuration budget is exhausted:
[INFO][smbo.py:343] --- Remaining wallclock time: inf
[INFO][smbo.py:344] --- Remaining cpu time: inf
[INFO][smbo.py:345] --- Remaining trials: 0
policy=(2, 3, 3, 1), seed=4, incumbent_cost=-3.278204492594684
Configuration(values={
  'x1': 0.1973322542398,
  'x2': 0.1708877620857,
  'x3': 0.4717376257774,
  'x4': 0.2939824508309,
  'x5': 0.3055511371731,
  'x6': 0.6901815330556,
})
[batch 14/16] policy=leaf_policy_2_3_3_2, seed=0
[INFO][abstract_initial_design.py:74] Using `n_configs` and ignoring `n_configs_per_hyperparameter`.
[INFO][abstract_initial_design.py:143] Using 25 initial design configurations and 0 additional configurations.
[BlockwiseMinSamplesLeafCallback] trials=0, block=1, min_samples_leaf=2
[INFO][abstract_intensifier.py:313] Using only one seed for deterministic scenario.
[INFO][abstract_intensifier.py:523] Added config 250a07 as new incumbent because there are no incumbents yet.
[INFO][abstract_intensifier.py:630] Added config 9895f5 and rejected config 250a07 as incumbent because it is not better than the incumbents on 1 instances: 
[INFO][abstract_intensifier.py:630] Added config 6ed6e4 and rejected config 9895f5 as incumbent because it is not better than the incumbents on 1 instances: 
[INFO][abstract_intensifier.py:630] Added config 718a9a and rejected config 6ed6e4 as incumbent because it is not better than the incumbents on 1 instances: 
[INFO][smbo.py:334] Finished 50 trials.
[INFO][abstract_intensifier.py:630] Added config bd9d27 and rejected config 718a9a as incumbent because it is not better than the incumbents on 1 instances: 
[INFO][abstract_intensifier.py:630] Added config aede44 and rejected config bd9d27 as incumbent because it is not better than the incumbents on 1 instances: 
[INFO][abstract_intensifier.py:630] Added config c27428 and rejected config aede44 as incumbent because it is not better than the incumbents on 1 instances: 
[INFO][abstract_intensifier.py:630] Added config b7b660 and rejected config c27428 as incumbent because it is not better than the incumbents on 1 instances: 
[INFO][abstract_intensifier.py:630] Added config 852ffa and rejected config b7b660 as incumbent because it is not better than the incumbents on 1 instances: 
[INFO][abstract_intensifier.py:630] Added config fbb2ef and rejected config 852ffa as incumbent because it is not better than the incumbents on 1 instances: 
[INFO][abstract_intensifier.py:630] Added config 905ec1 and rejected config fbb2ef as incumbent because it is not better than the incumbents on 1 instances: 
[INFO][abstract_intensifier.py:630] Added config 16c25b and rejected config 905ec1 as incumbent because it is not better than the incumbents on 1 instances: 
[INFO][abstract_intensifier.py:630] Added config d39d79 and rejected config 16c25b as incumbent because it is not better than the incumbents on 1 instances: 
[INFO][smbo.py:334] Finished 100 trials.
[BlockwiseMinSamplesLeafCallback] trials=100, block=2, min_samples_leaf=3
[INFO][abstract_intensifier.py:630] Added config 1875be and rejected config d39d79 as incumbent because it is not better than the incumbents on 1 instances: 
[INFO][abstract_intensifier.py:630] Added config d93ba4 and rejected config 1875be as incumbent because it is not better than the incumbents on 1 instances: 
[INFO][abstract_intensifier.py:630] Added config 0ec2c8 and rejected config d93ba4 as incumbent because it is not better than the incumbents on 1 instances: 
[INFO][abstract_intensifier.py:630] Added config a8f422 and rejected config 0ec2c8 as incumbent because it is not better than the incumbents on 1 instances: 
[INFO][abstract_intensifier.py:630] Added config de73c1 and rejected config a8f422 as incumbent because it is not better than the incumbents on 1 instances: 
[INFO][smbo.py:334] Finished 150 trials.
[INFO][abstract_intensifier.py:630] Added config 9f7164 and rejected config de73c1 as incumbent because it is not better than the incumbents on 1 instances: 
[INFO][abstract_intensifier.py:630] Added config 32e325 and rejected config 9f7164 as incumbent because it is not better than the incumbents on 1 instances: 
[INFO][smbo.py:334] Finished 200 trials.
[INFO][abstract_intensifier.py:630] Added config 13a1b2 and rejected config 32e325 as incumbent because it is not better than the incumbents on 1 instances: 
[INFO][smbo.py:334] Finished 250 trials.
[INFO][abstract_intensifier.py:630] Added config 7f1519 and rejected config 13a1b2 as incumbent because it is not better than the incumbents on 1 instances: 
[INFO][abstract_intensifier.py:630] Added config eb74e8 and rejected config 7f1519 as incumbent because it is not better than the incumbents on 1 instances: 
[INFO][abstract_intensifier.py:630] Added config 3fe0d1 and rejected config eb74e8 as incumbent because it is not better than the incumbents on 1 instances: 
[INFO][abstract_intensifier.py:630] Added config c7cc1f and rejected config 3fe0d1 as incumbent because it is not better than the incumbents on 1 instances: 
[INFO][abstract_intensifier.py:630] Added config 714cbe and rejected config c7cc1f as incumbent because it is not better than the incumbents on 1 instances: 
[INFO][smbo.py:334] Finished 300 trials.
[BlockwiseMinSamplesLeafCallback] trials=300, block=4, min_samples_leaf=2
[INFO][abstract_intensifier.py:630] Added config 5d94f1 and rejected config 714cbe as incumbent because it is not better than the incumbents on 1 instances: 
[INFO][abstract_intensifier.py:630] Added config 23cd8c and rejected config 5d94f1 as incumbent because it is not better than the incumbents on 1 instances: 
[INFO][abstract_intensifier.py:630] Added config fcda74 and rejected config 23cd8c as incumbent because it is not better than the incumbents on 1 instances: 
[INFO][smbo.py:334] Finished 350 trials.
[INFO][abstract_intensifier.py:630] Added config 91100f and rejected config fcda74 as incumbent because it is not better than the incumbents on 1 instances: 
[INFO][abstract_intensifier.py:630] Added config bf2285 and rejected config 91100f as incumbent because it is not better than the incumbents on 1 instances: 
[INFO][abstract_intensifier.py:630] Added config e8a6bc and rejected config bf2285 as incumbent because it is not better than the incumbents on 1 instances: 
[INFO][abstract_intensifier.py:630] Added config 7505eb and rejected config e8a6bc as incumbent because it is not better than the incumbents on 1 instances: 
[INFO][smbo.py:334] Finished 400 trials.
[INFO][smbo.py:342] Configuration budget is exhausted:
[INFO][smbo.py:343] --- Remaining wallclock time: inf
[INFO][smbo.py:344] --- Remaining cpu time: inf
[INFO][smbo.py:345] --- Remaining trials: 0
policy=(2, 3, 3, 2), seed=0, incumbent_cost=-3.1703697897597554
Configuration(values={
  'x1': 0.4083528696756,
  'x2': 0.8773612940909,
  'x3': 0.9751690993856,
  'x4': 0.5947654974088,
  'x5': 0.023600935865,
  'x6': 0.0545127191447,
})
[batch 15/16] policy=leaf_policy_2_3_3_2, seed=1
[INFO][abstract_initial_design.py:74] Using `n_configs` and ignoring `n_configs_per_hyperparameter`.
[INFO][abstract_initial_design.py:143] Using 25 initial design configurations and 0 additional configurations.
[BlockwiseMinSamplesLeafCallback] trials=0, block=1, min_samples_leaf=2
[INFO][abstract_intensifier.py:313] Using only one seed for deterministic scenario.
[INFO][abstract_intensifier.py:523] Added config 873002 as new incumbent because there are no incumbents yet.
[INFO][abstract_intensifier.py:630] Added config ce9203 and rejected config 873002 as incumbent because it is not better than the incumbents on 1 instances: 
[INFO][abstract_intensifier.py:630] Added config 1e5f6e and rejected config ce9203 as incumbent because it is not better than the incumbents on 1 instances: 
[INFO][abstract_intensifier.py:630] Added config f55c8b and rejected config 1e5f6e as incumbent because it is not better than the incumbents on 1 instances: 
[INFO][abstract_intensifier.py:630] Added config 95d081 and rejected config f55c8b as incumbent because it is not better than the incumbents on 1 instances: 
[INFO][smbo.py:334] Finished 50 trials.
[INFO][abstract_intensifier.py:630] Added config 633da1 and rejected config 95d081 as incumbent because it is not better than the incumbents on 1 instances: 
[INFO][abstract_intensifier.py:630] Added config 0d9bd8 and rejected config 633da1 as incumbent because it is not better than the incumbents on 1 instances: 
[INFO][abstract_intensifier.py:630] Added config 180c49 and rejected config 0d9bd8 as incumbent because it is not better than the incumbents on 1 instances: 
[INFO][abstract_intensifier.py:630] Added config b40c90 and rejected config 180c49 as incumbent because it is not better than the incumbents on 1 instances: 
[INFO][smbo.py:334] Finished 100 trials.
[BlockwiseMinSamplesLeafCallback] trials=100, block=2, min_samples_leaf=3
[INFO][abstract_intensifier.py:630] Added config 49ffd4 and rejected config b40c90 as incumbent because it is not better than the incumbents on 1 instances: 
[INFO][abstract_intensifier.py:630] Added config 5d544e and rejected config 49ffd4 as incumbent because it is not better than the incumbents on 1 instances: 
[INFO][abstract_intensifier.py:630] Added config 641f1e and rejected config 5d544e as incumbent because it is not better than the incumbents on 1 instances: 
[INFO][abstract_intensifier.py:630] Added config c7274d and rejected config 641f1e as incumbent because it is not better than the incumbents on 1 instances: 
[INFO][abstract_intensifier.py:630] Added config 63af1f and rejected config c7274d as incumbent because it is not better than the incumbents on 1 instances: 
[INFO][abstract_intensifier.py:630] Added config 2f9cea and rejected config 63af1f as incumbent because it is not better than the incumbents on 1 instances: 
[INFO][abstract_intensifier.py:630] Added config 889d0e and rejected config 2f9cea as incumbent because it is not better than the incumbents on 1 instances: 
[INFO][smbo.py:334] Finished 150 trials.
[INFO][abstract_intensifier.py:630] Added config a35f73 and rejected config 889d0e as incumbent because it is not better than the incumbents on 1 instances: 
[INFO][smbo.py:334] Finished 200 trials.
[INFO][abstract_intensifier.py:630] Added config 8b160b and rejected config a35f73 as incumbent because it is not better than the incumbents on 1 instances: 
[INFO][abstract_intensifier.py:630] Added config e70f45 and rejected config 8b160b as incumbent because it is not better than the incumbents on 1 instances: 
[INFO][abstract_intensifier.py:630] Added config 168f22 and rejected config e70f45 as incumbent because it is not better than the incumbents on 1 instances: 
[INFO][abstract_intensifier.py:630] Added config 0b28a7 and rejected config 168f22 as incumbent because it is not better than the incumbents on 1 instances: 
[INFO][smbo.py:334] Finished 250 trials.
[INFO][abstract_intensifier.py:630] Added config b8e523 and rejected config 0b28a7 as incumbent because it is not better than the incumbents on 1 instances: 
[INFO][smbo.py:334] Finished 300 trials.
[BlockwiseMinSamplesLeafCallback] trials=300, block=4, min_samples_leaf=2
[INFO][abstract_intensifier.py:630] Added config e48a9c and rejected config b8e523 as incumbent because it is not better than the incumbents on 1 instances: 
[INFO][abstract_intensifier.py:630] Added config a5a3f7 and rejected config e48a9c as incumbent because it is not better than the incumbents on 1 instances: 
[INFO][abstract_intensifier.py:630] Added config 27762d and rejected config a5a3f7 as incumbent because it is not better than the incumbents on 1 instances: 
[INFO][smbo.py:334] Finished 350 trials.
[INFO][abstract_intensifier.py:630] Added config cd816c and rejected config 27762d as incumbent because it is not better than the incumbents on 1 instances: 
[INFO][abstract_intensifier.py:630] Added config 971f30 and rejected config cd816c as incumbent because it is not better than the incumbents on 1 instances: 
[INFO][abstract_intensifier.py:630] Added config 809c5c and rejected config 971f30 as incumbent because it is not better than the incumbents on 1 instances: 
[INFO][smbo.py:334] Finished 400 trials.
[INFO][smbo.py:342] Configuration budget is exhausted:
[INFO][smbo.py:343] --- Remaining wallclock time: inf
[INFO][smbo.py:344] --- Remaining cpu time: inf
[INFO][smbo.py:345] --- Remaining trials: 0
policy=(2, 3, 3, 2), seed=1, incumbent_cost=-3.195445327249778
Configuration(values={
  'x1': 0.4003166577299,
  'x2': 0.8868736052297,
  'x3': 0.8431038940965,
  'x4': 0.5778010301042,
  'x5': 0.0003362710769,
  'x6': 0.0373841558649,
})
[batch 16/16] policy=leaf_policy_2_3_3_2, seed=2
[INFO][abstract_initial_design.py:74] Using `n_configs` and ignoring `n_configs_per_hyperparameter`.
[INFO][abstract_initial_design.py:143] Using 25 initial design configurations and 0 additional configurations.
[BlockwiseMinSamplesLeafCallback] trials=0, block=1, min_samples_leaf=2
[INFO][abstract_intensifier.py:313] Using only one seed for deterministic scenario.
[INFO][abstract_intensifier.py:523] Added config b9fdb3 as new incumbent because there are no incumbents yet.
[INFO][abstract_intensifier.py:630] Added config 097fb7 and rejected config b9fdb3 as incumbent because it is not better than the incumbents on 1 instances: 
[INFO][abstract_intensifier.py:630] Added config 911f6d and rejected config 097fb7 as incumbent because it is not better than the incumbents on 1 instances: 
[INFO][abstract_intensifier.py:630] Added config 0b476d and rejected config 911f6d as incumbent because it is not better than the incumbents on 1 instances: 
[INFO][abstract_intensifier.py:630] Added config 4b2b68 and rejected config 0b476d as incumbent because it is not better than the incumbents on 1 instances: 
[INFO][abstract_intensifier.py:630] Added config 15a493 and rejected config 4b2b68 as incumbent because it is not better than the incumbents on 1 instances: 
[INFO][smbo.py:334] Finished 50 trials.
[INFO][abstract_intensifier.py:630] Added config e77611 and rejected config 15a493 as incumbent because it is not better than the incumbents on 1 instances: 
[INFO][abstract_intensifier.py:630] Added config ae1c30 and rejected config e77611 as incumbent because it is not better than the incumbents on 1 instances: 
[INFO][abstract_intensifier.py:630] Added config ece84e and rejected config ae1c30 as incumbent because it is not better than the incumbents on 1 instances: 
[INFO][abstract_intensifier.py:630] Added config b1366d and rejected config ece84e as incumbent because it is not better than the incumbents on 1 instances: 
[INFO][abstract_intensifier.py:630] Added config becac8 and rejected config b1366d as incumbent because it is not better than the incumbents on 1 instances: 
[INFO][abstract_intensifier.py:630] Added config 842d17 and rejected config becac8 as incumbent because it is not better than the incumbents on 1 instances: 
[INFO][smbo.py:334] Finished 100 trials.
[BlockwiseMinSamplesLeafCallback] trials=100, block=2, min_samples_leaf=3
[INFO][abstract_intensifier.py:630] Added config c5db3e and rejected config 842d17 as incumbent because it is not better than the incumbents on 1 instances: 
[INFO][abstract_intensifier.py:630] Added config e8a5ec and rejected config c5db3e as incumbent because it is not better than the incumbents on 1 instances: 
[INFO][smbo.py:334] Finished 150 trials.
[INFO][abstract_intensifier.py:630] Added config 18b898 and rejected config e8a5ec as incumbent because it is not better than the incumbents on 1 instances: 
[INFO][abstract_intensifier.py:630] Added config a98050 and rejected config 18b898 as incumbent because it is not better than the incumbents on 1 instances: 
[INFO][abstract_intensifier.py:630] Added config f184ab and rejected config a98050 as incumbent because it is not better than the incumbents on 1 instances: 
[INFO][abstract_intensifier.py:630] Added config f97d00 and rejected config f184ab as incumbent because it is not better than the incumbents on 1 instances: 
[INFO][smbo.py:334] Finished 200 trials.
[INFO][abstract_intensifier.py:630] Added config beff21 and rejected config f97d00 as incumbent because it is not better than the incumbents on 1 instances: 
[INFO][abstract_intensifier.py:630] Added config 681b0b and rejected config beff21 as incumbent because it is not better than the incumbents on 1 instances: 
[INFO][abstract_intensifier.py:630] Added config be9436 and rejected config 681b0b as incumbent because it is not better than the incumbents on 1 instances: 
[INFO][abstract_intensifier.py:630] Added config b67153 and rejected config be9436 as incumbent because it is not better than the incumbents on 1 instances: 
[INFO][abstract_intensifier.py:630] Added config 102d8f and rejected config b67153 as incumbent because it is not better than the incumbents on 1 instances: 
[INFO][abstract_intensifier.py:630] Added config 61bd84 and rejected config 102d8f as incumbent because it is not better than the incumbents on 1 instances: 
[INFO][smbo.py:334] Finished 250 trials.
[INFO][abstract_intensifier.py:630] Added config 79953e and rejected config 61bd84 as incumbent because it is not better than the incumbents on 1 instances: 
[INFO][abstract_intensifier.py:630] Added config 28e3a1 and rejected config 79953e as incumbent because it is not better than the incumbents on 1 instances: 
[INFO][smbo.py:334] Finished 300 trials.
[BlockwiseMinSamplesLeafCallback] trials=300, block=4, min_samples_leaf=2
[INFO][abstract_intensifier.py:630] Added config 9395b5 and rejected config 28e3a1 as incumbent because it is not better than the incumbents on 1 instances: 
[INFO][abstract_intensifier.py:630] Added config 4b917c and rejected config 9395b5 as incumbent because it is not better than the incumbents on 1 instances: 
[INFO][smbo.py:334] Finished 350 trials.
[INFO][abstract_intensifier.py:630] Added config 949f75 and rejected config 4b917c as incumbent because it is not better than the incumbents on 1 instances: 
[INFO][abstract_intensifier.py:630] Added config d5d574 and rejected config 949f75 as incumbent because it is not better than the incumbents on 1 instances: 
[INFO][abstract_intensifier.py:630] Added config 13084d and rejected config d5d574 as incumbent because it is not better than the incumbents on 1 instances: 
[INFO][abstract_intensifier.py:630] Added config 315e81 and rejected config 13084d as incumbent because it is not better than the incumbents on 1 instances: 
[INFO][smbo.py:334] Finished 400 trials.
[INFO][smbo.py:342] Configuration budget is exhausted:
[INFO][smbo.py:343] --- Remaining wallclock time: inf
[INFO][smbo.py:344] --- Remaining cpu time: inf
[INFO][smbo.py:345] --- Remaining trials: 0
policy=(2, 3, 3, 2), seed=2, incumbent_cost=-3.267283273455273
Configuration(values={
  'x1': 0.2043682253356,
  'x2': 0.0804032304277,
  'x3': 0.4731924579972,
  'x4': 0.2799881722693,
  'x5': 0.3121138667281,
  'x6': 0.6573721700267,
})
submitit INFO (2026-06-24 01:38:29,871) - Job completed successfully
[INFO][submission.py:56] Job completed successfully
submitit INFO (2026-06-24 01:38:29,877) - Exiting after successful completion
[INFO][submission.py:61] Exiting after successful completion
