submitit INFO (2026-06-24 01:22:55,243) - Starting with JobEnvironment(job_id=1316763_69, hostname=r23m0205.hpc.itc.rwth-aachen.de, local_rank=0(1), node=0(1), global_rank=0(1))
submitit INFO (2026-06-24 01:22:55,243) - Loading pickle: /rwthfs/rz/cluster/home/io632776/experiments/adaptive-smac/logs_bruteforce_leaf_policies/1316763_69_submitted.pkl
Running batch with 16 SMAC runs.
[batch 1/16] policy=leaf_policy_5_2_5_1, seed=4
[INFO][abstract_initial_design.py:143] Using 25 initial design configurations and 0 additional configurations.
[BlockwiseMinSamplesLeafCallback] trials=0, block=1, min_samples_leaf=5
[INFO][abstract_intensifier.py:313] Using only one seed for deterministic scenario.
[INFO][abstract_intensifier.py:523] Added config 4a153e as new incumbent because there are no incumbents yet.
[INFO][abstract_intensifier.py:630] Added config 73bb85 and rejected config 4a153e as incumbent because it is not better than the incumbents on 1 instances: 
[INFO][abstract_intensifier.py:630] Added config dbd536 and rejected config 73bb85 as incumbent because it is not better than the incumbents on 1 instances: 
[INFO][abstract_intensifier.py:630] Added config ed9eb0 and rejected config dbd536 as incumbent because it is not better than the incumbents on 1 instances: 
[INFO][abstract_intensifier.py:630] Added config a99b2a and rejected config ed9eb0 as incumbent because it is not better than the incumbents on 1 instances: 
[INFO][abstract_intensifier.py:630] Added config fe7de0 and rejected config a99b2a as incumbent because it is not better than the incumbents on 1 instances: 
[INFO][smbo.py:334] Finished 50 trials.
[INFO][abstract_intensifier.py:630] Added config c4a177 and rejected config fe7de0 as incumbent because it is not better than the incumbents on 1 instances: 
[INFO][abstract_intensifier.py:630] Added config ae492f and rejected config c4a177 as incumbent because it is not better than the incumbents on 1 instances: 
[INFO][abstract_intensifier.py:630] Added config 070d96 and rejected config ae492f as incumbent because it is not better than the incumbents on 1 instances: 
[INFO][abstract_intensifier.py:630] Added config 711743 and rejected config 070d96 as incumbent because it is not better than the incumbents on 1 instances: 
[INFO][abstract_intensifier.py:630] Added config 234519 and rejected config 711743 as incumbent because it is not better than the incumbents on 1 instances: 
[INFO][smbo.py:334] Finished 100 trials.
[BlockwiseMinSamplesLeafCallback] trials=100, block=2, min_samples_leaf=2
[INFO][abstract_intensifier.py:630] Added config 25cb3f and rejected config 234519 as incumbent because it is not better than the incumbents on 1 instances: 
[INFO][abstract_intensifier.py:630] Added config 5228ed and rejected config 25cb3f as incumbent because it is not better than the incumbents on 1 instances: 
[INFO][abstract_intensifier.py:630] Added config 2ea884 and rejected config 5228ed as incumbent because it is not better than the incumbents on 1 instances: 
[INFO][smbo.py:334] Finished 150 trials.
[INFO][abstract_intensifier.py:630] Added config ef26ee and rejected config 2ea884 as incumbent because it is not better than the incumbents on 1 instances: 
[INFO][smbo.py:334] Finished 200 trials.
[BlockwiseMinSamplesLeafCallback] trials=200, block=3, min_samples_leaf=5
[INFO][abstract_intensifier.py:630] Added config 89637d and rejected config ef26ee as incumbent because it is not better than the incumbents on 1 instances: 
[INFO][smbo.py:334] Finished 250 trials.
[INFO][abstract_intensifier.py:630] Added config 4c8db6 and rejected config 89637d as incumbent because it is not better than the incumbents on 1 instances: 
[INFO][abstract_intensifier.py:630] Added config 1ac4d7 and rejected config 4c8db6 as incumbent because it is not better than the incumbents on 1 instances: 
[INFO][smbo.py:334] Finished 300 trials.
[BlockwiseMinSamplesLeafCallback] trials=300, block=4, min_samples_leaf=1
[INFO][abstract_intensifier.py:630] Added config 89dc55 and rejected config 1ac4d7 as incumbent because it is not better than the incumbents on 1 instances: 
[INFO][abstract_intensifier.py:630] Added config 3936dc and rejected config 89dc55 as incumbent because it is not better than the incumbents on 1 instances: 
[INFO][smbo.py:334] Finished 350 trials.
[INFO][smbo.py:334] Finished 400 trials.
[INFO][smbo.py:342] Configuration budget is exhausted:
[INFO][smbo.py:343] --- Remaining wallclock time: inf
[INFO][smbo.py:344] --- Remaining cpu time: inf
[INFO][smbo.py:345] --- Remaining trials: 0
policy=(5, 2, 5, 1), seed=4, incumbent_cost=-3.1950534227480447
Configuration(values={
  'x1': 0.1008887643181,
  'x2': 0.1547653269839,
  'x3': 0.4776380825514,
  'x4': 0.2676834674882,
  'x5': 0.3125379646182,
  'x6': 0.655843307489,
})
[batch 2/16] policy=leaf_policy_5_2_5_2, seed=0
[INFO][abstract_initial_design.py:74] Using `n_configs` and ignoring `n_configs_per_hyperparameter`.
[INFO][abstract_initial_design.py:143] Using 25 initial design configurations and 0 additional configurations.
[BlockwiseMinSamplesLeafCallback] trials=0, block=1, min_samples_leaf=5
[INFO][abstract_intensifier.py:313] Using only one seed for deterministic scenario.
[INFO][abstract_intensifier.py:523] Added config 250a07 as new incumbent because there are no incumbents yet.
[INFO][abstract_intensifier.py:630] Added config 9895f5 and rejected config 250a07 as incumbent because it is not better than the incumbents on 1 instances: 
[INFO][abstract_intensifier.py:630] Added config 6ed6e4 and rejected config 9895f5 as incumbent because it is not better than the incumbents on 1 instances: 
[INFO][abstract_intensifier.py:630] Added config 718a9a and rejected config 6ed6e4 as incumbent because it is not better than the incumbents on 1 instances: 
[INFO][abstract_intensifier.py:630] Added config 4408d1 and rejected config 718a9a as incumbent because it is not better than the incumbents on 1 instances: 
[INFO][abstract_intensifier.py:630] Added config 7a371a and rejected config 4408d1 as incumbent because it is not better than the incumbents on 1 instances: 
[INFO][smbo.py:334] Finished 50 trials.
[INFO][abstract_intensifier.py:630] Added config 7b9e6a and rejected config 7a371a as incumbent because it is not better than the incumbents on 1 instances: 
[INFO][abstract_intensifier.py:630] Added config c769ae and rejected config 7b9e6a as incumbent because it is not better than the incumbents on 1 instances: 
[INFO][abstract_intensifier.py:630] Added config 24074e and rejected config c769ae as incumbent because it is not better than the incumbents on 1 instances: 
[INFO][abstract_intensifier.py:630] Added config b75211 and rejected config 24074e as incumbent because it is not better than the incumbents on 1 instances: 
[INFO][abstract_intensifier.py:630] Added config d85fda and rejected config b75211 as incumbent because it is not better than the incumbents on 1 instances: 
[INFO][smbo.py:334] Finished 100 trials.
[BlockwiseMinSamplesLeafCallback] trials=100, block=2, min_samples_leaf=2
[INFO][abstract_intensifier.py:630] Added config 21aaac and rejected config d85fda as incumbent because it is not better than the incumbents on 1 instances: 
[INFO][abstract_intensifier.py:630] Added config fcc7bd and rejected config 21aaac as incumbent because it is not better than the incumbents on 1 instances: 
[INFO][abstract_intensifier.py:630] Added config 1a7c7b and rejected config fcc7bd as incumbent because it is not better than the incumbents on 1 instances: 
[INFO][smbo.py:334] Finished 150 trials.
[INFO][abstract_intensifier.py:630] Added config 80ce2c and rejected config 1a7c7b as incumbent because it is not better than the incumbents on 1 instances: 
[INFO][abstract_intensifier.py:630] Added config 2f3fc8 and rejected config 80ce2c as incumbent because it is not better than the incumbents on 1 instances: 
[INFO][smbo.py:334] Finished 200 trials.
[BlockwiseMinSamplesLeafCallback] trials=200, block=3, min_samples_leaf=5
[INFO][abstract_intensifier.py:630] Added config 670820 and rejected config 2f3fc8 as incumbent because it is not better than the incumbents on 1 instances: 
[INFO][smbo.py:334] Finished 250 trials.
[INFO][abstract_intensifier.py:630] Added config a7c54c and rejected config 670820 as incumbent because it is not better than the incumbents on 1 instances: 
[INFO][abstract_intensifier.py:630] Added config 23f09f and rejected config a7c54c as incumbent because it is not better than the incumbents on 1 instances: 
[INFO][abstract_intensifier.py:630] Added config a57e9f and rejected config 23f09f as incumbent because it is not better than the incumbents on 1 instances: 
[INFO][smbo.py:334] Finished 300 trials.
[BlockwiseMinSamplesLeafCallback] trials=300, block=4, min_samples_leaf=2
[INFO][smbo.py:334] Finished 350 trials.
[INFO][abstract_intensifier.py:630] Added config 9b3bf2 and rejected config a57e9f as incumbent because it is not better than the incumbents on 1 instances: 
[INFO][abstract_intensifier.py:630] Added config 570870 and rejected config 9b3bf2 as incumbent because it is not better than the incumbents on 1 instances: 
[INFO][abstract_intensifier.py:630] Added config 3e22c7 and rejected config 570870 as incumbent because it is not better than the incumbents on 1 instances: 
[INFO][abstract_intensifier.py:630] Added config 0ecec5 and rejected config 3e22c7 as incumbent because it is not better than the incumbents on 1 instances: 
[INFO][smbo.py:334] Finished 400 trials.
[INFO][smbo.py:342] Configuration budget is exhausted:
[INFO][smbo.py:343] --- Remaining wallclock time: inf
[INFO][smbo.py:344] --- Remaining cpu time: inf
[INFO][smbo.py:345] --- Remaining trials: 0
policy=(5, 2, 5, 2), seed=0, incumbent_cost=-3.1996466784830506
Configuration(values={
  'x1': 0.4069277739991,
  'x2': 0.882321993227,
  'x3': 0.9831866337325,
  'x4': 0.5743553452953,
  'x5': 0.1389407769176,
  'x6': 0.041393321237,
})
[batch 3/16] policy=leaf_policy_5_2_5_2, seed=1
[INFO][abstract_initial_design.py:74] Using `n_configs` and ignoring `n_configs_per_hyperparameter`.
[INFO][abstract_initial_design.py:143] Using 25 initial design configurations and 0 additional configurations.
[BlockwiseMinSamplesLeafCallback] trials=0, block=1, min_samples_leaf=5
[INFO][abstract_intensifier.py:313] Using only one seed for deterministic scenario.
[INFO][abstract_intensifier.py:523] Added config 873002 as new incumbent because there are no incumbents yet.
[INFO][abstract_intensifier.py:630] Added config ce9203 and rejected config 873002 as incumbent because it is not better than the incumbents on 1 instances: 
[INFO][abstract_intensifier.py:630] Added config 1e5f6e and rejected config ce9203 as incumbent because it is not better than the incumbents on 1 instances: 
[INFO][abstract_intensifier.py:630] Added config f55c8b and rejected config 1e5f6e as incumbent because it is not better than the incumbents on 1 instances: 
[INFO][abstract_intensifier.py:630] Added config f6025b and rejected config f55c8b as incumbent because it is not better than the incumbents on 1 instances: 
[INFO][abstract_intensifier.py:630] Added config 55211e and rejected config f6025b as incumbent because it is not better than the incumbents on 1 instances: 
[INFO][abstract_intensifier.py:630] Added config 20e1f2 and rejected config 55211e as incumbent because it is not better than the incumbents on 1 instances: 
[INFO][abstract_intensifier.py:630] Added config 1f104a and rejected config 20e1f2 as incumbent because it is not better than the incumbents on 1 instances: 
[INFO][smbo.py:334] Finished 50 trials.
[INFO][smbo.py:334] Finished 100 trials.
[BlockwiseMinSamplesLeafCallback] trials=100, block=2, min_samples_leaf=2
[INFO][abstract_intensifier.py:630] Added config 659c5b and rejected config 1f104a as incumbent because it is not better than the incumbents on 1 instances: 
[INFO][smbo.py:334] Finished 150 trials.
[INFO][abstract_intensifier.py:630] Added config 1e32b5 and rejected config 659c5b as incumbent because it is not better than the incumbents on 1 instances: 
[INFO][abstract_intensifier.py:630] Added config 28269a and rejected config 1e32b5 as incumbent because it is not better than the incumbents on 1 instances: 
[INFO][abstract_intensifier.py:630] Added config 3b48ed and rejected config 28269a as incumbent because it is not better than the incumbents on 1 instances: 
[INFO][abstract_intensifier.py:630] Added config d77295 and rejected config 3b48ed as incumbent because it is not better than the incumbents on 1 instances: 
[INFO][abstract_intensifier.py:630] Added config 48a57c and rejected config d77295 as incumbent because it is not better than the incumbents on 1 instances: 
[INFO][abstract_intensifier.py:630] Added config 58ccf9 and rejected config 48a57c as incumbent because it is not better than the incumbents on 1 instances: 
[INFO][abstract_intensifier.py:630] Added config bdebf6 and rejected config 58ccf9 as incumbent because it is not better than the incumbents on 1 instances: 
[INFO][abstract_intensifier.py:630] Added config d0702b and rejected config bdebf6 as incumbent because it is not better than the incumbents on 1 instances: 
[INFO][abstract_intensifier.py:630] Added config 5f3366 and rejected config d0702b as incumbent because it is not better than the incumbents on 1 instances: 
[INFO][abstract_intensifier.py:630] Added config 3cba19 and rejected config 5f3366 as incumbent because it is not better than the incumbents on 1 instances: 
[INFO][abstract_intensifier.py:630] Added config 8709f0 and rejected config 3cba19 as incumbent because it is not better than the incumbents on 1 instances: 
[INFO][abstract_intensifier.py:630] Added config 61aae8 and rejected config 8709f0 as incumbent because it is not better than the incumbents on 1 instances: 
[INFO][smbo.py:334] Finished 200 trials.
[BlockwiseMinSamplesLeafCallback] trials=200, block=3, min_samples_leaf=5
[INFO][abstract_intensifier.py:630] Added config 000703 and rejected config 61aae8 as incumbent because it is not better than the incumbents on 1 instances: 
[INFO][smbo.py:334] Finished 250 trials.
[INFO][smbo.py:334] Finished 300 trials.
[BlockwiseMinSamplesLeafCallback] trials=300, block=4, min_samples_leaf=2
[INFO][abstract_intensifier.py:630] Added config 32835c and rejected config 000703 as incumbent because it is not better than the incumbents on 1 instances: 
[INFO][abstract_intensifier.py:630] Added config 952c95 and rejected config 32835c as incumbent because it is not better than the incumbents on 1 instances: 
[INFO][abstract_intensifier.py:630] Added config 438c93 and rejected config 952c95 as incumbent because it is not better than the incumbents on 1 instances: 
[INFO][abstract_intensifier.py:630] Added config d702fb and rejected config 438c93 as incumbent because it is not better than the incumbents on 1 instances: 
[INFO][smbo.py:334] Finished 350 trials.
[INFO][abstract_intensifier.py:630] Added config f122c4 and rejected config d702fb as incumbent because it is not better than the incumbents on 1 instances: 
[INFO][abstract_intensifier.py:630] Added config 13977c and rejected config f122c4 as incumbent because it is not better than the incumbents on 1 instances: 
[INFO][smbo.py:334] Finished 400 trials.
[INFO][smbo.py:342] Configuration budget is exhausted:
[INFO][smbo.py:343] --- Remaining wallclock time: inf
[INFO][smbo.py:344] --- Remaining cpu time: inf
[INFO][smbo.py:345] --- Remaining trials: 0
policy=(5, 2, 5, 2), seed=1, incumbent_cost=-3.312273605926329
Configuration(values={
  'x1': 0.1997213116485,
  'x2': 0.1777217468564,
  'x3': 0.4797817651393,
  'x4': 0.2695783101394,
  'x5': 0.3112207091144,
  'x6': 0.6614745054314,
})
[batch 4/16] policy=leaf_policy_5_2_5_2, seed=2
[INFO][abstract_initial_design.py:74] Using `n_configs` and ignoring `n_configs_per_hyperparameter`.
[INFO][abstract_initial_design.py:143] Using 25 initial design configurations and 0 additional configurations.
[BlockwiseMinSamplesLeafCallback] trials=0, block=1, min_samples_leaf=5
[INFO][abstract_intensifier.py:313] Using only one seed for deterministic scenario.
[INFO][abstract_intensifier.py:523] Added config b9fdb3 as new incumbent because there are no incumbents yet.
[INFO][abstract_intensifier.py:630] Added config 097fb7 and rejected config b9fdb3 as incumbent because it is not better than the incumbents on 1 instances: 
[INFO][abstract_intensifier.py:630] Added config 911f6d and rejected config 097fb7 as incumbent because it is not better than the incumbents on 1 instances: 
[INFO][abstract_intensifier.py:630] Added config 0b476d and rejected config 911f6d as incumbent because it is not better than the incumbents on 1 instances: 
[INFO][smbo.py:334] Finished 50 trials.
[INFO][abstract_intensifier.py:630] Added config 9b1cfc and rejected config 0b476d as incumbent because it is not better than the incumbents on 1 instances: 
[INFO][abstract_intensifier.py:630] Added config 4123b1 and rejected config 9b1cfc as incumbent because it is not better than the incumbents on 1 instances: 
[INFO][abstract_intensifier.py:630] Added config 97a958 and rejected config 4123b1 as incumbent because it is not better than the incumbents on 1 instances: 
[INFO][abstract_intensifier.py:630] Added config 302e34 and rejected config 97a958 as incumbent because it is not better than the incumbents on 1 instances: 
[INFO][abstract_intensifier.py:630] Added config 6d0039 and rejected config 302e34 as incumbent because it is not better than the incumbents on 1 instances: 
[INFO][abstract_intensifier.py:630] Added config 60afe7 and rejected config 6d0039 as incumbent because it is not better than the incumbents on 1 instances: 
[INFO][smbo.py:334] Finished 100 trials.
[BlockwiseMinSamplesLeafCallback] trials=100, block=2, min_samples_leaf=2
[INFO][abstract_intensifier.py:630] Added config fe3bab and rejected config 60afe7 as incumbent because it is not better than the incumbents on 1 instances: 
[INFO][abstract_intensifier.py:630] Added config 42489d and rejected config fe3bab as incumbent because it is not better than the incumbents on 1 instances: 
[INFO][smbo.py:334] Finished 150 trials.
[INFO][abstract_intensifier.py:630] Added config 50db71 and rejected config 42489d as incumbent because it is not better than the incumbents on 1 instances: 
[INFO][abstract_intensifier.py:630] Added config e9141d and rejected config 50db71 as incumbent because it is not better than the incumbents on 1 instances: 
[INFO][abstract_intensifier.py:630] Added config 8a833d and rejected config e9141d as incumbent because it is not better than the incumbents on 1 instances: 
[INFO][smbo.py:334] Finished 200 trials.
[BlockwiseMinSamplesLeafCallback] trials=200, block=3, min_samples_leaf=5
[INFO][abstract_intensifier.py:630] Added config 1ed024 and rejected config 8a833d as incumbent because it is not better than the incumbents on 1 instances: 
[INFO][abstract_intensifier.py:630] Added config 414f3c and rejected config 1ed024 as incumbent because it is not better than the incumbents on 1 instances: 
[INFO][abstract_intensifier.py:630] Added config eb3217 and rejected config 414f3c as incumbent because it is not better than the incumbents on 1 instances: 
[INFO][abstract_intensifier.py:630] Added config 5b7292 and rejected config eb3217 as incumbent because it is not better than the incumbents on 1 instances: 
[INFO][abstract_intensifier.py:630] Added config 970dfe and rejected config 5b7292 as incumbent because it is not better than the incumbents on 1 instances: 
[INFO][abstract_intensifier.py:630] Added config 332144 and rejected config 970dfe as incumbent because it is not better than the incumbents on 1 instances: 
[INFO][abstract_intensifier.py:630] Added config fbdc06 and rejected config 332144 as incumbent because it is not better than the incumbents on 1 instances: 
[INFO][smbo.py:334] Finished 250 trials.
[INFO][smbo.py:334] Finished 300 trials.
[BlockwiseMinSamplesLeafCallback] trials=300, block=4, min_samples_leaf=2
[INFO][abstract_intensifier.py:630] Added config 0017d9 and rejected config fbdc06 as incumbent because it is not better than the incumbents on 1 instances: 
[INFO][abstract_intensifier.py:630] Added config 4b5b3c and rejected config 0017d9 as incumbent because it is not better than the incumbents on 1 instances: 
[INFO][abstract_intensifier.py:630] Added config eec95c and rejected config 4b5b3c as incumbent because it is not better than the incumbents on 1 instances: 
[INFO][abstract_intensifier.py:630] Added config 3f5b73 and rejected config eec95c as incumbent because it is not better than the incumbents on 1 instances: 
[INFO][abstract_intensifier.py:630] Added config 25c5e9 and rejected config 3f5b73 as incumbent because it is not better than the incumbents on 1 instances: 
[INFO][abstract_intensifier.py:630] Added config bfc680 and rejected config 25c5e9 as incumbent because it is not better than the incumbents on 1 instances: 
[INFO][abstract_intensifier.py:630] Added config 74192b and rejected config bfc680 as incumbent because it is not better than the incumbents on 1 instances: 
[INFO][abstract_intensifier.py:630] Added config dc961e and rejected config 74192b as incumbent because it is not better than the incumbents on 1 instances: 
[INFO][abstract_intensifier.py:630] Added config 87cf5c and rejected config dc961e as incumbent because it is not better than the incumbents on 1 instances: 
[INFO][smbo.py:334] Finished 350 trials.
[INFO][abstract_intensifier.py:630] Added config 8c4331 and rejected config 87cf5c as incumbent because it is not better than the incumbents on 1 instances: 
[INFO][abstract_intensifier.py:630] Added config dac5ca and rejected config 8c4331 as incumbent because it is not better than the incumbents on 1 instances: 
[INFO][smbo.py:334] Finished 400 trials.
[INFO][smbo.py:342] Configuration budget is exhausted:
[INFO][smbo.py:343] --- Remaining wallclock time: inf
[INFO][smbo.py:344] --- Remaining cpu time: inf
[INFO][smbo.py:345] --- Remaining trials: 0
policy=(5, 2, 5, 2), seed=2, incumbent_cost=-3.2922792732889437
Configuration(values={
  'x1': 0.199079021199,
  'x2': 0.1001163804785,
  'x3': 0.4794640969926,
  'x4': 0.2775890760679,
  'x5': 0.3063003724259,
  'x6': 0.6547574721946,
})
[batch 5/16] policy=leaf_policy_5_2_5_2, seed=3
[INFO][abstract_initial_design.py:74] Using `n_configs` and ignoring `n_configs_per_hyperparameter`.
[INFO][abstract_initial_design.py:143] Using 25 initial design configurations and 0 additional configurations.
[BlockwiseMinSamplesLeafCallback] trials=0, block=1, min_samples_leaf=5
[INFO][abstract_intensifier.py:313] Using only one seed for deterministic scenario.
[INFO][abstract_intensifier.py:523] Added config 545df9 as new incumbent because there are no incumbents yet.
[INFO][abstract_intensifier.py:630] Added config 2b45fe and rejected config 545df9 as incumbent because it is not better than the incumbents on 1 instances: 
[INFO][abstract_intensifier.py:630] Added config dacba5 and rejected config 2b45fe as incumbent because it is not better than the incumbents on 1 instances: 
[INFO][abstract_intensifier.py:630] Added config 60bd7f and rejected config dacba5 as incumbent because it is not better than the incumbents on 1 instances: 
[INFO][smbo.py:334] Finished 50 trials.
[INFO][abstract_intensifier.py:630] Added config 0bea8e and rejected config 60bd7f as incumbent because it is not better than the incumbents on 1 instances: 
[INFO][abstract_intensifier.py:630] Added config 32ebe4 and rejected config 0bea8e as incumbent because it is not better than the incumbents on 1 instances: 
[INFO][abstract_intensifier.py:630] Added config 49741c and rejected config 32ebe4 as incumbent because it is not better than the incumbents on 1 instances: 
[INFO][abstract_intensifier.py:630] Added config 1e1c6e and rejected config 49741c as incumbent because it is not better than the incumbents on 1 instances: 
[INFO][abstract_intensifier.py:630] Added config b93eec and rejected config 1e1c6e as incumbent because it is not better than the incumbents on 1 instances: 
[INFO][smbo.py:334] Finished 100 trials.
[BlockwiseMinSamplesLeafCallback] trials=100, block=2, min_samples_leaf=2
[INFO][abstract_intensifier.py:630] Added config efaaae and rejected config b93eec as incumbent because it is not better than the incumbents on 1 instances: 
[INFO][abstract_intensifier.py:630] Added config 9776b1 and rejected config efaaae as incumbent because it is not better than the incumbents on 1 instances: 
[INFO][abstract_intensifier.py:630] Added config 10be8e and rejected config 9776b1 as incumbent because it is not better than the incumbents on 1 instances: 
[INFO][abstract_intensifier.py:630] Added config 32584d and rejected config 10be8e as incumbent because it is not better than the incumbents on 1 instances: 
[INFO][abstract_intensifier.py:630] Added config c816cc and rejected config 32584d as incumbent because it is not better than the incumbents on 1 instances: 
[INFO][abstract_intensifier.py:630] Added config 156bf4 and rejected config c816cc as incumbent because it is not better than the incumbents on 1 instances: 
[INFO][smbo.py:334] Finished 150 trials.
[INFO][abstract_intensifier.py:630] Added config ec2de9 and rejected config 156bf4 as incumbent because it is not better than the incumbents on 1 instances: 
[INFO][abstract_intensifier.py:630] Added config 997de3 and rejected config ec2de9 as incumbent because it is not better than the incumbents on 1 instances: 
[INFO][abstract_intensifier.py:630] Added config dce4d5 and rejected config 997de3 as incumbent because it is not better than the incumbents on 1 instances: 
[INFO][abstract_intensifier.py:630] Added config 502433 and rejected config dce4d5 as incumbent because it is not better than the incumbents on 1 instances: 
[INFO][abstract_intensifier.py:630] Added config 882152 and rejected config 502433 as incumbent because it is not better than the incumbents on 1 instances: 
[INFO][abstract_intensifier.py:630] Added config dea2c5 and rejected config 882152 as incumbent because it is not better than the incumbents on 1 instances: 
[INFO][smbo.py:334] Finished 200 trials.
[BlockwiseMinSamplesLeafCallback] trials=200, block=3, min_samples_leaf=5
[INFO][abstract_intensifier.py:630] Added config cc0a1f and rejected config dea2c5 as incumbent because it is not better than the incumbents on 1 instances: 
[INFO][abstract_intensifier.py:630] Added config 77fed8 and rejected config cc0a1f as incumbent because it is not better than the incumbents on 1 instances: 
[INFO][abstract_intensifier.py:630] Added config 931445 and rejected config 77fed8 as incumbent because it is not better than the incumbents on 1 instances: 
[INFO][abstract_intensifier.py:630] Added config 9822ea and rejected config 931445 as incumbent because it is not better than the incumbents on 1 instances: 
[INFO][abstract_intensifier.py:630] Added config 295018 and rejected config 9822ea as incumbent because it is not better than the incumbents on 1 instances: 
[INFO][abstract_intensifier.py:630] Added config aa3fc3 and rejected config 295018 as incumbent because it is not better than the incumbents on 1 instances: 
[INFO][smbo.py:334] Finished 250 trials.
[INFO][abstract_intensifier.py:630] Added config a7625d and rejected config aa3fc3 as incumbent because it is not better than the incumbents on 1 instances: 
[INFO][abstract_intensifier.py:630] Added config cb526c and rejected config a7625d as incumbent because it is not better than the incumbents on 1 instances: 
[INFO][abstract_intensifier.py:630] Added config 16bf94 and rejected config cb526c as incumbent because it is not better than the incumbents on 1 instances: 
[INFO][smbo.py:334] Finished 300 trials.
[BlockwiseMinSamplesLeafCallback] trials=300, block=4, min_samples_leaf=2
[INFO][abstract_intensifier.py:630] Added config 2bbc51 and rejected config 16bf94 as incumbent because it is not better than the incumbents on 1 instances: 
[INFO][abstract_intensifier.py:630] Added config 2e2312 and rejected config 2bbc51 as incumbent because it is not better than the incumbents on 1 instances: 
[INFO][abstract_intensifier.py:630] Added config 8ed7a4 and rejected config 2e2312 as incumbent because it is not better than the incumbents on 1 instances: 
[INFO][smbo.py:334] Finished 350 trials.
[INFO][smbo.py:334] Finished 400 trials.
[INFO][smbo.py:342] Configuration budget is exhausted:
[INFO][smbo.py:343] --- Remaining wallclock time: inf
[INFO][smbo.py:344] --- Remaining cpu time: inf
[INFO][smbo.py:345] --- Remaining trials: 0
policy=(5, 2, 5, 2), seed=3, incumbent_cost=-3.183754626768107
Configuration(values={
  'x1': 0.4032287259596,
  'x2': 0.8818969728188,
  'x3': 0.8810121423674,
  'x4': 0.5754261816085,
  'x5': 0.1267947677447,
  'x6': 0.0177823126667,
})
[batch 6/16] policy=leaf_policy_5_2_5_2, seed=4
[INFO][abstract_initial_design.py:74] Using `n_configs` and ignoring `n_configs_per_hyperparameter`.
[INFO][abstract_initial_design.py:143] Using 25 initial design configurations and 0 additional configurations.
[BlockwiseMinSamplesLeafCallback] trials=0, block=1, min_samples_leaf=5
[INFO][abstract_intensifier.py:313] Using only one seed for deterministic scenario.
[INFO][abstract_intensifier.py:523] Added config 4a153e as new incumbent because there are no incumbents yet.
[INFO][abstract_intensifier.py:630] Added config 73bb85 and rejected config 4a153e as incumbent because it is not better than the incumbents on 1 instances: 
[INFO][abstract_intensifier.py:630] Added config dbd536 and rejected config 73bb85 as incumbent because it is not better than the incumbents on 1 instances: 
[INFO][abstract_intensifier.py:630] Added config ed9eb0 and rejected config dbd536 as incumbent because it is not better than the incumbents on 1 instances: 
[INFO][abstract_intensifier.py:630] Added config a99b2a and rejected config ed9eb0 as incumbent because it is not better than the incumbents on 1 instances: 
[INFO][abstract_intensifier.py:630] Added config fe7de0 and rejected config a99b2a as incumbent because it is not better than the incumbents on 1 instances: 
[INFO][smbo.py:334] Finished 50 trials.
[INFO][abstract_intensifier.py:630] Added config c4a177 and rejected config fe7de0 as incumbent because it is not better than the incumbents on 1 instances: 
[INFO][abstract_intensifier.py:630] Added config ae492f and rejected config c4a177 as incumbent because it is not better than the incumbents on 1 instances: 
[INFO][abstract_intensifier.py:630] Added config 070d96 and rejected config ae492f as incumbent because it is not better than the incumbents on 1 instances: 
[INFO][abstract_intensifier.py:630] Added config 711743 and rejected config 070d96 as incumbent because it is not better than the incumbents on 1 instances: 
[INFO][abstract_intensifier.py:630] Added config 234519 and rejected config 711743 as incumbent because it is not better than the incumbents on 1 instances: 
[INFO][smbo.py:334] Finished 100 trials.
[BlockwiseMinSamplesLeafCallback] trials=100, block=2, min_samples_leaf=2
[INFO][abstract_intensifier.py:630] Added config 25cb3f and rejected config 234519 as incumbent because it is not better than the incumbents on 1 instances: 
[INFO][abstract_intensifier.py:630] Added config 5228ed and rejected config 25cb3f as incumbent because it is not better than the incumbents on 1 instances: 
[INFO][abstract_intensifier.py:630] Added config 2ea884 and rejected config 5228ed as incumbent because it is not better than the incumbents on 1 instances: 
[INFO][smbo.py:334] Finished 150 trials.
[INFO][abstract_intensifier.py:630] Added config ef26ee and rejected config 2ea884 as incumbent because it is not better than the incumbents on 1 instances: 
[INFO][smbo.py:334] Finished 200 trials.
[BlockwiseMinSamplesLeafCallback] trials=200, block=3, min_samples_leaf=5
[INFO][abstract_intensifier.py:630] Added config 89637d and rejected config ef26ee as incumbent because it is not better than the incumbents on 1 instances: 
[INFO][smbo.py:334] Finished 250 trials.
[INFO][abstract_intensifier.py:630] Added config 4c8db6 and rejected config 89637d as incumbent because it is not better than the incumbents on 1 instances: 
[INFO][abstract_intensifier.py:630] Added config 1ac4d7 and rejected config 4c8db6 as incumbent because it is not better than the incumbents on 1 instances: 
[INFO][smbo.py:334] Finished 300 trials.
[BlockwiseMinSamplesLeafCallback] trials=300, block=4, min_samples_leaf=2
[INFO][smbo.py:334] Finished 350 trials.
[INFO][abstract_intensifier.py:630] Added config caa529 and rejected config 1ac4d7 as incumbent because it is not better than the incumbents on 1 instances: 
[INFO][smbo.py:334] Finished 400 trials.
[INFO][smbo.py:342] Configuration budget is exhausted:
[INFO][smbo.py:343] --- Remaining wallclock time: inf
[INFO][smbo.py:344] --- Remaining cpu time: inf
[INFO][smbo.py:345] --- Remaining trials: 0
policy=(5, 2, 5, 2), seed=4, incumbent_cost=-3.1867229667021055
Configuration(values={
  'x1': 0.1031127961414,
  'x2': 0.1715546941467,
  'x3': 0.4661177889859,
  'x4': 0.2808366214755,
  'x5': 0.3179276392663,
  'x6': 0.6708293175779,
})
[batch 7/16] policy=leaf_policy_5_2_5_3, seed=0
[INFO][abstract_initial_design.py:74] Using `n_configs` and ignoring `n_configs_per_hyperparameter`.
[INFO][abstract_initial_design.py:143] Using 25 initial design configurations and 0 additional configurations.
[BlockwiseMinSamplesLeafCallback] trials=0, block=1, min_samples_leaf=5
[INFO][abstract_intensifier.py:313] Using only one seed for deterministic scenario.
[INFO][abstract_intensifier.py:523] Added config 250a07 as new incumbent because there are no incumbents yet.
[INFO][abstract_intensifier.py:630] Added config 9895f5 and rejected config 250a07 as incumbent because it is not better than the incumbents on 1 instances: 
[INFO][abstract_intensifier.py:630] Added config 6ed6e4 and rejected config 9895f5 as incumbent because it is not better than the incumbents on 1 instances: 
[INFO][abstract_intensifier.py:630] Added config 718a9a and rejected config 6ed6e4 as incumbent because it is not better than the incumbents on 1 instances: 
[INFO][abstract_intensifier.py:630] Added config 4408d1 and rejected config 718a9a as incumbent because it is not better than the incumbents on 1 instances: 
[INFO][abstract_intensifier.py:630] Added config 7a371a and rejected config 4408d1 as incumbent because it is not better than the incumbents on 1 instances: 
[INFO][smbo.py:334] Finished 50 trials.
[INFO][abstract_intensifier.py:630] Added config 7b9e6a and rejected config 7a371a as incumbent because it is not better than the incumbents on 1 instances: 
[INFO][abstract_intensifier.py:630] Added config c769ae and rejected config 7b9e6a as incumbent because it is not better than the incumbents on 1 instances: 
[INFO][abstract_intensifier.py:630] Added config 24074e and rejected config c769ae as incumbent because it is not better than the incumbents on 1 instances: 
[INFO][abstract_intensifier.py:630] Added config b75211 and rejected config 24074e as incumbent because it is not better than the incumbents on 1 instances: 
[INFO][abstract_intensifier.py:630] Added config d85fda and rejected config b75211 as incumbent because it is not better than the incumbents on 1 instances: 
[INFO][smbo.py:334] Finished 100 trials.
[BlockwiseMinSamplesLeafCallback] trials=100, block=2, min_samples_leaf=2
[INFO][abstract_intensifier.py:630] Added config 21aaac and rejected config d85fda as incumbent because it is not better than the incumbents on 1 instances: 
[INFO][abstract_intensifier.py:630] Added config fcc7bd and rejected config 21aaac as incumbent because it is not better than the incumbents on 1 instances: 
[INFO][abstract_intensifier.py:630] Added config 1a7c7b and rejected config fcc7bd as incumbent because it is not better than the incumbents on 1 instances: 
[INFO][smbo.py:334] Finished 150 trials.
[INFO][abstract_intensifier.py:630] Added config 80ce2c and rejected config 1a7c7b as incumbent because it is not better than the incumbents on 1 instances: 
[INFO][abstract_intensifier.py:630] Added config 2f3fc8 and rejected config 80ce2c as incumbent because it is not better than the incumbents on 1 instances: 
[INFO][smbo.py:334] Finished 200 trials.
[BlockwiseMinSamplesLeafCallback] trials=200, block=3, min_samples_leaf=5
[INFO][abstract_intensifier.py:630] Added config 670820 and rejected config 2f3fc8 as incumbent because it is not better than the incumbents on 1 instances: 
[INFO][smbo.py:334] Finished 250 trials.
[INFO][abstract_intensifier.py:630] Added config a7c54c and rejected config 670820 as incumbent because it is not better than the incumbents on 1 instances: 
[INFO][abstract_intensifier.py:630] Added config 23f09f and rejected config a7c54c as incumbent because it is not better than the incumbents on 1 instances: 
[INFO][abstract_intensifier.py:630] Added config a57e9f and rejected config 23f09f as incumbent because it is not better than the incumbents on 1 instances: 
[INFO][smbo.py:334] Finished 300 trials.
[BlockwiseMinSamplesLeafCallback] trials=300, block=4, min_samples_leaf=3
[INFO][smbo.py:334] Finished 350 trials.
[INFO][abstract_intensifier.py:630] Added config 45212e and rejected config a57e9f as incumbent because it is not better than the incumbents on 1 instances: 
[INFO][abstract_intensifier.py:630] Added config 5eb50b and rejected config 45212e as incumbent because it is not better than the incumbents on 1 instances: 
[INFO][abstract_intensifier.py:630] Added config 3038f6 and rejected config 5eb50b as incumbent because it is not better than the incumbents on 1 instances: 
[INFO][smbo.py:334] Finished 400 trials.
[INFO][smbo.py:342] Configuration budget is exhausted:
[INFO][smbo.py:343] --- Remaining wallclock time: inf
[INFO][smbo.py:344] --- Remaining cpu time: inf
[INFO][smbo.py:345] --- Remaining trials: 0
policy=(5, 2, 5, 3), seed=0, incumbent_cost=-3.199846824474386
Configuration(values={
  'x1': 0.4048041914996,
  'x2': 0.8824914699582,
  'x3': 0.9818568721099,
  'x4': 0.5756586088288,
  'x5': 0.1635721966497,
  'x6': 0.0366685760766,
})
[batch 8/16] policy=leaf_policy_5_2_5_3, seed=1
[INFO][abstract_initial_design.py:74] Using `n_configs` and ignoring `n_configs_per_hyperparameter`.
[INFO][abstract_initial_design.py:143] Using 25 initial design configurations and 0 additional configurations.
[BlockwiseMinSamplesLeafCallback] trials=0, block=1, min_samples_leaf=5
[INFO][abstract_intensifier.py:313] Using only one seed for deterministic scenario.
[INFO][abstract_intensifier.py:523] Added config 873002 as new incumbent because there are no incumbents yet.
[INFO][abstract_intensifier.py:630] Added config ce9203 and rejected config 873002 as incumbent because it is not better than the incumbents on 1 instances: 
[INFO][abstract_intensifier.py:630] Added config 1e5f6e and rejected config ce9203 as incumbent because it is not better than the incumbents on 1 instances: 
[INFO][abstract_intensifier.py:630] Added config f55c8b and rejected config 1e5f6e as incumbent because it is not better than the incumbents on 1 instances: 
[INFO][abstract_intensifier.py:630] Added config f6025b and rejected config f55c8b as incumbent because it is not better than the incumbents on 1 instances: 
[INFO][abstract_intensifier.py:630] Added config 55211e and rejected config f6025b as incumbent because it is not better than the incumbents on 1 instances: 
[INFO][abstract_intensifier.py:630] Added config 20e1f2 and rejected config 55211e as incumbent because it is not better than the incumbents on 1 instances: 
[INFO][abstract_intensifier.py:630] Added config 1f104a and rejected config 20e1f2 as incumbent because it is not better than the incumbents on 1 instances: 
[INFO][smbo.py:334] Finished 50 trials.
[INFO][smbo.py:334] Finished 100 trials.
[BlockwiseMinSamplesLeafCallback] trials=100, block=2, min_samples_leaf=2
[INFO][abstract_intensifier.py:630] Added config 659c5b and rejected config 1f104a as incumbent because it is not better than the incumbents on 1 instances: 
[INFO][smbo.py:334] Finished 150 trials.
[INFO][abstract_intensifier.py:630] Added config 1e32b5 and rejected config 659c5b as incumbent because it is not better than the incumbents on 1 instances: 
[INFO][abstract_intensifier.py:630] Added config 28269a and rejected config 1e32b5 as incumbent because it is not better than the incumbents on 1 instances: 
[INFO][abstract_intensifier.py:630] Added config 3b48ed and rejected config 28269a as incumbent because it is not better than the incumbents on 1 instances: 
[INFO][abstract_intensifier.py:630] Added config d77295 and rejected config 3b48ed as incumbent because it is not better than the incumbents on 1 instances: 
[INFO][abstract_intensifier.py:630] Added config 48a57c and rejected config d77295 as incumbent because it is not better than the incumbents on 1 instances: 
[INFO][abstract_intensifier.py:630] Added config 58ccf9 and rejected config 48a57c as incumbent because it is not better than the incumbents on 1 instances: 
[INFO][abstract_intensifier.py:630] Added config bdebf6 and rejected config 58ccf9 as incumbent because it is not better than the incumbents on 1 instances: 
[INFO][abstract_intensifier.py:630] Added config d0702b and rejected config bdebf6 as incumbent because it is not better than the incumbents on 1 instances: 
[INFO][abstract_intensifier.py:630] Added config 5f3366 and rejected config d0702b as incumbent because it is not better than the incumbents on 1 instances: 
[INFO][abstract_intensifier.py:630] Added config 3cba19 and rejected config 5f3366 as incumbent because it is not better than the incumbents on 1 instances: 
[INFO][abstract_intensifier.py:630] Added config 8709f0 and rejected config 3cba19 as incumbent because it is not better than the incumbents on 1 instances: 
[INFO][abstract_intensifier.py:630] Added config 61aae8 and rejected config 8709f0 as incumbent because it is not better than the incumbents on 1 instances: 
[INFO][smbo.py:334] Finished 200 trials.
[BlockwiseMinSamplesLeafCallback] trials=200, block=3, min_samples_leaf=5
[INFO][abstract_intensifier.py:630] Added config 000703 and rejected config 61aae8 as incumbent because it is not better than the incumbents on 1 instances: 
[INFO][smbo.py:334] Finished 250 trials.
[INFO][smbo.py:334] Finished 300 trials.
[BlockwiseMinSamplesLeafCallback] trials=300, block=4, min_samples_leaf=3
[INFO][abstract_intensifier.py:630] Added config 32835c and rejected config 000703 as incumbent because it is not better than the incumbents on 1 instances: 
[INFO][abstract_intensifier.py:630] Added config ed4e28 and rejected config 32835c as incumbent because it is not better than the incumbents on 1 instances: 
[INFO][abstract_intensifier.py:630] Added config 810c5d and rejected config ed4e28 as incumbent because it is not better than the incumbents on 1 instances: 
[INFO][abstract_intensifier.py:630] Added config ccb706 and rejected config 810c5d as incumbent because it is not better than the incumbents on 1 instances: 
[INFO][smbo.py:334] Finished 350 trials.
[INFO][abstract_intensifier.py:630] Added config d4e179 and rejected config ccb706 as incumbent because it is not better than the incumbents on 1 instances: 
[INFO][abstract_intensifier.py:630] Added config 743810 and rejected config d4e179 as incumbent because it is not better than the incumbents on 1 instances: 
[INFO][smbo.py:334] Finished 400 trials.
[INFO][smbo.py:342] Configuration budget is exhausted:
[INFO][smbo.py:343] --- Remaining wallclock time: inf
[INFO][smbo.py:344] --- Remaining cpu time: inf
[INFO][smbo.py:345] --- Remaining trials: 0
policy=(5, 2, 5, 3), seed=1, incumbent_cost=-3.3117795744516867
Configuration(values={
  'x1': 0.2039773350756,
  'x2': 0.1783338846164,
  'x3': 0.4858110310964,
  'x4': 0.2784808516457,
  'x5': 0.3092651926579,
  'x6': 0.6550025391623,
})
[batch 9/16] policy=leaf_policy_5_2_5_3, seed=2
[INFO][abstract_initial_design.py:74] Using `n_configs` and ignoring `n_configs_per_hyperparameter`.
[INFO][abstract_initial_design.py:143] Using 25 initial design configurations and 0 additional configurations.
[BlockwiseMinSamplesLeafCallback] trials=0, block=1, min_samples_leaf=5
[INFO][abstract_intensifier.py:313] Using only one seed for deterministic scenario.
[INFO][abstract_intensifier.py:523] Added config b9fdb3 as new incumbent because there are no incumbents yet.
[INFO][abstract_intensifier.py:630] Added config 097fb7 and rejected config b9fdb3 as incumbent because it is not better than the incumbents on 1 instances: 
[INFO][abstract_intensifier.py:630] Added config 911f6d and rejected config 097fb7 as incumbent because it is not better than the incumbents on 1 instances: 
[INFO][abstract_intensifier.py:630] Added config 0b476d and rejected config 911f6d as incumbent because it is not better than the incumbents on 1 instances: 
[INFO][smbo.py:334] Finished 50 trials.
[INFO][abstract_intensifier.py:630] Added config 9b1cfc and rejected config 0b476d as incumbent because it is not better than the incumbents on 1 instances: 
[INFO][abstract_intensifier.py:630] Added config 4123b1 and rejected config 9b1cfc as incumbent because it is not better than the incumbents on 1 instances: 
[INFO][abstract_intensifier.py:630] Added config 97a958 and rejected config 4123b1 as incumbent because it is not better than the incumbents on 1 instances: 
[INFO][abstract_intensifier.py:630] Added config 302e34 and rejected config 97a958 as incumbent because it is not better than the incumbents on 1 instances: 
[INFO][abstract_intensifier.py:630] Added config 6d0039 and rejected config 302e34 as incumbent because it is not better than the incumbents on 1 instances: 
[INFO][abstract_intensifier.py:630] Added config 60afe7 and rejected config 6d0039 as incumbent because it is not better than the incumbents on 1 instances: 
[INFO][smbo.py:334] Finished 100 trials.
[BlockwiseMinSamplesLeafCallback] trials=100, block=2, min_samples_leaf=2
[INFO][abstract_intensifier.py:630] Added config fe3bab and rejected config 60afe7 as incumbent because it is not better than the incumbents on 1 instances: 
[INFO][abstract_intensifier.py:630] Added config 42489d and rejected config fe3bab as incumbent because it is not better than the incumbents on 1 instances: 
[INFO][smbo.py:334] Finished 150 trials.
[INFO][abstract_intensifier.py:630] Added config 50db71 and rejected config 42489d as incumbent because it is not better than the incumbents on 1 instances: 
[INFO][abstract_intensifier.py:630] Added config e9141d and rejected config 50db71 as incumbent because it is not better than the incumbents on 1 instances: 
[INFO][abstract_intensifier.py:630] Added config 8a833d and rejected config e9141d as incumbent because it is not better than the incumbents on 1 instances: 
[INFO][smbo.py:334] Finished 200 trials.
[BlockwiseMinSamplesLeafCallback] trials=200, block=3, min_samples_leaf=5
[INFO][abstract_intensifier.py:630] Added config 1ed024 and rejected config 8a833d as incumbent because it is not better than the incumbents on 1 instances: 
[INFO][abstract_intensifier.py:630] Added config 414f3c and rejected config 1ed024 as incumbent because it is not better than the incumbents on 1 instances: 
[INFO][abstract_intensifier.py:630] Added config eb3217 and rejected config 414f3c as incumbent because it is not better than the incumbents on 1 instances: 
[INFO][abstract_intensifier.py:630] Added config 5b7292 and rejected config eb3217 as incumbent because it is not better than the incumbents on 1 instances: 
[INFO][abstract_intensifier.py:630] Added config 970dfe and rejected config 5b7292 as incumbent because it is not better than the incumbents on 1 instances: 
[INFO][abstract_intensifier.py:630] Added config 332144 and rejected config 970dfe as incumbent because it is not better than the incumbents on 1 instances: 
[INFO][abstract_intensifier.py:630] Added config fbdc06 and rejected config 332144 as incumbent because it is not better than the incumbents on 1 instances: 
[INFO][smbo.py:334] Finished 250 trials.
[INFO][smbo.py:334] Finished 300 trials.
[BlockwiseMinSamplesLeafCallback] trials=300, block=4, min_samples_leaf=3
[INFO][abstract_intensifier.py:630] Added config 4280e6 and rejected config fbdc06 as incumbent because it is not better than the incumbents on 1 instances: 
[INFO][abstract_intensifier.py:630] Added config 94f8ea and rejected config 4280e6 as incumbent because it is not better than the incumbents on 1 instances: 
[INFO][abstract_intensifier.py:630] Added config 5c8431 and rejected config 94f8ea as incumbent because it is not better than the incumbents on 1 instances: 
[INFO][abstract_intensifier.py:630] Added config 3c7808 and rejected config 5c8431 as incumbent because it is not better than the incumbents on 1 instances: 
[INFO][smbo.py:334] Finished 350 trials.
[INFO][abstract_intensifier.py:630] Added config 05f6b8 and rejected config 3c7808 as incumbent because it is not better than the incumbents on 1 instances: 
[INFO][abstract_intensifier.py:630] Added config 0286e3 and rejected config 05f6b8 as incumbent because it is not better than the incumbents on 1 instances: 
[INFO][abstract_intensifier.py:630] Added config 0e2234 and rejected config 0286e3 as incumbent because it is not better than the incumbents on 1 instances: 
[INFO][abstract_intensifier.py:630] Added config cc3aa5 and rejected config 0e2234 as incumbent because it is not better than the incumbents on 1 instances: 
[INFO][abstract_intensifier.py:630] Added config 453433 and rejected config cc3aa5 as incumbent because it is not better than the incumbents on 1 instances: 
[INFO][smbo.py:334] Finished 400 trials.
[INFO][smbo.py:342] Configuration budget is exhausted:
[INFO][smbo.py:343] --- Remaining wallclock time: inf
[INFO][smbo.py:344] --- Remaining cpu time: inf
[INFO][smbo.py:345] --- Remaining trials: 0
policy=(5, 2, 5, 3), seed=2, incumbent_cost=-3.292476186952351
Configuration(values={
  'x1': 0.1983264120427,
  'x2': 0.1009239002619,
  'x3': 0.4757233686607,
  'x4': 0.2753180068136,
  'x5': 0.3055520277826,
  'x6': 0.6518437523573,
})
[batch 10/16] policy=leaf_policy_5_2_5_3, seed=3
[INFO][abstract_initial_design.py:74] Using `n_configs` and ignoring `n_configs_per_hyperparameter`.
[INFO][abstract_initial_design.py:143] Using 25 initial design configurations and 0 additional configurations.
[BlockwiseMinSamplesLeafCallback] trials=0, block=1, min_samples_leaf=5
[INFO][abstract_intensifier.py:313] Using only one seed for deterministic scenario.
[INFO][abstract_intensifier.py:523] Added config 545df9 as new incumbent because there are no incumbents yet.
[INFO][abstract_intensifier.py:630] Added config 2b45fe and rejected config 545df9 as incumbent because it is not better than the incumbents on 1 instances: 
[INFO][abstract_intensifier.py:630] Added config dacba5 and rejected config 2b45fe as incumbent because it is not better than the incumbents on 1 instances: 
[INFO][abstract_intensifier.py:630] Added config 60bd7f and rejected config dacba5 as incumbent because it is not better than the incumbents on 1 instances: 
[INFO][smbo.py:334] Finished 50 trials.
[INFO][abstract_intensifier.py:630] Added config 0bea8e and rejected config 60bd7f as incumbent because it is not better than the incumbents on 1 instances: 
[INFO][abstract_intensifier.py:630] Added config 32ebe4 and rejected config 0bea8e as incumbent because it is not better than the incumbents on 1 instances: 
[INFO][abstract_intensifier.py:630] Added config 49741c and rejected config 32ebe4 as incumbent because it is not better than the incumbents on 1 instances: 
[INFO][abstract_intensifier.py:630] Added config 1e1c6e and rejected config 49741c as incumbent because it is not better than the incumbents on 1 instances: 
[INFO][abstract_intensifier.py:630] Added config b93eec and rejected config 1e1c6e as incumbent because it is not better than the incumbents on 1 instances: 
[INFO][smbo.py:334] Finished 100 trials.
[BlockwiseMinSamplesLeafCallback] trials=100, block=2, min_samples_leaf=2
[INFO][abstract_intensifier.py:630] Added config efaaae and rejected config b93eec as incumbent because it is not better than the incumbents on 1 instances: 
[INFO][abstract_intensifier.py:630] Added config 9776b1 and rejected config efaaae as incumbent because it is not better than the incumbents on 1 instances: 
[INFO][abstract_intensifier.py:630] Added config 10be8e and rejected config 9776b1 as incumbent because it is not better than the incumbents on 1 instances: 
[INFO][abstract_intensifier.py:630] Added config 32584d and rejected config 10be8e as incumbent because it is not better than the incumbents on 1 instances: 
[INFO][abstract_intensifier.py:630] Added config c816cc and rejected config 32584d as incumbent because it is not better than the incumbents on 1 instances: 
[INFO][abstract_intensifier.py:630] Added config 156bf4 and rejected config c816cc as incumbent because it is not better than the incumbents on 1 instances: 
[INFO][smbo.py:334] Finished 150 trials.
[INFO][abstract_intensifier.py:630] Added config ec2de9 and rejected config 156bf4 as incumbent because it is not better than the incumbents on 1 instances: 
[INFO][abstract_intensifier.py:630] Added config 997de3 and rejected config ec2de9 as incumbent because it is not better than the incumbents on 1 instances: 
[INFO][abstract_intensifier.py:630] Added config dce4d5 and rejected config 997de3 as incumbent because it is not better than the incumbents on 1 instances: 
[INFO][abstract_intensifier.py:630] Added config 502433 and rejected config dce4d5 as incumbent because it is not better than the incumbents on 1 instances: 
[INFO][abstract_intensifier.py:630] Added config 882152 and rejected config 502433 as incumbent because it is not better than the incumbents on 1 instances: 
[INFO][abstract_intensifier.py:630] Added config dea2c5 and rejected config 882152 as incumbent because it is not better than the incumbents on 1 instances: 
[INFO][smbo.py:334] Finished 200 trials.
[BlockwiseMinSamplesLeafCallback] trials=200, block=3, min_samples_leaf=5
[INFO][abstract_intensifier.py:630] Added config cc0a1f and rejected config dea2c5 as incumbent because it is not better than the incumbents on 1 instances: 
[INFO][abstract_intensifier.py:630] Added config 77fed8 and rejected config cc0a1f as incumbent because it is not better than the incumbents on 1 instances: 
[INFO][abstract_intensifier.py:630] Added config 931445 and rejected config 77fed8 as incumbent because it is not better than the incumbents on 1 instances: 
[INFO][abstract_intensifier.py:630] Added config 9822ea and rejected config 931445 as incumbent because it is not better than the incumbents on 1 instances: 
[INFO][abstract_intensifier.py:630] Added config 295018 and rejected config 9822ea as incumbent because it is not better than the incumbents on 1 instances: 
[INFO][abstract_intensifier.py:630] Added config aa3fc3 and rejected config 295018 as incumbent because it is not better than the incumbents on 1 instances: 
[INFO][smbo.py:334] Finished 250 trials.
[INFO][abstract_intensifier.py:630] Added config a7625d and rejected config aa3fc3 as incumbent because it is not better than the incumbents on 1 instances: 
[INFO][abstract_intensifier.py:630] Added config cb526c and rejected config a7625d as incumbent because it is not better than the incumbents on 1 instances: 
[INFO][abstract_intensifier.py:630] Added config 16bf94 and rejected config cb526c as incumbent because it is not better than the incumbents on 1 instances: 
[INFO][smbo.py:334] Finished 300 trials.
[BlockwiseMinSamplesLeafCallback] trials=300, block=4, min_samples_leaf=3
[INFO][abstract_intensifier.py:630] Added config b3417d and rejected config 16bf94 as incumbent because it is not better than the incumbents on 1 instances: 
[INFO][abstract_intensifier.py:630] Added config 6befba and rejected config b3417d as incumbent because it is not better than the incumbents on 1 instances: 
[INFO][abstract_intensifier.py:630] Added config be4744 and rejected config 6befba as incumbent because it is not better than the incumbents on 1 instances: 
[INFO][abstract_intensifier.py:630] Added config d5c1ab and rejected config be4744 as incumbent because it is not better than the incumbents on 1 instances: 
[INFO][smbo.py:334] Finished 350 trials.
[INFO][smbo.py:334] Finished 400 trials.
[INFO][smbo.py:342] Configuration budget is exhausted:
[INFO][smbo.py:343] --- Remaining wallclock time: inf
[INFO][smbo.py:344] --- Remaining cpu time: inf
[INFO][smbo.py:345] --- Remaining trials: 0
policy=(5, 2, 5, 3), seed=3, incumbent_cost=-3.1834423555614544
Configuration(values={
  'x1': 0.4037769929415,
  'x2': 0.8797532419651,
  'x3': 0.8999954227322,
  'x4': 0.5738664358428,
  'x5': 0.1318716245825,
  'x6': 0.0177632949785,
})
[batch 11/16] policy=leaf_policy_5_2_5_3, seed=4
[INFO][abstract_initial_design.py:74] Using `n_configs` and ignoring `n_configs_per_hyperparameter`.
[INFO][abstract_initial_design.py:143] Using 25 initial design configurations and 0 additional configurations.
[BlockwiseMinSamplesLeafCallback] trials=0, block=1, min_samples_leaf=5
[INFO][abstract_intensifier.py:313] Using only one seed for deterministic scenario.
[INFO][abstract_intensifier.py:523] Added config 4a153e as new incumbent because there are no incumbents yet.
[INFO][abstract_intensifier.py:630] Added config 73bb85 and rejected config 4a153e as incumbent because it is not better than the incumbents on 1 instances: 
[INFO][abstract_intensifier.py:630] Added config dbd536 and rejected config 73bb85 as incumbent because it is not better than the incumbents on 1 instances: 
[INFO][abstract_intensifier.py:630] Added config ed9eb0 and rejected config dbd536 as incumbent because it is not better than the incumbents on 1 instances: 
[INFO][abstract_intensifier.py:630] Added config a99b2a and rejected config ed9eb0 as incumbent because it is not better than the incumbents on 1 instances: 
[INFO][abstract_intensifier.py:630] Added config fe7de0 and rejected config a99b2a as incumbent because it is not better than the incumbents on 1 instances: 
[INFO][smbo.py:334] Finished 50 trials.
[INFO][abstract_intensifier.py:630] Added config c4a177 and rejected config fe7de0 as incumbent because it is not better than the incumbents on 1 instances: 
[INFO][abstract_intensifier.py:630] Added config ae492f and rejected config c4a177 as incumbent because it is not better than the incumbents on 1 instances: 
[INFO][abstract_intensifier.py:630] Added config 070d96 and rejected config ae492f as incumbent because it is not better than the incumbents on 1 instances: 
[INFO][abstract_intensifier.py:630] Added config 711743 and rejected config 070d96 as incumbent because it is not better than the incumbents on 1 instances: 
[INFO][abstract_intensifier.py:630] Added config 234519 and rejected config 711743 as incumbent because it is not better than the incumbents on 1 instances: 
[INFO][smbo.py:334] Finished 100 trials.
[BlockwiseMinSamplesLeafCallback] trials=100, block=2, min_samples_leaf=2
[INFO][abstract_intensifier.py:630] Added config 25cb3f and rejected config 234519 as incumbent because it is not better than the incumbents on 1 instances: 
[INFO][abstract_intensifier.py:630] Added config 5228ed and rejected config 25cb3f as incumbent because it is not better than the incumbents on 1 instances: 
[INFO][abstract_intensifier.py:630] Added config 2ea884 and rejected config 5228ed as incumbent because it is not better than the incumbents on 1 instances: 
[INFO][smbo.py:334] Finished 150 trials.
[INFO][abstract_intensifier.py:630] Added config ef26ee and rejected config 2ea884 as incumbent because it is not better than the incumbents on 1 instances: 
[INFO][smbo.py:334] Finished 200 trials.
[BlockwiseMinSamplesLeafCallback] trials=200, block=3, min_samples_leaf=5
[INFO][abstract_intensifier.py:630] Added config 89637d and rejected config ef26ee as incumbent because it is not better than the incumbents on 1 instances: 
[INFO][smbo.py:334] Finished 250 trials.
[INFO][abstract_intensifier.py:630] Added config 4c8db6 and rejected config 89637d as incumbent because it is not better than the incumbents on 1 instances: 
[INFO][abstract_intensifier.py:630] Added config 1ac4d7 and rejected config 4c8db6 as incumbent because it is not better than the incumbents on 1 instances: 
[INFO][smbo.py:334] Finished 300 trials.
[BlockwiseMinSamplesLeafCallback] trials=300, block=4, min_samples_leaf=3
[INFO][smbo.py:334] Finished 350 trials.
[INFO][abstract_intensifier.py:630] Added config 50c6db and rejected config 1ac4d7 as incumbent because it is not better than the incumbents on 1 instances: 
[INFO][abstract_intensifier.py:630] Added config b0c216 and rejected config 50c6db as incumbent because it is not better than the incumbents on 1 instances: 
[INFO][abstract_intensifier.py:630] Added config 71f0d4 and rejected config b0c216 as incumbent because it is not better than the incumbents on 1 instances: 
[INFO][abstract_intensifier.py:630] Added config ac16f3 and rejected config 71f0d4 as incumbent because it is not better than the incumbents on 1 instances: 
[INFO][smbo.py:334] Finished 400 trials.
[INFO][smbo.py:342] Configuration budget is exhausted:
[INFO][smbo.py:343] --- Remaining wallclock time: inf
[INFO][smbo.py:344] --- Remaining cpu time: inf
[INFO][smbo.py:345] --- Remaining trials: 0
policy=(5, 2, 5, 3), seed=4, incumbent_cost=-3.1890226653066494
Configuration(values={
  'x1': 0.1005882311993,
  'x2': 0.1414534650941,
  'x3': 0.4937661996913,
  'x4': 0.2810630361855,
  'x5': 0.3184434348174,
  'x6': 0.6639910023741,
})
[batch 12/16] policy=leaf_policy_5_2_5_5, seed=0
[INFO][abstract_initial_design.py:74] Using `n_configs` and ignoring `n_configs_per_hyperparameter`.
[INFO][abstract_initial_design.py:143] Using 25 initial design configurations and 0 additional configurations.
[BlockwiseMinSamplesLeafCallback] trials=0, block=1, min_samples_leaf=5
[INFO][abstract_intensifier.py:313] Using only one seed for deterministic scenario.
[INFO][abstract_intensifier.py:523] Added config 250a07 as new incumbent because there are no incumbents yet.
[INFO][abstract_intensifier.py:630] Added config 9895f5 and rejected config 250a07 as incumbent because it is not better than the incumbents on 1 instances: 
[INFO][abstract_intensifier.py:630] Added config 6ed6e4 and rejected config 9895f5 as incumbent because it is not better than the incumbents on 1 instances: 
[INFO][abstract_intensifier.py:630] Added config 718a9a and rejected config 6ed6e4 as incumbent because it is not better than the incumbents on 1 instances: 
[INFO][abstract_intensifier.py:630] Added config 4408d1 and rejected config 718a9a as incumbent because it is not better than the incumbents on 1 instances: 
[INFO][abstract_intensifier.py:630] Added config 7a371a and rejected config 4408d1 as incumbent because it is not better than the incumbents on 1 instances: 
[INFO][smbo.py:334] Finished 50 trials.
[INFO][abstract_intensifier.py:630] Added config 7b9e6a and rejected config 7a371a as incumbent because it is not better than the incumbents on 1 instances: 
[INFO][abstract_intensifier.py:630] Added config c769ae and rejected config 7b9e6a as incumbent because it is not better than the incumbents on 1 instances: 
[INFO][abstract_intensifier.py:630] Added config 24074e and rejected config c769ae as incumbent because it is not better than the incumbents on 1 instances: 
[INFO][abstract_intensifier.py:630] Added config b75211 and rejected config 24074e as incumbent because it is not better than the incumbents on 1 instances: 
[INFO][abstract_intensifier.py:630] Added config d85fda and rejected config b75211 as incumbent because it is not better than the incumbents on 1 instances: 
[INFO][smbo.py:334] Finished 100 trials.
[BlockwiseMinSamplesLeafCallback] trials=100, block=2, min_samples_leaf=2
[INFO][abstract_intensifier.py:630] Added config 21aaac and rejected config d85fda as incumbent because it is not better than the incumbents on 1 instances: 
[INFO][abstract_intensifier.py:630] Added config fcc7bd and rejected config 21aaac as incumbent because it is not better than the incumbents on 1 instances: 
[INFO][abstract_intensifier.py:630] Added config 1a7c7b and rejected config fcc7bd as incumbent because it is not better than the incumbents on 1 instances: 
[INFO][smbo.py:334] Finished 150 trials.
[INFO][abstract_intensifier.py:630] Added config 80ce2c and rejected config 1a7c7b as incumbent because it is not better than the incumbents on 1 instances: 
[INFO][abstract_intensifier.py:630] Added config 2f3fc8 and rejected config 80ce2c as incumbent because it is not better than the incumbents on 1 instances: 
[INFO][smbo.py:334] Finished 200 trials.
[BlockwiseMinSamplesLeafCallback] trials=200, block=3, min_samples_leaf=5
[INFO][abstract_intensifier.py:630] Added config 670820 and rejected config 2f3fc8 as incumbent because it is not better than the incumbents on 1 instances: 
[INFO][smbo.py:334] Finished 250 trials.
[INFO][abstract_intensifier.py:630] Added config a7c54c and rejected config 670820 as incumbent because it is not better than the incumbents on 1 instances: 
[INFO][abstract_intensifier.py:630] Added config 23f09f and rejected config a7c54c as incumbent because it is not better than the incumbents on 1 instances: 
[INFO][abstract_intensifier.py:630] Added config a57e9f and rejected config 23f09f as incumbent because it is not better than the incumbents on 1 instances: 
[INFO][smbo.py:334] Finished 300 trials.
[INFO][abstract_intensifier.py:630] Added config 2d74e0 and rejected config a57e9f as incumbent because it is not better than the incumbents on 1 instances: 
[INFO][abstract_intensifier.py:630] Added config 3e11b2 and rejected config 2d74e0 as incumbent because it is not better than the incumbents on 1 instances: 
[INFO][smbo.py:334] Finished 350 trials.
[INFO][abstract_intensifier.py:630] Added config 1c9862 and rejected config 3e11b2 as incumbent because it is not better than the incumbents on 1 instances: 
[INFO][smbo.py:334] Finished 400 trials.
[INFO][smbo.py:342] Configuration budget is exhausted:
[INFO][smbo.py:343] --- Remaining wallclock time: inf
[INFO][smbo.py:344] --- Remaining cpu time: inf
[INFO][smbo.py:345] --- Remaining trials: 0
policy=(5, 2, 5, 5), seed=0, incumbent_cost=-3.199414995694852
Configuration(values={
  'x1': 0.4048369527534,
  'x2': 0.8810574054766,
  'x3': 0.9899967727523,
  'x4': 0.5768893173072,
  'x5': 0.1623693752865,
  'x6': 0.0389836328141,
})
[batch 13/16] policy=leaf_policy_5_2_5_5, seed=1
[INFO][abstract_initial_design.py:74] Using `n_configs` and ignoring `n_configs_per_hyperparameter`.
[INFO][abstract_initial_design.py:143] Using 25 initial design configurations and 0 additional configurations.
[BlockwiseMinSamplesLeafCallback] trials=0, block=1, min_samples_leaf=5
[INFO][abstract_intensifier.py:313] Using only one seed for deterministic scenario.
[INFO][abstract_intensifier.py:523] Added config 873002 as new incumbent because there are no incumbents yet.
[INFO][abstract_intensifier.py:630] Added config ce9203 and rejected config 873002 as incumbent because it is not better than the incumbents on 1 instances: 
[INFO][abstract_intensifier.py:630] Added config 1e5f6e and rejected config ce9203 as incumbent because it is not better than the incumbents on 1 instances: 
[INFO][abstract_intensifier.py:630] Added config f55c8b and rejected config 1e5f6e as incumbent because it is not better than the incumbents on 1 instances: 
[INFO][abstract_intensifier.py:630] Added config f6025b and rejected config f55c8b as incumbent because it is not better than the incumbents on 1 instances: 
[INFO][abstract_intensifier.py:630] Added config 55211e and rejected config f6025b as incumbent because it is not better than the incumbents on 1 instances: 
[INFO][abstract_intensifier.py:630] Added config 20e1f2 and rejected config 55211e as incumbent because it is not better than the incumbents on 1 instances: 
[INFO][abstract_intensifier.py:630] Added config 1f104a and rejected config 20e1f2 as incumbent because it is not better than the incumbents on 1 instances: 
[INFO][smbo.py:334] Finished 50 trials.
[INFO][smbo.py:334] Finished 100 trials.
[BlockwiseMinSamplesLeafCallback] trials=100, block=2, min_samples_leaf=2
[INFO][abstract_intensifier.py:630] Added config 659c5b and rejected config 1f104a as incumbent because it is not better than the incumbents on 1 instances: 
[INFO][smbo.py:334] Finished 150 trials.
[INFO][abstract_intensifier.py:630] Added config 1e32b5 and rejected config 659c5b as incumbent because it is not better than the incumbents on 1 instances: 
[INFO][abstract_intensifier.py:630] Added config 28269a and rejected config 1e32b5 as incumbent because it is not better than the incumbents on 1 instances: 
[INFO][abstract_intensifier.py:630] Added config 3b48ed and rejected config 28269a as incumbent because it is not better than the incumbents on 1 instances: 
[INFO][abstract_intensifier.py:630] Added config d77295 and rejected config 3b48ed as incumbent because it is not better than the incumbents on 1 instances: 
[INFO][abstract_intensifier.py:630] Added config 48a57c and rejected config d77295 as incumbent because it is not better than the incumbents on 1 instances: 
[INFO][abstract_intensifier.py:630] Added config 58ccf9 and rejected config 48a57c as incumbent because it is not better than the incumbents on 1 instances: 
[INFO][abstract_intensifier.py:630] Added config bdebf6 and rejected config 58ccf9 as incumbent because it is not better than the incumbents on 1 instances: 
[INFO][abstract_intensifier.py:630] Added config d0702b and rejected config bdebf6 as incumbent because it is not better than the incumbents on 1 instances: 
[INFO][abstract_intensifier.py:630] Added config 5f3366 and rejected config d0702b as incumbent because it is not better than the incumbents on 1 instances: 
[INFO][abstract_intensifier.py:630] Added config 3cba19 and rejected config 5f3366 as incumbent because it is not better than the incumbents on 1 instances: 
[INFO][abstract_intensifier.py:630] Added config 8709f0 and rejected config 3cba19 as incumbent because it is not better than the incumbents on 1 instances: 
[INFO][abstract_intensifier.py:630] Added config 61aae8 and rejected config 8709f0 as incumbent because it is not better than the incumbents on 1 instances: 
[INFO][smbo.py:334] Finished 200 trials.
[BlockwiseMinSamplesLeafCallback] trials=200, block=3, min_samples_leaf=5
[INFO][abstract_intensifier.py:630] Added config 000703 and rejected config 61aae8 as incumbent because it is not better than the incumbents on 1 instances: 
[INFO][smbo.py:334] Finished 250 trials.
[INFO][smbo.py:334] Finished 300 trials.
[INFO][abstract_intensifier.py:630] Added config 32835c and rejected config 000703 as incumbent because it is not better than the incumbents on 1 instances: 
[INFO][abstract_intensifier.py:630] Added config ce3239 and rejected config 32835c as incumbent because it is not better than the incumbents on 1 instances: 
[INFO][abstract_intensifier.py:630] Added config 658a26 and rejected config ce3239 as incumbent because it is not better than the incumbents on 1 instances: 
[INFO][abstract_intensifier.py:630] Added config 8e26b7 and rejected config 658a26 as incumbent because it is not better than the incumbents on 1 instances: 
[INFO][abstract_intensifier.py:630] Added config 245a18 and rejected config 8e26b7 as incumbent because it is not better than the incumbents on 1 instances: 
[INFO][smbo.py:334] Finished 350 trials.
[INFO][abstract_intensifier.py:630] Added config 7fc8d0 and rejected config 245a18 as incumbent because it is not better than the incumbents on 1 instances: 
[INFO][abstract_intensifier.py:630] Added config 428653 and rejected config 7fc8d0 as incumbent because it is not better than the incumbents on 1 instances: 
[INFO][abstract_intensifier.py:630] Added config 64224d and rejected config 428653 as incumbent because it is not better than the incumbents on 1 instances: 
[INFO][abstract_intensifier.py:630] Added config fe82b1 and rejected config 64224d as incumbent because it is not better than the incumbents on 1 instances: 
[INFO][abstract_intensifier.py:630] Added config 6e3146 and rejected config fe82b1 as incumbent because it is not better than the incumbents on 1 instances: 
[INFO][smbo.py:334] Finished 400 trials.
[INFO][smbo.py:342] Configuration budget is exhausted:
[INFO][smbo.py:343] --- Remaining wallclock time: inf
[INFO][smbo.py:344] --- Remaining cpu time: inf
[INFO][smbo.py:345] --- Remaining trials: 0
policy=(5, 2, 5, 5), seed=1, incumbent_cost=-3.311161583232527
Configuration(values={
  'x1': 0.2080291309447,
  'x2': 0.1776577317646,
  'x3': 0.4666961326401,
  'x4': 0.2701792131953,
  'x5': 0.3117481172447,
  'x6': 0.6566798078554,
})
[batch 14/16] policy=leaf_policy_5_2_5_5, seed=2
[INFO][abstract_initial_design.py:74] Using `n_configs` and ignoring `n_configs_per_hyperparameter`.
[INFO][abstract_initial_design.py:143] Using 25 initial design configurations and 0 additional configurations.
[BlockwiseMinSamplesLeafCallback] trials=0, block=1, min_samples_leaf=5
[INFO][abstract_intensifier.py:313] Using only one seed for deterministic scenario.
[INFO][abstract_intensifier.py:523] Added config b9fdb3 as new incumbent because there are no incumbents yet.
[INFO][abstract_intensifier.py:630] Added config 097fb7 and rejected config b9fdb3 as incumbent because it is not better than the incumbents on 1 instances: 
[INFO][abstract_intensifier.py:630] Added config 911f6d and rejected config 097fb7 as incumbent because it is not better than the incumbents on 1 instances: 
[INFO][abstract_intensifier.py:630] Added config 0b476d and rejected config 911f6d as incumbent because it is not better than the incumbents on 1 instances: 
[INFO][smbo.py:334] Finished 50 trials.
[INFO][abstract_intensifier.py:630] Added config 9b1cfc and rejected config 0b476d as incumbent because it is not better than the incumbents on 1 instances: 
[INFO][abstract_intensifier.py:630] Added config 4123b1 and rejected config 9b1cfc as incumbent because it is not better than the incumbents on 1 instances: 
[INFO][abstract_intensifier.py:630] Added config 97a958 and rejected config 4123b1 as incumbent because it is not better than the incumbents on 1 instances: 
[INFO][abstract_intensifier.py:630] Added config 302e34 and rejected config 97a958 as incumbent because it is not better than the incumbents on 1 instances: 
[INFO][abstract_intensifier.py:630] Added config 6d0039 and rejected config 302e34 as incumbent because it is not better than the incumbents on 1 instances: 
[INFO][abstract_intensifier.py:630] Added config 60afe7 and rejected config 6d0039 as incumbent because it is not better than the incumbents on 1 instances: 
[INFO][smbo.py:334] Finished 100 trials.
[BlockwiseMinSamplesLeafCallback] trials=100, block=2, min_samples_leaf=2
[INFO][abstract_intensifier.py:630] Added config fe3bab and rejected config 60afe7 as incumbent because it is not better than the incumbents on 1 instances: 
[INFO][abstract_intensifier.py:630] Added config 42489d and rejected config fe3bab as incumbent because it is not better than the incumbents on 1 instances: 
[INFO][smbo.py:334] Finished 150 trials.
[INFO][abstract_intensifier.py:630] Added config 50db71 and rejected config 42489d as incumbent because it is not better than the incumbents on 1 instances: 
[INFO][abstract_intensifier.py:630] Added config e9141d and rejected config 50db71 as incumbent because it is not better than the incumbents on 1 instances: 
[INFO][abstract_intensifier.py:630] Added config 8a833d and rejected config e9141d as incumbent because it is not better than the incumbents on 1 instances: 
[INFO][smbo.py:334] Finished 200 trials.
[BlockwiseMinSamplesLeafCallback] trials=200, block=3, min_samples_leaf=5
[INFO][abstract_intensifier.py:630] Added config 1ed024 and rejected config 8a833d as incumbent because it is not better than the incumbents on 1 instances: 
[INFO][abstract_intensifier.py:630] Added config 414f3c and rejected config 1ed024 as incumbent because it is not better than the incumbents on 1 instances: 
[INFO][abstract_intensifier.py:630] Added config eb3217 and rejected config 414f3c as incumbent because it is not better than the incumbents on 1 instances: 
[INFO][abstract_intensifier.py:630] Added config 5b7292 and rejected config eb3217 as incumbent because it is not better than the incumbents on 1 instances: 
[INFO][abstract_intensifier.py:630] Added config 970dfe and rejected config 5b7292 as incumbent because it is not better than the incumbents on 1 instances: 
[INFO][abstract_intensifier.py:630] Added config 332144 and rejected config 970dfe as incumbent because it is not better than the incumbents on 1 instances: 
[INFO][abstract_intensifier.py:630] Added config fbdc06 and rejected config 332144 as incumbent because it is not better than the incumbents on 1 instances: 
[INFO][smbo.py:334] Finished 250 trials.
[INFO][smbo.py:334] Finished 300 trials.
[INFO][abstract_intensifier.py:630] Added config 199527 and rejected config fbdc06 as incumbent because it is not better than the incumbents on 1 instances: 
[INFO][abstract_intensifier.py:630] Added config a6441e and rejected config 199527 as incumbent because it is not better than the incumbents on 1 instances: 
[INFO][abstract_intensifier.py:630] Added config 5d944d and rejected config a6441e as incumbent because it is not better than the incumbents on 1 instances: 
[INFO][abstract_intensifier.py:630] Added config bfa630 and rejected config 5d944d as incumbent because it is not better than the incumbents on 1 instances: 
[INFO][smbo.py:334] Finished 350 trials.
[INFO][abstract_intensifier.py:630] Added config ab4f44 and rejected config bfa630 as incumbent because it is not better than the incumbents on 1 instances: 
[INFO][abstract_intensifier.py:630] Added config d7b265 and rejected config ab4f44 as incumbent because it is not better than the incumbents on 1 instances: 
[INFO][abstract_intensifier.py:630] Added config 48a81b and rejected config d7b265 as incumbent because it is not better than the incumbents on 1 instances: 
[INFO][abstract_intensifier.py:630] Added config 77c16d and rejected config 48a81b as incumbent because it is not better than the incumbents on 1 instances: 
[INFO][abstract_intensifier.py:630] Added config 3ffde6 and rejected config 77c16d as incumbent because it is not better than the incumbents on 1 instances: 
[INFO][abstract_intensifier.py:630] Added config 12f7c1 and rejected config 3ffde6 as incumbent because it is not better than the incumbents on 1 instances: 
[INFO][smbo.py:334] Finished 400 trials.
[INFO][smbo.py:342] Configuration budget is exhausted:
[INFO][smbo.py:343] --- Remaining wallclock time: inf
[INFO][smbo.py:344] --- Remaining cpu time: inf
[INFO][smbo.py:345] --- Remaining trials: 0
policy=(5, 2, 5, 5), seed=2, incumbent_cost=-3.292816375982181
Configuration(values={
  'x1': 0.2049795144037,
  'x2': 0.1012103105188,
  'x3': 0.4754660371808,
  'x4': 0.2775632023985,
  'x5': 0.305236659779,
  'x6': 0.6529151911855,
})
[batch 15/16] policy=leaf_policy_5_2_5_5, seed=3
[INFO][abstract_initial_design.py:74] Using `n_configs` and ignoring `n_configs_per_hyperparameter`.
[INFO][abstract_initial_design.py:143] Using 25 initial design configurations and 0 additional configurations.
[BlockwiseMinSamplesLeafCallback] trials=0, block=1, min_samples_leaf=5
[INFO][abstract_intensifier.py:313] Using only one seed for deterministic scenario.
[INFO][abstract_intensifier.py:523] Added config 545df9 as new incumbent because there are no incumbents yet.
[INFO][abstract_intensifier.py:630] Added config 2b45fe and rejected config 545df9 as incumbent because it is not better than the incumbents on 1 instances: 
[INFO][abstract_intensifier.py:630] Added config dacba5 and rejected config 2b45fe as incumbent because it is not better than the incumbents on 1 instances: 
[INFO][abstract_intensifier.py:630] Added config 60bd7f and rejected config dacba5 as incumbent because it is not better than the incumbents on 1 instances: 
[INFO][smbo.py:334] Finished 50 trials.
[INFO][abstract_intensifier.py:630] Added config 0bea8e and rejected config 60bd7f as incumbent because it is not better than the incumbents on 1 instances: 
[INFO][abstract_intensifier.py:630] Added config 32ebe4 and rejected config 0bea8e as incumbent because it is not better than the incumbents on 1 instances: 
[INFO][abstract_intensifier.py:630] Added config 49741c and rejected config 32ebe4 as incumbent because it is not better than the incumbents on 1 instances: 
[INFO][abstract_intensifier.py:630] Added config 1e1c6e and rejected config 49741c as incumbent because it is not better than the incumbents on 1 instances: 
[INFO][abstract_intensifier.py:630] Added config b93eec and rejected config 1e1c6e as incumbent because it is not better than the incumbents on 1 instances: 
[INFO][smbo.py:334] Finished 100 trials.
[BlockwiseMinSamplesLeafCallback] trials=100, block=2, min_samples_leaf=2
[INFO][abstract_intensifier.py:630] Added config efaaae and rejected config b93eec as incumbent because it is not better than the incumbents on 1 instances: 
[INFO][abstract_intensifier.py:630] Added config 9776b1 and rejected config efaaae as incumbent because it is not better than the incumbents on 1 instances: 
[INFO][abstract_intensifier.py:630] Added config 10be8e and rejected config 9776b1 as incumbent because it is not better than the incumbents on 1 instances: 
[INFO][abstract_intensifier.py:630] Added config 32584d and rejected config 10be8e as incumbent because it is not better than the incumbents on 1 instances: 
[INFO][abstract_intensifier.py:630] Added config c816cc and rejected config 32584d as incumbent because it is not better than the incumbents on 1 instances: 
[INFO][abstract_intensifier.py:630] Added config 156bf4 and rejected config c816cc as incumbent because it is not better than the incumbents on 1 instances: 
[INFO][smbo.py:334] Finished 150 trials.
[INFO][abstract_intensifier.py:630] Added config ec2de9 and rejected config 156bf4 as incumbent because it is not better than the incumbents on 1 instances: 
[INFO][abstract_intensifier.py:630] Added config 997de3 and rejected config ec2de9 as incumbent because it is not better than the incumbents on 1 instances: 
[INFO][abstract_intensifier.py:630] Added config dce4d5 and rejected config 997de3 as incumbent because it is not better than the incumbents on 1 instances: 
[INFO][abstract_intensifier.py:630] Added config 502433 and rejected config dce4d5 as incumbent because it is not better than the incumbents on 1 instances: 
[INFO][abstract_intensifier.py:630] Added config 882152 and rejected config 502433 as incumbent because it is not better than the incumbents on 1 instances: 
[INFO][abstract_intensifier.py:630] Added config dea2c5 and rejected config 882152 as incumbent because it is not better than the incumbents on 1 instances: 
[INFO][smbo.py:334] Finished 200 trials.
[BlockwiseMinSamplesLeafCallback] trials=200, block=3, min_samples_leaf=5
[INFO][abstract_intensifier.py:630] Added config cc0a1f and rejected config dea2c5 as incumbent because it is not better than the incumbents on 1 instances: 
[INFO][abstract_intensifier.py:630] Added config 77fed8 and rejected config cc0a1f as incumbent because it is not better than the incumbents on 1 instances: 
[INFO][abstract_intensifier.py:630] Added config 931445 and rejected config 77fed8 as incumbent because it is not better than the incumbents on 1 instances: 
[INFO][abstract_intensifier.py:630] Added config 9822ea and rejected config 931445 as incumbent because it is not better than the incumbents on 1 instances: 
[INFO][abstract_intensifier.py:630] Added config 295018 and rejected config 9822ea as incumbent because it is not better than the incumbents on 1 instances: 
[INFO][abstract_intensifier.py:630] Added config aa3fc3 and rejected config 295018 as incumbent because it is not better than the incumbents on 1 instances: 
[INFO][smbo.py:334] Finished 250 trials.
[INFO][abstract_intensifier.py:630] Added config a7625d and rejected config aa3fc3 as incumbent because it is not better than the incumbents on 1 instances: 
[INFO][abstract_intensifier.py:630] Added config cb526c and rejected config a7625d as incumbent because it is not better than the incumbents on 1 instances: 
[INFO][abstract_intensifier.py:630] Added config 16bf94 and rejected config cb526c as incumbent because it is not better than the incumbents on 1 instances: 
[INFO][smbo.py:334] Finished 300 trials.
[INFO][abstract_intensifier.py:630] Added config 4560b4 and rejected config 16bf94 as incumbent because it is not better than the incumbents on 1 instances: 
[INFO][abstract_intensifier.py:630] Added config ba4a6d and rejected config 4560b4 as incumbent because it is not better than the incumbents on 1 instances: 
[INFO][abstract_intensifier.py:630] Added config e544a6 and rejected config ba4a6d as incumbent because it is not better than the incumbents on 1 instances: 
[INFO][smbo.py:334] Finished 350 trials.
[INFO][abstract_intensifier.py:630] Added config f1f3cf and rejected config e544a6 as incumbent because it is not better than the incumbents on 1 instances: 
[INFO][smbo.py:334] Finished 400 trials.
[INFO][smbo.py:342] Configuration budget is exhausted:
[INFO][smbo.py:343] --- Remaining wallclock time: inf
[INFO][smbo.py:344] --- Remaining cpu time: inf
[INFO][smbo.py:345] --- Remaining trials: 0
policy=(5, 2, 5, 5), seed=3, incumbent_cost=-3.1836212178486387
Configuration(values={
  'x1': 0.405424314734,
  'x2': 0.8801086723597,
  'x3': 0.8492565696151,
  'x4': 0.5753288112957,
  'x5': 0.1383704443724,
  'x6': 0.0176682635959,
})
[batch 16/16] policy=leaf_policy_5_2_5_5, seed=4
[INFO][abstract_initial_design.py:74] Using `n_configs` and ignoring `n_configs_per_hyperparameter`.
[INFO][abstract_initial_design.py:143] Using 25 initial design configurations and 0 additional configurations.
[BlockwiseMinSamplesLeafCallback] trials=0, block=1, min_samples_leaf=5
[INFO][abstract_intensifier.py:313] Using only one seed for deterministic scenario.
[INFO][abstract_intensifier.py:523] Added config 4a153e as new incumbent because there are no incumbents yet.
[INFO][abstract_intensifier.py:630] Added config 73bb85 and rejected config 4a153e as incumbent because it is not better than the incumbents on 1 instances: 
[INFO][abstract_intensifier.py:630] Added config dbd536 and rejected config 73bb85 as incumbent because it is not better than the incumbents on 1 instances: 
[INFO][abstract_intensifier.py:630] Added config ed9eb0 and rejected config dbd536 as incumbent because it is not better than the incumbents on 1 instances: 
[INFO][abstract_intensifier.py:630] Added config a99b2a and rejected config ed9eb0 as incumbent because it is not better than the incumbents on 1 instances: 
[INFO][abstract_intensifier.py:630] Added config fe7de0 and rejected config a99b2a as incumbent because it is not better than the incumbents on 1 instances: 
[INFO][smbo.py:334] Finished 50 trials.
[INFO][abstract_intensifier.py:630] Added config c4a177 and rejected config fe7de0 as incumbent because it is not better than the incumbents on 1 instances: 
[INFO][abstract_intensifier.py:630] Added config ae492f and rejected config c4a177 as incumbent because it is not better than the incumbents on 1 instances: 
[INFO][abstract_intensifier.py:630] Added config 070d96 and rejected config ae492f as incumbent because it is not better than the incumbents on 1 instances: 
[INFO][abstract_intensifier.py:630] Added config 711743 and rejected config 070d96 as incumbent because it is not better than the incumbents on 1 instances: 
[INFO][abstract_intensifier.py:630] Added config 234519 and rejected config 711743 as incumbent because it is not better than the incumbents on 1 instances: 
[INFO][smbo.py:334] Finished 100 trials.
[BlockwiseMinSamplesLeafCallback] trials=100, block=2, min_samples_leaf=2
[INFO][abstract_intensifier.py:630] Added config 25cb3f and rejected config 234519 as incumbent because it is not better than the incumbents on 1 instances: 
[INFO][abstract_intensifier.py:630] Added config 5228ed and rejected config 25cb3f as incumbent because it is not better than the incumbents on 1 instances: 
[INFO][abstract_intensifier.py:630] Added config 2ea884 and rejected config 5228ed as incumbent because it is not better than the incumbents on 1 instances: 
[INFO][smbo.py:334] Finished 150 trials.
[INFO][abstract_intensifier.py:630] Added config ef26ee and rejected config 2ea884 as incumbent because it is not better than the incumbents on 1 instances: 
[INFO][smbo.py:334] Finished 200 trials.
[BlockwiseMinSamplesLeafCallback] trials=200, block=3, min_samples_leaf=5
[INFO][abstract_intensifier.py:630] Added config 89637d and rejected config ef26ee as incumbent because it is not better than the incumbents on 1 instances: 
[INFO][smbo.py:334] Finished 250 trials.
[INFO][abstract_intensifier.py:630] Added config 4c8db6 and rejected config 89637d as incumbent because it is not better than the incumbents on 1 instances: 
[INFO][abstract_intensifier.py:630] Added config 1ac4d7 and rejected config 4c8db6 as incumbent because it is not better than the incumbents on 1 instances: 
[INFO][smbo.py:334] Finished 300 trials.
[INFO][smbo.py:334] Finished 350 trials.
[INFO][smbo.py:334] Finished 400 trials.
[INFO][smbo.py:342] Configuration budget is exhausted:
[INFO][smbo.py:343] --- Remaining wallclock time: inf
[INFO][smbo.py:344] --- Remaining cpu time: inf
[INFO][smbo.py:345] --- Remaining trials: 0
policy=(5, 2, 5, 5), seed=4, incumbent_cost=-3.1631183482774445
Configuration(values={
  'x1': 0.0896382444238,
  'x2': 0.1540539698743,
  'x3': 0.4745419245576,
  'x4': 0.267780183065,
  'x5': 0.3148999435531,
  'x6': 0.6654398313046,
})
submitit INFO (2026-06-24 01:38:50,102) - Job completed successfully
[INFO][submission.py:56] Job completed successfully
submitit INFO (2026-06-24 01:38:50,112) - Exiting after successful completion
[INFO][submission.py:61] Exiting after successful completion
