submitit INFO (2026-06-24 01:21:46,272) - Starting with JobEnvironment(job_id=1316763_36, hostname=r23m0197.hpc.itc.rwth-aachen.de, local_rank=0(1), node=0(1), global_rank=0(1))
submitit INFO (2026-06-24 01:21:46,272) - Loading pickle: /rwthfs/rz/cluster/home/io632776/experiments/adaptive-smac/logs_bruteforce_leaf_policies/1316763_36_submitted.pkl
Running batch with 16 SMAC runs.
[batch 1/16] policy=leaf_policy_2_5_1_5, seed=1
[INFO][abstract_initial_design.py:143] Using 25 initial design configurations and 0 additional configurations.
[BlockwiseMinSamplesLeafCallback] trials=0, block=1, min_samples_leaf=2
[INFO][abstract_intensifier.py:313] Using only one seed for deterministic scenario.
[INFO][abstract_intensifier.py:523] Added config 873002 as new incumbent because there are no incumbents yet.
[INFO][abstract_intensifier.py:630] Added config ce9203 and rejected config 873002 as incumbent because it is not better than the incumbents on 1 instances: 
[INFO][abstract_intensifier.py:630] Added config 1e5f6e and rejected config ce9203 as incumbent because it is not better than the incumbents on 1 instances: 
[INFO][abstract_intensifier.py:630] Added config f55c8b and rejected config 1e5f6e as incumbent because it is not better than the incumbents on 1 instances: 
[INFO][smbo.py:334] Finished 50 trials.
[INFO][abstract_intensifier.py:630] Added config 38b5f6 and rejected config f55c8b as incumbent because it is not better than the incumbents on 1 instances: 
[INFO][abstract_intensifier.py:630] Added config a6c957 and rejected config 38b5f6 as incumbent because it is not better than the incumbents on 1 instances: 
[INFO][abstract_intensifier.py:630] Added config caa4fc and rejected config a6c957 as incumbent because it is not better than the incumbents on 1 instances: 
[INFO][abstract_intensifier.py:630] Added config 9fecad and rejected config caa4fc as incumbent because it is not better than the incumbents on 1 instances: 
[INFO][abstract_intensifier.py:630] Added config 55e009 and rejected config 9fecad as incumbent because it is not better than the incumbents on 1 instances: 
[INFO][abstract_intensifier.py:630] Added config 5c0103 and rejected config 55e009 as incumbent because it is not better than the incumbents on 1 instances: 
[INFO][abstract_intensifier.py:630] Added config 3bb12e and rejected config 5c0103 as incumbent because it is not better than the incumbents on 1 instances: 
[INFO][abstract_intensifier.py:630] Added config 63e31e and rejected config 3bb12e as incumbent because it is not better than the incumbents on 1 instances: 
[INFO][smbo.py:334] Finished 100 trials.
[BlockwiseMinSamplesLeafCallback] trials=100, block=2, min_samples_leaf=5
[INFO][abstract_intensifier.py:630] Added config 3b7024 and rejected config 63e31e as incumbent because it is not better than the incumbents on 1 instances: 
[INFO][smbo.py:334] Finished 150 trials.
[INFO][abstract_intensifier.py:630] Added config 271663 and rejected config 3b7024 as incumbent because it is not better than the incumbents on 1 instances: 
[INFO][abstract_intensifier.py:630] Added config b1f647 and rejected config 271663 as incumbent because it is not better than the incumbents on 1 instances: 
[INFO][abstract_intensifier.py:630] Added config 45056b and rejected config b1f647 as incumbent because it is not better than the incumbents on 1 instances: 
[INFO][smbo.py:334] Finished 200 trials.
[BlockwiseMinSamplesLeafCallback] trials=200, block=3, min_samples_leaf=1
[INFO][abstract_intensifier.py:630] Added config 59e3ca and rejected config 45056b as incumbent because it is not better than the incumbents on 1 instances: 
[INFO][abstract_intensifier.py:630] Added config 4eb624 and rejected config 59e3ca as incumbent because it is not better than the incumbents on 1 instances: 
[INFO][abstract_intensifier.py:630] Added config 722b5d and rejected config 4eb624 as incumbent because it is not better than the incumbents on 1 instances: 
[INFO][abstract_intensifier.py:630] Added config 57ba6d and rejected config 722b5d as incumbent because it is not better than the incumbents on 1 instances: 
[INFO][smbo.py:334] Finished 250 trials.
[INFO][abstract_intensifier.py:630] Added config 8feb12 and rejected config 57ba6d as incumbent because it is not better than the incumbents on 1 instances: 
[INFO][abstract_intensifier.py:630] Added config 500c4b and rejected config 8feb12 as incumbent because it is not better than the incumbents on 1 instances: 
[INFO][abstract_intensifier.py:630] Added config fdabc2 and rejected config 500c4b as incumbent because it is not better than the incumbents on 1 instances: 
[INFO][smbo.py:334] Finished 300 trials.
[BlockwiseMinSamplesLeafCallback] trials=300, block=4, min_samples_leaf=5
[INFO][abstract_intensifier.py:630] Added config 9bf73a and rejected config fdabc2 as incumbent because it is not better than the incumbents on 1 instances: 
[INFO][abstract_intensifier.py:630] Added config af3eb4 and rejected config 9bf73a as incumbent because it is not better than the incumbents on 1 instances: 
[INFO][smbo.py:334] Finished 350 trials.
[INFO][smbo.py:334] Finished 400 trials.
[INFO][smbo.py:342] Configuration budget is exhausted:
[INFO][smbo.py:343] --- Remaining wallclock time: inf
[INFO][smbo.py:344] --- Remaining cpu time: inf
[INFO][smbo.py:345] --- Remaining trials: 0
policy=(2, 5, 1, 5), seed=1, incumbent_cost=-3.1673580865260638
Configuration(values={
  'x1': 0.4039108400244,
  'x2': 0.8818374464174,
  'x3': 0.8395095989653,
  'x4': 0.574163407287,
  'x5': 0.1530961724374,
  'x6': 0.0101794750718,
})
[batch 2/16] policy=leaf_policy_2_5_1_5, seed=2
[INFO][abstract_initial_design.py:74] Using `n_configs` and ignoring `n_configs_per_hyperparameter`.
[INFO][abstract_initial_design.py:143] Using 25 initial design configurations and 0 additional configurations.
[BlockwiseMinSamplesLeafCallback] trials=0, block=1, min_samples_leaf=2
[INFO][abstract_intensifier.py:313] Using only one seed for deterministic scenario.
[INFO][abstract_intensifier.py:523] Added config b9fdb3 as new incumbent because there are no incumbents yet.
[INFO][abstract_intensifier.py:630] Added config 097fb7 and rejected config b9fdb3 as incumbent because it is not better than the incumbents on 1 instances: 
[INFO][abstract_intensifier.py:630] Added config 911f6d and rejected config 097fb7 as incumbent because it is not better than the incumbents on 1 instances: 
[INFO][abstract_intensifier.py:630] Added config 0b476d and rejected config 911f6d as incumbent because it is not better than the incumbents on 1 instances: 
[INFO][abstract_intensifier.py:630] Added config 175828 and rejected config 0b476d as incumbent because it is not better than the incumbents on 1 instances: 
[INFO][smbo.py:334] Finished 50 trials.
[INFO][abstract_intensifier.py:630] Added config 8a97dd and rejected config 175828 as incumbent because it is not better than the incumbents on 1 instances: 
[INFO][abstract_intensifier.py:630] Added config 7216bb and rejected config 8a97dd as incumbent because it is not better than the incumbents on 1 instances: 
[INFO][abstract_intensifier.py:630] Added config dcc5af and rejected config 7216bb as incumbent because it is not better than the incumbents on 1 instances: 
[INFO][abstract_intensifier.py:630] Added config 6d330c and rejected config dcc5af as incumbent because it is not better than the incumbents on 1 instances: 
[INFO][abstract_intensifier.py:630] Added config bf1593 and rejected config 6d330c as incumbent because it is not better than the incumbents on 1 instances: 
[INFO][smbo.py:334] Finished 100 trials.
[BlockwiseMinSamplesLeafCallback] trials=100, block=2, min_samples_leaf=5
[INFO][abstract_intensifier.py:630] Added config fd0aec and rejected config bf1593 as incumbent because it is not better than the incumbents on 1 instances: 
[INFO][abstract_intensifier.py:630] Added config b1d60a and rejected config fd0aec as incumbent because it is not better than the incumbents on 1 instances: 
[INFO][smbo.py:334] Finished 150 trials.
[INFO][smbo.py:334] Finished 200 trials.
[BlockwiseMinSamplesLeafCallback] trials=200, block=3, min_samples_leaf=1
[INFO][smbo.py:334] Finished 250 trials.
[INFO][abstract_intensifier.py:630] Added config c1b563 and rejected config b1d60a as incumbent because it is not better than the incumbents on 1 instances: 
[INFO][abstract_intensifier.py:630] Added config 21c122 and rejected config c1b563 as incumbent because it is not better than the incumbents on 1 instances: 
[INFO][abstract_intensifier.py:630] Added config 7be40c and rejected config 21c122 as incumbent because it is not better than the incumbents on 1 instances: 
[INFO][abstract_intensifier.py:630] Added config 6d0837 and rejected config 7be40c as incumbent because it is not better than the incumbents on 1 instances: 
[INFO][abstract_intensifier.py:630] Added config 96ca47 and rejected config 6d0837 as incumbent because it is not better than the incumbents on 1 instances: 
[INFO][abstract_intensifier.py:630] Added config d2032d and rejected config 96ca47 as incumbent because it is not better than the incumbents on 1 instances: 
[INFO][abstract_intensifier.py:630] Added config 1f4982 and rejected config d2032d as incumbent because it is not better than the incumbents on 1 instances: 
[INFO][abstract_intensifier.py:630] Added config f317a8 and rejected config 1f4982 as incumbent because it is not better than the incumbents on 1 instances: 
[INFO][smbo.py:334] Finished 300 trials.
[BlockwiseMinSamplesLeafCallback] trials=300, block=4, min_samples_leaf=5
[INFO][smbo.py:334] Finished 350 trials.
[INFO][smbo.py:334] Finished 400 trials.
[INFO][smbo.py:342] Configuration budget is exhausted:
[INFO][smbo.py:343] --- Remaining wallclock time: inf
[INFO][smbo.py:344] --- Remaining cpu time: inf
[INFO][smbo.py:345] --- Remaining trials: 0
policy=(2, 5, 1, 5), seed=2, incumbent_cost=-3.1755805761768388
Configuration(values={
  'x1': 0.3920873943575,
  'x2': 0.8828887438435,
  'x3': 0.9830259774916,
  'x4': 0.5779336108449,
  'x5': 0.1127851022732,
  'x6': 0.0196154282908,
})
[batch 3/16] policy=leaf_policy_2_5_1_5, seed=3
[INFO][abstract_initial_design.py:74] Using `n_configs` and ignoring `n_configs_per_hyperparameter`.
[INFO][abstract_initial_design.py:143] Using 25 initial design configurations and 0 additional configurations.
[BlockwiseMinSamplesLeafCallback] trials=0, block=1, min_samples_leaf=2
[INFO][abstract_intensifier.py:313] Using only one seed for deterministic scenario.
[INFO][abstract_intensifier.py:523] Added config 545df9 as new incumbent because there are no incumbents yet.
[INFO][abstract_intensifier.py:630] Added config 2b45fe and rejected config 545df9 as incumbent because it is not better than the incumbents on 1 instances: 
[INFO][abstract_intensifier.py:630] Added config 8bbe00 and rejected config 2b45fe as incumbent because it is not better than the incumbents on 1 instances: 
[INFO][smbo.py:334] Finished 50 trials.
[INFO][abstract_intensifier.py:630] Added config 75b7e9 and rejected config 8bbe00 as incumbent because it is not better than the incumbents on 1 instances: 
[INFO][abstract_intensifier.py:630] Added config c5adaa and rejected config 75b7e9 as incumbent because it is not better than the incumbents on 1 instances: 
[INFO][abstract_intensifier.py:630] Added config f8d166 and rejected config c5adaa as incumbent because it is not better than the incumbents on 1 instances: 
[INFO][abstract_intensifier.py:630] Added config 002960 and rejected config f8d166 as incumbent because it is not better than the incumbents on 1 instances: 
[INFO][abstract_intensifier.py:630] Added config 02d1da and rejected config 002960 as incumbent because it is not better than the incumbents on 1 instances: 
[INFO][smbo.py:334] Finished 100 trials.
[BlockwiseMinSamplesLeafCallback] trials=100, block=2, min_samples_leaf=5
[INFO][abstract_intensifier.py:630] Added config 9022a0 and rejected config 02d1da as incumbent because it is not better than the incumbents on 1 instances: 
[INFO][smbo.py:334] Finished 150 trials.
[INFO][abstract_intensifier.py:630] Added config 7d7194 and rejected config 9022a0 as incumbent because it is not better than the incumbents on 1 instances: 
[INFO][abstract_intensifier.py:630] Added config 783abc and rejected config 7d7194 as incumbent because it is not better than the incumbents on 1 instances: 
[INFO][abstract_intensifier.py:630] Added config 4df200 and rejected config 783abc as incumbent because it is not better than the incumbents on 1 instances: 
[INFO][abstract_intensifier.py:630] Added config 969118 and rejected config 4df200 as incumbent because it is not better than the incumbents on 1 instances: 
[INFO][smbo.py:334] Finished 200 trials.
[BlockwiseMinSamplesLeafCallback] trials=200, block=3, min_samples_leaf=1
[INFO][abstract_intensifier.py:630] Added config eddf9d and rejected config 969118 as incumbent because it is not better than the incumbents on 1 instances: 
[INFO][abstract_intensifier.py:630] Added config bc9190 and rejected config eddf9d as incumbent because it is not better than the incumbents on 1 instances: 
[INFO][smbo.py:334] Finished 250 trials.
[INFO][abstract_intensifier.py:630] Added config 332365 and rejected config bc9190 as incumbent because it is not better than the incumbents on 1 instances: 
[INFO][abstract_intensifier.py:630] Added config 39e585 and rejected config 332365 as incumbent because it is not better than the incumbents on 1 instances: 
[INFO][abstract_intensifier.py:630] Added config 865566 and rejected config 39e585 as incumbent because it is not better than the incumbents on 1 instances: 
[INFO][abstract_intensifier.py:630] Added config 184076 and rejected config 865566 as incumbent because it is not better than the incumbents on 1 instances: 
[INFO][abstract_intensifier.py:630] Added config abaef5 and rejected config 184076 as incumbent because it is not better than the incumbents on 1 instances: 
[INFO][abstract_intensifier.py:630] Added config 8944b3 and rejected config abaef5 as incumbent because it is not better than the incumbents on 1 instances: 
[INFO][abstract_intensifier.py:630] Added config 73c6e3 and rejected config 8944b3 as incumbent because it is not better than the incumbents on 1 instances: 
[INFO][smbo.py:334] Finished 300 trials.
[BlockwiseMinSamplesLeafCallback] trials=300, block=4, min_samples_leaf=5
[INFO][abstract_intensifier.py:630] Added config 754666 and rejected config 73c6e3 as incumbent because it is not better than the incumbents on 1 instances: 
[INFO][abstract_intensifier.py:630] Added config 8f6bb8 and rejected config 754666 as incumbent because it is not better than the incumbents on 1 instances: 
[INFO][abstract_intensifier.py:630] Added config 0362b0 and rejected config 8f6bb8 as incumbent because it is not better than the incumbents on 1 instances: 
[INFO][abstract_intensifier.py:630] Added config 6547e4 and rejected config 0362b0 as incumbent because it is not better than the incumbents on 1 instances: 
[INFO][smbo.py:334] Finished 350 trials.
[INFO][abstract_intensifier.py:630] Added config 0f7dfa and rejected config 6547e4 as incumbent because it is not better than the incumbents on 1 instances: 
[INFO][abstract_intensifier.py:630] Added config 2cefee and rejected config 0f7dfa as incumbent because it is not better than the incumbents on 1 instances: 
[INFO][smbo.py:334] Finished 400 trials.
[INFO][smbo.py:342] Configuration budget is exhausted:
[INFO][smbo.py:343] --- Remaining wallclock time: inf
[INFO][smbo.py:344] --- Remaining cpu time: inf
[INFO][smbo.py:345] --- Remaining trials: 0
policy=(2, 5, 1, 5), seed=3, incumbent_cost=-3.318170638265752
Configuration(values={
  'x1': 0.1908945620541,
  'x2': 0.1403818644448,
  'x3': 0.4810958669582,
  'x4': 0.2817696552306,
  'x5': 0.313218240505,
  'x6': 0.6551518843983,
})
[batch 4/16] policy=leaf_policy_2_5_1_5, seed=4
[INFO][abstract_initial_design.py:74] Using `n_configs` and ignoring `n_configs_per_hyperparameter`.
[INFO][abstract_initial_design.py:143] Using 25 initial design configurations and 0 additional configurations.
[BlockwiseMinSamplesLeafCallback] trials=0, block=1, min_samples_leaf=2
[INFO][abstract_intensifier.py:313] Using only one seed for deterministic scenario.
[INFO][abstract_intensifier.py:523] Added config 4a153e as new incumbent because there are no incumbents yet.
[INFO][abstract_intensifier.py:630] Added config 73bb85 and rejected config 4a153e as incumbent because it is not better than the incumbents on 1 instances: 
[INFO][abstract_intensifier.py:630] Added config dbd536 and rejected config 73bb85 as incumbent because it is not better than the incumbents on 1 instances: 
[INFO][abstract_intensifier.py:630] Added config ed9eb0 and rejected config dbd536 as incumbent because it is not better than the incumbents on 1 instances: 
[INFO][abstract_intensifier.py:630] Added config cbb978 and rejected config ed9eb0 as incumbent because it is not better than the incumbents on 1 instances: 
[INFO][abstract_intensifier.py:630] Added config 857611 and rejected config cbb978 as incumbent because it is not better than the incumbents on 1 instances: 
[INFO][smbo.py:334] Finished 50 trials.
[INFO][abstract_intensifier.py:630] Added config c8016f and rejected config 857611 as incumbent because it is not better than the incumbents on 1 instances: 
[INFO][abstract_intensifier.py:630] Added config c51ed2 and rejected config c8016f as incumbent because it is not better than the incumbents on 1 instances: 
[INFO][abstract_intensifier.py:630] Added config de5775 and rejected config c51ed2 as incumbent because it is not better than the incumbents on 1 instances: 
[INFO][abstract_intensifier.py:630] Added config 85505d and rejected config de5775 as incumbent because it is not better than the incumbents on 1 instances: 
[INFO][abstract_intensifier.py:630] Added config d7230b and rejected config 85505d as incumbent because it is not better than the incumbents on 1 instances: 
[INFO][smbo.py:334] Finished 100 trials.
[BlockwiseMinSamplesLeafCallback] trials=100, block=2, min_samples_leaf=5
[INFO][abstract_intensifier.py:630] Added config 6d26ad and rejected config d7230b as incumbent because it is not better than the incumbents on 1 instances: 
[INFO][abstract_intensifier.py:630] Added config d61f6c and rejected config 6d26ad as incumbent because it is not better than the incumbents on 1 instances: 
[INFO][abstract_intensifier.py:630] Added config fbe2ff and rejected config d61f6c as incumbent because it is not better than the incumbents on 1 instances: 
[INFO][smbo.py:334] Finished 150 trials.
[INFO][abstract_intensifier.py:630] Added config 5b0666 and rejected config fbe2ff as incumbent because it is not better than the incumbents on 1 instances: 
[INFO][abstract_intensifier.py:630] Added config 4dabd1 and rejected config 5b0666 as incumbent because it is not better than the incumbents on 1 instances: 
[INFO][smbo.py:334] Finished 200 trials.
[BlockwiseMinSamplesLeafCallback] trials=200, block=3, min_samples_leaf=1
[INFO][abstract_intensifier.py:630] Added config 100e10 and rejected config 4dabd1 as incumbent because it is not better than the incumbents on 1 instances: 
[INFO][abstract_intensifier.py:630] Added config 491fbb and rejected config 100e10 as incumbent because it is not better than the incumbents on 1 instances: 
[INFO][abstract_intensifier.py:630] Added config ae26f8 and rejected config 491fbb as incumbent because it is not better than the incumbents on 1 instances: 
[INFO][abstract_intensifier.py:630] Added config 025ffd and rejected config ae26f8 as incumbent because it is not better than the incumbents on 1 instances: 
[INFO][abstract_intensifier.py:630] Added config c1db77 and rejected config 025ffd as incumbent because it is not better than the incumbents on 1 instances: 
[INFO][abstract_intensifier.py:630] Added config 1284db and rejected config c1db77 as incumbent because it is not better than the incumbents on 1 instances: 
[INFO][smbo.py:334] Finished 250 trials.
[INFO][abstract_intensifier.py:630] Added config a7219e and rejected config 1284db as incumbent because it is not better than the incumbents on 1 instances: 
[INFO][abstract_intensifier.py:630] Added config 59f50c and rejected config a7219e as incumbent because it is not better than the incumbents on 1 instances: 
[INFO][abstract_intensifier.py:630] Added config 777299 and rejected config 59f50c as incumbent because it is not better than the incumbents on 1 instances: 
[INFO][smbo.py:334] Finished 300 trials.
[BlockwiseMinSamplesLeafCallback] trials=300, block=4, min_samples_leaf=5
[INFO][smbo.py:334] Finished 350 trials.
[INFO][abstract_intensifier.py:630] Added config 6e3cb3 and rejected config 777299 as incumbent because it is not better than the incumbents on 1 instances: 
[INFO][smbo.py:334] Finished 400 trials.
[INFO][smbo.py:342] Configuration budget is exhausted:
[INFO][smbo.py:343] --- Remaining wallclock time: inf
[INFO][smbo.py:344] --- Remaining cpu time: inf
[INFO][smbo.py:345] --- Remaining trials: 0
policy=(2, 5, 1, 5), seed=4, incumbent_cost=-3.289234932673605
Configuration(values={
  'x1': 0.1505756056339,
  'x2': 0.1472824665231,
  'x3': 0.4743321750732,
  'x4': 0.2772306137703,
  'x5': 0.3123411906993,
  'x6': 0.6550979698634,
})
[batch 5/16] policy=leaf_policy_2_5_2_1, seed=0
[INFO][abstract_initial_design.py:74] Using `n_configs` and ignoring `n_configs_per_hyperparameter`.
[INFO][abstract_initial_design.py:143] Using 25 initial design configurations and 0 additional configurations.
[BlockwiseMinSamplesLeafCallback] trials=0, block=1, min_samples_leaf=2
[INFO][abstract_intensifier.py:313] Using only one seed for deterministic scenario.
[INFO][abstract_intensifier.py:523] Added config 250a07 as new incumbent because there are no incumbents yet.
[INFO][abstract_intensifier.py:630] Added config 9895f5 and rejected config 250a07 as incumbent because it is not better than the incumbents on 1 instances: 
[INFO][abstract_intensifier.py:630] Added config 6ed6e4 and rejected config 9895f5 as incumbent because it is not better than the incumbents on 1 instances: 
[INFO][abstract_intensifier.py:630] Added config 718a9a and rejected config 6ed6e4 as incumbent because it is not better than the incumbents on 1 instances: 
[INFO][smbo.py:334] Finished 50 trials.
[INFO][abstract_intensifier.py:630] Added config 44911e and rejected config 718a9a as incumbent because it is not better than the incumbents on 1 instances: 
[INFO][smbo.py:334] Finished 100 trials.
[BlockwiseMinSamplesLeafCallback] trials=100, block=2, min_samples_leaf=5
[INFO][abstract_intensifier.py:630] Added config 84f02c and rejected config 44911e as incumbent because it is not better than the incumbents on 1 instances: 
[INFO][abstract_intensifier.py:630] Added config db7c88 and rejected config 84f02c as incumbent because it is not better than the incumbents on 1 instances: 
[INFO][smbo.py:334] Finished 150 trials.
[INFO][abstract_intensifier.py:630] Added config aaa38b and rejected config db7c88 as incumbent because it is not better than the incumbents on 1 instances: 
[INFO][abstract_intensifier.py:630] Added config 02920f and rejected config aaa38b as incumbent because it is not better than the incumbents on 1 instances: 
[INFO][abstract_intensifier.py:630] Added config 607d0d and rejected config 02920f as incumbent because it is not better than the incumbents on 1 instances: 
[INFO][smbo.py:334] Finished 200 trials.
[BlockwiseMinSamplesLeafCallback] trials=200, block=3, min_samples_leaf=2
[INFO][abstract_intensifier.py:630] Added config ee9db5 and rejected config 607d0d as incumbent because it is not better than the incumbents on 1 instances: 
[INFO][abstract_intensifier.py:630] Added config 8e329a and rejected config ee9db5 as incumbent because it is not better than the incumbents on 1 instances: 
[INFO][abstract_intensifier.py:630] Added config a727f9 and rejected config 8e329a as incumbent because it is not better than the incumbents on 1 instances: 
[INFO][abstract_intensifier.py:630] Added config 6c048d and rejected config a727f9 as incumbent because it is not better than the incumbents on 1 instances: 
[INFO][abstract_intensifier.py:630] Added config 25e5f3 and rejected config 6c048d as incumbent because it is not better than the incumbents on 1 instances: 
[INFO][abstract_intensifier.py:630] Added config 26e4a3 and rejected config 25e5f3 as incumbent because it is not better than the incumbents on 1 instances: 
[INFO][smbo.py:334] Finished 250 trials.
[INFO][abstract_intensifier.py:630] Added config a20da6 and rejected config 26e4a3 as incumbent because it is not better than the incumbents on 1 instances: 
[INFO][abstract_intensifier.py:630] Added config 00ee70 and rejected config a20da6 as incumbent because it is not better than the incumbents on 1 instances: 
[INFO][abstract_intensifier.py:630] Added config 4b43db and rejected config 00ee70 as incumbent because it is not better than the incumbents on 1 instances: 
[INFO][abstract_intensifier.py:630] Added config 8bc17c and rejected config 4b43db as incumbent because it is not better than the incumbents on 1 instances: 
[INFO][abstract_intensifier.py:630] Added config f8c463 and rejected config 8bc17c as incumbent because it is not better than the incumbents on 1 instances: 
[INFO][smbo.py:334] Finished 300 trials.
[BlockwiseMinSamplesLeafCallback] trials=300, block=4, min_samples_leaf=1
[INFO][abstract_intensifier.py:630] Added config 80f012 and rejected config f8c463 as incumbent because it is not better than the incumbents on 1 instances: 
[INFO][smbo.py:334] Finished 350 trials.
[INFO][abstract_intensifier.py:630] Added config 77d3c6 and rejected config 80f012 as incumbent because it is not better than the incumbents on 1 instances: 
[INFO][abstract_intensifier.py:630] Added config f538ed and rejected config 77d3c6 as incumbent because it is not better than the incumbents on 1 instances: 
[INFO][smbo.py:334] Finished 400 trials.
[INFO][smbo.py:342] Configuration budget is exhausted:
[INFO][smbo.py:343] --- Remaining wallclock time: inf
[INFO][smbo.py:344] --- Remaining cpu time: inf
[INFO][smbo.py:345] --- Remaining trials: 0
policy=(2, 5, 2, 1), seed=0, incumbent_cost=-3.1926307944867482
Configuration(values={
  'x1': 0.4014426890746,
  'x2': 0.8780510427748,
  'x3': 0.8242590201283,
  'x4': 0.5791698299889,
  'x5': 0.1618862695671,
  'x6': 0.0522972512732,
})
[batch 6/16] policy=leaf_policy_2_5_2_1, seed=1
[INFO][abstract_initial_design.py:74] Using `n_configs` and ignoring `n_configs_per_hyperparameter`.
[INFO][abstract_initial_design.py:143] Using 25 initial design configurations and 0 additional configurations.
[BlockwiseMinSamplesLeafCallback] trials=0, block=1, min_samples_leaf=2
[INFO][abstract_intensifier.py:313] Using only one seed for deterministic scenario.
[INFO][abstract_intensifier.py:523] Added config 873002 as new incumbent because there are no incumbents yet.
[INFO][abstract_intensifier.py:630] Added config ce9203 and rejected config 873002 as incumbent because it is not better than the incumbents on 1 instances: 
[INFO][abstract_intensifier.py:630] Added config 1e5f6e and rejected config ce9203 as incumbent because it is not better than the incumbents on 1 instances: 
[INFO][abstract_intensifier.py:630] Added config f55c8b and rejected config 1e5f6e as incumbent because it is not better than the incumbents on 1 instances: 
[INFO][smbo.py:334] Finished 50 trials.
[INFO][abstract_intensifier.py:630] Added config 38b5f6 and rejected config f55c8b as incumbent because it is not better than the incumbents on 1 instances: 
[INFO][abstract_intensifier.py:630] Added config a6c957 and rejected config 38b5f6 as incumbent because it is not better than the incumbents on 1 instances: 
[INFO][abstract_intensifier.py:630] Added config caa4fc and rejected config a6c957 as incumbent because it is not better than the incumbents on 1 instances: 
[INFO][abstract_intensifier.py:630] Added config 9fecad and rejected config caa4fc as incumbent because it is not better than the incumbents on 1 instances: 
[INFO][abstract_intensifier.py:630] Added config 55e009 and rejected config 9fecad as incumbent because it is not better than the incumbents on 1 instances: 
[INFO][abstract_intensifier.py:630] Added config 5c0103 and rejected config 55e009 as incumbent because it is not better than the incumbents on 1 instances: 
[INFO][abstract_intensifier.py:630] Added config 3bb12e and rejected config 5c0103 as incumbent because it is not better than the incumbents on 1 instances: 
[INFO][abstract_intensifier.py:630] Added config 63e31e and rejected config 3bb12e as incumbent because it is not better than the incumbents on 1 instances: 
[INFO][smbo.py:334] Finished 100 trials.
[BlockwiseMinSamplesLeafCallback] trials=100, block=2, min_samples_leaf=5
[INFO][abstract_intensifier.py:630] Added config 3b7024 and rejected config 63e31e as incumbent because it is not better than the incumbents on 1 instances: 
[INFO][smbo.py:334] Finished 150 trials.
[INFO][abstract_intensifier.py:630] Added config 271663 and rejected config 3b7024 as incumbent because it is not better than the incumbents on 1 instances: 
[INFO][abstract_intensifier.py:630] Added config b1f647 and rejected config 271663 as incumbent because it is not better than the incumbents on 1 instances: 
[INFO][abstract_intensifier.py:630] Added config 45056b and rejected config b1f647 as incumbent because it is not better than the incumbents on 1 instances: 
[INFO][smbo.py:334] Finished 200 trials.
[BlockwiseMinSamplesLeafCallback] trials=200, block=3, min_samples_leaf=2
[INFO][abstract_intensifier.py:630] Added config 6c649f and rejected config 45056b as incumbent because it is not better than the incumbents on 1 instances: 
[INFO][smbo.py:334] Finished 250 trials.
[INFO][abstract_intensifier.py:630] Added config 9a42ce and rejected config 6c649f as incumbent because it is not better than the incumbents on 1 instances: 
[INFO][abstract_intensifier.py:630] Added config 00df1e and rejected config 9a42ce as incumbent because it is not better than the incumbents on 1 instances: 
[INFO][abstract_intensifier.py:630] Added config 91a8c9 and rejected config 00df1e as incumbent because it is not better than the incumbents on 1 instances: 
[INFO][smbo.py:334] Finished 300 trials.
[BlockwiseMinSamplesLeafCallback] trials=300, block=4, min_samples_leaf=1
[INFO][abstract_intensifier.py:630] Added config 09a068 and rejected config 91a8c9 as incumbent because it is not better than the incumbents on 1 instances: 
[INFO][abstract_intensifier.py:630] Added config cedfdf and rejected config 09a068 as incumbent because it is not better than the incumbents on 1 instances: 
[INFO][abstract_intensifier.py:630] Added config 15c47c and rejected config cedfdf as incumbent because it is not better than the incumbents on 1 instances: 
[INFO][smbo.py:334] Finished 350 trials.
[INFO][abstract_intensifier.py:630] Added config 8936de and rejected config 15c47c as incumbent because it is not better than the incumbents on 1 instances: 
[INFO][abstract_intensifier.py:630] Added config bab4d7 and rejected config 8936de as incumbent because it is not better than the incumbents on 1 instances: 
[INFO][abstract_intensifier.py:630] Added config 28f52d and rejected config bab4d7 as incumbent because it is not better than the incumbents on 1 instances: 
[INFO][smbo.py:334] Finished 400 trials.
[INFO][smbo.py:342] Configuration budget is exhausted:
[INFO][smbo.py:343] --- Remaining wallclock time: inf
[INFO][smbo.py:344] --- Remaining cpu time: inf
[INFO][smbo.py:345] --- Remaining trials: 0
policy=(2, 5, 2, 1), seed=1, incumbent_cost=-3.167394048718521
Configuration(values={
  'x1': 0.4041967799222,
  'x2': 0.8823740657673,
  'x3': 0.8578932576178,
  'x4': 0.5737311677739,
  'x5': 0.1360543046496,
  'x6': 0.0101192917181,
})
[batch 7/16] policy=leaf_policy_2_5_2_1, seed=2
[INFO][abstract_initial_design.py:74] Using `n_configs` and ignoring `n_configs_per_hyperparameter`.
[INFO][abstract_initial_design.py:143] Using 25 initial design configurations and 0 additional configurations.
[BlockwiseMinSamplesLeafCallback] trials=0, block=1, min_samples_leaf=2
[INFO][abstract_intensifier.py:313] Using only one seed for deterministic scenario.
[INFO][abstract_intensifier.py:523] Added config b9fdb3 as new incumbent because there are no incumbents yet.
[INFO][abstract_intensifier.py:630] Added config 097fb7 and rejected config b9fdb3 as incumbent because it is not better than the incumbents on 1 instances: 
[INFO][abstract_intensifier.py:630] Added config 911f6d and rejected config 097fb7 as incumbent because it is not better than the incumbents on 1 instances: 
[INFO][abstract_intensifier.py:630] Added config 0b476d and rejected config 911f6d as incumbent because it is not better than the incumbents on 1 instances: 
[INFO][abstract_intensifier.py:630] Added config 175828 and rejected config 0b476d as incumbent because it is not better than the incumbents on 1 instances: 
[INFO][smbo.py:334] Finished 50 trials.
[INFO][abstract_intensifier.py:630] Added config 8a97dd and rejected config 175828 as incumbent because it is not better than the incumbents on 1 instances: 
[INFO][abstract_intensifier.py:630] Added config 7216bb and rejected config 8a97dd as incumbent because it is not better than the incumbents on 1 instances: 
[INFO][abstract_intensifier.py:630] Added config dcc5af and rejected config 7216bb as incumbent because it is not better than the incumbents on 1 instances: 
[INFO][abstract_intensifier.py:630] Added config 6d330c and rejected config dcc5af as incumbent because it is not better than the incumbents on 1 instances: 
[INFO][abstract_intensifier.py:630] Added config bf1593 and rejected config 6d330c as incumbent because it is not better than the incumbents on 1 instances: 
[INFO][smbo.py:334] Finished 100 trials.
[BlockwiseMinSamplesLeafCallback] trials=100, block=2, min_samples_leaf=5
[INFO][abstract_intensifier.py:630] Added config fd0aec and rejected config bf1593 as incumbent because it is not better than the incumbents on 1 instances: 
[INFO][abstract_intensifier.py:630] Added config b1d60a and rejected config fd0aec as incumbent because it is not better than the incumbents on 1 instances: 
[INFO][smbo.py:334] Finished 150 trials.
[INFO][smbo.py:334] Finished 200 trials.
[BlockwiseMinSamplesLeafCallback] trials=200, block=3, min_samples_leaf=2
[INFO][abstract_intensifier.py:630] Added config 556388 and rejected config b1d60a as incumbent because it is not better than the incumbents on 1 instances: 
[INFO][abstract_intensifier.py:630] Added config 199b30 and rejected config 556388 as incumbent because it is not better than the incumbents on 1 instances: 
[INFO][abstract_intensifier.py:630] Added config e7414d and rejected config 199b30 as incumbent because it is not better than the incumbents on 1 instances: 
[INFO][abstract_intensifier.py:630] Added config c77964 and rejected config e7414d as incumbent because it is not better than the incumbents on 1 instances: 
[INFO][smbo.py:334] Finished 250 trials.
[INFO][abstract_intensifier.py:630] Added config 7e240c and rejected config c77964 as incumbent because it is not better than the incumbents on 1 instances: 
[INFO][abstract_intensifier.py:630] Added config 098435 and rejected config 7e240c as incumbent because it is not better than the incumbents on 1 instances: 
[INFO][smbo.py:334] Finished 300 trials.
[BlockwiseMinSamplesLeafCallback] trials=300, block=4, min_samples_leaf=1
[INFO][abstract_intensifier.py:630] Added config 844c29 and rejected config 098435 as incumbent because it is not better than the incumbents on 1 instances: 
[INFO][abstract_intensifier.py:630] Added config 327faa and rejected config 844c29 as incumbent because it is not better than the incumbents on 1 instances: 
[INFO][abstract_intensifier.py:630] Added config c8dd09 and rejected config 327faa as incumbent because it is not better than the incumbents on 1 instances: 
[INFO][abstract_intensifier.py:630] Added config b6d148 and rejected config c8dd09 as incumbent because it is not better than the incumbents on 1 instances: 
[INFO][abstract_intensifier.py:630] Added config 19f8a2 and rejected config b6d148 as incumbent because it is not better than the incumbents on 1 instances: 
[INFO][smbo.py:334] Finished 350 trials.
[INFO][abstract_intensifier.py:630] Added config bfed10 and rejected config 19f8a2 as incumbent because it is not better than the incumbents on 1 instances: 
[INFO][abstract_intensifier.py:630] Added config 866b00 and rejected config bfed10 as incumbent because it is not better than the incumbents on 1 instances: 
[INFO][abstract_intensifier.py:630] Added config 6ef317 and rejected config 866b00 as incumbent because it is not better than the incumbents on 1 instances: 
[INFO][smbo.py:334] Finished 400 trials.
[INFO][smbo.py:342] Configuration budget is exhausted:
[INFO][smbo.py:343] --- Remaining wallclock time: inf
[INFO][smbo.py:344] --- Remaining cpu time: inf
[INFO][smbo.py:345] --- Remaining trials: 0
policy=(2, 5, 2, 1), seed=2, incumbent_cost=-3.2572523854369244
Configuration(values={
  'x1': 0.2059991361713,
  'x2': 0.0748397638735,
  'x3': 0.4642537551904,
  'x4': 0.2738056122757,
  'x5': 0.309963287481,
  'x6': 0.6611845074691,
})
[batch 8/16] policy=leaf_policy_2_5_2_1, seed=3
[INFO][abstract_initial_design.py:74] Using `n_configs` and ignoring `n_configs_per_hyperparameter`.
[INFO][abstract_initial_design.py:143] Using 25 initial design configurations and 0 additional configurations.
[BlockwiseMinSamplesLeafCallback] trials=0, block=1, min_samples_leaf=2
[INFO][abstract_intensifier.py:313] Using only one seed for deterministic scenario.
[INFO][abstract_intensifier.py:523] Added config 545df9 as new incumbent because there are no incumbents yet.
[INFO][abstract_intensifier.py:630] Added config 2b45fe and rejected config 545df9 as incumbent because it is not better than the incumbents on 1 instances: 
[INFO][abstract_intensifier.py:630] Added config 8bbe00 and rejected config 2b45fe as incumbent because it is not better than the incumbents on 1 instances: 
[INFO][smbo.py:334] Finished 50 trials.
[INFO][abstract_intensifier.py:630] Added config 75b7e9 and rejected config 8bbe00 as incumbent because it is not better than the incumbents on 1 instances: 
[INFO][abstract_intensifier.py:630] Added config c5adaa and rejected config 75b7e9 as incumbent because it is not better than the incumbents on 1 instances: 
[INFO][abstract_intensifier.py:630] Added config f8d166 and rejected config c5adaa as incumbent because it is not better than the incumbents on 1 instances: 
[INFO][abstract_intensifier.py:630] Added config 002960 and rejected config f8d166 as incumbent because it is not better than the incumbents on 1 instances: 
[INFO][abstract_intensifier.py:630] Added config 02d1da and rejected config 002960 as incumbent because it is not better than the incumbents on 1 instances: 
[INFO][smbo.py:334] Finished 100 trials.
[BlockwiseMinSamplesLeafCallback] trials=100, block=2, min_samples_leaf=5
[INFO][abstract_intensifier.py:630] Added config 9022a0 and rejected config 02d1da as incumbent because it is not better than the incumbents on 1 instances: 
[INFO][smbo.py:334] Finished 150 trials.
[INFO][abstract_intensifier.py:630] Added config 7d7194 and rejected config 9022a0 as incumbent because it is not better than the incumbents on 1 instances: 
[INFO][abstract_intensifier.py:630] Added config 783abc and rejected config 7d7194 as incumbent because it is not better than the incumbents on 1 instances: 
[INFO][abstract_intensifier.py:630] Added config 4df200 and rejected config 783abc as incumbent because it is not better than the incumbents on 1 instances: 
[INFO][abstract_intensifier.py:630] Added config 969118 and rejected config 4df200 as incumbent because it is not better than the incumbents on 1 instances: 
[INFO][smbo.py:334] Finished 200 trials.
[BlockwiseMinSamplesLeafCallback] trials=200, block=3, min_samples_leaf=2
[INFO][abstract_intensifier.py:630] Added config a8f297 and rejected config 969118 as incumbent because it is not better than the incumbents on 1 instances: 
[INFO][abstract_intensifier.py:630] Added config 9c15a1 and rejected config a8f297 as incumbent because it is not better than the incumbents on 1 instances: 
[INFO][abstract_intensifier.py:630] Added config 63de2b and rejected config 9c15a1 as incumbent because it is not better than the incumbents on 1 instances: 
[INFO][abstract_intensifier.py:630] Added config 5f388e and rejected config 63de2b as incumbent because it is not better than the incumbents on 1 instances: 
[INFO][abstract_intensifier.py:630] Added config 383656 and rejected config 5f388e as incumbent because it is not better than the incumbents on 1 instances: 
[INFO][abstract_intensifier.py:630] Added config 2e577d and rejected config 383656 as incumbent because it is not better than the incumbents on 1 instances: 
[INFO][smbo.py:334] Finished 250 trials.
[INFO][abstract_intensifier.py:630] Added config 30aeaa and rejected config 2e577d as incumbent because it is not better than the incumbents on 1 instances: 
[INFO][abstract_intensifier.py:630] Added config 7da3e6 and rejected config 30aeaa as incumbent because it is not better than the incumbents on 1 instances: 
[INFO][abstract_intensifier.py:630] Added config 3a8f66 and rejected config 7da3e6 as incumbent because it is not better than the incumbents on 1 instances: 
[INFO][abstract_intensifier.py:630] Added config e94367 and rejected config 3a8f66 as incumbent because it is not better than the incumbents on 1 instances: 
[INFO][abstract_intensifier.py:630] Added config 1d45a1 and rejected config e94367 as incumbent because it is not better than the incumbents on 1 instances: 
[INFO][abstract_intensifier.py:630] Added config 981492 and rejected config 1d45a1 as incumbent because it is not better than the incumbents on 1 instances: 
[INFO][smbo.py:334] Finished 300 trials.
[BlockwiseMinSamplesLeafCallback] trials=300, block=4, min_samples_leaf=1
[INFO][abstract_intensifier.py:630] Added config b159fd and rejected config 981492 as incumbent because it is not better than the incumbents on 1 instances: 
[INFO][abstract_intensifier.py:630] Added config 0baec9 and rejected config b159fd as incumbent because it is not better than the incumbents on 1 instances: 
[INFO][abstract_intensifier.py:630] Added config b0f8fe and rejected config 0baec9 as incumbent because it is not better than the incumbents on 1 instances: 
[INFO][smbo.py:334] Finished 350 trials.
[INFO][abstract_intensifier.py:630] Added config 44f33d and rejected config b0f8fe as incumbent because it is not better than the incumbents on 1 instances: 
[INFO][abstract_intensifier.py:630] Added config df70a3 and rejected config 44f33d as incumbent because it is not better than the incumbents on 1 instances: 
[INFO][smbo.py:334] Finished 400 trials.
[INFO][smbo.py:342] Configuration budget is exhausted:
[INFO][smbo.py:343] --- Remaining wallclock time: inf
[INFO][smbo.py:344] --- Remaining cpu time: inf
[INFO][smbo.py:345] --- Remaining trials: 0
policy=(2, 5, 2, 1), seed=3, incumbent_cost=-3.3205764408502154
Configuration(values={
  'x1': 0.2053934986081,
  'x2': 0.1404785704365,
  'x3': 0.4799196312852,
  'x4': 0.2714160884326,
  'x5': 0.3122169022998,
  'x6': 0.6568412253634,
})
[batch 9/16] policy=leaf_policy_2_5_2_1, seed=4
[INFO][abstract_initial_design.py:74] Using `n_configs` and ignoring `n_configs_per_hyperparameter`.
[INFO][abstract_initial_design.py:143] Using 25 initial design configurations and 0 additional configurations.
[BlockwiseMinSamplesLeafCallback] trials=0, block=1, min_samples_leaf=2
[INFO][abstract_intensifier.py:313] Using only one seed for deterministic scenario.
[INFO][abstract_intensifier.py:523] Added config 4a153e as new incumbent because there are no incumbents yet.
[INFO][abstract_intensifier.py:630] Added config 73bb85 and rejected config 4a153e as incumbent because it is not better than the incumbents on 1 instances: 
[INFO][abstract_intensifier.py:630] Added config dbd536 and rejected config 73bb85 as incumbent because it is not better than the incumbents on 1 instances: 
[INFO][abstract_intensifier.py:630] Added config ed9eb0 and rejected config dbd536 as incumbent because it is not better than the incumbents on 1 instances: 
[INFO][abstract_intensifier.py:630] Added config cbb978 and rejected config ed9eb0 as incumbent because it is not better than the incumbents on 1 instances: 
[INFO][abstract_intensifier.py:630] Added config 857611 and rejected config cbb978 as incumbent because it is not better than the incumbents on 1 instances: 
[INFO][smbo.py:334] Finished 50 trials.
[INFO][abstract_intensifier.py:630] Added config c8016f and rejected config 857611 as incumbent because it is not better than the incumbents on 1 instances: 
[INFO][abstract_intensifier.py:630] Added config c51ed2 and rejected config c8016f as incumbent because it is not better than the incumbents on 1 instances: 
[INFO][abstract_intensifier.py:630] Added config de5775 and rejected config c51ed2 as incumbent because it is not better than the incumbents on 1 instances: 
[INFO][abstract_intensifier.py:630] Added config 85505d and rejected config de5775 as incumbent because it is not better than the incumbents on 1 instances: 
[INFO][abstract_intensifier.py:630] Added config d7230b and rejected config 85505d as incumbent because it is not better than the incumbents on 1 instances: 
[INFO][smbo.py:334] Finished 100 trials.
[BlockwiseMinSamplesLeafCallback] trials=100, block=2, min_samples_leaf=5
[INFO][abstract_intensifier.py:630] Added config 6d26ad and rejected config d7230b as incumbent because it is not better than the incumbents on 1 instances: 
[INFO][abstract_intensifier.py:630] Added config d61f6c and rejected config 6d26ad as incumbent because it is not better than the incumbents on 1 instances: 
[INFO][abstract_intensifier.py:630] Added config fbe2ff and rejected config d61f6c as incumbent because it is not better than the incumbents on 1 instances: 
[INFO][smbo.py:334] Finished 150 trials.
[INFO][abstract_intensifier.py:630] Added config 5b0666 and rejected config fbe2ff as incumbent because it is not better than the incumbents on 1 instances: 
[INFO][abstract_intensifier.py:630] Added config 4dabd1 and rejected config 5b0666 as incumbent because it is not better than the incumbents on 1 instances: 
[INFO][smbo.py:334] Finished 200 trials.
[BlockwiseMinSamplesLeafCallback] trials=200, block=3, min_samples_leaf=2
[INFO][abstract_intensifier.py:630] Added config f15b72 and rejected config 4dabd1 as incumbent because it is not better than the incumbents on 1 instances: 
[INFO][abstract_intensifier.py:630] Added config 4b5507 and rejected config f15b72 as incumbent because it is not better than the incumbents on 1 instances: 
[INFO][abstract_intensifier.py:630] Added config a87c7d and rejected config 4b5507 as incumbent because it is not better than the incumbents on 1 instances: 
[INFO][abstract_intensifier.py:630] Added config 86de43 and rejected config a87c7d as incumbent because it is not better than the incumbents on 1 instances: 
[INFO][abstract_intensifier.py:630] Added config f6c21b and rejected config 86de43 as incumbent because it is not better than the incumbents on 1 instances: 
[INFO][smbo.py:334] Finished 250 trials.
[INFO][abstract_intensifier.py:630] Added config c75a8e and rejected config f6c21b as incumbent because it is not better than the incumbents on 1 instances: 
[INFO][smbo.py:334] Finished 300 trials.
[BlockwiseMinSamplesLeafCallback] trials=300, block=4, min_samples_leaf=1
[INFO][abstract_intensifier.py:630] Added config 87b239 and rejected config c75a8e as incumbent because it is not better than the incumbents on 1 instances: 
[INFO][abstract_intensifier.py:630] Added config aee3db and rejected config 87b239 as incumbent because it is not better than the incumbents on 1 instances: 
[INFO][abstract_intensifier.py:630] Added config 8d8e1f and rejected config aee3db as incumbent because it is not better than the incumbents on 1 instances: 
[INFO][smbo.py:334] Finished 350 trials.
[INFO][abstract_intensifier.py:630] Added config bb0b66 and rejected config 8d8e1f as incumbent because it is not better than the incumbents on 1 instances: 
[INFO][abstract_intensifier.py:630] Added config ab4b0b and rejected config bb0b66 as incumbent because it is not better than the incumbents on 1 instances: 
[INFO][abstract_intensifier.py:630] Added config d32234 and rejected config ab4b0b as incumbent because it is not better than the incumbents on 1 instances: 
[INFO][smbo.py:334] Finished 400 trials.
[INFO][smbo.py:342] Configuration budget is exhausted:
[INFO][smbo.py:343] --- Remaining wallclock time: inf
[INFO][smbo.py:344] --- Remaining cpu time: inf
[INFO][smbo.py:345] --- Remaining trials: 0
policy=(2, 5, 2, 1), seed=4, incumbent_cost=-3.288464391881167
Configuration(values={
  'x1': 0.1501184482371,
  'x2': 0.1489513195896,
  'x3': 0.4825112981952,
  'x4': 0.2695109620379,
  'x5': 0.3120358485684,
  'x6': 0.6598524916114,
})
[batch 10/16] policy=leaf_policy_2_5_2_2, seed=0
[INFO][abstract_initial_design.py:74] Using `n_configs` and ignoring `n_configs_per_hyperparameter`.
[INFO][abstract_initial_design.py:143] Using 25 initial design configurations and 0 additional configurations.
[BlockwiseMinSamplesLeafCallback] trials=0, block=1, min_samples_leaf=2
[INFO][abstract_intensifier.py:313] Using only one seed for deterministic scenario.
[INFO][abstract_intensifier.py:523] Added config 250a07 as new incumbent because there are no incumbents yet.
[INFO][abstract_intensifier.py:630] Added config 9895f5 and rejected config 250a07 as incumbent because it is not better than the incumbents on 1 instances: 
[INFO][abstract_intensifier.py:630] Added config 6ed6e4 and rejected config 9895f5 as incumbent because it is not better than the incumbents on 1 instances: 
[INFO][abstract_intensifier.py:630] Added config 718a9a and rejected config 6ed6e4 as incumbent because it is not better than the incumbents on 1 instances: 
[INFO][smbo.py:334] Finished 50 trials.
[INFO][abstract_intensifier.py:630] Added config 44911e and rejected config 718a9a as incumbent because it is not better than the incumbents on 1 instances: 
[INFO][smbo.py:334] Finished 100 trials.
[BlockwiseMinSamplesLeafCallback] trials=100, block=2, min_samples_leaf=5
[INFO][abstract_intensifier.py:630] Added config 84f02c and rejected config 44911e as incumbent because it is not better than the incumbents on 1 instances: 
[INFO][abstract_intensifier.py:630] Added config db7c88 and rejected config 84f02c as incumbent because it is not better than the incumbents on 1 instances: 
[INFO][smbo.py:334] Finished 150 trials.
[INFO][abstract_intensifier.py:630] Added config aaa38b and rejected config db7c88 as incumbent because it is not better than the incumbents on 1 instances: 
[INFO][abstract_intensifier.py:630] Added config 02920f and rejected config aaa38b as incumbent because it is not better than the incumbents on 1 instances: 
[INFO][abstract_intensifier.py:630] Added config 607d0d and rejected config 02920f as incumbent because it is not better than the incumbents on 1 instances: 
[INFO][smbo.py:334] Finished 200 trials.
[BlockwiseMinSamplesLeafCallback] trials=200, block=3, min_samples_leaf=2
[INFO][abstract_intensifier.py:630] Added config ee9db5 and rejected config 607d0d as incumbent because it is not better than the incumbents on 1 instances: 
[INFO][abstract_intensifier.py:630] Added config 8e329a and rejected config ee9db5 as incumbent because it is not better than the incumbents on 1 instances: 
[INFO][abstract_intensifier.py:630] Added config a727f9 and rejected config 8e329a as incumbent because it is not better than the incumbents on 1 instances: 
[INFO][abstract_intensifier.py:630] Added config 6c048d and rejected config a727f9 as incumbent because it is not better than the incumbents on 1 instances: 
[INFO][abstract_intensifier.py:630] Added config 25e5f3 and rejected config 6c048d as incumbent because it is not better than the incumbents on 1 instances: 
[INFO][abstract_intensifier.py:630] Added config 26e4a3 and rejected config 25e5f3 as incumbent because it is not better than the incumbents on 1 instances: 
[INFO][smbo.py:334] Finished 250 trials.
[INFO][abstract_intensifier.py:630] Added config a20da6 and rejected config 26e4a3 as incumbent because it is not better than the incumbents on 1 instances: 
[INFO][abstract_intensifier.py:630] Added config 00ee70 and rejected config a20da6 as incumbent because it is not better than the incumbents on 1 instances: 
[INFO][abstract_intensifier.py:630] Added config 4b43db and rejected config 00ee70 as incumbent because it is not better than the incumbents on 1 instances: 
[INFO][abstract_intensifier.py:630] Added config 8bc17c and rejected config 4b43db as incumbent because it is not better than the incumbents on 1 instances: 
[INFO][abstract_intensifier.py:630] Added config f8c463 and rejected config 8bc17c as incumbent because it is not better than the incumbents on 1 instances: 
[INFO][smbo.py:334] Finished 300 trials.
[INFO][abstract_intensifier.py:630] Added config c78d1b and rejected config f8c463 as incumbent because it is not better than the incumbents on 1 instances: 
[INFO][smbo.py:334] Finished 350 trials.
[INFO][abstract_intensifier.py:630] Added config febea7 and rejected config c78d1b as incumbent because it is not better than the incumbents on 1 instances: 
[INFO][abstract_intensifier.py:630] Added config 777858 and rejected config febea7 as incumbent because it is not better than the incumbents on 1 instances: 
[INFO][abstract_intensifier.py:630] Added config dae3b2 and rejected config 777858 as incumbent because it is not better than the incumbents on 1 instances: 
[INFO][abstract_intensifier.py:630] Added config a928a2 and rejected config dae3b2 as incumbent because it is not better than the incumbents on 1 instances: 
[INFO][abstract_intensifier.py:630] Added config 1c87f1 and rejected config a928a2 as incumbent because it is not better than the incumbents on 1 instances: 
[INFO][smbo.py:334] Finished 400 trials.
[INFO][smbo.py:342] Configuration budget is exhausted:
[INFO][smbo.py:343] --- Remaining wallclock time: inf
[INFO][smbo.py:344] --- Remaining cpu time: inf
[INFO][smbo.py:345] --- Remaining trials: 0
policy=(2, 5, 2, 2), seed=0, incumbent_cost=-3.200637683605449
Configuration(values={
  'x1': 0.4045999723858,
  'x2': 0.8820401339482,
  'x3': 0.8744182147518,
  'x4': 0.5780978447821,
  'x5': 0.094642891134,
  'x6': 0.0329592142031,
})
[batch 11/16] policy=leaf_policy_2_5_2_2, seed=1
[INFO][abstract_initial_design.py:74] Using `n_configs` and ignoring `n_configs_per_hyperparameter`.
[INFO][abstract_initial_design.py:143] Using 25 initial design configurations and 0 additional configurations.
[BlockwiseMinSamplesLeafCallback] trials=0, block=1, min_samples_leaf=2
[INFO][abstract_intensifier.py:313] Using only one seed for deterministic scenario.
[INFO][abstract_intensifier.py:523] Added config 873002 as new incumbent because there are no incumbents yet.
[INFO][abstract_intensifier.py:630] Added config ce9203 and rejected config 873002 as incumbent because it is not better than the incumbents on 1 instances: 
[INFO][abstract_intensifier.py:630] Added config 1e5f6e and rejected config ce9203 as incumbent because it is not better than the incumbents on 1 instances: 
[INFO][abstract_intensifier.py:630] Added config f55c8b and rejected config 1e5f6e as incumbent because it is not better than the incumbents on 1 instances: 
[INFO][smbo.py:334] Finished 50 trials.
[INFO][abstract_intensifier.py:630] Added config 38b5f6 and rejected config f55c8b as incumbent because it is not better than the incumbents on 1 instances: 
[INFO][abstract_intensifier.py:630] Added config a6c957 and rejected config 38b5f6 as incumbent because it is not better than the incumbents on 1 instances: 
[INFO][abstract_intensifier.py:630] Added config caa4fc and rejected config a6c957 as incumbent because it is not better than the incumbents on 1 instances: 
[INFO][abstract_intensifier.py:630] Added config 9fecad and rejected config caa4fc as incumbent because it is not better than the incumbents on 1 instances: 
[INFO][abstract_intensifier.py:630] Added config 55e009 and rejected config 9fecad as incumbent because it is not better than the incumbents on 1 instances: 
[INFO][abstract_intensifier.py:630] Added config 5c0103 and rejected config 55e009 as incumbent because it is not better than the incumbents on 1 instances: 
[INFO][abstract_intensifier.py:630] Added config 3bb12e and rejected config 5c0103 as incumbent because it is not better than the incumbents on 1 instances: 
[INFO][abstract_intensifier.py:630] Added config 63e31e and rejected config 3bb12e as incumbent because it is not better than the incumbents on 1 instances: 
[INFO][smbo.py:334] Finished 100 trials.
[BlockwiseMinSamplesLeafCallback] trials=100, block=2, min_samples_leaf=5
[INFO][abstract_intensifier.py:630] Added config 3b7024 and rejected config 63e31e as incumbent because it is not better than the incumbents on 1 instances: 
[INFO][smbo.py:334] Finished 150 trials.
[INFO][abstract_intensifier.py:630] Added config 271663 and rejected config 3b7024 as incumbent because it is not better than the incumbents on 1 instances: 
[INFO][abstract_intensifier.py:630] Added config b1f647 and rejected config 271663 as incumbent because it is not better than the incumbents on 1 instances: 
[INFO][abstract_intensifier.py:630] Added config 45056b and rejected config b1f647 as incumbent because it is not better than the incumbents on 1 instances: 
[INFO][smbo.py:334] Finished 200 trials.
[BlockwiseMinSamplesLeafCallback] trials=200, block=3, min_samples_leaf=2
[INFO][abstract_intensifier.py:630] Added config 6c649f and rejected config 45056b as incumbent because it is not better than the incumbents on 1 instances: 
[INFO][smbo.py:334] Finished 250 trials.
[INFO][abstract_intensifier.py:630] Added config 9a42ce and rejected config 6c649f as incumbent because it is not better than the incumbents on 1 instances: 
[INFO][abstract_intensifier.py:630] Added config 00df1e and rejected config 9a42ce as incumbent because it is not better than the incumbents on 1 instances: 
[INFO][abstract_intensifier.py:630] Added config 91a8c9 and rejected config 00df1e as incumbent because it is not better than the incumbents on 1 instances: 
[INFO][smbo.py:334] Finished 300 trials.
[INFO][abstract_intensifier.py:630] Added config 2f0297 and rejected config 91a8c9 as incumbent because it is not better than the incumbents on 1 instances: 
[INFO][abstract_intensifier.py:630] Added config 4e6e4a and rejected config 2f0297 as incumbent because it is not better than the incumbents on 1 instances: 
[INFO][abstract_intensifier.py:630] Added config 4bccf6 and rejected config 4e6e4a as incumbent because it is not better than the incumbents on 1 instances: 
[INFO][smbo.py:334] Finished 350 trials.
[INFO][abstract_intensifier.py:630] Added config 90b5ec and rejected config 4bccf6 as incumbent because it is not better than the incumbents on 1 instances: 
[INFO][abstract_intensifier.py:630] Added config f8ed03 and rejected config 90b5ec as incumbent because it is not better than the incumbents on 1 instances: 
[INFO][smbo.py:334] Finished 400 trials.
[INFO][smbo.py:342] Configuration budget is exhausted:
[INFO][smbo.py:343] --- Remaining wallclock time: inf
[INFO][smbo.py:344] --- Remaining cpu time: inf
[INFO][smbo.py:345] --- Remaining trials: 0
policy=(2, 5, 2, 2), seed=1, incumbent_cost=-3.1670333501823547
Configuration(values={
  'x1': 0.403545480584,
  'x2': 0.8812777234859,
  'x3': 0.8817265416193,
  'x4': 0.5757996463216,
  'x5': 0.1585895795339,
  'x6': 0.0101970371656,
})
[batch 12/16] policy=leaf_policy_2_5_2_2, seed=2
[INFO][abstract_initial_design.py:74] Using `n_configs` and ignoring `n_configs_per_hyperparameter`.
[INFO][abstract_initial_design.py:143] Using 25 initial design configurations and 0 additional configurations.
[BlockwiseMinSamplesLeafCallback] trials=0, block=1, min_samples_leaf=2
[INFO][abstract_intensifier.py:313] Using only one seed for deterministic scenario.
[INFO][abstract_intensifier.py:523] Added config b9fdb3 as new incumbent because there are no incumbents yet.
[INFO][abstract_intensifier.py:630] Added config 097fb7 and rejected config b9fdb3 as incumbent because it is not better than the incumbents on 1 instances: 
[INFO][abstract_intensifier.py:630] Added config 911f6d and rejected config 097fb7 as incumbent because it is not better than the incumbents on 1 instances: 
[INFO][abstract_intensifier.py:630] Added config 0b476d and rejected config 911f6d as incumbent because it is not better than the incumbents on 1 instances: 
[INFO][abstract_intensifier.py:630] Added config 175828 and rejected config 0b476d as incumbent because it is not better than the incumbents on 1 instances: 
[INFO][smbo.py:334] Finished 50 trials.
[INFO][abstract_intensifier.py:630] Added config 8a97dd and rejected config 175828 as incumbent because it is not better than the incumbents on 1 instances: 
[INFO][abstract_intensifier.py:630] Added config 7216bb and rejected config 8a97dd as incumbent because it is not better than the incumbents on 1 instances: 
[INFO][abstract_intensifier.py:630] Added config dcc5af and rejected config 7216bb as incumbent because it is not better than the incumbents on 1 instances: 
[INFO][abstract_intensifier.py:630] Added config 6d330c and rejected config dcc5af as incumbent because it is not better than the incumbents on 1 instances: 
[INFO][abstract_intensifier.py:630] Added config bf1593 and rejected config 6d330c as incumbent because it is not better than the incumbents on 1 instances: 
[INFO][smbo.py:334] Finished 100 trials.
[BlockwiseMinSamplesLeafCallback] trials=100, block=2, min_samples_leaf=5
[INFO][abstract_intensifier.py:630] Added config fd0aec and rejected config bf1593 as incumbent because it is not better than the incumbents on 1 instances: 
[INFO][abstract_intensifier.py:630] Added config b1d60a and rejected config fd0aec as incumbent because it is not better than the incumbents on 1 instances: 
[INFO][smbo.py:334] Finished 150 trials.
[INFO][smbo.py:334] Finished 200 trials.
[BlockwiseMinSamplesLeafCallback] trials=200, block=3, min_samples_leaf=2
[INFO][abstract_intensifier.py:630] Added config 556388 and rejected config b1d60a as incumbent because it is not better than the incumbents on 1 instances: 
[INFO][abstract_intensifier.py:630] Added config 199b30 and rejected config 556388 as incumbent because it is not better than the incumbents on 1 instances: 
[INFO][abstract_intensifier.py:630] Added config e7414d and rejected config 199b30 as incumbent because it is not better than the incumbents on 1 instances: 
[INFO][abstract_intensifier.py:630] Added config c77964 and rejected config e7414d as incumbent because it is not better than the incumbents on 1 instances: 
[INFO][smbo.py:334] Finished 250 trials.
[INFO][abstract_intensifier.py:630] Added config 7e240c and rejected config c77964 as incumbent because it is not better than the incumbents on 1 instances: 
[INFO][abstract_intensifier.py:630] Added config 098435 and rejected config 7e240c as incumbent because it is not better than the incumbents on 1 instances: 
[INFO][smbo.py:334] Finished 300 trials.
[INFO][abstract_intensifier.py:630] Added config b655ff and rejected config 098435 as incumbent because it is not better than the incumbents on 1 instances: 
[INFO][abstract_intensifier.py:630] Added config 739cd1 and rejected config b655ff as incumbent because it is not better than the incumbents on 1 instances: 
[INFO][abstract_intensifier.py:630] Added config f2fe61 and rejected config 739cd1 as incumbent because it is not better than the incumbents on 1 instances: 
[INFO][smbo.py:334] Finished 350 trials.
[INFO][abstract_intensifier.py:630] Added config 3eec62 and rejected config f2fe61 as incumbent because it is not better than the incumbents on 1 instances: 
[INFO][abstract_intensifier.py:630] Added config ad5d52 and rejected config 3eec62 as incumbent because it is not better than the incumbents on 1 instances: 
[INFO][abstract_intensifier.py:630] Added config 34176f and rejected config ad5d52 as incumbent because it is not better than the incumbents on 1 instances: 
[INFO][abstract_intensifier.py:630] Added config 635f6b and rejected config 34176f as incumbent because it is not better than the incumbents on 1 instances: 
[INFO][abstract_intensifier.py:630] Added config 8a1da2 and rejected config 635f6b as incumbent because it is not better than the incumbents on 1 instances: 
[INFO][abstract_intensifier.py:630] Added config 655be0 and rejected config 8a1da2 as incumbent because it is not better than the incumbents on 1 instances: 
[INFO][smbo.py:334] Finished 400 trials.
[INFO][smbo.py:342] Configuration budget is exhausted:
[INFO][smbo.py:343] --- Remaining wallclock time: inf
[INFO][smbo.py:344] --- Remaining cpu time: inf
[INFO][smbo.py:345] --- Remaining trials: 0
policy=(2, 5, 2, 2), seed=2, incumbent_cost=-3.296037770260337
Configuration(values={
  'x1': 0.2080886691909,
  'x2': 0.1734705127993,
  'x3': 0.5027652488831,
  'x4': 0.2917246694705,
  'x5': 0.305529086687,
  'x6': 0.6479548995239,
})
[batch 13/16] policy=leaf_policy_2_5_2_2, seed=3
[INFO][abstract_initial_design.py:74] Using `n_configs` and ignoring `n_configs_per_hyperparameter`.
[INFO][abstract_initial_design.py:143] Using 25 initial design configurations and 0 additional configurations.
[BlockwiseMinSamplesLeafCallback] trials=0, block=1, min_samples_leaf=2
[INFO][abstract_intensifier.py:313] Using only one seed for deterministic scenario.
[INFO][abstract_intensifier.py:523] Added config 545df9 as new incumbent because there are no incumbents yet.
[INFO][abstract_intensifier.py:630] Added config 2b45fe and rejected config 545df9 as incumbent because it is not better than the incumbents on 1 instances: 
[INFO][abstract_intensifier.py:630] Added config 8bbe00 and rejected config 2b45fe as incumbent because it is not better than the incumbents on 1 instances: 
[INFO][smbo.py:334] Finished 50 trials.
[INFO][abstract_intensifier.py:630] Added config 75b7e9 and rejected config 8bbe00 as incumbent because it is not better than the incumbents on 1 instances: 
[INFO][abstract_intensifier.py:630] Added config c5adaa and rejected config 75b7e9 as incumbent because it is not better than the incumbents on 1 instances: 
[INFO][abstract_intensifier.py:630] Added config f8d166 and rejected config c5adaa as incumbent because it is not better than the incumbents on 1 instances: 
[INFO][abstract_intensifier.py:630] Added config 002960 and rejected config f8d166 as incumbent because it is not better than the incumbents on 1 instances: 
[INFO][abstract_intensifier.py:630] Added config 02d1da and rejected config 002960 as incumbent because it is not better than the incumbents on 1 instances: 
[INFO][smbo.py:334] Finished 100 trials.
[BlockwiseMinSamplesLeafCallback] trials=100, block=2, min_samples_leaf=5
[INFO][abstract_intensifier.py:630] Added config 9022a0 and rejected config 02d1da as incumbent because it is not better than the incumbents on 1 instances: 
[INFO][smbo.py:334] Finished 150 trials.
[INFO][abstract_intensifier.py:630] Added config 7d7194 and rejected config 9022a0 as incumbent because it is not better than the incumbents on 1 instances: 
[INFO][abstract_intensifier.py:630] Added config 783abc and rejected config 7d7194 as incumbent because it is not better than the incumbents on 1 instances: 
[INFO][abstract_intensifier.py:630] Added config 4df200 and rejected config 783abc as incumbent because it is not better than the incumbents on 1 instances: 
[INFO][abstract_intensifier.py:630] Added config 969118 and rejected config 4df200 as incumbent because it is not better than the incumbents on 1 instances: 
[INFO][smbo.py:334] Finished 200 trials.
[BlockwiseMinSamplesLeafCallback] trials=200, block=3, min_samples_leaf=2
[INFO][abstract_intensifier.py:630] Added config a8f297 and rejected config 969118 as incumbent because it is not better than the incumbents on 1 instances: 
[INFO][abstract_intensifier.py:630] Added config 9c15a1 and rejected config a8f297 as incumbent because it is not better than the incumbents on 1 instances: 
[INFO][abstract_intensifier.py:630] Added config 63de2b and rejected config 9c15a1 as incumbent because it is not better than the incumbents on 1 instances: 
[INFO][abstract_intensifier.py:630] Added config 5f388e and rejected config 63de2b as incumbent because it is not better than the incumbents on 1 instances: 
[INFO][abstract_intensifier.py:630] Added config 383656 and rejected config 5f388e as incumbent because it is not better than the incumbents on 1 instances: 
[INFO][abstract_intensifier.py:630] Added config 2e577d and rejected config 383656 as incumbent because it is not better than the incumbents on 1 instances: 
[INFO][smbo.py:334] Finished 250 trials.
[INFO][abstract_intensifier.py:630] Added config 30aeaa and rejected config 2e577d as incumbent because it is not better than the incumbents on 1 instances: 
[INFO][abstract_intensifier.py:630] Added config 7da3e6 and rejected config 30aeaa as incumbent because it is not better than the incumbents on 1 instances: 
[INFO][abstract_intensifier.py:630] Added config 3a8f66 and rejected config 7da3e6 as incumbent because it is not better than the incumbents on 1 instances: 
[INFO][abstract_intensifier.py:630] Added config e94367 and rejected config 3a8f66 as incumbent because it is not better than the incumbents on 1 instances: 
[INFO][abstract_intensifier.py:630] Added config 1d45a1 and rejected config e94367 as incumbent because it is not better than the incumbents on 1 instances: 
[INFO][abstract_intensifier.py:630] Added config 981492 and rejected config 1d45a1 as incumbent because it is not better than the incumbents on 1 instances: 
[INFO][smbo.py:334] Finished 300 trials.
[INFO][abstract_intensifier.py:630] Added config 7e7a2c and rejected config 981492 as incumbent because it is not better than the incumbents on 1 instances: 
[INFO][smbo.py:334] Finished 350 trials.
[INFO][abstract_intensifier.py:630] Added config 6f1929 and rejected config 7e7a2c as incumbent because it is not better than the incumbents on 1 instances: 
[INFO][abstract_intensifier.py:630] Added config e6dcb0 and rejected config 6f1929 as incumbent because it is not better than the incumbents on 1 instances: 
[INFO][abstract_intensifier.py:630] Added config 7893d5 and rejected config e6dcb0 as incumbent because it is not better than the incumbents on 1 instances: 
[INFO][abstract_intensifier.py:630] Added config adc684 and rejected config 7893d5 as incumbent because it is not better than the incumbents on 1 instances: 
[INFO][abstract_intensifier.py:630] Added config ce34c6 and rejected config adc684 as incumbent because it is not better than the incumbents on 1 instances: 
[INFO][abstract_intensifier.py:630] Added config 67f036 and rejected config ce34c6 as incumbent because it is not better than the incumbents on 1 instances: 
[INFO][abstract_intensifier.py:630] Added config f0484c and rejected config 67f036 as incumbent because it is not better than the incumbents on 1 instances: 
[INFO][smbo.py:334] Finished 400 trials.
[INFO][smbo.py:342] Configuration budget is exhausted:
[INFO][smbo.py:343] --- Remaining wallclock time: inf
[INFO][smbo.py:344] --- Remaining cpu time: inf
[INFO][smbo.py:345] --- Remaining trials: 0
policy=(2, 5, 2, 2), seed=3, incumbent_cost=-3.314998785753623
Configuration(values={
  'x1': 0.1994931293535,
  'x2': 0.1393550854414,
  'x3': 0.494262856222,
  'x4': 0.2706533451212,
  'x5': 0.3048976475307,
  'x6': 0.6568655646069,
})
[batch 14/16] policy=leaf_policy_2_5_2_2, seed=4
[INFO][abstract_initial_design.py:74] Using `n_configs` and ignoring `n_configs_per_hyperparameter`.
[INFO][abstract_initial_design.py:143] Using 25 initial design configurations and 0 additional configurations.
[BlockwiseMinSamplesLeafCallback] trials=0, block=1, min_samples_leaf=2
[INFO][abstract_intensifier.py:313] Using only one seed for deterministic scenario.
[INFO][abstract_intensifier.py:523] Added config 4a153e as new incumbent because there are no incumbents yet.
[INFO][abstract_intensifier.py:630] Added config 73bb85 and rejected config 4a153e as incumbent because it is not better than the incumbents on 1 instances: 
[INFO][abstract_intensifier.py:630] Added config dbd536 and rejected config 73bb85 as incumbent because it is not better than the incumbents on 1 instances: 
[INFO][abstract_intensifier.py:630] Added config ed9eb0 and rejected config dbd536 as incumbent because it is not better than the incumbents on 1 instances: 
[INFO][abstract_intensifier.py:630] Added config cbb978 and rejected config ed9eb0 as incumbent because it is not better than the incumbents on 1 instances: 
[INFO][abstract_intensifier.py:630] Added config 857611 and rejected config cbb978 as incumbent because it is not better than the incumbents on 1 instances: 
[INFO][smbo.py:334] Finished 50 trials.
[INFO][abstract_intensifier.py:630] Added config c8016f and rejected config 857611 as incumbent because it is not better than the incumbents on 1 instances: 
[INFO][abstract_intensifier.py:630] Added config c51ed2 and rejected config c8016f as incumbent because it is not better than the incumbents on 1 instances: 
[INFO][abstract_intensifier.py:630] Added config de5775 and rejected config c51ed2 as incumbent because it is not better than the incumbents on 1 instances: 
[INFO][abstract_intensifier.py:630] Added config 85505d and rejected config de5775 as incumbent because it is not better than the incumbents on 1 instances: 
[INFO][abstract_intensifier.py:630] Added config d7230b and rejected config 85505d as incumbent because it is not better than the incumbents on 1 instances: 
[INFO][smbo.py:334] Finished 100 trials.
[BlockwiseMinSamplesLeafCallback] trials=100, block=2, min_samples_leaf=5
[INFO][abstract_intensifier.py:630] Added config 6d26ad and rejected config d7230b as incumbent because it is not better than the incumbents on 1 instances: 
[INFO][abstract_intensifier.py:630] Added config d61f6c and rejected config 6d26ad as incumbent because it is not better than the incumbents on 1 instances: 
[INFO][abstract_intensifier.py:630] Added config fbe2ff and rejected config d61f6c as incumbent because it is not better than the incumbents on 1 instances: 
[INFO][smbo.py:334] Finished 150 trials.
[INFO][abstract_intensifier.py:630] Added config 5b0666 and rejected config fbe2ff as incumbent because it is not better than the incumbents on 1 instances: 
[INFO][abstract_intensifier.py:630] Added config 4dabd1 and rejected config 5b0666 as incumbent because it is not better than the incumbents on 1 instances: 
[INFO][smbo.py:334] Finished 200 trials.
[BlockwiseMinSamplesLeafCallback] trials=200, block=3, min_samples_leaf=2
[INFO][abstract_intensifier.py:630] Added config f15b72 and rejected config 4dabd1 as incumbent because it is not better than the incumbents on 1 instances: 
[INFO][abstract_intensifier.py:630] Added config 4b5507 and rejected config f15b72 as incumbent because it is not better than the incumbents on 1 instances: 
[INFO][abstract_intensifier.py:630] Added config a87c7d and rejected config 4b5507 as incumbent because it is not better than the incumbents on 1 instances: 
[INFO][abstract_intensifier.py:630] Added config 86de43 and rejected config a87c7d as incumbent because it is not better than the incumbents on 1 instances: 
[INFO][abstract_intensifier.py:630] Added config f6c21b and rejected config 86de43 as incumbent because it is not better than the incumbents on 1 instances: 
[INFO][smbo.py:334] Finished 250 trials.
[INFO][abstract_intensifier.py:630] Added config c75a8e and rejected config f6c21b as incumbent because it is not better than the incumbents on 1 instances: 
[INFO][smbo.py:334] Finished 300 trials.
[INFO][abstract_intensifier.py:630] Added config b887ae and rejected config c75a8e as incumbent because it is not better than the incumbents on 1 instances: 
[INFO][abstract_intensifier.py:630] Added config 721286 and rejected config b887ae as incumbent because it is not better than the incumbents on 1 instances: 
[INFO][abstract_intensifier.py:630] Added config 3bdb5f and rejected config 721286 as incumbent because it is not better than the incumbents on 1 instances: 
[INFO][smbo.py:334] Finished 350 trials.
[INFO][abstract_intensifier.py:630] Added config cb089a and rejected config 3bdb5f as incumbent because it is not better than the incumbents on 1 instances: 
[INFO][abstract_intensifier.py:630] Added config 9f4134 and rejected config cb089a as incumbent because it is not better than the incumbents on 1 instances: 
[INFO][abstract_intensifier.py:630] Added config 1b5741 and rejected config 9f4134 as incumbent because it is not better than the incumbents on 1 instances: 
[INFO][smbo.py:334] Finished 400 trials.
[INFO][smbo.py:342] Configuration budget is exhausted:
[INFO][smbo.py:343] --- Remaining wallclock time: inf
[INFO][smbo.py:344] --- Remaining cpu time: inf
[INFO][smbo.py:345] --- Remaining trials: 0
policy=(2, 5, 2, 2), seed=4, incumbent_cost=-3.287291604364295
Configuration(values={
  'x1': 0.1499779347642,
  'x2': 0.1435828270609,
  'x3': 0.47667404389,
  'x4': 0.2700029953211,
  'x5': 0.3160763014592,
  'x6': 0.6561637646664,
})
[batch 15/16] policy=leaf_policy_2_5_2_3, seed=0
[INFO][abstract_initial_design.py:74] Using `n_configs` and ignoring `n_configs_per_hyperparameter`.
[INFO][abstract_initial_design.py:143] Using 25 initial design configurations and 0 additional configurations.
[BlockwiseMinSamplesLeafCallback] trials=0, block=1, min_samples_leaf=2
[INFO][abstract_intensifier.py:313] Using only one seed for deterministic scenario.
[INFO][abstract_intensifier.py:523] Added config 250a07 as new incumbent because there are no incumbents yet.
[INFO][abstract_intensifier.py:630] Added config 9895f5 and rejected config 250a07 as incumbent because it is not better than the incumbents on 1 instances: 
[INFO][abstract_intensifier.py:630] Added config 6ed6e4 and rejected config 9895f5 as incumbent because it is not better than the incumbents on 1 instances: 
[INFO][abstract_intensifier.py:630] Added config 718a9a and rejected config 6ed6e4 as incumbent because it is not better than the incumbents on 1 instances: 
[INFO][smbo.py:334] Finished 50 trials.
[INFO][abstract_intensifier.py:630] Added config 44911e and rejected config 718a9a as incumbent because it is not better than the incumbents on 1 instances: 
[INFO][smbo.py:334] Finished 100 trials.
[BlockwiseMinSamplesLeafCallback] trials=100, block=2, min_samples_leaf=5
[INFO][abstract_intensifier.py:630] Added config 84f02c and rejected config 44911e as incumbent because it is not better than the incumbents on 1 instances: 
[INFO][abstract_intensifier.py:630] Added config db7c88 and rejected config 84f02c as incumbent because it is not better than the incumbents on 1 instances: 
[INFO][smbo.py:334] Finished 150 trials.
[INFO][abstract_intensifier.py:630] Added config aaa38b and rejected config db7c88 as incumbent because it is not better than the incumbents on 1 instances: 
[INFO][abstract_intensifier.py:630] Added config 02920f and rejected config aaa38b as incumbent because it is not better than the incumbents on 1 instances: 
[INFO][abstract_intensifier.py:630] Added config 607d0d and rejected config 02920f as incumbent because it is not better than the incumbents on 1 instances: 
[INFO][smbo.py:334] Finished 200 trials.
[BlockwiseMinSamplesLeafCallback] trials=200, block=3, min_samples_leaf=2
[INFO][abstract_intensifier.py:630] Added config ee9db5 and rejected config 607d0d as incumbent because it is not better than the incumbents on 1 instances: 
[INFO][abstract_intensifier.py:630] Added config 8e329a and rejected config ee9db5 as incumbent because it is not better than the incumbents on 1 instances: 
[INFO][abstract_intensifier.py:630] Added config a727f9 and rejected config 8e329a as incumbent because it is not better than the incumbents on 1 instances: 
[INFO][abstract_intensifier.py:630] Added config 6c048d and rejected config a727f9 as incumbent because it is not better than the incumbents on 1 instances: 
[INFO][abstract_intensifier.py:630] Added config 25e5f3 and rejected config 6c048d as incumbent because it is not better than the incumbents on 1 instances: 
[INFO][abstract_intensifier.py:630] Added config 26e4a3 and rejected config 25e5f3 as incumbent because it is not better than the incumbents on 1 instances: 
[INFO][smbo.py:334] Finished 250 trials.
[INFO][abstract_intensifier.py:630] Added config a20da6 and rejected config 26e4a3 as incumbent because it is not better than the incumbents on 1 instances: 
[INFO][abstract_intensifier.py:630] Added config 00ee70 and rejected config a20da6 as incumbent because it is not better than the incumbents on 1 instances: 
[INFO][abstract_intensifier.py:630] Added config 4b43db and rejected config 00ee70 as incumbent because it is not better than the incumbents on 1 instances: 
[INFO][abstract_intensifier.py:630] Added config 8bc17c and rejected config 4b43db as incumbent because it is not better than the incumbents on 1 instances: 
[INFO][abstract_intensifier.py:630] Added config f8c463 and rejected config 8bc17c as incumbent because it is not better than the incumbents on 1 instances: 
[INFO][smbo.py:334] Finished 300 trials.
[BlockwiseMinSamplesLeafCallback] trials=300, block=4, min_samples_leaf=3
[INFO][abstract_intensifier.py:630] Added config ab9930 and rejected config f8c463 as incumbent because it is not better than the incumbents on 1 instances: 
[INFO][smbo.py:334] Finished 350 trials.
[INFO][smbo.py:334] Finished 400 trials.
[INFO][smbo.py:342] Configuration budget is exhausted:
[INFO][smbo.py:343] --- Remaining wallclock time: inf
[INFO][smbo.py:344] --- Remaining cpu time: inf
[INFO][smbo.py:345] --- Remaining trials: 0
policy=(2, 5, 2, 3), seed=0, incumbent_cost=-3.197099414881769
Configuration(values={
  'x1': 0.4017980273775,
  'x2': 0.8712399837688,
  'x3': 0.8379308310456,
  'x4': 0.5809211375817,
  'x5': 0.0876150257185,
  'x6': 0.0382109385798,
})
[batch 16/16] policy=leaf_policy_2_5_2_3, seed=1
[INFO][abstract_initial_design.py:74] Using `n_configs` and ignoring `n_configs_per_hyperparameter`.
[INFO][abstract_initial_design.py:143] Using 25 initial design configurations and 0 additional configurations.
[BlockwiseMinSamplesLeafCallback] trials=0, block=1, min_samples_leaf=2
[INFO][abstract_intensifier.py:313] Using only one seed for deterministic scenario.
[INFO][abstract_intensifier.py:523] Added config 873002 as new incumbent because there are no incumbents yet.
[INFO][abstract_intensifier.py:630] Added config ce9203 and rejected config 873002 as incumbent because it is not better than the incumbents on 1 instances: 
[INFO][abstract_intensifier.py:630] Added config 1e5f6e and rejected config ce9203 as incumbent because it is not better than the incumbents on 1 instances: 
[INFO][abstract_intensifier.py:630] Added config f55c8b and rejected config 1e5f6e as incumbent because it is not better than the incumbents on 1 instances: 
[INFO][smbo.py:334] Finished 50 trials.
[INFO][abstract_intensifier.py:630] Added config 38b5f6 and rejected config f55c8b as incumbent because it is not better than the incumbents on 1 instances: 
[INFO][abstract_intensifier.py:630] Added config a6c957 and rejected config 38b5f6 as incumbent because it is not better than the incumbents on 1 instances: 
[INFO][abstract_intensifier.py:630] Added config caa4fc and rejected config a6c957 as incumbent because it is not better than the incumbents on 1 instances: 
[INFO][abstract_intensifier.py:630] Added config 9fecad and rejected config caa4fc as incumbent because it is not better than the incumbents on 1 instances: 
[INFO][abstract_intensifier.py:630] Added config 55e009 and rejected config 9fecad as incumbent because it is not better than the incumbents on 1 instances: 
[INFO][abstract_intensifier.py:630] Added config 5c0103 and rejected config 55e009 as incumbent because it is not better than the incumbents on 1 instances: 
[INFO][abstract_intensifier.py:630] Added config 3bb12e and rejected config 5c0103 as incumbent because it is not better than the incumbents on 1 instances: 
[INFO][abstract_intensifier.py:630] Added config 63e31e and rejected config 3bb12e as incumbent because it is not better than the incumbents on 1 instances: 
[INFO][smbo.py:334] Finished 100 trials.
[BlockwiseMinSamplesLeafCallback] trials=100, block=2, min_samples_leaf=5
[INFO][abstract_intensifier.py:630] Added config 3b7024 and rejected config 63e31e as incumbent because it is not better than the incumbents on 1 instances: 
[INFO][smbo.py:334] Finished 150 trials.
[INFO][abstract_intensifier.py:630] Added config 271663 and rejected config 3b7024 as incumbent because it is not better than the incumbents on 1 instances: 
[INFO][abstract_intensifier.py:630] Added config b1f647 and rejected config 271663 as incumbent because it is not better than the incumbents on 1 instances: 
[INFO][abstract_intensifier.py:630] Added config 45056b and rejected config b1f647 as incumbent because it is not better than the incumbents on 1 instances: 
[INFO][smbo.py:334] Finished 200 trials.
[BlockwiseMinSamplesLeafCallback] trials=200, block=3, min_samples_leaf=2
[INFO][abstract_intensifier.py:630] Added config 6c649f and rejected config 45056b as incumbent because it is not better than the incumbents on 1 instances: 
[INFO][smbo.py:334] Finished 250 trials.
[INFO][abstract_intensifier.py:630] Added config 9a42ce and rejected config 6c649f as incumbent because it is not better than the incumbents on 1 instances: 
[INFO][abstract_intensifier.py:630] Added config 00df1e and rejected config 9a42ce as incumbent because it is not better than the incumbents on 1 instances: 
[INFO][abstract_intensifier.py:630] Added config 91a8c9 and rejected config 00df1e as incumbent because it is not better than the incumbents on 1 instances: 
[INFO][smbo.py:334] Finished 300 trials.
[BlockwiseMinSamplesLeafCallback] trials=300, block=4, min_samples_leaf=3
[INFO][abstract_intensifier.py:630] Added config 958938 and rejected config 91a8c9 as incumbent because it is not better than the incumbents on 1 instances: 
[INFO][abstract_intensifier.py:630] Added config 87c4fb and rejected config 958938 as incumbent because it is not better than the incumbents on 1 instances: 
[INFO][smbo.py:334] Finished 350 trials.
[INFO][smbo.py:334] Finished 400 trials.
[INFO][smbo.py:342] Configuration budget is exhausted:
[INFO][smbo.py:343] --- Remaining wallclock time: inf
[INFO][smbo.py:344] --- Remaining cpu time: inf
[INFO][smbo.py:345] --- Remaining trials: 0
policy=(2, 5, 2, 3), seed=1, incumbent_cost=-3.16671173654306
Configuration(values={
  'x1': 0.4038264448536,
  'x2': 0.8776125443579,
  'x3': 0.872007079567,
  'x4': 0.5763826352748,
  'x5': 0.1411681551479,
  'x6': 0.0101994476274,
})
submitit INFO (2026-06-24 01:36:13,231) - Job completed successfully
[INFO][submission.py:56] Job completed successfully
submitit INFO (2026-06-24 01:36:13,240) - Exiting after successful completion
[INFO][submission.py:61] Exiting after successful completion
