submitit INFO (2026-06-24 01:22:38,372) - Starting with JobEnvironment(job_id=1316763_47, hostname=r23m0198.hpc.itc.rwth-aachen.de, local_rank=0(1), node=0(1), global_rank=0(1))
submitit INFO (2026-06-24 01:22:38,372) - Loading pickle: /rwthfs/rz/cluster/home/io632776/experiments/adaptive-smac/logs_bruteforce_leaf_policies/1316763_47_submitted.pkl
Running batch with 16 SMAC runs.
[batch 1/16] policy=leaf_policy_3_2_2_3, seed=2
[INFO][abstract_initial_design.py:143] Using 25 initial design configurations and 0 additional configurations.
[BlockwiseMinSamplesLeafCallback] trials=0, block=1, min_samples_leaf=3
[INFO][abstract_intensifier.py:313] Using only one seed for deterministic scenario.
[INFO][abstract_intensifier.py:523] Added config b9fdb3 as new incumbent because there are no incumbents yet.
[INFO][abstract_intensifier.py:630] Added config 097fb7 and rejected config b9fdb3 as incumbent because it is not better than the incumbents on 1 instances: 
[INFO][abstract_intensifier.py:630] Added config 911f6d and rejected config 097fb7 as incumbent because it is not better than the incumbents on 1 instances: 
[INFO][abstract_intensifier.py:630] Added config 0b476d and rejected config 911f6d as incumbent because it is not better than the incumbents on 1 instances: 
[INFO][abstract_intensifier.py:630] Added config 907a04 and rejected config 0b476d as incumbent because it is not better than the incumbents on 1 instances: 
[INFO][smbo.py:334] Finished 50 trials.
[INFO][abstract_intensifier.py:630] Added config 86093e and rejected config 907a04 as incumbent because it is not better than the incumbents on 1 instances: 
[INFO][abstract_intensifier.py:630] Added config 5ce814 and rejected config 86093e as incumbent because it is not better than the incumbents on 1 instances: 
[INFO][abstract_intensifier.py:630] Added config 3c1b7a and rejected config 5ce814 as incumbent because it is not better than the incumbents on 1 instances: 
[INFO][abstract_intensifier.py:630] Added config d59159 and rejected config 3c1b7a as incumbent because it is not better than the incumbents on 1 instances: 
[INFO][abstract_intensifier.py:630] Added config 056521 and rejected config d59159 as incumbent because it is not better than the incumbents on 1 instances: 
[INFO][abstract_intensifier.py:630] Added config e34570 and rejected config 056521 as incumbent because it is not better than the incumbents on 1 instances: 
[INFO][smbo.py:334] Finished 100 trials.
[BlockwiseMinSamplesLeafCallback] trials=100, block=2, min_samples_leaf=2
[INFO][abstract_intensifier.py:630] Added config 058a3d and rejected config e34570 as incumbent because it is not better than the incumbents on 1 instances: 
[INFO][abstract_intensifier.py:630] Added config ceb1d1 and rejected config 058a3d as incumbent because it is not better than the incumbents on 1 instances: 
[INFO][abstract_intensifier.py:630] Added config ed4519 and rejected config ceb1d1 as incumbent because it is not better than the incumbents on 1 instances: 
[INFO][abstract_intensifier.py:630] Added config 34ad2b and rejected config ed4519 as incumbent because it is not better than the incumbents on 1 instances: 
[INFO][abstract_intensifier.py:630] Added config c805eb and rejected config 34ad2b as incumbent because it is not better than the incumbents on 1 instances: 
[INFO][abstract_intensifier.py:630] Added config b1d60a and rejected config c805eb as incumbent because it is not better than the incumbents on 1 instances: 
[INFO][abstract_intensifier.py:630] Added config fd2520 and rejected config b1d60a as incumbent because it is not better than the incumbents on 1 instances: 
[INFO][smbo.py:334] Finished 150 trials.
[INFO][abstract_intensifier.py:630] Added config 00456f and rejected config fd2520 as incumbent because it is not better than the incumbents on 1 instances: 
[INFO][abstract_intensifier.py:630] Added config dbadc8 and rejected config 00456f as incumbent because it is not better than the incumbents on 1 instances: 
[INFO][smbo.py:334] Finished 200 trials.
[INFO][abstract_intensifier.py:630] Added config c650db and rejected config dbadc8 as incumbent because it is not better than the incumbents on 1 instances: 
[INFO][abstract_intensifier.py:630] Added config 1d7cf0 and rejected config c650db as incumbent because it is not better than the incumbents on 1 instances: 
[INFO][abstract_intensifier.py:630] Added config e779ad and rejected config 1d7cf0 as incumbent because it is not better than the incumbents on 1 instances: 
[INFO][smbo.py:334] Finished 250 trials.
[INFO][abstract_intensifier.py:630] Added config d12cc1 and rejected config e779ad as incumbent because it is not better than the incumbents on 1 instances: 
[INFO][abstract_intensifier.py:630] Added config 952c4e and rejected config d12cc1 as incumbent because it is not better than the incumbents on 1 instances: 
[INFO][abstract_intensifier.py:630] Added config 1fdfb2 and rejected config 952c4e as incumbent because it is not better than the incumbents on 1 instances: 
[INFO][smbo.py:334] Finished 300 trials.
[BlockwiseMinSamplesLeafCallback] trials=300, block=4, min_samples_leaf=3
[INFO][abstract_intensifier.py:630] Added config 4bf336 and rejected config 1fdfb2 as incumbent because it is not better than the incumbents on 1 instances: 
[INFO][abstract_intensifier.py:630] Added config fae7e0 and rejected config 4bf336 as incumbent because it is not better than the incumbents on 1 instances: 
[INFO][smbo.py:334] Finished 350 trials.
[INFO][abstract_intensifier.py:630] Added config 4d6370 and rejected config fae7e0 as incumbent because it is not better than the incumbents on 1 instances: 
[INFO][abstract_intensifier.py:630] Added config 2b1c43 and rejected config 4d6370 as incumbent because it is not better than the incumbents on 1 instances: 
[INFO][abstract_intensifier.py:630] Added config 5a30cb and rejected config 2b1c43 as incumbent because it is not better than the incumbents on 1 instances: 
[INFO][abstract_intensifier.py:630] Added config e182c4 and rejected config 5a30cb as incumbent because it is not better than the incumbents on 1 instances: 
[INFO][abstract_intensifier.py:630] Added config 75a917 and rejected config e182c4 as incumbent because it is not better than the incumbents on 1 instances: 
[INFO][smbo.py:334] Finished 400 trials.
[INFO][smbo.py:342] Configuration budget is exhausted:
[INFO][smbo.py:343] --- Remaining wallclock time: inf
[INFO][smbo.py:344] --- Remaining cpu time: inf
[INFO][smbo.py:345] --- Remaining trials: 0
policy=(3, 2, 2, 3), seed=2, incumbent_cost=-3.315601132062708
Configuration(values={
  'x1': 0.1948002361452,
  'x2': 0.1512655066411,
  'x3': 0.4581266422834,
  'x4': 0.2776885505178,
  'x5': 0.3105279198999,
  'x6': 0.647556678061,
})
[batch 2/16] policy=leaf_policy_3_2_2_3, seed=3
[INFO][abstract_initial_design.py:74] Using `n_configs` and ignoring `n_configs_per_hyperparameter`.
[INFO][abstract_initial_design.py:143] Using 25 initial design configurations and 0 additional configurations.
[BlockwiseMinSamplesLeafCallback] trials=0, block=1, min_samples_leaf=3
[INFO][abstract_intensifier.py:313] Using only one seed for deterministic scenario.
[INFO][abstract_intensifier.py:523] Added config 545df9 as new incumbent because there are no incumbents yet.
[INFO][abstract_intensifier.py:630] Added config 2b45fe and rejected config 545df9 as incumbent because it is not better than the incumbents on 1 instances: 
[INFO][smbo.py:334] Finished 50 trials.
[INFO][abstract_intensifier.py:630] Added config e4ebf6 and rejected config 2b45fe as incumbent because it is not better than the incumbents on 1 instances: 
[INFO][abstract_intensifier.py:630] Added config 1bf46f and rejected config e4ebf6 as incumbent because it is not better than the incumbents on 1 instances: 
[INFO][abstract_intensifier.py:630] Added config e23d0a and rejected config 1bf46f as incumbent because it is not better than the incumbents on 1 instances: 
[INFO][abstract_intensifier.py:630] Added config d41c5e and rejected config e23d0a as incumbent because it is not better than the incumbents on 1 instances: 
[INFO][abstract_intensifier.py:630] Added config ed5248 and rejected config d41c5e as incumbent because it is not better than the incumbents on 1 instances: 
[INFO][abstract_intensifier.py:630] Added config a32eb5 and rejected config ed5248 as incumbent because it is not better than the incumbents on 1 instances: 
[INFO][abstract_intensifier.py:630] Added config 8cf777 and rejected config a32eb5 as incumbent because it is not better than the incumbents on 1 instances: 
[INFO][abstract_intensifier.py:630] Added config 03dea1 and rejected config 8cf777 as incumbent because it is not better than the incumbents on 1 instances: 
[INFO][abstract_intensifier.py:630] Added config f191d2 and rejected config 03dea1 as incumbent because it is not better than the incumbents on 1 instances: 
[INFO][abstract_intensifier.py:630] Added config b96b92 and rejected config f191d2 as incumbent because it is not better than the incumbents on 1 instances: 
[INFO][abstract_intensifier.py:630] Added config 3e81b5 and rejected config b96b92 as incumbent because it is not better than the incumbents on 1 instances: 
[INFO][smbo.py:334] Finished 100 trials.
[BlockwiseMinSamplesLeafCallback] trials=100, block=2, min_samples_leaf=2
[INFO][smbo.py:334] Finished 150 trials.
[INFO][abstract_intensifier.py:630] Added config a61322 and rejected config 3e81b5 as incumbent because it is not better than the incumbents on 1 instances: 
[INFO][abstract_intensifier.py:630] Added config 493080 and rejected config a61322 as incumbent because it is not better than the incumbents on 1 instances: 
[INFO][abstract_intensifier.py:630] Added config 504791 and rejected config 493080 as incumbent because it is not better than the incumbents on 1 instances: 
[INFO][abstract_intensifier.py:630] Added config 96f7f2 and rejected config 504791 as incumbent because it is not better than the incumbents on 1 instances: 
[INFO][smbo.py:334] Finished 200 trials.
[INFO][abstract_intensifier.py:630] Added config 68c5ae and rejected config 96f7f2 as incumbent because it is not better than the incumbents on 1 instances: 
[INFO][smbo.py:334] Finished 250 trials.
[INFO][abstract_intensifier.py:630] Added config 45a903 and rejected config 68c5ae as incumbent because it is not better than the incumbents on 1 instances: 
[INFO][abstract_intensifier.py:630] Added config 9a49ef and rejected config 45a903 as incumbent because it is not better than the incumbents on 1 instances: 
[INFO][abstract_intensifier.py:630] Added config cd51f8 and rejected config 9a49ef as incumbent because it is not better than the incumbents on 1 instances: 
[INFO][abstract_intensifier.py:630] Added config 631fde and rejected config cd51f8 as incumbent because it is not better than the incumbents on 1 instances: 
[INFO][abstract_intensifier.py:630] Added config 47337e and rejected config 631fde as incumbent because it is not better than the incumbents on 1 instances: 
[INFO][abstract_intensifier.py:630] Added config 77dfe6 and rejected config 47337e as incumbent because it is not better than the incumbents on 1 instances: 
[INFO][abstract_intensifier.py:630] Added config 1cf828 and rejected config 77dfe6 as incumbent because it is not better than the incumbents on 1 instances: 
[INFO][abstract_intensifier.py:630] Added config 70e6d6 and rejected config 1cf828 as incumbent because it is not better than the incumbents on 1 instances: 
[INFO][smbo.py:334] Finished 300 trials.
[BlockwiseMinSamplesLeafCallback] trials=300, block=4, min_samples_leaf=3
[INFO][abstract_intensifier.py:630] Added config 3a1ae2 and rejected config 70e6d6 as incumbent because it is not better than the incumbents on 1 instances: 
[INFO][abstract_intensifier.py:630] Added config f6242a and rejected config 3a1ae2 as incumbent because it is not better than the incumbents on 1 instances: 
[INFO][abstract_intensifier.py:630] Added config 338fbb and rejected config f6242a as incumbent because it is not better than the incumbents on 1 instances: 
[INFO][abstract_intensifier.py:630] Added config 40db4d and rejected config 338fbb as incumbent because it is not better than the incumbents on 1 instances: 
[INFO][abstract_intensifier.py:630] Added config fa72e5 and rejected config 40db4d as incumbent because it is not better than the incumbents on 1 instances: 
[INFO][abstract_intensifier.py:630] Added config a1a700 and rejected config fa72e5 as incumbent because it is not better than the incumbents on 1 instances: 
[INFO][smbo.py:334] Finished 350 trials.
[INFO][abstract_intensifier.py:630] Added config f5aa5a and rejected config a1a700 as incumbent because it is not better than the incumbents on 1 instances: 
[INFO][smbo.py:334] Finished 400 trials.
[INFO][smbo.py:342] Configuration budget is exhausted:
[INFO][smbo.py:343] --- Remaining wallclock time: inf
[INFO][smbo.py:344] --- Remaining cpu time: inf
[INFO][smbo.py:345] --- Remaining trials: 0
policy=(3, 2, 2, 3), seed=3, incumbent_cost=-3.193572387770669
Configuration(values={
  'x1': 0.4071315946427,
  'x2': 0.8818313578423,
  'x3': 0.9830157835823,
  'x4': 0.575596255727,
  'x5': 0.0178179363596,
  'x6': 0.030801405583,
})
[batch 3/16] policy=leaf_policy_3_2_2_3, seed=4
[INFO][abstract_initial_design.py:74] Using `n_configs` and ignoring `n_configs_per_hyperparameter`.
[INFO][abstract_initial_design.py:143] Using 25 initial design configurations and 0 additional configurations.
[BlockwiseMinSamplesLeafCallback] trials=0, block=1, min_samples_leaf=3
[INFO][abstract_intensifier.py:313] Using only one seed for deterministic scenario.
[INFO][abstract_intensifier.py:523] Added config 4a153e as new incumbent because there are no incumbents yet.
[INFO][abstract_intensifier.py:630] Added config 73bb85 and rejected config 4a153e as incumbent because it is not better than the incumbents on 1 instances: 
[INFO][abstract_intensifier.py:630] Added config dbd536 and rejected config 73bb85 as incumbent because it is not better than the incumbents on 1 instances: 
[INFO][abstract_intensifier.py:630] Added config ed9eb0 and rejected config dbd536 as incumbent because it is not better than the incumbents on 1 instances: 
[INFO][abstract_intensifier.py:630] Added config 5d45ba and rejected config ed9eb0 as incumbent because it is not better than the incumbents on 1 instances: 
[INFO][abstract_intensifier.py:630] Added config b126d5 and rejected config 5d45ba as incumbent because it is not better than the incumbents on 1 instances: 
[INFO][abstract_intensifier.py:630] Added config f41170 and rejected config b126d5 as incumbent because it is not better than the incumbents on 1 instances: 
[INFO][smbo.py:334] Finished 50 trials.
[INFO][abstract_intensifier.py:630] Added config 7b2136 and rejected config f41170 as incumbent because it is not better than the incumbents on 1 instances: 
[INFO][abstract_intensifier.py:630] Added config af12c8 and rejected config 7b2136 as incumbent because it is not better than the incumbents on 1 instances: 
[INFO][abstract_intensifier.py:630] Added config 669e2a and rejected config af12c8 as incumbent because it is not better than the incumbents on 1 instances: 
[INFO][smbo.py:334] Finished 100 trials.
[BlockwiseMinSamplesLeafCallback] trials=100, block=2, min_samples_leaf=2
[INFO][abstract_intensifier.py:630] Added config 09bc6b and rejected config 669e2a as incumbent because it is not better than the incumbents on 1 instances: 
[INFO][abstract_intensifier.py:630] Added config de690d and rejected config 09bc6b as incumbent because it is not better than the incumbents on 1 instances: 
[INFO][abstract_intensifier.py:630] Added config 07c657 and rejected config de690d as incumbent because it is not better than the incumbents on 1 instances: 
[INFO][smbo.py:334] Finished 150 trials.
[INFO][abstract_intensifier.py:630] Added config c9454e and rejected config 07c657 as incumbent because it is not better than the incumbents on 1 instances: 
[INFO][abstract_intensifier.py:630] Added config cfe5ea and rejected config c9454e as incumbent because it is not better than the incumbents on 1 instances: 
[INFO][smbo.py:334] Finished 200 trials.
[INFO][abstract_intensifier.py:630] Added config ff0599 and rejected config cfe5ea as incumbent because it is not better than the incumbents on 1 instances: 
[INFO][abstract_intensifier.py:630] Added config e5fc2d and rejected config ff0599 as incumbent because it is not better than the incumbents on 1 instances: 
[INFO][abstract_intensifier.py:630] Added config baec1c and rejected config e5fc2d as incumbent because it is not better than the incumbents on 1 instances: 
[INFO][abstract_intensifier.py:630] Added config 652e4c and rejected config baec1c as incumbent because it is not better than the incumbents on 1 instances: 
[INFO][smbo.py:334] Finished 250 trials.
[INFO][abstract_intensifier.py:630] Added config a7a6a2 and rejected config 652e4c as incumbent because it is not better than the incumbents on 1 instances: 
[INFO][abstract_intensifier.py:630] Added config c9ace8 and rejected config a7a6a2 as incumbent because it is not better than the incumbents on 1 instances: 
[INFO][smbo.py:334] Finished 300 trials.
[BlockwiseMinSamplesLeafCallback] trials=300, block=4, min_samples_leaf=3
[INFO][abstract_intensifier.py:630] Added config 93c975 and rejected config c9ace8 as incumbent because it is not better than the incumbents on 1 instances: 
[INFO][abstract_intensifier.py:630] Added config e65e75 and rejected config 93c975 as incumbent because it is not better than the incumbents on 1 instances: 
[INFO][abstract_intensifier.py:630] Added config 714b37 and rejected config e65e75 as incumbent because it is not better than the incumbents on 1 instances: 
[INFO][abstract_intensifier.py:630] Added config 64df73 and rejected config 714b37 as incumbent because it is not better than the incumbents on 1 instances: 
[INFO][abstract_intensifier.py:630] Added config 3e91bc and rejected config 64df73 as incumbent because it is not better than the incumbents on 1 instances: 
[INFO][smbo.py:334] Finished 350 trials.
[INFO][abstract_intensifier.py:630] Added config e3f8d9 and rejected config 3e91bc as incumbent because it is not better than the incumbents on 1 instances: 
[INFO][abstract_intensifier.py:630] Added config 596aaf and rejected config e3f8d9 as incumbent because it is not better than the incumbents on 1 instances: 
[INFO][smbo.py:334] Finished 400 trials.
[INFO][smbo.py:342] Configuration budget is exhausted:
[INFO][smbo.py:343] --- Remaining wallclock time: inf
[INFO][smbo.py:344] --- Remaining cpu time: inf
[INFO][smbo.py:345] --- Remaining trials: 0
policy=(3, 2, 2, 3), seed=4, incumbent_cost=-3.2791025266484053
Configuration(values={
  'x1': 0.1929335080372,
  'x2': 0.0891829632452,
  'x3': 0.4740005509419,
  'x4': 0.275878382827,
  'x5': 0.3103804543477,
  'x6': 0.6523896184894,
})
[batch 4/16] policy=leaf_policy_3_2_2_5, seed=0
[INFO][abstract_initial_design.py:74] Using `n_configs` and ignoring `n_configs_per_hyperparameter`.
[INFO][abstract_initial_design.py:143] Using 25 initial design configurations and 0 additional configurations.
[BlockwiseMinSamplesLeafCallback] trials=0, block=1, min_samples_leaf=3
[INFO][abstract_intensifier.py:313] Using only one seed for deterministic scenario.
[INFO][abstract_intensifier.py:523] Added config 250a07 as new incumbent because there are no incumbents yet.
[INFO][abstract_intensifier.py:630] Added config 9895f5 and rejected config 250a07 as incumbent because it is not better than the incumbents on 1 instances: 
[INFO][abstract_intensifier.py:630] Added config 6ed6e4 and rejected config 9895f5 as incumbent because it is not better than the incumbents on 1 instances: 
[INFO][abstract_intensifier.py:630] Added config 718a9a and rejected config 6ed6e4 as incumbent because it is not better than the incumbents on 1 instances: 
[INFO][smbo.py:334] Finished 50 trials.
[INFO][abstract_intensifier.py:630] Added config 0ce089 and rejected config 718a9a as incumbent because it is not better than the incumbents on 1 instances: 
[INFO][abstract_intensifier.py:630] Added config fe297e and rejected config 0ce089 as incumbent because it is not better than the incumbents on 1 instances: 
[INFO][abstract_intensifier.py:630] Added config 194050 and rejected config fe297e as incumbent because it is not better than the incumbents on 1 instances: 
[INFO][abstract_intensifier.py:630] Added config 779148 and rejected config 194050 as incumbent because it is not better than the incumbents on 1 instances: 
[INFO][abstract_intensifier.py:630] Added config 3b5474 and rejected config 779148 as incumbent because it is not better than the incumbents on 1 instances: 
[INFO][abstract_intensifier.py:630] Added config c8c6cb and rejected config 3b5474 as incumbent because it is not better than the incumbents on 1 instances: 
[INFO][abstract_intensifier.py:630] Added config 1b97ee and rejected config c8c6cb as incumbent because it is not better than the incumbents on 1 instances: 
[INFO][abstract_intensifier.py:630] Added config f0d9c7 and rejected config 1b97ee as incumbent because it is not better than the incumbents on 1 instances: 
[INFO][abstract_intensifier.py:630] Added config 0ddc66 and rejected config f0d9c7 as incumbent because it is not better than the incumbents on 1 instances: 
[INFO][smbo.py:334] Finished 100 trials.
[BlockwiseMinSamplesLeafCallback] trials=100, block=2, min_samples_leaf=2
[INFO][abstract_intensifier.py:630] Added config bf6ea7 and rejected config 0ddc66 as incumbent because it is not better than the incumbents on 1 instances: 
[INFO][abstract_intensifier.py:630] Added config 9231f1 and rejected config bf6ea7 as incumbent because it is not better than the incumbents on 1 instances: 
[INFO][abstract_intensifier.py:630] Added config 4b08f1 and rejected config 9231f1 as incumbent because it is not better than the incumbents on 1 instances: 
[INFO][abstract_intensifier.py:630] Added config 8fa9c9 and rejected config 4b08f1 as incumbent because it is not better than the incumbents on 1 instances: 
[INFO][smbo.py:334] Finished 150 trials.
[INFO][abstract_intensifier.py:630] Added config 779b01 and rejected config 8fa9c9 as incumbent because it is not better than the incumbents on 1 instances: 
[INFO][abstract_intensifier.py:630] Added config 241637 and rejected config 779b01 as incumbent because it is not better than the incumbents on 1 instances: 
[INFO][smbo.py:334] Finished 200 trials.
[INFO][abstract_intensifier.py:630] Added config 0b6fd3 and rejected config 241637 as incumbent because it is not better than the incumbents on 1 instances: 
[INFO][abstract_intensifier.py:630] Added config 10d0fa and rejected config 0b6fd3 as incumbent because it is not better than the incumbents on 1 instances: 
[INFO][abstract_intensifier.py:630] Added config 598b22 and rejected config 10d0fa as incumbent because it is not better than the incumbents on 1 instances: 
[INFO][smbo.py:334] Finished 250 trials.
[INFO][smbo.py:334] Finished 300 trials.
[BlockwiseMinSamplesLeafCallback] trials=300, block=4, min_samples_leaf=5
[INFO][smbo.py:334] Finished 350 trials.
[INFO][abstract_intensifier.py:630] Added config 2d6716 and rejected config 598b22 as incumbent because it is not better than the incumbents on 1 instances: 
[INFO][abstract_intensifier.py:630] Added config ebc401 and rejected config 2d6716 as incumbent because it is not better than the incumbents on 1 instances: 
[INFO][abstract_intensifier.py:630] Added config 620adb and rejected config ebc401 as incumbent because it is not better than the incumbents on 1 instances: 
[INFO][abstract_intensifier.py:630] Added config 72a75d and rejected config 620adb as incumbent because it is not better than the incumbents on 1 instances: 
[INFO][abstract_intensifier.py:630] Added config 79b69d and rejected config 72a75d as incumbent because it is not better than the incumbents on 1 instances: 
[INFO][smbo.py:334] Finished 400 trials.
[INFO][smbo.py:342] Configuration budget is exhausted:
[INFO][smbo.py:343] --- Remaining wallclock time: inf
[INFO][smbo.py:344] --- Remaining cpu time: inf
[INFO][smbo.py:345] --- Remaining trials: 0
policy=(3, 2, 2, 5), seed=0, incumbent_cost=-2.893573972955666
Configuration(values={
  'x1': 0.4118997960775,
  'x2': 0.9943837587993,
  'x3': 0.7970213853668,
  'x4': 0.5737620708695,
  'x5': 0.1749583352038,
  'x6': 0.0432570184829,
})
[batch 5/16] policy=leaf_policy_3_2_2_5, seed=1
[INFO][abstract_initial_design.py:74] Using `n_configs` and ignoring `n_configs_per_hyperparameter`.
[INFO][abstract_initial_design.py:143] Using 25 initial design configurations and 0 additional configurations.
[BlockwiseMinSamplesLeafCallback] trials=0, block=1, min_samples_leaf=3
[INFO][abstract_intensifier.py:313] Using only one seed for deterministic scenario.
[INFO][abstract_intensifier.py:523] Added config 873002 as new incumbent because there are no incumbents yet.
[INFO][abstract_intensifier.py:630] Added config ce9203 and rejected config 873002 as incumbent because it is not better than the incumbents on 1 instances: 
[INFO][abstract_intensifier.py:630] Added config 1e5f6e and rejected config ce9203 as incumbent because it is not better than the incumbents on 1 instances: 
[INFO][abstract_intensifier.py:630] Added config f55c8b and rejected config 1e5f6e as incumbent because it is not better than the incumbents on 1 instances: 
[INFO][smbo.py:334] Finished 50 trials.
[INFO][abstract_intensifier.py:630] Added config a588b7 and rejected config f55c8b as incumbent because it is not better than the incumbents on 1 instances: 
[INFO][abstract_intensifier.py:630] Added config a360c6 and rejected config a588b7 as incumbent because it is not better than the incumbents on 1 instances: 
[INFO][abstract_intensifier.py:630] Added config 1b4d1f and rejected config a360c6 as incumbent because it is not better than the incumbents on 1 instances: 
[INFO][abstract_intensifier.py:630] Added config 1b4c23 and rejected config 1b4d1f as incumbent because it is not better than the incumbents on 1 instances: 
[INFO][smbo.py:334] Finished 100 trials.
[BlockwiseMinSamplesLeafCallback] trials=100, block=2, min_samples_leaf=2
[INFO][abstract_intensifier.py:630] Added config 77212f and rejected config 1b4c23 as incumbent because it is not better than the incumbents on 1 instances: 
[INFO][abstract_intensifier.py:630] Added config 1a1c93 and rejected config 77212f as incumbent because it is not better than the incumbents on 1 instances: 
[INFO][abstract_intensifier.py:630] Added config 366226 and rejected config 1a1c93 as incumbent because it is not better than the incumbents on 1 instances: 
[INFO][abstract_intensifier.py:630] Added config be2572 and rejected config 366226 as incumbent because it is not better than the incumbents on 1 instances: 
[INFO][abstract_intensifier.py:630] Added config b5cc39 and rejected config be2572 as incumbent because it is not better than the incumbents on 1 instances: 
[INFO][smbo.py:334] Finished 150 trials.
[INFO][abstract_intensifier.py:630] Added config 1c5857 and rejected config b5cc39 as incumbent because it is not better than the incumbents on 1 instances: 
[INFO][abstract_intensifier.py:630] Added config e78479 and rejected config 1c5857 as incumbent because it is not better than the incumbents on 1 instances: 
[INFO][abstract_intensifier.py:630] Added config e650aa and rejected config e78479 as incumbent because it is not better than the incumbents on 1 instances: 
[INFO][abstract_intensifier.py:630] Added config 9aa808 and rejected config e650aa as incumbent because it is not better than the incumbents on 1 instances: 
[INFO][abstract_intensifier.py:630] Added config 5cafb5 and rejected config 9aa808 as incumbent because it is not better than the incumbents on 1 instances: 
[INFO][smbo.py:334] Finished 200 trials.
[INFO][abstract_intensifier.py:630] Added config 80e9dc and rejected config 5cafb5 as incumbent because it is not better than the incumbents on 1 instances: 
[INFO][abstract_intensifier.py:630] Added config 0526dd and rejected config 80e9dc as incumbent because it is not better than the incumbents on 1 instances: 
[INFO][abstract_intensifier.py:630] Added config 2f3101 and rejected config 0526dd as incumbent because it is not better than the incumbents on 1 instances: 
[INFO][abstract_intensifier.py:630] Added config 783bcd and rejected config 2f3101 as incumbent because it is not better than the incumbents on 1 instances: 
[INFO][abstract_intensifier.py:630] Added config 9b7d1d and rejected config 783bcd as incumbent because it is not better than the incumbents on 1 instances: 
[INFO][smbo.py:334] Finished 250 trials.
[INFO][abstract_intensifier.py:630] Added config bec86f and rejected config 9b7d1d as incumbent because it is not better than the incumbents on 1 instances: 
[INFO][abstract_intensifier.py:630] Added config 91d9da and rejected config bec86f as incumbent because it is not better than the incumbents on 1 instances: 
[INFO][abstract_intensifier.py:630] Added config 0b2614 and rejected config 91d9da as incumbent because it is not better than the incumbents on 1 instances: 
[INFO][abstract_intensifier.py:630] Added config a54181 and rejected config 0b2614 as incumbent because it is not better than the incumbents on 1 instances: 
[INFO][abstract_intensifier.py:630] Added config 8dc197 and rejected config a54181 as incumbent because it is not better than the incumbents on 1 instances: 
[INFO][smbo.py:334] Finished 300 trials.
[BlockwiseMinSamplesLeafCallback] trials=300, block=4, min_samples_leaf=5
[INFO][smbo.py:334] Finished 350 trials.
[INFO][abstract_intensifier.py:630] Added config 06f9b7 and rejected config 8dc197 as incumbent because it is not better than the incumbents on 1 instances: 
[INFO][abstract_intensifier.py:630] Added config c885a4 and rejected config 06f9b7 as incumbent because it is not better than the incumbents on 1 instances: 
[INFO][abstract_intensifier.py:630] Added config 93b718 and rejected config c885a4 as incumbent because it is not better than the incumbents on 1 instances: 
[INFO][abstract_intensifier.py:630] Added config 0674a8 and rejected config 93b718 as incumbent because it is not better than the incumbents on 1 instances: 
[INFO][smbo.py:334] Finished 400 trials.
[INFO][smbo.py:342] Configuration budget is exhausted:
[INFO][smbo.py:343] --- Remaining wallclock time: inf
[INFO][smbo.py:344] --- Remaining cpu time: inf
[INFO][smbo.py:345] --- Remaining trials: 0
policy=(3, 2, 2, 5), seed=1, incumbent_cost=-3.196605111076436
Configuration(values={
  'x1': 0.4048154756585,
  'x2': 0.8832259249191,
  'x3': 0.933142917038,
  'x4': 0.5736264520103,
  'x5': 0.0006527150005,
  'x6': 0.0372818937037,
})
[batch 6/16] policy=leaf_policy_3_2_2_5, seed=2
[INFO][abstract_initial_design.py:74] Using `n_configs` and ignoring `n_configs_per_hyperparameter`.
[INFO][abstract_initial_design.py:143] Using 25 initial design configurations and 0 additional configurations.
[BlockwiseMinSamplesLeafCallback] trials=0, block=1, min_samples_leaf=3
[INFO][abstract_intensifier.py:313] Using only one seed for deterministic scenario.
[INFO][abstract_intensifier.py:523] Added config b9fdb3 as new incumbent because there are no incumbents yet.
[INFO][abstract_intensifier.py:630] Added config 097fb7 and rejected config b9fdb3 as incumbent because it is not better than the incumbents on 1 instances: 
[INFO][abstract_intensifier.py:630] Added config 911f6d and rejected config 097fb7 as incumbent because it is not better than the incumbents on 1 instances: 
[INFO][abstract_intensifier.py:630] Added config 0b476d and rejected config 911f6d as incumbent because it is not better than the incumbents on 1 instances: 
[INFO][abstract_intensifier.py:630] Added config 907a04 and rejected config 0b476d as incumbent because it is not better than the incumbents on 1 instances: 
[INFO][smbo.py:334] Finished 50 trials.
[INFO][abstract_intensifier.py:630] Added config 86093e and rejected config 907a04 as incumbent because it is not better than the incumbents on 1 instances: 
[INFO][abstract_intensifier.py:630] Added config 5ce814 and rejected config 86093e as incumbent because it is not better than the incumbents on 1 instances: 
[INFO][abstract_intensifier.py:630] Added config 3c1b7a and rejected config 5ce814 as incumbent because it is not better than the incumbents on 1 instances: 
[INFO][abstract_intensifier.py:630] Added config d59159 and rejected config 3c1b7a as incumbent because it is not better than the incumbents on 1 instances: 
[INFO][abstract_intensifier.py:630] Added config 056521 and rejected config d59159 as incumbent because it is not better than the incumbents on 1 instances: 
[INFO][abstract_intensifier.py:630] Added config e34570 and rejected config 056521 as incumbent because it is not better than the incumbents on 1 instances: 
[INFO][smbo.py:334] Finished 100 trials.
[BlockwiseMinSamplesLeafCallback] trials=100, block=2, min_samples_leaf=2
[INFO][abstract_intensifier.py:630] Added config 058a3d and rejected config e34570 as incumbent because it is not better than the incumbents on 1 instances: 
[INFO][abstract_intensifier.py:630] Added config ceb1d1 and rejected config 058a3d as incumbent because it is not better than the incumbents on 1 instances: 
[INFO][abstract_intensifier.py:630] Added config ed4519 and rejected config ceb1d1 as incumbent because it is not better than the incumbents on 1 instances: 
[INFO][abstract_intensifier.py:630] Added config 34ad2b and rejected config ed4519 as incumbent because it is not better than the incumbents on 1 instances: 
[INFO][abstract_intensifier.py:630] Added config c805eb and rejected config 34ad2b as incumbent because it is not better than the incumbents on 1 instances: 
[INFO][abstract_intensifier.py:630] Added config b1d60a and rejected config c805eb as incumbent because it is not better than the incumbents on 1 instances: 
[INFO][abstract_intensifier.py:630] Added config fd2520 and rejected config b1d60a as incumbent because it is not better than the incumbents on 1 instances: 
[INFO][smbo.py:334] Finished 150 trials.
[INFO][abstract_intensifier.py:630] Added config 00456f and rejected config fd2520 as incumbent because it is not better than the incumbents on 1 instances: 
[INFO][abstract_intensifier.py:630] Added config dbadc8 and rejected config 00456f as incumbent because it is not better than the incumbents on 1 instances: 
[INFO][smbo.py:334] Finished 200 trials.
[INFO][abstract_intensifier.py:630] Added config c650db and rejected config dbadc8 as incumbent because it is not better than the incumbents on 1 instances: 
[INFO][abstract_intensifier.py:630] Added config 1d7cf0 and rejected config c650db as incumbent because it is not better than the incumbents on 1 instances: 
[INFO][abstract_intensifier.py:630] Added config e779ad and rejected config 1d7cf0 as incumbent because it is not better than the incumbents on 1 instances: 
[INFO][smbo.py:334] Finished 250 trials.
[INFO][abstract_intensifier.py:630] Added config d12cc1 and rejected config e779ad as incumbent because it is not better than the incumbents on 1 instances: 
[INFO][abstract_intensifier.py:630] Added config 952c4e and rejected config d12cc1 as incumbent because it is not better than the incumbents on 1 instances: 
[INFO][abstract_intensifier.py:630] Added config 1fdfb2 and rejected config 952c4e as incumbent because it is not better than the incumbents on 1 instances: 
[INFO][smbo.py:334] Finished 300 trials.
[BlockwiseMinSamplesLeafCallback] trials=300, block=4, min_samples_leaf=5
[INFO][abstract_intensifier.py:630] Added config 4bf336 and rejected config 1fdfb2 as incumbent because it is not better than the incumbents on 1 instances: 
[INFO][abstract_intensifier.py:630] Added config 662c1e and rejected config 4bf336 as incumbent because it is not better than the incumbents on 1 instances: 
[INFO][abstract_intensifier.py:630] Added config eed1ef and rejected config 662c1e as incumbent because it is not better than the incumbents on 1 instances: 
[INFO][abstract_intensifier.py:630] Added config 9ca4b2 and rejected config eed1ef as incumbent because it is not better than the incumbents on 1 instances: 
[INFO][abstract_intensifier.py:630] Added config 1a38ab and rejected config 9ca4b2 as incumbent because it is not better than the incumbents on 1 instances: 
[INFO][abstract_intensifier.py:630] Added config c2d18b and rejected config 1a38ab as incumbent because it is not better than the incumbents on 1 instances: 
[INFO][smbo.py:334] Finished 350 trials.
[INFO][smbo.py:334] Finished 400 trials.
[INFO][smbo.py:342] Configuration budget is exhausted:
[INFO][smbo.py:343] --- Remaining wallclock time: inf
[INFO][smbo.py:344] --- Remaining cpu time: inf
[INFO][smbo.py:345] --- Remaining trials: 0
policy=(3, 2, 2, 5), seed=2, incumbent_cost=-3.3063719024177622
Configuration(values={
  'x1': 0.2078471950816,
  'x2': 0.1367127871396,
  'x3': 0.4542965142088,
  'x4': 0.2837550209016,
  'x5': 0.3152703817397,
  'x6': 0.6413095112415,
})
[batch 7/16] policy=leaf_policy_3_2_2_5, seed=3
[INFO][abstract_initial_design.py:74] Using `n_configs` and ignoring `n_configs_per_hyperparameter`.
[INFO][abstract_initial_design.py:143] Using 25 initial design configurations and 0 additional configurations.
[BlockwiseMinSamplesLeafCallback] trials=0, block=1, min_samples_leaf=3
[INFO][abstract_intensifier.py:313] Using only one seed for deterministic scenario.
[INFO][abstract_intensifier.py:523] Added config 545df9 as new incumbent because there are no incumbents yet.
[INFO][abstract_intensifier.py:630] Added config 2b45fe and rejected config 545df9 as incumbent because it is not better than the incumbents on 1 instances: 
[INFO][smbo.py:334] Finished 50 trials.
[INFO][abstract_intensifier.py:630] Added config e4ebf6 and rejected config 2b45fe as incumbent because it is not better than the incumbents on 1 instances: 
[INFO][abstract_intensifier.py:630] Added config 1bf46f and rejected config e4ebf6 as incumbent because it is not better than the incumbents on 1 instances: 
[INFO][abstract_intensifier.py:630] Added config e23d0a and rejected config 1bf46f as incumbent because it is not better than the incumbents on 1 instances: 
[INFO][abstract_intensifier.py:630] Added config d41c5e and rejected config e23d0a as incumbent because it is not better than the incumbents on 1 instances: 
[INFO][abstract_intensifier.py:630] Added config ed5248 and rejected config d41c5e as incumbent because it is not better than the incumbents on 1 instances: 
[INFO][abstract_intensifier.py:630] Added config a32eb5 and rejected config ed5248 as incumbent because it is not better than the incumbents on 1 instances: 
[INFO][abstract_intensifier.py:630] Added config 8cf777 and rejected config a32eb5 as incumbent because it is not better than the incumbents on 1 instances: 
[INFO][abstract_intensifier.py:630] Added config 03dea1 and rejected config 8cf777 as incumbent because it is not better than the incumbents on 1 instances: 
[INFO][abstract_intensifier.py:630] Added config f191d2 and rejected config 03dea1 as incumbent because it is not better than the incumbents on 1 instances: 
[INFO][abstract_intensifier.py:630] Added config b96b92 and rejected config f191d2 as incumbent because it is not better than the incumbents on 1 instances: 
[INFO][abstract_intensifier.py:630] Added config 3e81b5 and rejected config b96b92 as incumbent because it is not better than the incumbents on 1 instances: 
[INFO][smbo.py:334] Finished 100 trials.
[BlockwiseMinSamplesLeafCallback] trials=100, block=2, min_samples_leaf=2
[INFO][smbo.py:334] Finished 150 trials.
[INFO][abstract_intensifier.py:630] Added config a61322 and rejected config 3e81b5 as incumbent because it is not better than the incumbents on 1 instances: 
[INFO][abstract_intensifier.py:630] Added config 493080 and rejected config a61322 as incumbent because it is not better than the incumbents on 1 instances: 
[INFO][abstract_intensifier.py:630] Added config 504791 and rejected config 493080 as incumbent because it is not better than the incumbents on 1 instances: 
[INFO][abstract_intensifier.py:630] Added config 96f7f2 and rejected config 504791 as incumbent because it is not better than the incumbents on 1 instances: 
[INFO][smbo.py:334] Finished 200 trials.
[INFO][abstract_intensifier.py:630] Added config 68c5ae and rejected config 96f7f2 as incumbent because it is not better than the incumbents on 1 instances: 
[INFO][smbo.py:334] Finished 250 trials.
[INFO][abstract_intensifier.py:630] Added config 45a903 and rejected config 68c5ae as incumbent because it is not better than the incumbents on 1 instances: 
[INFO][abstract_intensifier.py:630] Added config 9a49ef and rejected config 45a903 as incumbent because it is not better than the incumbents on 1 instances: 
[INFO][abstract_intensifier.py:630] Added config cd51f8 and rejected config 9a49ef as incumbent because it is not better than the incumbents on 1 instances: 
[INFO][abstract_intensifier.py:630] Added config 631fde and rejected config cd51f8 as incumbent because it is not better than the incumbents on 1 instances: 
[INFO][abstract_intensifier.py:630] Added config 47337e and rejected config 631fde as incumbent because it is not better than the incumbents on 1 instances: 
[INFO][abstract_intensifier.py:630] Added config 77dfe6 and rejected config 47337e as incumbent because it is not better than the incumbents on 1 instances: 
[INFO][abstract_intensifier.py:630] Added config 1cf828 and rejected config 77dfe6 as incumbent because it is not better than the incumbents on 1 instances: 
[INFO][abstract_intensifier.py:630] Added config 70e6d6 and rejected config 1cf828 as incumbent because it is not better than the incumbents on 1 instances: 
[INFO][smbo.py:334] Finished 300 trials.
[BlockwiseMinSamplesLeafCallback] trials=300, block=4, min_samples_leaf=5
[INFO][abstract_intensifier.py:630] Added config e65734 and rejected config 70e6d6 as incumbent because it is not better than the incumbents on 1 instances: 
[INFO][smbo.py:334] Finished 350 trials.
[INFO][abstract_intensifier.py:630] Added config f10d39 and rejected config e65734 as incumbent because it is not better than the incumbents on 1 instances: 
[INFO][abstract_intensifier.py:630] Added config 5ddf76 and rejected config f10d39 as incumbent because it is not better than the incumbents on 1 instances: 
[INFO][abstract_intensifier.py:630] Added config b59d28 and rejected config 5ddf76 as incumbent because it is not better than the incumbents on 1 instances: 
[INFO][abstract_intensifier.py:630] Added config e253e1 and rejected config b59d28 as incumbent because it is not better than the incumbents on 1 instances: 
[INFO][abstract_intensifier.py:630] Added config 6e62dd and rejected config e253e1 as incumbent because it is not better than the incumbents on 1 instances: 
[INFO][abstract_intensifier.py:630] Added config c88487 and rejected config 6e62dd as incumbent because it is not better than the incumbents on 1 instances: 
[INFO][smbo.py:334] Finished 400 trials.
[INFO][smbo.py:342] Configuration budget is exhausted:
[INFO][smbo.py:343] --- Remaining wallclock time: inf
[INFO][smbo.py:344] --- Remaining cpu time: inf
[INFO][smbo.py:345] --- Remaining trials: 0
policy=(3, 2, 2, 5), seed=3, incumbent_cost=-3.189847452845318
Configuration(values={
  'x1': 0.4042934871944,
  'x2': 0.8766960246104,
  'x3': 0.9751695927183,
  'x4': 0.572189222694,
  'x5': 0.0705359906427,
  'x6': 0.0243872112946,
})
[batch 8/16] policy=leaf_policy_3_2_2_5, seed=4
[INFO][abstract_initial_design.py:74] Using `n_configs` and ignoring `n_configs_per_hyperparameter`.
[INFO][abstract_initial_design.py:143] Using 25 initial design configurations and 0 additional configurations.
[BlockwiseMinSamplesLeafCallback] trials=0, block=1, min_samples_leaf=3
[INFO][abstract_intensifier.py:313] Using only one seed for deterministic scenario.
[INFO][abstract_intensifier.py:523] Added config 4a153e as new incumbent because there are no incumbents yet.
[INFO][abstract_intensifier.py:630] Added config 73bb85 and rejected config 4a153e as incumbent because it is not better than the incumbents on 1 instances: 
[INFO][abstract_intensifier.py:630] Added config dbd536 and rejected config 73bb85 as incumbent because it is not better than the incumbents on 1 instances: 
[INFO][abstract_intensifier.py:630] Added config ed9eb0 and rejected config dbd536 as incumbent because it is not better than the incumbents on 1 instances: 
[INFO][abstract_intensifier.py:630] Added config 5d45ba and rejected config ed9eb0 as incumbent because it is not better than the incumbents on 1 instances: 
[INFO][abstract_intensifier.py:630] Added config b126d5 and rejected config 5d45ba as incumbent because it is not better than the incumbents on 1 instances: 
[INFO][abstract_intensifier.py:630] Added config f41170 and rejected config b126d5 as incumbent because it is not better than the incumbents on 1 instances: 
[INFO][smbo.py:334] Finished 50 trials.
[INFO][abstract_intensifier.py:630] Added config 7b2136 and rejected config f41170 as incumbent because it is not better than the incumbents on 1 instances: 
[INFO][abstract_intensifier.py:630] Added config af12c8 and rejected config 7b2136 as incumbent because it is not better than the incumbents on 1 instances: 
[INFO][abstract_intensifier.py:630] Added config 669e2a and rejected config af12c8 as incumbent because it is not better than the incumbents on 1 instances: 
[INFO][smbo.py:334] Finished 100 trials.
[BlockwiseMinSamplesLeafCallback] trials=100, block=2, min_samples_leaf=2
[INFO][abstract_intensifier.py:630] Added config 09bc6b and rejected config 669e2a as incumbent because it is not better than the incumbents on 1 instances: 
[INFO][abstract_intensifier.py:630] Added config de690d and rejected config 09bc6b as incumbent because it is not better than the incumbents on 1 instances: 
[INFO][abstract_intensifier.py:630] Added config 07c657 and rejected config de690d as incumbent because it is not better than the incumbents on 1 instances: 
[INFO][smbo.py:334] Finished 150 trials.
[INFO][abstract_intensifier.py:630] Added config c9454e and rejected config 07c657 as incumbent because it is not better than the incumbents on 1 instances: 
[INFO][abstract_intensifier.py:630] Added config cfe5ea and rejected config c9454e as incumbent because it is not better than the incumbents on 1 instances: 
[INFO][smbo.py:334] Finished 200 trials.
[INFO][abstract_intensifier.py:630] Added config ff0599 and rejected config cfe5ea as incumbent because it is not better than the incumbents on 1 instances: 
[INFO][abstract_intensifier.py:630] Added config e5fc2d and rejected config ff0599 as incumbent because it is not better than the incumbents on 1 instances: 
[INFO][abstract_intensifier.py:630] Added config baec1c and rejected config e5fc2d as incumbent because it is not better than the incumbents on 1 instances: 
[INFO][abstract_intensifier.py:630] Added config 652e4c and rejected config baec1c as incumbent because it is not better than the incumbents on 1 instances: 
[INFO][smbo.py:334] Finished 250 trials.
[INFO][abstract_intensifier.py:630] Added config a7a6a2 and rejected config 652e4c as incumbent because it is not better than the incumbents on 1 instances: 
[INFO][abstract_intensifier.py:630] Added config c9ace8 and rejected config a7a6a2 as incumbent because it is not better than the incumbents on 1 instances: 
[INFO][smbo.py:334] Finished 300 trials.
[BlockwiseMinSamplesLeafCallback] trials=300, block=4, min_samples_leaf=5
[INFO][abstract_intensifier.py:630] Added config 3c6cb2 and rejected config c9ace8 as incumbent because it is not better than the incumbents on 1 instances: 
[INFO][abstract_intensifier.py:630] Added config c23868 and rejected config 3c6cb2 as incumbent because it is not better than the incumbents on 1 instances: 
[INFO][abstract_intensifier.py:630] Added config 993b2e and rejected config c23868 as incumbent because it is not better than the incumbents on 1 instances: 
[INFO][smbo.py:334] Finished 350 trials.
[INFO][abstract_intensifier.py:630] Added config 20a253 and rejected config 993b2e as incumbent because it is not better than the incumbents on 1 instances: 
[INFO][abstract_intensifier.py:630] Added config 5cd144 and rejected config 20a253 as incumbent because it is not better than the incumbents on 1 instances: 
[INFO][abstract_intensifier.py:630] Added config 3e0f22 and rejected config 5cd144 as incumbent because it is not better than the incumbents on 1 instances: 
[INFO][abstract_intensifier.py:630] Added config 4672e8 and rejected config 3e0f22 as incumbent because it is not better than the incumbents on 1 instances: 
[INFO][abstract_intensifier.py:630] Added config 353403 and rejected config 4672e8 as incumbent because it is not better than the incumbents on 1 instances: 
[INFO][abstract_intensifier.py:630] Added config 53f106 and rejected config 353403 as incumbent because it is not better than the incumbents on 1 instances: 
[INFO][smbo.py:334] Finished 400 trials.
[INFO][smbo.py:342] Configuration budget is exhausted:
[INFO][smbo.py:343] --- Remaining wallclock time: inf
[INFO][smbo.py:344] --- Remaining cpu time: inf
[INFO][smbo.py:345] --- Remaining trials: 0
policy=(3, 2, 2, 5), seed=4, incumbent_cost=-3.277042071418945
Configuration(values={
  'x1': 0.1971483841302,
  'x2': 0.0898477207483,
  'x3': 0.453692660559,
  'x4': 0.2754068723187,
  'x5': 0.3123458976666,
  'x6': 0.6564962690543,
})
[batch 9/16] policy=leaf_policy_3_2_3_1, seed=0
[INFO][abstract_initial_design.py:74] Using `n_configs` and ignoring `n_configs_per_hyperparameter`.
[INFO][abstract_initial_design.py:143] Using 25 initial design configurations and 0 additional configurations.
[BlockwiseMinSamplesLeafCallback] trials=0, block=1, min_samples_leaf=3
[INFO][abstract_intensifier.py:313] Using only one seed for deterministic scenario.
[INFO][abstract_intensifier.py:523] Added config 250a07 as new incumbent because there are no incumbents yet.
[INFO][abstract_intensifier.py:630] Added config 9895f5 and rejected config 250a07 as incumbent because it is not better than the incumbents on 1 instances: 
[INFO][abstract_intensifier.py:630] Added config 6ed6e4 and rejected config 9895f5 as incumbent because it is not better than the incumbents on 1 instances: 
[INFO][abstract_intensifier.py:630] Added config 718a9a and rejected config 6ed6e4 as incumbent because it is not better than the incumbents on 1 instances: 
[INFO][smbo.py:334] Finished 50 trials.
[INFO][abstract_intensifier.py:630] Added config 0ce089 and rejected config 718a9a as incumbent because it is not better than the incumbents on 1 instances: 
[INFO][abstract_intensifier.py:630] Added config fe297e and rejected config 0ce089 as incumbent because it is not better than the incumbents on 1 instances: 
[INFO][abstract_intensifier.py:630] Added config 194050 and rejected config fe297e as incumbent because it is not better than the incumbents on 1 instances: 
[INFO][abstract_intensifier.py:630] Added config 779148 and rejected config 194050 as incumbent because it is not better than the incumbents on 1 instances: 
[INFO][abstract_intensifier.py:630] Added config 3b5474 and rejected config 779148 as incumbent because it is not better than the incumbents on 1 instances: 
[INFO][abstract_intensifier.py:630] Added config c8c6cb and rejected config 3b5474 as incumbent because it is not better than the incumbents on 1 instances: 
[INFO][abstract_intensifier.py:630] Added config 1b97ee and rejected config c8c6cb as incumbent because it is not better than the incumbents on 1 instances: 
[INFO][abstract_intensifier.py:630] Added config f0d9c7 and rejected config 1b97ee as incumbent because it is not better than the incumbents on 1 instances: 
[INFO][abstract_intensifier.py:630] Added config 0ddc66 and rejected config f0d9c7 as incumbent because it is not better than the incumbents on 1 instances: 
[INFO][smbo.py:334] Finished 100 trials.
[BlockwiseMinSamplesLeafCallback] trials=100, block=2, min_samples_leaf=2
[INFO][abstract_intensifier.py:630] Added config bf6ea7 and rejected config 0ddc66 as incumbent because it is not better than the incumbents on 1 instances: 
[INFO][abstract_intensifier.py:630] Added config 9231f1 and rejected config bf6ea7 as incumbent because it is not better than the incumbents on 1 instances: 
[INFO][abstract_intensifier.py:630] Added config 4b08f1 and rejected config 9231f1 as incumbent because it is not better than the incumbents on 1 instances: 
[INFO][abstract_intensifier.py:630] Added config 8fa9c9 and rejected config 4b08f1 as incumbent because it is not better than the incumbents on 1 instances: 
[INFO][smbo.py:334] Finished 150 trials.
[INFO][abstract_intensifier.py:630] Added config 779b01 and rejected config 8fa9c9 as incumbent because it is not better than the incumbents on 1 instances: 
[INFO][abstract_intensifier.py:630] Added config 241637 and rejected config 779b01 as incumbent because it is not better than the incumbents on 1 instances: 
[INFO][smbo.py:334] Finished 200 trials.
[BlockwiseMinSamplesLeafCallback] trials=200, block=3, min_samples_leaf=3
[INFO][abstract_intensifier.py:630] Added config 5b4977 and rejected config 241637 as incumbent because it is not better than the incumbents on 1 instances: 
[INFO][abstract_intensifier.py:630] Added config af94c9 and rejected config 5b4977 as incumbent because it is not better than the incumbents on 1 instances: 
[INFO][abstract_intensifier.py:630] Added config 5835da and rejected config af94c9 as incumbent because it is not better than the incumbents on 1 instances: 
[INFO][smbo.py:334] Finished 250 trials.
[INFO][abstract_intensifier.py:630] Added config 6cc1d3 and rejected config 5835da as incumbent because it is not better than the incumbents on 1 instances: 
[INFO][abstract_intensifier.py:630] Added config e3adf5 and rejected config 6cc1d3 as incumbent because it is not better than the incumbents on 1 instances: 
[INFO][abstract_intensifier.py:630] Added config c83357 and rejected config e3adf5 as incumbent because it is not better than the incumbents on 1 instances: 
[INFO][abstract_intensifier.py:630] Added config 5ed053 and rejected config c83357 as incumbent because it is not better than the incumbents on 1 instances: 
[INFO][smbo.py:334] Finished 300 trials.
[BlockwiseMinSamplesLeafCallback] trials=300, block=4, min_samples_leaf=1
[INFO][abstract_intensifier.py:630] Added config 54c667 and rejected config 5ed053 as incumbent because it is not better than the incumbents on 1 instances: 
[INFO][smbo.py:334] Finished 350 trials.
[INFO][abstract_intensifier.py:630] Added config 6cb1ef and rejected config 54c667 as incumbent because it is not better than the incumbents on 1 instances: 
[INFO][abstract_intensifier.py:630] Added config e70952 and rejected config 6cb1ef as incumbent because it is not better than the incumbents on 1 instances: 
[INFO][abstract_intensifier.py:630] Added config bb36a3 and rejected config e70952 as incumbent because it is not better than the incumbents on 1 instances: 
[INFO][abstract_intensifier.py:630] Added config 3d5a2e and rejected config bb36a3 as incumbent because it is not better than the incumbents on 1 instances: 
[INFO][smbo.py:334] Finished 400 trials.
[INFO][smbo.py:342] Configuration budget is exhausted:
[INFO][smbo.py:343] --- Remaining wallclock time: inf
[INFO][smbo.py:344] --- Remaining cpu time: inf
[INFO][smbo.py:345] --- Remaining trials: 0
policy=(3, 2, 3, 1), seed=0, incumbent_cost=-2.8973142387314206
Configuration(values={
  'x1': 0.4051042404775,
  'x2': 0.9944609499822,
  'x3': 0.8332012490842,
  'x4': 0.5744304281007,
  'x5': 0.1562829252973,
  'x6': 0.0361914193726,
})
[batch 10/16] policy=leaf_policy_3_2_3_1, seed=1
[INFO][abstract_initial_design.py:74] Using `n_configs` and ignoring `n_configs_per_hyperparameter`.
[INFO][abstract_initial_design.py:143] Using 25 initial design configurations and 0 additional configurations.
[BlockwiseMinSamplesLeafCallback] trials=0, block=1, min_samples_leaf=3
[INFO][abstract_intensifier.py:313] Using only one seed for deterministic scenario.
[INFO][abstract_intensifier.py:523] Added config 873002 as new incumbent because there are no incumbents yet.
[INFO][abstract_intensifier.py:630] Added config ce9203 and rejected config 873002 as incumbent because it is not better than the incumbents on 1 instances: 
[INFO][abstract_intensifier.py:630] Added config 1e5f6e and rejected config ce9203 as incumbent because it is not better than the incumbents on 1 instances: 
[INFO][abstract_intensifier.py:630] Added config f55c8b and rejected config 1e5f6e as incumbent because it is not better than the incumbents on 1 instances: 
[INFO][smbo.py:334] Finished 50 trials.
[INFO][abstract_intensifier.py:630] Added config a588b7 and rejected config f55c8b as incumbent because it is not better than the incumbents on 1 instances: 
[INFO][abstract_intensifier.py:630] Added config a360c6 and rejected config a588b7 as incumbent because it is not better than the incumbents on 1 instances: 
[INFO][abstract_intensifier.py:630] Added config 1b4d1f and rejected config a360c6 as incumbent because it is not better than the incumbents on 1 instances: 
[INFO][abstract_intensifier.py:630] Added config 1b4c23 and rejected config 1b4d1f as incumbent because it is not better than the incumbents on 1 instances: 
[INFO][smbo.py:334] Finished 100 trials.
[BlockwiseMinSamplesLeafCallback] trials=100, block=2, min_samples_leaf=2
[INFO][abstract_intensifier.py:630] Added config 77212f and rejected config 1b4c23 as incumbent because it is not better than the incumbents on 1 instances: 
[INFO][abstract_intensifier.py:630] Added config 1a1c93 and rejected config 77212f as incumbent because it is not better than the incumbents on 1 instances: 
[INFO][abstract_intensifier.py:630] Added config 366226 and rejected config 1a1c93 as incumbent because it is not better than the incumbents on 1 instances: 
[INFO][abstract_intensifier.py:630] Added config be2572 and rejected config 366226 as incumbent because it is not better than the incumbents on 1 instances: 
[INFO][abstract_intensifier.py:630] Added config b5cc39 and rejected config be2572 as incumbent because it is not better than the incumbents on 1 instances: 
[INFO][smbo.py:334] Finished 150 trials.
[INFO][abstract_intensifier.py:630] Added config 1c5857 and rejected config b5cc39 as incumbent because it is not better than the incumbents on 1 instances: 
[INFO][abstract_intensifier.py:630] Added config e78479 and rejected config 1c5857 as incumbent because it is not better than the incumbents on 1 instances: 
[INFO][abstract_intensifier.py:630] Added config e650aa and rejected config e78479 as incumbent because it is not better than the incumbents on 1 instances: 
[INFO][abstract_intensifier.py:630] Added config 9aa808 and rejected config e650aa as incumbent because it is not better than the incumbents on 1 instances: 
[INFO][abstract_intensifier.py:630] Added config 5cafb5 and rejected config 9aa808 as incumbent because it is not better than the incumbents on 1 instances: 
[INFO][smbo.py:334] Finished 200 trials.
[BlockwiseMinSamplesLeafCallback] trials=200, block=3, min_samples_leaf=3
[INFO][abstract_intensifier.py:630] Added config b35d0a and rejected config 5cafb5 as incumbent because it is not better than the incumbents on 1 instances: 
[INFO][abstract_intensifier.py:630] Added config 7696a9 and rejected config b35d0a as incumbent because it is not better than the incumbents on 1 instances: 
[INFO][abstract_intensifier.py:630] Added config ae7dc4 and rejected config 7696a9 as incumbent because it is not better than the incumbents on 1 instances: 
[INFO][abstract_intensifier.py:630] Added config 423a38 and rejected config ae7dc4 as incumbent because it is not better than the incumbents on 1 instances: 
[INFO][abstract_intensifier.py:630] Added config 1179a8 and rejected config 423a38 as incumbent because it is not better than the incumbents on 1 instances: 
[INFO][smbo.py:334] Finished 250 trials.
[INFO][abstract_intensifier.py:630] Added config 6d116b and rejected config 1179a8 as incumbent because it is not better than the incumbents on 1 instances: 
[INFO][abstract_intensifier.py:630] Added config 430eb0 and rejected config 6d116b as incumbent because it is not better than the incumbents on 1 instances: 
[INFO][abstract_intensifier.py:630] Added config 245565 and rejected config 430eb0 as incumbent because it is not better than the incumbents on 1 instances: 
[INFO][abstract_intensifier.py:630] Added config 46d2a7 and rejected config 245565 as incumbent because it is not better than the incumbents on 1 instances: 
[INFO][smbo.py:334] Finished 300 trials.
[BlockwiseMinSamplesLeafCallback] trials=300, block=4, min_samples_leaf=1
[INFO][smbo.py:334] Finished 350 trials.
[INFO][abstract_intensifier.py:630] Added config 7a5390 and rejected config 46d2a7 as incumbent because it is not better than the incumbents on 1 instances: 
[INFO][abstract_intensifier.py:630] Added config c15313 and rejected config 7a5390 as incumbent because it is not better than the incumbents on 1 instances: 
[INFO][abstract_intensifier.py:630] Added config a65253 and rejected config c15313 as incumbent because it is not better than the incumbents on 1 instances: 
[INFO][smbo.py:334] Finished 400 trials.
[INFO][smbo.py:342] Configuration budget is exhausted:
[INFO][smbo.py:343] --- Remaining wallclock time: inf
[INFO][smbo.py:344] --- Remaining cpu time: inf
[INFO][smbo.py:345] --- Remaining trials: 0
policy=(3, 2, 3, 1), seed=1, incumbent_cost=-3.1956552774665425
Configuration(values={
  'x1': 0.4046456006313,
  'x2': 0.8820636778663,
  'x3': 0.8639679209995,
  'x4': 0.578685376048,
  'x5': 0.0066528792474,
  'x6': 0.0322258551398,
})
[batch 11/16] policy=leaf_policy_3_2_3_1, seed=2
[INFO][abstract_initial_design.py:74] Using `n_configs` and ignoring `n_configs_per_hyperparameter`.
[INFO][abstract_initial_design.py:143] Using 25 initial design configurations and 0 additional configurations.
[BlockwiseMinSamplesLeafCallback] trials=0, block=1, min_samples_leaf=3
[INFO][abstract_intensifier.py:313] Using only one seed for deterministic scenario.
[INFO][abstract_intensifier.py:523] Added config b9fdb3 as new incumbent because there are no incumbents yet.
[INFO][abstract_intensifier.py:630] Added config 097fb7 and rejected config b9fdb3 as incumbent because it is not better than the incumbents on 1 instances: 
[INFO][abstract_intensifier.py:630] Added config 911f6d and rejected config 097fb7 as incumbent because it is not better than the incumbents on 1 instances: 
[INFO][abstract_intensifier.py:630] Added config 0b476d and rejected config 911f6d as incumbent because it is not better than the incumbents on 1 instances: 
[INFO][abstract_intensifier.py:630] Added config 907a04 and rejected config 0b476d as incumbent because it is not better than the incumbents on 1 instances: 
[INFO][smbo.py:334] Finished 50 trials.
[INFO][abstract_intensifier.py:630] Added config 86093e and rejected config 907a04 as incumbent because it is not better than the incumbents on 1 instances: 
[INFO][abstract_intensifier.py:630] Added config 5ce814 and rejected config 86093e as incumbent because it is not better than the incumbents on 1 instances: 
[INFO][abstract_intensifier.py:630] Added config 3c1b7a and rejected config 5ce814 as incumbent because it is not better than the incumbents on 1 instances: 
[INFO][abstract_intensifier.py:630] Added config d59159 and rejected config 3c1b7a as incumbent because it is not better than the incumbents on 1 instances: 
[INFO][abstract_intensifier.py:630] Added config 056521 and rejected config d59159 as incumbent because it is not better than the incumbents on 1 instances: 
[INFO][abstract_intensifier.py:630] Added config e34570 and rejected config 056521 as incumbent because it is not better than the incumbents on 1 instances: 
[INFO][smbo.py:334] Finished 100 trials.
[BlockwiseMinSamplesLeafCallback] trials=100, block=2, min_samples_leaf=2
[INFO][abstract_intensifier.py:630] Added config 058a3d and rejected config e34570 as incumbent because it is not better than the incumbents on 1 instances: 
[INFO][abstract_intensifier.py:630] Added config ceb1d1 and rejected config 058a3d as incumbent because it is not better than the incumbents on 1 instances: 
[INFO][abstract_intensifier.py:630] Added config ed4519 and rejected config ceb1d1 as incumbent because it is not better than the incumbents on 1 instances: 
[INFO][abstract_intensifier.py:630] Added config 34ad2b and rejected config ed4519 as incumbent because it is not better than the incumbents on 1 instances: 
[INFO][abstract_intensifier.py:630] Added config c805eb and rejected config 34ad2b as incumbent because it is not better than the incumbents on 1 instances: 
[INFO][abstract_intensifier.py:630] Added config b1d60a and rejected config c805eb as incumbent because it is not better than the incumbents on 1 instances: 
[INFO][abstract_intensifier.py:630] Added config fd2520 and rejected config b1d60a as incumbent because it is not better than the incumbents on 1 instances: 
[INFO][smbo.py:334] Finished 150 trials.
[INFO][abstract_intensifier.py:630] Added config 00456f and rejected config fd2520 as incumbent because it is not better than the incumbents on 1 instances: 
[INFO][abstract_intensifier.py:630] Added config dbadc8 and rejected config 00456f as incumbent because it is not better than the incumbents on 1 instances: 
[INFO][smbo.py:334] Finished 200 trials.
[BlockwiseMinSamplesLeafCallback] trials=200, block=3, min_samples_leaf=3
[INFO][abstract_intensifier.py:630] Added config 516932 and rejected config dbadc8 as incumbent because it is not better than the incumbents on 1 instances: 
[INFO][abstract_intensifier.py:630] Added config 6055e8 and rejected config 516932 as incumbent because it is not better than the incumbents on 1 instances: 
[INFO][abstract_intensifier.py:630] Added config 232e87 and rejected config 6055e8 as incumbent because it is not better than the incumbents on 1 instances: 
[INFO][smbo.py:334] Finished 250 trials.
[INFO][abstract_intensifier.py:630] Added config a8913c and rejected config 232e87 as incumbent because it is not better than the incumbents on 1 instances: 
[INFO][abstract_intensifier.py:630] Added config 41a7db and rejected config a8913c as incumbent because it is not better than the incumbents on 1 instances: 
[INFO][abstract_intensifier.py:630] Added config e5d8da and rejected config 41a7db as incumbent because it is not better than the incumbents on 1 instances: 
[INFO][abstract_intensifier.py:630] Added config d141cc and rejected config e5d8da as incumbent because it is not better than the incumbents on 1 instances: 
[INFO][abstract_intensifier.py:630] Added config ad572e and rejected config d141cc as incumbent because it is not better than the incumbents on 1 instances: 
[INFO][smbo.py:334] Finished 300 trials.
[BlockwiseMinSamplesLeafCallback] trials=300, block=4, min_samples_leaf=1
[INFO][abstract_intensifier.py:630] Added config 8f5480 and rejected config ad572e as incumbent because it is not better than the incumbents on 1 instances: 
[INFO][abstract_intensifier.py:630] Added config db1540 and rejected config 8f5480 as incumbent because it is not better than the incumbents on 1 instances: 
[INFO][smbo.py:334] Finished 350 trials.
[INFO][abstract_intensifier.py:630] Added config 6cd06a and rejected config db1540 as incumbent because it is not better than the incumbents on 1 instances: 
[INFO][abstract_intensifier.py:630] Added config 13d5a7 and rejected config 6cd06a as incumbent because it is not better than the incumbents on 1 instances: 
[INFO][abstract_intensifier.py:630] Added config 0ca8dd and rejected config 13d5a7 as incumbent because it is not better than the incumbents on 1 instances: 
[INFO][smbo.py:334] Finished 400 trials.
[INFO][smbo.py:342] Configuration budget is exhausted:
[INFO][smbo.py:343] --- Remaining wallclock time: inf
[INFO][smbo.py:344] --- Remaining cpu time: inf
[INFO][smbo.py:345] --- Remaining trials: 0
policy=(3, 2, 3, 1), seed=2, incumbent_cost=-3.301921992114182
Configuration(values={
  'x1': 0.2166464699533,
  'x2': 0.1742968342917,
  'x3': 0.495403817825,
  'x4': 0.2662613857239,
  'x5': 0.3018774329045,
  'x6': 0.6537550804955,
})
[batch 12/16] policy=leaf_policy_3_2_3_1, seed=3
[INFO][abstract_initial_design.py:74] Using `n_configs` and ignoring `n_configs_per_hyperparameter`.
[INFO][abstract_initial_design.py:143] Using 25 initial design configurations and 0 additional configurations.
[BlockwiseMinSamplesLeafCallback] trials=0, block=1, min_samples_leaf=3
[INFO][abstract_intensifier.py:313] Using only one seed for deterministic scenario.
[INFO][abstract_intensifier.py:523] Added config 545df9 as new incumbent because there are no incumbents yet.
[INFO][abstract_intensifier.py:630] Added config 2b45fe and rejected config 545df9 as incumbent because it is not better than the incumbents on 1 instances: 
[INFO][smbo.py:334] Finished 50 trials.
[INFO][abstract_intensifier.py:630] Added config e4ebf6 and rejected config 2b45fe as incumbent because it is not better than the incumbents on 1 instances: 
[INFO][abstract_intensifier.py:630] Added config 1bf46f and rejected config e4ebf6 as incumbent because it is not better than the incumbents on 1 instances: 
[INFO][abstract_intensifier.py:630] Added config e23d0a and rejected config 1bf46f as incumbent because it is not better than the incumbents on 1 instances: 
[INFO][abstract_intensifier.py:630] Added config d41c5e and rejected config e23d0a as incumbent because it is not better than the incumbents on 1 instances: 
[INFO][abstract_intensifier.py:630] Added config ed5248 and rejected config d41c5e as incumbent because it is not better than the incumbents on 1 instances: 
[INFO][abstract_intensifier.py:630] Added config a32eb5 and rejected config ed5248 as incumbent because it is not better than the incumbents on 1 instances: 
[INFO][abstract_intensifier.py:630] Added config 8cf777 and rejected config a32eb5 as incumbent because it is not better than the incumbents on 1 instances: 
[INFO][abstract_intensifier.py:630] Added config 03dea1 and rejected config 8cf777 as incumbent because it is not better than the incumbents on 1 instances: 
[INFO][abstract_intensifier.py:630] Added config f191d2 and rejected config 03dea1 as incumbent because it is not better than the incumbents on 1 instances: 
[INFO][abstract_intensifier.py:630] Added config b96b92 and rejected config f191d2 as incumbent because it is not better than the incumbents on 1 instances: 
[INFO][abstract_intensifier.py:630] Added config 3e81b5 and rejected config b96b92 as incumbent because it is not better than the incumbents on 1 instances: 
[INFO][smbo.py:334] Finished 100 trials.
[BlockwiseMinSamplesLeafCallback] trials=100, block=2, min_samples_leaf=2
[INFO][smbo.py:334] Finished 150 trials.
[INFO][abstract_intensifier.py:630] Added config a61322 and rejected config 3e81b5 as incumbent because it is not better than the incumbents on 1 instances: 
[INFO][abstract_intensifier.py:630] Added config 493080 and rejected config a61322 as incumbent because it is not better than the incumbents on 1 instances: 
[INFO][abstract_intensifier.py:630] Added config 504791 and rejected config 493080 as incumbent because it is not better than the incumbents on 1 instances: 
[INFO][abstract_intensifier.py:630] Added config 96f7f2 and rejected config 504791 as incumbent because it is not better than the incumbents on 1 instances: 
[INFO][smbo.py:334] Finished 200 trials.
[BlockwiseMinSamplesLeafCallback] trials=200, block=3, min_samples_leaf=3
[INFO][abstract_intensifier.py:630] Added config 0ba7af and rejected config 96f7f2 as incumbent because it is not better than the incumbents on 1 instances: 
[INFO][abstract_intensifier.py:630] Added config 4e9b3d and rejected config 0ba7af as incumbent because it is not better than the incumbents on 1 instances: 
[INFO][abstract_intensifier.py:630] Added config 8c5793 and rejected config 4e9b3d as incumbent because it is not better than the incumbents on 1 instances: 
[INFO][smbo.py:334] Finished 250 trials.
[INFO][abstract_intensifier.py:630] Added config 2619f8 and rejected config 8c5793 as incumbent because it is not better than the incumbents on 1 instances: 
[INFO][abstract_intensifier.py:630] Added config 1f7037 and rejected config 2619f8 as incumbent because it is not better than the incumbents on 1 instances: 
[INFO][smbo.py:334] Finished 300 trials.
[BlockwiseMinSamplesLeafCallback] trials=300, block=4, min_samples_leaf=1
[INFO][abstract_intensifier.py:630] Added config fd5a2c and rejected config 1f7037 as incumbent because it is not better than the incumbents on 1 instances: 
[INFO][abstract_intensifier.py:630] Added config 0df321 and rejected config fd5a2c as incumbent because it is not better than the incumbents on 1 instances: 
[INFO][abstract_intensifier.py:630] Added config 39b994 and rejected config 0df321 as incumbent because it is not better than the incumbents on 1 instances: 
[INFO][abstract_intensifier.py:630] Added config 7e7ce6 and rejected config 39b994 as incumbent because it is not better than the incumbents on 1 instances: 
[INFO][abstract_intensifier.py:630] Added config d13fbd and rejected config 7e7ce6 as incumbent because it is not better than the incumbents on 1 instances: 
[INFO][smbo.py:334] Finished 350 trials.
[INFO][abstract_intensifier.py:630] Added config bebf8c and rejected config d13fbd as incumbent because it is not better than the incumbents on 1 instances: 
[INFO][abstract_intensifier.py:630] Added config c241a1 and rejected config bebf8c as incumbent because it is not better than the incumbents on 1 instances: 
[INFO][smbo.py:334] Finished 400 trials.
[INFO][smbo.py:342] Configuration budget is exhausted:
[INFO][smbo.py:343] --- Remaining wallclock time: inf
[INFO][smbo.py:344] --- Remaining cpu time: inf
[INFO][smbo.py:345] --- Remaining trials: 0
policy=(3, 2, 3, 1), seed=3, incumbent_cost=-3.1633943683272507
Configuration(values={
  'x1': 0.4080358875713,
  'x2': 0.8801742453551,
  'x3': 0.8628029358689,
  'x4': 0.5718543091833,
  'x5': 0.1496357519168,
  'x6': 0.0089475837809,
})
[batch 13/16] policy=leaf_policy_3_2_3_1, seed=4
[INFO][abstract_initial_design.py:74] Using `n_configs` and ignoring `n_configs_per_hyperparameter`.
[INFO][abstract_initial_design.py:143] Using 25 initial design configurations and 0 additional configurations.
[BlockwiseMinSamplesLeafCallback] trials=0, block=1, min_samples_leaf=3
[INFO][abstract_intensifier.py:313] Using only one seed for deterministic scenario.
[INFO][abstract_intensifier.py:523] Added config 4a153e as new incumbent because there are no incumbents yet.
[INFO][abstract_intensifier.py:630] Added config 73bb85 and rejected config 4a153e as incumbent because it is not better than the incumbents on 1 instances: 
[INFO][abstract_intensifier.py:630] Added config dbd536 and rejected config 73bb85 as incumbent because it is not better than the incumbents on 1 instances: 
[INFO][abstract_intensifier.py:630] Added config ed9eb0 and rejected config dbd536 as incumbent because it is not better than the incumbents on 1 instances: 
[INFO][abstract_intensifier.py:630] Added config 5d45ba and rejected config ed9eb0 as incumbent because it is not better than the incumbents on 1 instances: 
[INFO][abstract_intensifier.py:630] Added config b126d5 and rejected config 5d45ba as incumbent because it is not better than the incumbents on 1 instances: 
[INFO][abstract_intensifier.py:630] Added config f41170 and rejected config b126d5 as incumbent because it is not better than the incumbents on 1 instances: 
[INFO][smbo.py:334] Finished 50 trials.
[INFO][abstract_intensifier.py:630] Added config 7b2136 and rejected config f41170 as incumbent because it is not better than the incumbents on 1 instances: 
[INFO][abstract_intensifier.py:630] Added config af12c8 and rejected config 7b2136 as incumbent because it is not better than the incumbents on 1 instances: 
[INFO][abstract_intensifier.py:630] Added config 669e2a and rejected config af12c8 as incumbent because it is not better than the incumbents on 1 instances: 
[INFO][smbo.py:334] Finished 100 trials.
[BlockwiseMinSamplesLeafCallback] trials=100, block=2, min_samples_leaf=2
[INFO][abstract_intensifier.py:630] Added config 09bc6b and rejected config 669e2a as incumbent because it is not better than the incumbents on 1 instances: 
[INFO][abstract_intensifier.py:630] Added config de690d and rejected config 09bc6b as incumbent because it is not better than the incumbents on 1 instances: 
[INFO][abstract_intensifier.py:630] Added config 07c657 and rejected config de690d as incumbent because it is not better than the incumbents on 1 instances: 
[INFO][smbo.py:334] Finished 150 trials.
[INFO][abstract_intensifier.py:630] Added config c9454e and rejected config 07c657 as incumbent because it is not better than the incumbents on 1 instances: 
[INFO][abstract_intensifier.py:630] Added config cfe5ea and rejected config c9454e as incumbent because it is not better than the incumbents on 1 instances: 
[INFO][smbo.py:334] Finished 200 trials.
[BlockwiseMinSamplesLeafCallback] trials=200, block=3, min_samples_leaf=3
[INFO][abstract_intensifier.py:630] Added config f536ba and rejected config cfe5ea as incumbent because it is not better than the incumbents on 1 instances: 
[INFO][abstract_intensifier.py:630] Added config d60297 and rejected config f536ba as incumbent because it is not better than the incumbents on 1 instances: 
[INFO][abstract_intensifier.py:630] Added config 2b082e and rejected config d60297 as incumbent because it is not better than the incumbents on 1 instances: 
[INFO][smbo.py:334] Finished 250 trials.
[INFO][smbo.py:334] Finished 300 trials.
[BlockwiseMinSamplesLeafCallback] trials=300, block=4, min_samples_leaf=1
[INFO][abstract_intensifier.py:630] Added config b2848c and rejected config 2b082e as incumbent because it is not better than the incumbents on 1 instances: 
[INFO][abstract_intensifier.py:630] Added config b8eea7 and rejected config b2848c as incumbent because it is not better than the incumbents on 1 instances: 
[INFO][abstract_intensifier.py:630] Added config ca3711 and rejected config b8eea7 as incumbent because it is not better than the incumbents on 1 instances: 
[INFO][abstract_intensifier.py:630] Added config ae3ab7 and rejected config ca3711 as incumbent because it is not better than the incumbents on 1 instances: 
[INFO][smbo.py:334] Finished 350 trials.
[INFO][abstract_intensifier.py:630] Added config 3e7330 and rejected config ae3ab7 as incumbent because it is not better than the incumbents on 1 instances: 
[INFO][abstract_intensifier.py:630] Added config 6bc482 and rejected config 3e7330 as incumbent because it is not better than the incumbents on 1 instances: 
[INFO][abstract_intensifier.py:630] Added config 0e1877 and rejected config 6bc482 as incumbent because it is not better than the incumbents on 1 instances: 
[INFO][abstract_intensifier.py:630] Added config dcee8a and rejected config 0e1877 as incumbent because it is not better than the incumbents on 1 instances: 
[INFO][abstract_intensifier.py:630] Added config 53f713 and rejected config dcee8a as incumbent because it is not better than the incumbents on 1 instances: 
[INFO][smbo.py:334] Finished 400 trials.
[INFO][smbo.py:342] Configuration budget is exhausted:
[INFO][smbo.py:343] --- Remaining wallclock time: inf
[INFO][smbo.py:344] --- Remaining cpu time: inf
[INFO][smbo.py:345] --- Remaining trials: 0
policy=(3, 2, 3, 1), seed=4, incumbent_cost=-3.2797923304098067
Configuration(values={
  'x1': 0.2042285384717,
  'x2': 0.0900938575691,
  'x3': 0.4680887416039,
  'x4': 0.2705216175018,
  'x5': 0.3072869537811,
  'x6': 0.6569098737133,
})
[batch 14/16] policy=leaf_policy_3_2_3_2, seed=0
[INFO][abstract_initial_design.py:74] Using `n_configs` and ignoring `n_configs_per_hyperparameter`.
[INFO][abstract_initial_design.py:143] Using 25 initial design configurations and 0 additional configurations.
[BlockwiseMinSamplesLeafCallback] trials=0, block=1, min_samples_leaf=3
[INFO][abstract_intensifier.py:313] Using only one seed for deterministic scenario.
[INFO][abstract_intensifier.py:523] Added config 250a07 as new incumbent because there are no incumbents yet.
[INFO][abstract_intensifier.py:630] Added config 9895f5 and rejected config 250a07 as incumbent because it is not better than the incumbents on 1 instances: 
[INFO][abstract_intensifier.py:630] Added config 6ed6e4 and rejected config 9895f5 as incumbent because it is not better than the incumbents on 1 instances: 
[INFO][abstract_intensifier.py:630] Added config 718a9a and rejected config 6ed6e4 as incumbent because it is not better than the incumbents on 1 instances: 
[INFO][smbo.py:334] Finished 50 trials.
[INFO][abstract_intensifier.py:630] Added config 0ce089 and rejected config 718a9a as incumbent because it is not better than the incumbents on 1 instances: 
[INFO][abstract_intensifier.py:630] Added config fe297e and rejected config 0ce089 as incumbent because it is not better than the incumbents on 1 instances: 
[INFO][abstract_intensifier.py:630] Added config 194050 and rejected config fe297e as incumbent because it is not better than the incumbents on 1 instances: 
[INFO][abstract_intensifier.py:630] Added config 779148 and rejected config 194050 as incumbent because it is not better than the incumbents on 1 instances: 
[INFO][abstract_intensifier.py:630] Added config 3b5474 and rejected config 779148 as incumbent because it is not better than the incumbents on 1 instances: 
[INFO][abstract_intensifier.py:630] Added config c8c6cb and rejected config 3b5474 as incumbent because it is not better than the incumbents on 1 instances: 
[INFO][abstract_intensifier.py:630] Added config 1b97ee and rejected config c8c6cb as incumbent because it is not better than the incumbents on 1 instances: 
[INFO][abstract_intensifier.py:630] Added config f0d9c7 and rejected config 1b97ee as incumbent because it is not better than the incumbents on 1 instances: 
[INFO][abstract_intensifier.py:630] Added config 0ddc66 and rejected config f0d9c7 as incumbent because it is not better than the incumbents on 1 instances: 
[INFO][smbo.py:334] Finished 100 trials.
[BlockwiseMinSamplesLeafCallback] trials=100, block=2, min_samples_leaf=2
[INFO][abstract_intensifier.py:630] Added config bf6ea7 and rejected config 0ddc66 as incumbent because it is not better than the incumbents on 1 instances: 
[INFO][abstract_intensifier.py:630] Added config 9231f1 and rejected config bf6ea7 as incumbent because it is not better than the incumbents on 1 instances: 
[INFO][abstract_intensifier.py:630] Added config 4b08f1 and rejected config 9231f1 as incumbent because it is not better than the incumbents on 1 instances: 
[INFO][abstract_intensifier.py:630] Added config 8fa9c9 and rejected config 4b08f1 as incumbent because it is not better than the incumbents on 1 instances: 
[INFO][smbo.py:334] Finished 150 trials.
[INFO][abstract_intensifier.py:630] Added config 779b01 and rejected config 8fa9c9 as incumbent because it is not better than the incumbents on 1 instances: 
[INFO][abstract_intensifier.py:630] Added config 241637 and rejected config 779b01 as incumbent because it is not better than the incumbents on 1 instances: 
[INFO][smbo.py:334] Finished 200 trials.
[BlockwiseMinSamplesLeafCallback] trials=200, block=3, min_samples_leaf=3
[INFO][abstract_intensifier.py:630] Added config 5b4977 and rejected config 241637 as incumbent because it is not better than the incumbents on 1 instances: 
[INFO][abstract_intensifier.py:630] Added config af94c9 and rejected config 5b4977 as incumbent because it is not better than the incumbents on 1 instances: 
[INFO][abstract_intensifier.py:630] Added config 5835da and rejected config af94c9 as incumbent because it is not better than the incumbents on 1 instances: 
[INFO][smbo.py:334] Finished 250 trials.
[INFO][abstract_intensifier.py:630] Added config 6cc1d3 and rejected config 5835da as incumbent because it is not better than the incumbents on 1 instances: 
[INFO][abstract_intensifier.py:630] Added config e3adf5 and rejected config 6cc1d3 as incumbent because it is not better than the incumbents on 1 instances: 
[INFO][abstract_intensifier.py:630] Added config c83357 and rejected config e3adf5 as incumbent because it is not better than the incumbents on 1 instances: 
[INFO][abstract_intensifier.py:630] Added config 5ed053 and rejected config c83357 as incumbent because it is not better than the incumbents on 1 instances: 
[INFO][smbo.py:334] Finished 300 trials.
[BlockwiseMinSamplesLeafCallback] trials=300, block=4, min_samples_leaf=2
[INFO][abstract_intensifier.py:630] Added config 6bad6c and rejected config 5ed053 as incumbent because it is not better than the incumbents on 1 instances: 
[INFO][smbo.py:334] Finished 350 trials.
[INFO][abstract_intensifier.py:630] Added config 94d1af and rejected config 6bad6c as incumbent because it is not better than the incumbents on 1 instances: 
[INFO][abstract_intensifier.py:630] Added config 53765f and rejected config 94d1af as incumbent because it is not better than the incumbents on 1 instances: 
[INFO][abstract_intensifier.py:630] Added config eae2b7 and rejected config 53765f as incumbent because it is not better than the incumbents on 1 instances: 
[INFO][abstract_intensifier.py:630] Added config e46b59 and rejected config eae2b7 as incumbent because it is not better than the incumbents on 1 instances: 
[INFO][smbo.py:334] Finished 400 trials.
[INFO][smbo.py:342] Configuration budget is exhausted:
[INFO][smbo.py:343] --- Remaining wallclock time: inf
[INFO][smbo.py:344] --- Remaining cpu time: inf
[INFO][smbo.py:345] --- Remaining trials: 0
policy=(3, 2, 3, 2), seed=0, incumbent_cost=-2.897693354088046
Configuration(values={
  'x1': 0.404777427963,
  'x2': 0.9944088994249,
  'x3': 0.8929939565595,
  'x4': 0.5749885474825,
  'x5': 0.0966752841314,
  'x6': 0.0384658647778,
})
[batch 15/16] policy=leaf_policy_3_2_3_2, seed=1
[INFO][abstract_initial_design.py:74] Using `n_configs` and ignoring `n_configs_per_hyperparameter`.
[INFO][abstract_initial_design.py:143] Using 25 initial design configurations and 0 additional configurations.
[BlockwiseMinSamplesLeafCallback] trials=0, block=1, min_samples_leaf=3
[INFO][abstract_intensifier.py:313] Using only one seed for deterministic scenario.
[INFO][abstract_intensifier.py:523] Added config 873002 as new incumbent because there are no incumbents yet.
[INFO][abstract_intensifier.py:630] Added config ce9203 and rejected config 873002 as incumbent because it is not better than the incumbents on 1 instances: 
[INFO][abstract_intensifier.py:630] Added config 1e5f6e and rejected config ce9203 as incumbent because it is not better than the incumbents on 1 instances: 
[INFO][abstract_intensifier.py:630] Added config f55c8b and rejected config 1e5f6e as incumbent because it is not better than the incumbents on 1 instances: 
[INFO][smbo.py:334] Finished 50 trials.
[INFO][abstract_intensifier.py:630] Added config a588b7 and rejected config f55c8b as incumbent because it is not better than the incumbents on 1 instances: 
[INFO][abstract_intensifier.py:630] Added config a360c6 and rejected config a588b7 as incumbent because it is not better than the incumbents on 1 instances: 
[INFO][abstract_intensifier.py:630] Added config 1b4d1f and rejected config a360c6 as incumbent because it is not better than the incumbents on 1 instances: 
[INFO][abstract_intensifier.py:630] Added config 1b4c23 and rejected config 1b4d1f as incumbent because it is not better than the incumbents on 1 instances: 
[INFO][smbo.py:334] Finished 100 trials.
[BlockwiseMinSamplesLeafCallback] trials=100, block=2, min_samples_leaf=2
[INFO][abstract_intensifier.py:630] Added config 77212f and rejected config 1b4c23 as incumbent because it is not better than the incumbents on 1 instances: 
[INFO][abstract_intensifier.py:630] Added config 1a1c93 and rejected config 77212f as incumbent because it is not better than the incumbents on 1 instances: 
[INFO][abstract_intensifier.py:630] Added config 366226 and rejected config 1a1c93 as incumbent because it is not better than the incumbents on 1 instances: 
[INFO][abstract_intensifier.py:630] Added config be2572 and rejected config 366226 as incumbent because it is not better than the incumbents on 1 instances: 
[INFO][abstract_intensifier.py:630] Added config b5cc39 and rejected config be2572 as incumbent because it is not better than the incumbents on 1 instances: 
[INFO][smbo.py:334] Finished 150 trials.
[INFO][abstract_intensifier.py:630] Added config 1c5857 and rejected config b5cc39 as incumbent because it is not better than the incumbents on 1 instances: 
[INFO][abstract_intensifier.py:630] Added config e78479 and rejected config 1c5857 as incumbent because it is not better than the incumbents on 1 instances: 
[INFO][abstract_intensifier.py:630] Added config e650aa and rejected config e78479 as incumbent because it is not better than the incumbents on 1 instances: 
[INFO][abstract_intensifier.py:630] Added config 9aa808 and rejected config e650aa as incumbent because it is not better than the incumbents on 1 instances: 
[INFO][abstract_intensifier.py:630] Added config 5cafb5 and rejected config 9aa808 as incumbent because it is not better than the incumbents on 1 instances: 
[INFO][smbo.py:334] Finished 200 trials.
[BlockwiseMinSamplesLeafCallback] trials=200, block=3, min_samples_leaf=3
[INFO][abstract_intensifier.py:630] Added config b35d0a and rejected config 5cafb5 as incumbent because it is not better than the incumbents on 1 instances: 
[INFO][abstract_intensifier.py:630] Added config 7696a9 and rejected config b35d0a as incumbent because it is not better than the incumbents on 1 instances: 
[INFO][abstract_intensifier.py:630] Added config ae7dc4 and rejected config 7696a9 as incumbent because it is not better than the incumbents on 1 instances: 
[INFO][abstract_intensifier.py:630] Added config 423a38 and rejected config ae7dc4 as incumbent because it is not better than the incumbents on 1 instances: 
[INFO][abstract_intensifier.py:630] Added config 1179a8 and rejected config 423a38 as incumbent because it is not better than the incumbents on 1 instances: 
[INFO][smbo.py:334] Finished 250 trials.
[INFO][abstract_intensifier.py:630] Added config 6d116b and rejected config 1179a8 as incumbent because it is not better than the incumbents on 1 instances: 
[INFO][abstract_intensifier.py:630] Added config 430eb0 and rejected config 6d116b as incumbent because it is not better than the incumbents on 1 instances: 
[INFO][abstract_intensifier.py:630] Added config 245565 and rejected config 430eb0 as incumbent because it is not better than the incumbents on 1 instances: 
[INFO][abstract_intensifier.py:630] Added config 46d2a7 and rejected config 245565 as incumbent because it is not better than the incumbents on 1 instances: 
[INFO][smbo.py:334] Finished 300 trials.
[BlockwiseMinSamplesLeafCallback] trials=300, block=4, min_samples_leaf=2
[INFO][smbo.py:334] Finished 350 trials.
[INFO][abstract_intensifier.py:630] Added config 7c16fb and rejected config 46d2a7 as incumbent because it is not better than the incumbents on 1 instances: 
[INFO][abstract_intensifier.py:630] Added config a7826b and rejected config 7c16fb as incumbent because it is not better than the incumbents on 1 instances: 
[INFO][smbo.py:334] Finished 400 trials.
[INFO][smbo.py:342] Configuration budget is exhausted:
[INFO][smbo.py:343] --- Remaining wallclock time: inf
[INFO][smbo.py:344] --- Remaining cpu time: inf
[INFO][smbo.py:345] --- Remaining trials: 0
policy=(3, 2, 3, 2), seed=1, incumbent_cost=-3.195500038513964
Configuration(values={
  'x1': 0.403596881265,
  'x2': 0.8861122275956,
  'x3': 0.7626184110719,
  'x4': 0.5736796061757,
  'x5': 0.0049224314073,
  'x6': 0.035169350185,
})
[batch 16/16] policy=leaf_policy_3_2_3_2, seed=2
[INFO][abstract_initial_design.py:74] Using `n_configs` and ignoring `n_configs_per_hyperparameter`.
[INFO][abstract_initial_design.py:143] Using 25 initial design configurations and 0 additional configurations.
[BlockwiseMinSamplesLeafCallback] trials=0, block=1, min_samples_leaf=3
[INFO][abstract_intensifier.py:313] Using only one seed for deterministic scenario.
[INFO][abstract_intensifier.py:523] Added config b9fdb3 as new incumbent because there are no incumbents yet.
[INFO][abstract_intensifier.py:630] Added config 097fb7 and rejected config b9fdb3 as incumbent because it is not better than the incumbents on 1 instances: 
[INFO][abstract_intensifier.py:630] Added config 911f6d and rejected config 097fb7 as incumbent because it is not better than the incumbents on 1 instances: 
[INFO][abstract_intensifier.py:630] Added config 0b476d and rejected config 911f6d as incumbent because it is not better than the incumbents on 1 instances: 
[INFO][abstract_intensifier.py:630] Added config 907a04 and rejected config 0b476d as incumbent because it is not better than the incumbents on 1 instances: 
[INFO][smbo.py:334] Finished 50 trials.
[INFO][abstract_intensifier.py:630] Added config 86093e and rejected config 907a04 as incumbent because it is not better than the incumbents on 1 instances: 
[INFO][abstract_intensifier.py:630] Added config 5ce814 and rejected config 86093e as incumbent because it is not better than the incumbents on 1 instances: 
[INFO][abstract_intensifier.py:630] Added config 3c1b7a and rejected config 5ce814 as incumbent because it is not better than the incumbents on 1 instances: 
[INFO][abstract_intensifier.py:630] Added config d59159 and rejected config 3c1b7a as incumbent because it is not better than the incumbents on 1 instances: 
[INFO][abstract_intensifier.py:630] Added config 056521 and rejected config d59159 as incumbent because it is not better than the incumbents on 1 instances: 
[INFO][abstract_intensifier.py:630] Added config e34570 and rejected config 056521 as incumbent because it is not better than the incumbents on 1 instances: 
[INFO][smbo.py:334] Finished 100 trials.
[BlockwiseMinSamplesLeafCallback] trials=100, block=2, min_samples_leaf=2
[INFO][abstract_intensifier.py:630] Added config 058a3d and rejected config e34570 as incumbent because it is not better than the incumbents on 1 instances: 
[INFO][abstract_intensifier.py:630] Added config ceb1d1 and rejected config 058a3d as incumbent because it is not better than the incumbents on 1 instances: 
[INFO][abstract_intensifier.py:630] Added config ed4519 and rejected config ceb1d1 as incumbent because it is not better than the incumbents on 1 instances: 
[INFO][abstract_intensifier.py:630] Added config 34ad2b and rejected config ed4519 as incumbent because it is not better than the incumbents on 1 instances: 
[INFO][abstract_intensifier.py:630] Added config c805eb and rejected config 34ad2b as incumbent because it is not better than the incumbents on 1 instances: 
[INFO][abstract_intensifier.py:630] Added config b1d60a and rejected config c805eb as incumbent because it is not better than the incumbents on 1 instances: 
[INFO][abstract_intensifier.py:630] Added config fd2520 and rejected config b1d60a as incumbent because it is not better than the incumbents on 1 instances: 
[INFO][smbo.py:334] Finished 150 trials.
[INFO][abstract_intensifier.py:630] Added config 00456f and rejected config fd2520 as incumbent because it is not better than the incumbents on 1 instances: 
[INFO][abstract_intensifier.py:630] Added config dbadc8 and rejected config 00456f as incumbent because it is not better than the incumbents on 1 instances: 
[INFO][smbo.py:334] Finished 200 trials.
[BlockwiseMinSamplesLeafCallback] trials=200, block=3, min_samples_leaf=3
[INFO][abstract_intensifier.py:630] Added config 516932 and rejected config dbadc8 as incumbent because it is not better than the incumbents on 1 instances: 
[INFO][abstract_intensifier.py:630] Added config 6055e8 and rejected config 516932 as incumbent because it is not better than the incumbents on 1 instances: 
[INFO][abstract_intensifier.py:630] Added config 232e87 and rejected config 6055e8 as incumbent because it is not better than the incumbents on 1 instances: 
[INFO][smbo.py:334] Finished 250 trials.
[INFO][abstract_intensifier.py:630] Added config a8913c and rejected config 232e87 as incumbent because it is not better than the incumbents on 1 instances: 
[INFO][abstract_intensifier.py:630] Added config 41a7db and rejected config a8913c as incumbent because it is not better than the incumbents on 1 instances: 
[INFO][abstract_intensifier.py:630] Added config e5d8da and rejected config 41a7db as incumbent because it is not better than the incumbents on 1 instances: 
[INFO][abstract_intensifier.py:630] Added config d141cc and rejected config e5d8da as incumbent because it is not better than the incumbents on 1 instances: 
[INFO][abstract_intensifier.py:630] Added config ad572e and rejected config d141cc as incumbent because it is not better than the incumbents on 1 instances: 
[INFO][smbo.py:334] Finished 300 trials.
[BlockwiseMinSamplesLeafCallback] trials=300, block=4, min_samples_leaf=2
[INFO][abstract_intensifier.py:630] Added config 7d1b8b and rejected config ad572e as incumbent because it is not better than the incumbents on 1 instances: 
[INFO][abstract_intensifier.py:630] Added config 2b856d and rejected config 7d1b8b as incumbent because it is not better than the incumbents on 1 instances: 
[INFO][smbo.py:334] Finished 350 trials.
[INFO][abstract_intensifier.py:630] Added config 6b0470 and rejected config 2b856d as incumbent because it is not better than the incumbents on 1 instances: 
[INFO][smbo.py:334] Finished 400 trials.
[INFO][smbo.py:342] Configuration budget is exhausted:
[INFO][smbo.py:343] --- Remaining wallclock time: inf
[INFO][smbo.py:344] --- Remaining cpu time: inf
[INFO][smbo.py:345] --- Remaining trials: 0
policy=(3, 2, 3, 2), seed=2, incumbent_cost=-3.308228807618875
Configuration(values={
  'x1': 0.206584791604,
  'x2': 0.150802669478,
  'x3': 0.5106848015037,
  'x4': 0.2660924867015,
  'x5': 0.3134674337882,
  'x6': 0.6597397633915,
})
submitit INFO (2026-06-24 01:40:02,631) - Job completed successfully
[INFO][submission.py:56] Job completed successfully
submitit INFO (2026-06-24 01:40:02,638) - Exiting after successful completion
[INFO][submission.py:61] Exiting after successful completion
