submitit INFO (2026-06-24 01:20:40,738) - Starting with JobEnvironment(job_id=1316763_8, hostname=r23m0143.hpc.itc.rwth-aachen.de, local_rank=0(1), node=0(1), global_rank=0(1))
submitit INFO (2026-06-24 01:20:40,738) - Loading pickle: /rwthfs/rz/cluster/home/io632776/experiments/adaptive-smac/logs_bruteforce_leaf_policies/1316763_8_submitted.pkl
Running batch with 16 SMAC runs.
[batch 1/16] policy=leaf_policy_1_2_3_2, seed=3
[INFO][abstract_initial_design.py:143] Using 25 initial design configurations and 0 additional configurations.
[BlockwiseMinSamplesLeafCallback] trials=0, block=1, min_samples_leaf=1
[INFO][abstract_intensifier.py:313] Using only one seed for deterministic scenario.
[INFO][abstract_intensifier.py:523] Added config 545df9 as new incumbent because there are no incumbents yet.
[INFO][abstract_intensifier.py:630] Added config 2b45fe and rejected config 545df9 as incumbent because it is not better than the incumbents on 1 instances: 
[INFO][abstract_intensifier.py:630] Added config a6b0ac and rejected config 2b45fe as incumbent because it is not better than the incumbents on 1 instances: 
[INFO][smbo.py:334] Finished 50 trials.
[INFO][abstract_intensifier.py:630] Added config 17b489 and rejected config a6b0ac as incumbent because it is not better than the incumbents on 1 instances: 
[INFO][abstract_intensifier.py:630] Added config f90dda and rejected config 17b489 as incumbent because it is not better than the incumbents on 1 instances: 
[INFO][abstract_intensifier.py:630] Added config 6e554d and rejected config f90dda as incumbent because it is not better than the incumbents on 1 instances: 
[INFO][smbo.py:334] Finished 100 trials.
[BlockwiseMinSamplesLeafCallback] trials=100, block=2, min_samples_leaf=2
[INFO][abstract_intensifier.py:630] Added config 9ba2a8 and rejected config 6e554d as incumbent because it is not better than the incumbents on 1 instances: 
[INFO][abstract_intensifier.py:630] Added config 2ec7cc and rejected config 9ba2a8 as incumbent because it is not better than the incumbents on 1 instances: 
[INFO][abstract_intensifier.py:630] Added config 81de21 and rejected config 2ec7cc as incumbent because it is not better than the incumbents on 1 instances: 
[INFO][abstract_intensifier.py:630] Added config a890cd and rejected config 81de21 as incumbent because it is not better than the incumbents on 1 instances: 
[INFO][smbo.py:334] Finished 150 trials.
[INFO][abstract_intensifier.py:630] Added config 7bbb45 and rejected config a890cd as incumbent because it is not better than the incumbents on 1 instances: 
[INFO][abstract_intensifier.py:630] Added config 85f5c7 and rejected config 7bbb45 as incumbent because it is not better than the incumbents on 1 instances: 
[INFO][abstract_intensifier.py:630] Added config c6f4e1 and rejected config 85f5c7 as incumbent because it is not better than the incumbents on 1 instances: 
[INFO][abstract_intensifier.py:630] Added config b2f83a and rejected config c6f4e1 as incumbent because it is not better than the incumbents on 1 instances: 
[INFO][abstract_intensifier.py:630] Added config 83ed01 and rejected config b2f83a as incumbent because it is not better than the incumbents on 1 instances: 
[INFO][abstract_intensifier.py:630] Added config 88a9e9 and rejected config 83ed01 as incumbent because it is not better than the incumbents on 1 instances: 
[INFO][smbo.py:334] Finished 200 trials.
[BlockwiseMinSamplesLeafCallback] trials=200, block=3, min_samples_leaf=3
[INFO][abstract_intensifier.py:630] Added config b8aef2 and rejected config 88a9e9 as incumbent because it is not better than the incumbents on 1 instances: 
[INFO][abstract_intensifier.py:630] Added config 1caf20 and rejected config b8aef2 as incumbent because it is not better than the incumbents on 1 instances: 
[INFO][abstract_intensifier.py:630] Added config a5b46d and rejected config 1caf20 as incumbent because it is not better than the incumbents on 1 instances: 
[INFO][smbo.py:334] Finished 250 trials.
[INFO][abstract_intensifier.py:630] Added config 94128e and rejected config a5b46d as incumbent because it is not better than the incumbents on 1 instances: 
[INFO][abstract_intensifier.py:630] Added config 5e0c3f and rejected config 94128e as incumbent because it is not better than the incumbents on 1 instances: 
[INFO][abstract_intensifier.py:630] Added config e55813 and rejected config 5e0c3f as incumbent because it is not better than the incumbents on 1 instances: 
[INFO][smbo.py:334] Finished 300 trials.
[BlockwiseMinSamplesLeafCallback] trials=300, block=4, min_samples_leaf=2
[INFO][abstract_intensifier.py:630] Added config 3c3949 and rejected config e55813 as incumbent because it is not better than the incumbents on 1 instances: 
[INFO][abstract_intensifier.py:630] Added config 77ccb6 and rejected config 3c3949 as incumbent because it is not better than the incumbents on 1 instances: 
[INFO][abstract_intensifier.py:630] Added config a8a371 and rejected config 77ccb6 as incumbent because it is not better than the incumbents on 1 instances: 
[INFO][smbo.py:334] Finished 350 trials.
[INFO][abstract_intensifier.py:630] Added config a009f4 and rejected config a8a371 as incumbent because it is not better than the incumbents on 1 instances: 
[INFO][abstract_intensifier.py:630] Added config 1213f8 and rejected config a009f4 as incumbent because it is not better than the incumbents on 1 instances: 
[INFO][smbo.py:334] Finished 400 trials.
[INFO][smbo.py:342] Configuration budget is exhausted:
[INFO][smbo.py:343] --- Remaining wallclock time: inf
[INFO][smbo.py:344] --- Remaining cpu time: inf
[INFO][smbo.py:345] --- Remaining trials: 0
policy=(1, 2, 3, 2), seed=3, incumbent_cost=-3.192097856386296
Configuration(values={
  'x1': 0.401462627247,
  'x2': 0.8724509363596,
  'x3': 0.8709541537932,
  'x4': 0.5717840839208,
  'x5': 0.000674946908,
  'x6': 0.044806469695,
})
[batch 2/16] policy=leaf_policy_1_2_3_2, seed=4
[INFO][abstract_initial_design.py:74] Using `n_configs` and ignoring `n_configs_per_hyperparameter`.
[INFO][abstract_initial_design.py:143] Using 25 initial design configurations and 0 additional configurations.
[BlockwiseMinSamplesLeafCallback] trials=0, block=1, min_samples_leaf=1
[INFO][abstract_intensifier.py:313] Using only one seed for deterministic scenario.
[INFO][abstract_intensifier.py:523] Added config 4a153e as new incumbent because there are no incumbents yet.
[INFO][abstract_intensifier.py:630] Added config 73bb85 and rejected config 4a153e as incumbent because it is not better than the incumbents on 1 instances: 
[INFO][abstract_intensifier.py:630] Added config dbd536 and rejected config 73bb85 as incumbent because it is not better than the incumbents on 1 instances: 
[INFO][abstract_intensifier.py:630] Added config ed9eb0 and rejected config dbd536 as incumbent because it is not better than the incumbents on 1 instances: 
[INFO][smbo.py:334] Finished 50 trials.
[INFO][abstract_intensifier.py:630] Added config e11d1d and rejected config ed9eb0 as incumbent because it is not better than the incumbents on 1 instances: 
[INFO][abstract_intensifier.py:630] Added config 4bd437 and rejected config e11d1d as incumbent because it is not better than the incumbents on 1 instances: 
[INFO][abstract_intensifier.py:630] Added config 81a718 and rejected config 4bd437 as incumbent because it is not better than the incumbents on 1 instances: 
[INFO][abstract_intensifier.py:630] Added config 030dd5 and rejected config 81a718 as incumbent because it is not better than the incumbents on 1 instances: 
[INFO][abstract_intensifier.py:630] Added config 31cb87 and rejected config 030dd5 as incumbent because it is not better than the incumbents on 1 instances: 
[INFO][abstract_intensifier.py:630] Added config d6a2d2 and rejected config 31cb87 as incumbent because it is not better than the incumbents on 1 instances: 
[INFO][abstract_intensifier.py:630] Added config 2d0e17 and rejected config d6a2d2 as incumbent because it is not better than the incumbents on 1 instances: 
[INFO][abstract_intensifier.py:630] Added config 223b56 and rejected config 2d0e17 as incumbent because it is not better than the incumbents on 1 instances: 
[INFO][smbo.py:334] Finished 100 trials.
[BlockwiseMinSamplesLeafCallback] trials=100, block=2, min_samples_leaf=2
[INFO][abstract_intensifier.py:630] Added config 05b72b and rejected config 223b56 as incumbent because it is not better than the incumbents on 1 instances: 
[INFO][abstract_intensifier.py:630] Added config decf38 and rejected config 05b72b as incumbent because it is not better than the incumbents on 1 instances: 
[INFO][abstract_intensifier.py:630] Added config bfe373 and rejected config decf38 as incumbent because it is not better than the incumbents on 1 instances: 
[INFO][abstract_intensifier.py:630] Added config e184e2 and rejected config bfe373 as incumbent because it is not better than the incumbents on 1 instances: 
[INFO][smbo.py:334] Finished 150 trials.
[INFO][abstract_intensifier.py:630] Added config 8beec9 and rejected config e184e2 as incumbent because it is not better than the incumbents on 1 instances: 
[INFO][abstract_intensifier.py:630] Added config 9af4df and rejected config 8beec9 as incumbent because it is not better than the incumbents on 1 instances: 
[INFO][abstract_intensifier.py:630] Added config c5caa4 and rejected config 9af4df as incumbent because it is not better than the incumbents on 1 instances: 
[INFO][abstract_intensifier.py:630] Added config fee796 and rejected config c5caa4 as incumbent because it is not better than the incumbents on 1 instances: 
[INFO][smbo.py:334] Finished 200 trials.
[BlockwiseMinSamplesLeafCallback] trials=200, block=3, min_samples_leaf=3
[INFO][abstract_intensifier.py:630] Added config 67d529 and rejected config fee796 as incumbent because it is not better than the incumbents on 1 instances: 
[INFO][smbo.py:334] Finished 250 trials.
[INFO][abstract_intensifier.py:630] Added config cb4a9b and rejected config 67d529 as incumbent because it is not better than the incumbents on 1 instances: 
[INFO][smbo.py:334] Finished 300 trials.
[BlockwiseMinSamplesLeafCallback] trials=300, block=4, min_samples_leaf=2
[INFO][abstract_intensifier.py:630] Added config e0d35a and rejected config cb4a9b as incumbent because it is not better than the incumbents on 1 instances: 
[INFO][abstract_intensifier.py:630] Added config 33b628 and rejected config e0d35a as incumbent because it is not better than the incumbents on 1 instances: 
[INFO][abstract_intensifier.py:630] Added config 4e5307 and rejected config 33b628 as incumbent because it is not better than the incumbents on 1 instances: 
[INFO][abstract_intensifier.py:630] Added config b369e7 and rejected config 4e5307 as incumbent because it is not better than the incumbents on 1 instances: 
[INFO][smbo.py:334] Finished 350 trials.
[INFO][smbo.py:334] Finished 400 trials.
[INFO][smbo.py:342] Configuration budget is exhausted:
[INFO][smbo.py:343] --- Remaining wallclock time: inf
[INFO][smbo.py:344] --- Remaining cpu time: inf
[INFO][smbo.py:345] --- Remaining trials: 0
policy=(1, 2, 3, 2), seed=4, incumbent_cost=-3.2360723780704586
Configuration(values={
  'x1': 0.2284630907481,
  'x2': 0.067267327057,
  'x3': 0.4709580434332,
  'x4': 0.2715219606651,
  'x5': 0.3077176503339,
  'x6': 0.6598107782213,
})
[batch 3/16] policy=leaf_policy_1_2_3_3, seed=0
[INFO][abstract_initial_design.py:74] Using `n_configs` and ignoring `n_configs_per_hyperparameter`.
[INFO][abstract_initial_design.py:143] Using 25 initial design configurations and 0 additional configurations.
[BlockwiseMinSamplesLeafCallback] trials=0, block=1, min_samples_leaf=1
[INFO][abstract_intensifier.py:313] Using only one seed for deterministic scenario.
[INFO][abstract_intensifier.py:523] Added config 250a07 as new incumbent because there are no incumbents yet.
[INFO][abstract_intensifier.py:630] Added config 9895f5 and rejected config 250a07 as incumbent because it is not better than the incumbents on 1 instances: 
[INFO][abstract_intensifier.py:630] Added config 6ed6e4 and rejected config 9895f5 as incumbent because it is not better than the incumbents on 1 instances: 
[INFO][abstract_intensifier.py:630] Added config 718a9a and rejected config 6ed6e4 as incumbent because it is not better than the incumbents on 1 instances: 
[INFO][abstract_intensifier.py:630] Added config 58c622 and rejected config 718a9a as incumbent because it is not better than the incumbents on 1 instances: 
[INFO][smbo.py:334] Finished 50 trials.
[INFO][abstract_intensifier.py:630] Added config 0bd9d7 and rejected config 58c622 as incumbent because it is not better than the incumbents on 1 instances: 
[INFO][abstract_intensifier.py:630] Added config 421e34 and rejected config 0bd9d7 as incumbent because it is not better than the incumbents on 1 instances: 
[INFO][abstract_intensifier.py:630] Added config 040aec and rejected config 421e34 as incumbent because it is not better than the incumbents on 1 instances: 
[INFO][abstract_intensifier.py:630] Added config ac982d and rejected config 040aec as incumbent because it is not better than the incumbents on 1 instances: 
[INFO][smbo.py:334] Finished 100 trials.
[BlockwiseMinSamplesLeafCallback] trials=100, block=2, min_samples_leaf=2
[INFO][abstract_intensifier.py:630] Added config 455c93 and rejected config ac982d as incumbent because it is not better than the incumbents on 1 instances: 
[INFO][abstract_intensifier.py:630] Added config 280230 and rejected config 455c93 as incumbent because it is not better than the incumbents on 1 instances: 
[INFO][abstract_intensifier.py:630] Added config 940f39 and rejected config 280230 as incumbent because it is not better than the incumbents on 1 instances: 
[INFO][smbo.py:334] Finished 150 trials.
[INFO][abstract_intensifier.py:630] Added config 0b5405 and rejected config 940f39 as incumbent because it is not better than the incumbents on 1 instances: 
[INFO][abstract_intensifier.py:630] Added config 92d334 and rejected config 0b5405 as incumbent because it is not better than the incumbents on 1 instances: 
[INFO][abstract_intensifier.py:630] Added config 57ad48 and rejected config 92d334 as incumbent because it is not better than the incumbents on 1 instances: 
[INFO][abstract_intensifier.py:630] Added config 7bd699 and rejected config 57ad48 as incumbent because it is not better than the incumbents on 1 instances: 
[INFO][abstract_intensifier.py:630] Added config 89d72d and rejected config 7bd699 as incumbent because it is not better than the incumbents on 1 instances: 
[INFO][smbo.py:334] Finished 200 trials.
[BlockwiseMinSamplesLeafCallback] trials=200, block=3, min_samples_leaf=3
[INFO][abstract_intensifier.py:630] Added config 569270 and rejected config 89d72d as incumbent because it is not better than the incumbents on 1 instances: 
[INFO][abstract_intensifier.py:630] Added config ce897d and rejected config 569270 as incumbent because it is not better than the incumbents on 1 instances: 
[INFO][abstract_intensifier.py:630] Added config 1bf287 and rejected config ce897d as incumbent because it is not better than the incumbents on 1 instances: 
[INFO][abstract_intensifier.py:630] Added config 069970 and rejected config 1bf287 as incumbent because it is not better than the incumbents on 1 instances: 
[INFO][abstract_intensifier.py:630] Added config 3b7622 and rejected config 069970 as incumbent because it is not better than the incumbents on 1 instances: 
[INFO][abstract_intensifier.py:630] Added config e62e49 and rejected config 3b7622 as incumbent because it is not better than the incumbents on 1 instances: 
[INFO][smbo.py:334] Finished 250 trials.
[INFO][abstract_intensifier.py:630] Added config 94f22a and rejected config e62e49 as incumbent because it is not better than the incumbents on 1 instances: 
[INFO][abstract_intensifier.py:630] Added config 3d9972 and rejected config 94f22a as incumbent because it is not better than the incumbents on 1 instances: 
[INFO][abstract_intensifier.py:630] Added config f373d2 and rejected config 3d9972 as incumbent because it is not better than the incumbents on 1 instances: 
[INFO][smbo.py:334] Finished 300 trials.
[INFO][abstract_intensifier.py:630] Added config 1d4a94 and rejected config f373d2 as incumbent because it is not better than the incumbents on 1 instances: 
[INFO][abstract_intensifier.py:630] Added config 2596a9 and rejected config 1d4a94 as incumbent because it is not better than the incumbents on 1 instances: 
[INFO][smbo.py:334] Finished 350 trials.
[INFO][abstract_intensifier.py:630] Added config e43624 and rejected config 2596a9 as incumbent because it is not better than the incumbents on 1 instances: 
[INFO][abstract_intensifier.py:630] Added config 182ceb and rejected config e43624 as incumbent because it is not better than the incumbents on 1 instances: 
[INFO][abstract_intensifier.py:630] Added config e1c522 and rejected config 182ceb as incumbent because it is not better than the incumbents on 1 instances: 
[INFO][smbo.py:334] Finished 400 trials.
[INFO][smbo.py:342] Configuration budget is exhausted:
[INFO][smbo.py:343] --- Remaining wallclock time: inf
[INFO][smbo.py:344] --- Remaining cpu time: inf
[INFO][smbo.py:345] --- Remaining trials: 0
policy=(1, 2, 3, 3), seed=0, incumbent_cost=-3.19882072669551
Configuration(values={
  'x1': 0.4038522431083,
  'x2': 0.8876366895159,
  'x3': 0.9909248310083,
  'x4': 0.5745420284853,
  'x5': 0.1491375172254,
  'x6': 0.0354497662248,
})
[batch 4/16] policy=leaf_policy_1_2_3_3, seed=1
[INFO][abstract_initial_design.py:74] Using `n_configs` and ignoring `n_configs_per_hyperparameter`.
[INFO][abstract_initial_design.py:143] Using 25 initial design configurations and 0 additional configurations.
[BlockwiseMinSamplesLeafCallback] trials=0, block=1, min_samples_leaf=1
[INFO][abstract_intensifier.py:313] Using only one seed for deterministic scenario.
[INFO][abstract_intensifier.py:523] Added config 873002 as new incumbent because there are no incumbents yet.
[INFO][abstract_intensifier.py:630] Added config ce9203 and rejected config 873002 as incumbent because it is not better than the incumbents on 1 instances: 
[INFO][abstract_intensifier.py:630] Added config 1e5f6e and rejected config ce9203 as incumbent because it is not better than the incumbents on 1 instances: 
[INFO][abstract_intensifier.py:630] Added config f55c8b and rejected config 1e5f6e as incumbent because it is not better than the incumbents on 1 instances: 
[INFO][abstract_intensifier.py:630] Added config fde285 and rejected config f55c8b as incumbent because it is not better than the incumbents on 1 instances: 
[INFO][smbo.py:334] Finished 50 trials.
[INFO][abstract_intensifier.py:630] Added config ec8dab and rejected config fde285 as incumbent because it is not better than the incumbents on 1 instances: 
[INFO][abstract_intensifier.py:630] Added config e32949 and rejected config ec8dab as incumbent because it is not better than the incumbents on 1 instances: 
[INFO][abstract_intensifier.py:630] Added config d31b11 and rejected config e32949 as incumbent because it is not better than the incumbents on 1 instances: 
[INFO][abstract_intensifier.py:630] Added config 3eab51 and rejected config d31b11 as incumbent because it is not better than the incumbents on 1 instances: 
[INFO][abstract_intensifier.py:630] Added config cfa598 and rejected config 3eab51 as incumbent because it is not better than the incumbents on 1 instances: 
[INFO][smbo.py:334] Finished 100 trials.
[BlockwiseMinSamplesLeafCallback] trials=100, block=2, min_samples_leaf=2
[INFO][abstract_intensifier.py:630] Added config 99aa3e and rejected config cfa598 as incumbent because it is not better than the incumbents on 1 instances: 
[INFO][abstract_intensifier.py:630] Added config 326722 and rejected config 99aa3e as incumbent because it is not better than the incumbents on 1 instances: 
[INFO][abstract_intensifier.py:630] Added config 1ff327 and rejected config 326722 as incumbent because it is not better than the incumbents on 1 instances: 
[INFO][abstract_intensifier.py:630] Added config 76312c and rejected config 1ff327 as incumbent because it is not better than the incumbents on 1 instances: 
[INFO][abstract_intensifier.py:630] Added config ba9348 and rejected config 76312c as incumbent because it is not better than the incumbents on 1 instances: 
[INFO][abstract_intensifier.py:630] Added config cb29ea and rejected config ba9348 as incumbent because it is not better than the incumbents on 1 instances: 
[INFO][abstract_intensifier.py:630] Added config 6b1b3a and rejected config cb29ea as incumbent because it is not better than the incumbents on 1 instances: 
[INFO][abstract_intensifier.py:630] Added config afd7f9 and rejected config 6b1b3a as incumbent because it is not better than the incumbents on 1 instances: 
[INFO][smbo.py:334] Finished 150 trials.
[INFO][abstract_intensifier.py:630] Added config f5803c and rejected config afd7f9 as incumbent because it is not better than the incumbents on 1 instances: 
[INFO][abstract_intensifier.py:630] Added config d27ee9 and rejected config f5803c as incumbent because it is not better than the incumbents on 1 instances: 
[INFO][abstract_intensifier.py:630] Added config 350e6f and rejected config d27ee9 as incumbent because it is not better than the incumbents on 1 instances: 
[INFO][abstract_intensifier.py:630] Added config c7dcae and rejected config 350e6f as incumbent because it is not better than the incumbents on 1 instances: 
[INFO][abstract_intensifier.py:630] Added config 50f64c and rejected config c7dcae as incumbent because it is not better than the incumbents on 1 instances: 
[INFO][abstract_intensifier.py:630] Added config ec2878 and rejected config 50f64c as incumbent because it is not better than the incumbents on 1 instances: 
[INFO][smbo.py:334] Finished 200 trials.
[BlockwiseMinSamplesLeafCallback] trials=200, block=3, min_samples_leaf=3
[INFO][abstract_intensifier.py:630] Added config bcf160 and rejected config ec2878 as incumbent because it is not better than the incumbents on 1 instances: 
[INFO][abstract_intensifier.py:630] Added config 0e7a09 and rejected config bcf160 as incumbent because it is not better than the incumbents on 1 instances: 
[INFO][abstract_intensifier.py:630] Added config 6d7ea5 and rejected config 0e7a09 as incumbent because it is not better than the incumbents on 1 instances: 
[INFO][abstract_intensifier.py:630] Added config 97559a and rejected config 6d7ea5 as incumbent because it is not better than the incumbents on 1 instances: 
[INFO][smbo.py:334] Finished 250 trials.
[INFO][abstract_intensifier.py:630] Added config 2f66ba and rejected config 97559a as incumbent because it is not better than the incumbents on 1 instances: 
[INFO][abstract_intensifier.py:630] Added config 63a3d5 and rejected config 2f66ba as incumbent because it is not better than the incumbents on 1 instances: 
[INFO][abstract_intensifier.py:630] Added config 719b9b and rejected config 63a3d5 as incumbent because it is not better than the incumbents on 1 instances: 
[INFO][abstract_intensifier.py:630] Added config ae7dbe and rejected config 719b9b as incumbent because it is not better than the incumbents on 1 instances: 
[INFO][smbo.py:334] Finished 300 trials.
[INFO][abstract_intensifier.py:630] Added config a0fa4b and rejected config ae7dbe as incumbent because it is not better than the incumbents on 1 instances: 
[INFO][abstract_intensifier.py:630] Added config 93cb76 and rejected config a0fa4b as incumbent because it is not better than the incumbents on 1 instances: 
[INFO][smbo.py:334] Finished 350 trials.
[INFO][smbo.py:334] Finished 400 trials.
[INFO][smbo.py:342] Configuration budget is exhausted:
[INFO][smbo.py:343] --- Remaining wallclock time: inf
[INFO][smbo.py:344] --- Remaining cpu time: inf
[INFO][smbo.py:345] --- Remaining trials: 0
policy=(1, 2, 3, 3), seed=1, incumbent_cost=-3.2020085099273143
Configuration(values={
  'x1': 0.4030041955091,
  'x2': 0.8884509778413,
  'x3': 0.8346302958063,
  'x4': 0.5730510243731,
  'x5': 0.1391536110474,
  'x6': 0.0376408171548,
})
[batch 5/16] policy=leaf_policy_1_2_3_3, seed=2
[INFO][abstract_initial_design.py:74] Using `n_configs` and ignoring `n_configs_per_hyperparameter`.
[INFO][abstract_initial_design.py:143] Using 25 initial design configurations and 0 additional configurations.
[BlockwiseMinSamplesLeafCallback] trials=0, block=1, min_samples_leaf=1
[INFO][abstract_intensifier.py:313] Using only one seed for deterministic scenario.
[INFO][abstract_intensifier.py:523] Added config b9fdb3 as new incumbent because there are no incumbents yet.
[INFO][abstract_intensifier.py:630] Added config 097fb7 and rejected config b9fdb3 as incumbent because it is not better than the incumbents on 1 instances: 
[INFO][abstract_intensifier.py:630] Added config 911f6d and rejected config 097fb7 as incumbent because it is not better than the incumbents on 1 instances: 
[INFO][abstract_intensifier.py:630] Added config 0b476d and rejected config 911f6d as incumbent because it is not better than the incumbents on 1 instances: 
[INFO][smbo.py:334] Finished 50 trials.
[INFO][abstract_intensifier.py:630] Added config 34a7f5 and rejected config 0b476d as incumbent because it is not better than the incumbents on 1 instances: 
[INFO][abstract_intensifier.py:630] Added config 9a3455 and rejected config 34a7f5 as incumbent because it is not better than the incumbents on 1 instances: 
[INFO][abstract_intensifier.py:630] Added config af0206 and rejected config 9a3455 as incumbent because it is not better than the incumbents on 1 instances: 
[INFO][abstract_intensifier.py:630] Added config f2a91b and rejected config af0206 as incumbent because it is not better than the incumbents on 1 instances: 
[INFO][smbo.py:334] Finished 100 trials.
[BlockwiseMinSamplesLeafCallback] trials=100, block=2, min_samples_leaf=2
[INFO][abstract_intensifier.py:630] Added config 1ff76b and rejected config f2a91b as incumbent because it is not better than the incumbents on 1 instances: 
[INFO][abstract_intensifier.py:630] Added config aa2635 and rejected config 1ff76b as incumbent because it is not better than the incumbents on 1 instances: 
[INFO][abstract_intensifier.py:630] Added config a2906d and rejected config aa2635 as incumbent because it is not better than the incumbents on 1 instances: 
[INFO][abstract_intensifier.py:630] Added config f0bd11 and rejected config a2906d as incumbent because it is not better than the incumbents on 1 instances: 
[INFO][abstract_intensifier.py:630] Added config b1d60a and rejected config f0bd11 as incumbent because it is not better than the incumbents on 1 instances: 
[INFO][smbo.py:334] Finished 150 trials.
[INFO][smbo.py:334] Finished 200 trials.
[BlockwiseMinSamplesLeafCallback] trials=200, block=3, min_samples_leaf=3
[INFO][abstract_intensifier.py:630] Added config 0e9416 and rejected config b1d60a as incumbent because it is not better than the incumbents on 1 instances: 
[INFO][abstract_intensifier.py:630] Added config 43d37b and rejected config 0e9416 as incumbent because it is not better than the incumbents on 1 instances: 
[INFO][abstract_intensifier.py:630] Added config 3dda6e and rejected config 43d37b as incumbent because it is not better than the incumbents on 1 instances: 
[INFO][smbo.py:334] Finished 250 trials.
[INFO][abstract_intensifier.py:630] Added config 0980c5 and rejected config 3dda6e as incumbent because it is not better than the incumbents on 1 instances: 
[INFO][abstract_intensifier.py:630] Added config 6d4a56 and rejected config 0980c5 as incumbent because it is not better than the incumbents on 1 instances: 
[INFO][abstract_intensifier.py:630] Added config 2cf8c5 and rejected config 6d4a56 as incumbent because it is not better than the incumbents on 1 instances: 
[INFO][abstract_intensifier.py:630] Added config aa2eb2 and rejected config 2cf8c5 as incumbent because it is not better than the incumbents on 1 instances: 
[INFO][abstract_intensifier.py:630] Added config 7cc645 and rejected config aa2eb2 as incumbent because it is not better than the incumbents on 1 instances: 
[INFO][abstract_intensifier.py:630] Added config e3dd64 and rejected config 7cc645 as incumbent because it is not better than the incumbents on 1 instances: 
[INFO][abstract_intensifier.py:630] Added config b4c0a4 and rejected config e3dd64 as incumbent because it is not better than the incumbents on 1 instances: 
[INFO][smbo.py:334] Finished 300 trials.
[INFO][smbo.py:334] Finished 350 trials.
[INFO][smbo.py:334] Finished 400 trials.
[INFO][smbo.py:342] Configuration budget is exhausted:
[INFO][smbo.py:343] --- Remaining wallclock time: inf
[INFO][smbo.py:344] --- Remaining cpu time: inf
[INFO][smbo.py:345] --- Remaining trials: 0
policy=(1, 2, 3, 3), seed=2, incumbent_cost=-3.2903098710661727
Configuration(values={
  'x1': 0.2050586853661,
  'x2': 0.1143816798533,
  'x3': 0.4479678937338,
  'x4': 0.2757555765319,
  'x5': 0.3062871977269,
  'x6': 0.6770164258726,
})
[batch 6/16] policy=leaf_policy_1_2_3_3, seed=3
[INFO][abstract_initial_design.py:74] Using `n_configs` and ignoring `n_configs_per_hyperparameter`.
[INFO][abstract_initial_design.py:143] Using 25 initial design configurations and 0 additional configurations.
[BlockwiseMinSamplesLeafCallback] trials=0, block=1, min_samples_leaf=1
[INFO][abstract_intensifier.py:313] Using only one seed for deterministic scenario.
[INFO][abstract_intensifier.py:523] Added config 545df9 as new incumbent because there are no incumbents yet.
[INFO][abstract_intensifier.py:630] Added config 2b45fe and rejected config 545df9 as incumbent because it is not better than the incumbents on 1 instances: 
[INFO][abstract_intensifier.py:630] Added config a6b0ac and rejected config 2b45fe as incumbent because it is not better than the incumbents on 1 instances: 
[INFO][smbo.py:334] Finished 50 trials.
[INFO][abstract_intensifier.py:630] Added config 17b489 and rejected config a6b0ac as incumbent because it is not better than the incumbents on 1 instances: 
[INFO][abstract_intensifier.py:630] Added config f90dda and rejected config 17b489 as incumbent because it is not better than the incumbents on 1 instances: 
[INFO][abstract_intensifier.py:630] Added config 6e554d and rejected config f90dda as incumbent because it is not better than the incumbents on 1 instances: 
[INFO][smbo.py:334] Finished 100 trials.
[BlockwiseMinSamplesLeafCallback] trials=100, block=2, min_samples_leaf=2
[INFO][abstract_intensifier.py:630] Added config 9ba2a8 and rejected config 6e554d as incumbent because it is not better than the incumbents on 1 instances: 
[INFO][abstract_intensifier.py:630] Added config 2ec7cc and rejected config 9ba2a8 as incumbent because it is not better than the incumbents on 1 instances: 
[INFO][abstract_intensifier.py:630] Added config 81de21 and rejected config 2ec7cc as incumbent because it is not better than the incumbents on 1 instances: 
[INFO][abstract_intensifier.py:630] Added config a890cd and rejected config 81de21 as incumbent because it is not better than the incumbents on 1 instances: 
[INFO][smbo.py:334] Finished 150 trials.
[INFO][abstract_intensifier.py:630] Added config 7bbb45 and rejected config a890cd as incumbent because it is not better than the incumbents on 1 instances: 
[INFO][abstract_intensifier.py:630] Added config 85f5c7 and rejected config 7bbb45 as incumbent because it is not better than the incumbents on 1 instances: 
[INFO][abstract_intensifier.py:630] Added config c6f4e1 and rejected config 85f5c7 as incumbent because it is not better than the incumbents on 1 instances: 
[INFO][abstract_intensifier.py:630] Added config b2f83a and rejected config c6f4e1 as incumbent because it is not better than the incumbents on 1 instances: 
[INFO][abstract_intensifier.py:630] Added config 83ed01 and rejected config b2f83a as incumbent because it is not better than the incumbents on 1 instances: 
[INFO][abstract_intensifier.py:630] Added config 88a9e9 and rejected config 83ed01 as incumbent because it is not better than the incumbents on 1 instances: 
[INFO][smbo.py:334] Finished 200 trials.
[BlockwiseMinSamplesLeafCallback] trials=200, block=3, min_samples_leaf=3
[INFO][abstract_intensifier.py:630] Added config b8aef2 and rejected config 88a9e9 as incumbent because it is not better than the incumbents on 1 instances: 
[INFO][abstract_intensifier.py:630] Added config 1caf20 and rejected config b8aef2 as incumbent because it is not better than the incumbents on 1 instances: 
[INFO][abstract_intensifier.py:630] Added config a5b46d and rejected config 1caf20 as incumbent because it is not better than the incumbents on 1 instances: 
[INFO][smbo.py:334] Finished 250 trials.
[INFO][abstract_intensifier.py:630] Added config 94128e and rejected config a5b46d as incumbent because it is not better than the incumbents on 1 instances: 
[INFO][abstract_intensifier.py:630] Added config 5e0c3f and rejected config 94128e as incumbent because it is not better than the incumbents on 1 instances: 
[INFO][abstract_intensifier.py:630] Added config e55813 and rejected config 5e0c3f as incumbent because it is not better than the incumbents on 1 instances: 
[INFO][smbo.py:334] Finished 300 trials.
[INFO][abstract_intensifier.py:630] Added config 874d7d and rejected config e55813 as incumbent because it is not better than the incumbents on 1 instances: 
[INFO][abstract_intensifier.py:630] Added config cef3eb and rejected config 874d7d as incumbent because it is not better than the incumbents on 1 instances: 
[INFO][abstract_intensifier.py:630] Added config c5f7d5 and rejected config cef3eb as incumbent because it is not better than the incumbents on 1 instances: 
[INFO][abstract_intensifier.py:630] Added config f3eadf and rejected config c5f7d5 as incumbent because it is not better than the incumbents on 1 instances: 
[INFO][abstract_intensifier.py:630] Added config dcf3f5 and rejected config f3eadf as incumbent because it is not better than the incumbents on 1 instances: 
[INFO][abstract_intensifier.py:630] Added config 7040cf and rejected config dcf3f5 as incumbent because it is not better than the incumbents on 1 instances: 
[INFO][smbo.py:334] Finished 350 trials.
[INFO][abstract_intensifier.py:630] Added config b66b36 and rejected config 7040cf as incumbent because it is not better than the incumbents on 1 instances: 
[INFO][abstract_intensifier.py:630] Added config 6f3602 and rejected config b66b36 as incumbent because it is not better than the incumbents on 1 instances: 
[INFO][smbo.py:334] Finished 400 trials.
[INFO][smbo.py:342] Configuration budget is exhausted:
[INFO][smbo.py:343] --- Remaining wallclock time: inf
[INFO][smbo.py:344] --- Remaining cpu time: inf
[INFO][smbo.py:345] --- Remaining trials: 0
policy=(1, 2, 3, 3), seed=3, incumbent_cost=-3.195954510680528
Configuration(values={
  'x1': 0.4082223339925,
  'x2': 0.8783886021811,
  'x3': 0.8569224673654,
  'x4': 0.5745537460245,
  'x5': 0.0005865271259,
  'x6': 0.0409823587822,
})
[batch 7/16] policy=leaf_policy_1_2_3_3, seed=4
[INFO][abstract_initial_design.py:74] Using `n_configs` and ignoring `n_configs_per_hyperparameter`.
[INFO][abstract_initial_design.py:143] Using 25 initial design configurations and 0 additional configurations.
[BlockwiseMinSamplesLeafCallback] trials=0, block=1, min_samples_leaf=1
[INFO][abstract_intensifier.py:313] Using only one seed for deterministic scenario.
[INFO][abstract_intensifier.py:523] Added config 4a153e as new incumbent because there are no incumbents yet.
[INFO][abstract_intensifier.py:630] Added config 73bb85 and rejected config 4a153e as incumbent because it is not better than the incumbents on 1 instances: 
[INFO][abstract_intensifier.py:630] Added config dbd536 and rejected config 73bb85 as incumbent because it is not better than the incumbents on 1 instances: 
[INFO][abstract_intensifier.py:630] Added config ed9eb0 and rejected config dbd536 as incumbent because it is not better than the incumbents on 1 instances: 
[INFO][smbo.py:334] Finished 50 trials.
[INFO][abstract_intensifier.py:630] Added config e11d1d and rejected config ed9eb0 as incumbent because it is not better than the incumbents on 1 instances: 
[INFO][abstract_intensifier.py:630] Added config 4bd437 and rejected config e11d1d as incumbent because it is not better than the incumbents on 1 instances: 
[INFO][abstract_intensifier.py:630] Added config 81a718 and rejected config 4bd437 as incumbent because it is not better than the incumbents on 1 instances: 
[INFO][abstract_intensifier.py:630] Added config 030dd5 and rejected config 81a718 as incumbent because it is not better than the incumbents on 1 instances: 
[INFO][abstract_intensifier.py:630] Added config 31cb87 and rejected config 030dd5 as incumbent because it is not better than the incumbents on 1 instances: 
[INFO][abstract_intensifier.py:630] Added config d6a2d2 and rejected config 31cb87 as incumbent because it is not better than the incumbents on 1 instances: 
[INFO][abstract_intensifier.py:630] Added config 2d0e17 and rejected config d6a2d2 as incumbent because it is not better than the incumbents on 1 instances: 
[INFO][abstract_intensifier.py:630] Added config 223b56 and rejected config 2d0e17 as incumbent because it is not better than the incumbents on 1 instances: 
[INFO][smbo.py:334] Finished 100 trials.
[BlockwiseMinSamplesLeafCallback] trials=100, block=2, min_samples_leaf=2
[INFO][abstract_intensifier.py:630] Added config 05b72b and rejected config 223b56 as incumbent because it is not better than the incumbents on 1 instances: 
[INFO][abstract_intensifier.py:630] Added config decf38 and rejected config 05b72b as incumbent because it is not better than the incumbents on 1 instances: 
[INFO][abstract_intensifier.py:630] Added config bfe373 and rejected config decf38 as incumbent because it is not better than the incumbents on 1 instances: 
[INFO][abstract_intensifier.py:630] Added config e184e2 and rejected config bfe373 as incumbent because it is not better than the incumbents on 1 instances: 
[INFO][smbo.py:334] Finished 150 trials.
[INFO][abstract_intensifier.py:630] Added config 8beec9 and rejected config e184e2 as incumbent because it is not better than the incumbents on 1 instances: 
[INFO][abstract_intensifier.py:630] Added config 9af4df and rejected config 8beec9 as incumbent because it is not better than the incumbents on 1 instances: 
[INFO][abstract_intensifier.py:630] Added config c5caa4 and rejected config 9af4df as incumbent because it is not better than the incumbents on 1 instances: 
[INFO][abstract_intensifier.py:630] Added config fee796 and rejected config c5caa4 as incumbent because it is not better than the incumbents on 1 instances: 
[INFO][smbo.py:334] Finished 200 trials.
[BlockwiseMinSamplesLeafCallback] trials=200, block=3, min_samples_leaf=3
[INFO][abstract_intensifier.py:630] Added config 67d529 and rejected config fee796 as incumbent because it is not better than the incumbents on 1 instances: 
[INFO][smbo.py:334] Finished 250 trials.
[INFO][abstract_intensifier.py:630] Added config cb4a9b and rejected config 67d529 as incumbent because it is not better than the incumbents on 1 instances: 
[INFO][smbo.py:334] Finished 300 trials.
[INFO][abstract_intensifier.py:630] Added config f2bd8c and rejected config cb4a9b as incumbent because it is not better than the incumbents on 1 instances: 
[INFO][abstract_intensifier.py:630] Added config a5fdf3 and rejected config f2bd8c as incumbent because it is not better than the incumbents on 1 instances: 
[INFO][abstract_intensifier.py:630] Added config d1e9f8 and rejected config a5fdf3 as incumbent because it is not better than the incumbents on 1 instances: 
[INFO][smbo.py:334] Finished 350 trials.
[INFO][abstract_intensifier.py:630] Added config 3f8c72 and rejected config d1e9f8 as incumbent because it is not better than the incumbents on 1 instances: 
[INFO][abstract_intensifier.py:630] Added config 297fa6 and rejected config 3f8c72 as incumbent because it is not better than the incumbents on 1 instances: 
[INFO][abstract_intensifier.py:630] Added config 74acf7 and rejected config 297fa6 as incumbent because it is not better than the incumbents on 1 instances: 
[INFO][abstract_intensifier.py:630] Added config 46327e and rejected config 74acf7 as incumbent because it is not better than the incumbents on 1 instances: 
[INFO][smbo.py:334] Finished 400 trials.
[INFO][smbo.py:342] Configuration budget is exhausted:
[INFO][smbo.py:343] --- Remaining wallclock time: inf
[INFO][smbo.py:344] --- Remaining cpu time: inf
[INFO][smbo.py:345] --- Remaining trials: 0
policy=(1, 2, 3, 3), seed=4, incumbent_cost=-3.232784396031133
Configuration(values={
  'x1': 0.2007238062976,
  'x2': 0.0613146652778,
  'x3': 0.4805942326467,
  'x4': 0.277843118347,
  'x5': 0.3075261713171,
  'x6': 0.6542980299447,
})
[batch 8/16] policy=leaf_policy_1_2_3_5, seed=0
[INFO][abstract_initial_design.py:74] Using `n_configs` and ignoring `n_configs_per_hyperparameter`.
[INFO][abstract_initial_design.py:143] Using 25 initial design configurations and 0 additional configurations.
[BlockwiseMinSamplesLeafCallback] trials=0, block=1, min_samples_leaf=1
[INFO][abstract_intensifier.py:313] Using only one seed for deterministic scenario.
[INFO][abstract_intensifier.py:523] Added config 250a07 as new incumbent because there are no incumbents yet.
[INFO][abstract_intensifier.py:630] Added config 9895f5 and rejected config 250a07 as incumbent because it is not better than the incumbents on 1 instances: 
[INFO][abstract_intensifier.py:630] Added config 6ed6e4 and rejected config 9895f5 as incumbent because it is not better than the incumbents on 1 instances: 
[INFO][abstract_intensifier.py:630] Added config 718a9a and rejected config 6ed6e4 as incumbent because it is not better than the incumbents on 1 instances: 
[INFO][abstract_intensifier.py:630] Added config 58c622 and rejected config 718a9a as incumbent because it is not better than the incumbents on 1 instances: 
[INFO][smbo.py:334] Finished 50 trials.
[INFO][abstract_intensifier.py:630] Added config 0bd9d7 and rejected config 58c622 as incumbent because it is not better than the incumbents on 1 instances: 
[INFO][abstract_intensifier.py:630] Added config 421e34 and rejected config 0bd9d7 as incumbent because it is not better than the incumbents on 1 instances: 
[INFO][abstract_intensifier.py:630] Added config 040aec and rejected config 421e34 as incumbent because it is not better than the incumbents on 1 instances: 
[INFO][abstract_intensifier.py:630] Added config ac982d and rejected config 040aec as incumbent because it is not better than the incumbents on 1 instances: 
[INFO][smbo.py:334] Finished 100 trials.
[BlockwiseMinSamplesLeafCallback] trials=100, block=2, min_samples_leaf=2
[INFO][abstract_intensifier.py:630] Added config 455c93 and rejected config ac982d as incumbent because it is not better than the incumbents on 1 instances: 
[INFO][abstract_intensifier.py:630] Added config 280230 and rejected config 455c93 as incumbent because it is not better than the incumbents on 1 instances: 
[INFO][abstract_intensifier.py:630] Added config 940f39 and rejected config 280230 as incumbent because it is not better than the incumbents on 1 instances: 
[INFO][smbo.py:334] Finished 150 trials.
[INFO][abstract_intensifier.py:630] Added config 0b5405 and rejected config 940f39 as incumbent because it is not better than the incumbents on 1 instances: 
[INFO][abstract_intensifier.py:630] Added config 92d334 and rejected config 0b5405 as incumbent because it is not better than the incumbents on 1 instances: 
[INFO][abstract_intensifier.py:630] Added config 57ad48 and rejected config 92d334 as incumbent because it is not better than the incumbents on 1 instances: 
[INFO][abstract_intensifier.py:630] Added config 7bd699 and rejected config 57ad48 as incumbent because it is not better than the incumbents on 1 instances: 
[INFO][abstract_intensifier.py:630] Added config 89d72d and rejected config 7bd699 as incumbent because it is not better than the incumbents on 1 instances: 
[INFO][smbo.py:334] Finished 200 trials.
[BlockwiseMinSamplesLeafCallback] trials=200, block=3, min_samples_leaf=3
[INFO][abstract_intensifier.py:630] Added config 569270 and rejected config 89d72d as incumbent because it is not better than the incumbents on 1 instances: 
[INFO][abstract_intensifier.py:630] Added config ce897d and rejected config 569270 as incumbent because it is not better than the incumbents on 1 instances: 
[INFO][abstract_intensifier.py:630] Added config 1bf287 and rejected config ce897d as incumbent because it is not better than the incumbents on 1 instances: 
[INFO][abstract_intensifier.py:630] Added config 069970 and rejected config 1bf287 as incumbent because it is not better than the incumbents on 1 instances: 
[INFO][abstract_intensifier.py:630] Added config 3b7622 and rejected config 069970 as incumbent because it is not better than the incumbents on 1 instances: 
[INFO][abstract_intensifier.py:630] Added config e62e49 and rejected config 3b7622 as incumbent because it is not better than the incumbents on 1 instances: 
[INFO][smbo.py:334] Finished 250 trials.
[INFO][abstract_intensifier.py:630] Added config 94f22a and rejected config e62e49 as incumbent because it is not better than the incumbents on 1 instances: 
[INFO][abstract_intensifier.py:630] Added config 3d9972 and rejected config 94f22a as incumbent because it is not better than the incumbents on 1 instances: 
[INFO][abstract_intensifier.py:630] Added config f373d2 and rejected config 3d9972 as incumbent because it is not better than the incumbents on 1 instances: 
[INFO][smbo.py:334] Finished 300 trials.
[BlockwiseMinSamplesLeafCallback] trials=300, block=4, min_samples_leaf=5
[INFO][abstract_intensifier.py:630] Added config 247227 and rejected config f373d2 as incumbent because it is not better than the incumbents on 1 instances: 
[INFO][abstract_intensifier.py:630] Added config 1b790d and rejected config 247227 as incumbent because it is not better than the incumbents on 1 instances: 
[INFO][smbo.py:334] Finished 350 trials.
[INFO][abstract_intensifier.py:630] Added config a14d14 and rejected config 1b790d as incumbent because it is not better than the incumbents on 1 instances: 
[INFO][abstract_intensifier.py:630] Added config bafabc and rejected config a14d14 as incumbent because it is not better than the incumbents on 1 instances: 
[INFO][smbo.py:334] Finished 400 trials.
[INFO][smbo.py:342] Configuration budget is exhausted:
[INFO][smbo.py:343] --- Remaining wallclock time: inf
[INFO][smbo.py:344] --- Remaining cpu time: inf
[INFO][smbo.py:345] --- Remaining trials: 0
policy=(1, 2, 3, 5), seed=0, incumbent_cost=-3.198339413058171
Configuration(values={
  'x1': 0.4042688745821,
  'x2': 0.877347909506,
  'x3': 0.9969523913598,
  'x4': 0.5774310932861,
  'x5': 0.1357431611762,
  'x6': 0.0355936524697,
})
[batch 9/16] policy=leaf_policy_1_2_3_5, seed=1
[INFO][abstract_initial_design.py:74] Using `n_configs` and ignoring `n_configs_per_hyperparameter`.
[INFO][abstract_initial_design.py:143] Using 25 initial design configurations and 0 additional configurations.
[BlockwiseMinSamplesLeafCallback] trials=0, block=1, min_samples_leaf=1
[INFO][abstract_intensifier.py:313] Using only one seed for deterministic scenario.
[INFO][abstract_intensifier.py:523] Added config 873002 as new incumbent because there are no incumbents yet.
[INFO][abstract_intensifier.py:630] Added config ce9203 and rejected config 873002 as incumbent because it is not better than the incumbents on 1 instances: 
[INFO][abstract_intensifier.py:630] Added config 1e5f6e and rejected config ce9203 as incumbent because it is not better than the incumbents on 1 instances: 
[INFO][abstract_intensifier.py:630] Added config f55c8b and rejected config 1e5f6e as incumbent because it is not better than the incumbents on 1 instances: 
[INFO][abstract_intensifier.py:630] Added config fde285 and rejected config f55c8b as incumbent because it is not better than the incumbents on 1 instances: 
[INFO][smbo.py:334] Finished 50 trials.
[INFO][abstract_intensifier.py:630] Added config ec8dab and rejected config fde285 as incumbent because it is not better than the incumbents on 1 instances: 
[INFO][abstract_intensifier.py:630] Added config e32949 and rejected config ec8dab as incumbent because it is not better than the incumbents on 1 instances: 
[INFO][abstract_intensifier.py:630] Added config d31b11 and rejected config e32949 as incumbent because it is not better than the incumbents on 1 instances: 
[INFO][abstract_intensifier.py:630] Added config 3eab51 and rejected config d31b11 as incumbent because it is not better than the incumbents on 1 instances: 
[INFO][abstract_intensifier.py:630] Added config cfa598 and rejected config 3eab51 as incumbent because it is not better than the incumbents on 1 instances: 
[INFO][smbo.py:334] Finished 100 trials.
[BlockwiseMinSamplesLeafCallback] trials=100, block=2, min_samples_leaf=2
[INFO][abstract_intensifier.py:630] Added config 99aa3e and rejected config cfa598 as incumbent because it is not better than the incumbents on 1 instances: 
[INFO][abstract_intensifier.py:630] Added config 326722 and rejected config 99aa3e as incumbent because it is not better than the incumbents on 1 instances: 
[INFO][abstract_intensifier.py:630] Added config 1ff327 and rejected config 326722 as incumbent because it is not better than the incumbents on 1 instances: 
[INFO][abstract_intensifier.py:630] Added config 76312c and rejected config 1ff327 as incumbent because it is not better than the incumbents on 1 instances: 
[INFO][abstract_intensifier.py:630] Added config ba9348 and rejected config 76312c as incumbent because it is not better than the incumbents on 1 instances: 
[INFO][abstract_intensifier.py:630] Added config cb29ea and rejected config ba9348 as incumbent because it is not better than the incumbents on 1 instances: 
[INFO][abstract_intensifier.py:630] Added config 6b1b3a and rejected config cb29ea as incumbent because it is not better than the incumbents on 1 instances: 
[INFO][abstract_intensifier.py:630] Added config afd7f9 and rejected config 6b1b3a as incumbent because it is not better than the incumbents on 1 instances: 
[INFO][smbo.py:334] Finished 150 trials.
[INFO][abstract_intensifier.py:630] Added config f5803c and rejected config afd7f9 as incumbent because it is not better than the incumbents on 1 instances: 
[INFO][abstract_intensifier.py:630] Added config d27ee9 and rejected config f5803c as incumbent because it is not better than the incumbents on 1 instances: 
[INFO][abstract_intensifier.py:630] Added config 350e6f and rejected config d27ee9 as incumbent because it is not better than the incumbents on 1 instances: 
[INFO][abstract_intensifier.py:630] Added config c7dcae and rejected config 350e6f as incumbent because it is not better than the incumbents on 1 instances: 
[INFO][abstract_intensifier.py:630] Added config 50f64c and rejected config c7dcae as incumbent because it is not better than the incumbents on 1 instances: 
[INFO][abstract_intensifier.py:630] Added config ec2878 and rejected config 50f64c as incumbent because it is not better than the incumbents on 1 instances: 
[INFO][smbo.py:334] Finished 200 trials.
[BlockwiseMinSamplesLeafCallback] trials=200, block=3, min_samples_leaf=3
[INFO][abstract_intensifier.py:630] Added config bcf160 and rejected config ec2878 as incumbent because it is not better than the incumbents on 1 instances: 
[INFO][abstract_intensifier.py:630] Added config 0e7a09 and rejected config bcf160 as incumbent because it is not better than the incumbents on 1 instances: 
[INFO][abstract_intensifier.py:630] Added config 6d7ea5 and rejected config 0e7a09 as incumbent because it is not better than the incumbents on 1 instances: 
[INFO][abstract_intensifier.py:630] Added config 97559a and rejected config 6d7ea5 as incumbent because it is not better than the incumbents on 1 instances: 
[INFO][smbo.py:334] Finished 250 trials.
[INFO][abstract_intensifier.py:630] Added config 2f66ba and rejected config 97559a as incumbent because it is not better than the incumbents on 1 instances: 
[INFO][abstract_intensifier.py:630] Added config 63a3d5 and rejected config 2f66ba as incumbent because it is not better than the incumbents on 1 instances: 
[INFO][abstract_intensifier.py:630] Added config 719b9b and rejected config 63a3d5 as incumbent because it is not better than the incumbents on 1 instances: 
[INFO][abstract_intensifier.py:630] Added config ae7dbe and rejected config 719b9b as incumbent because it is not better than the incumbents on 1 instances: 
[INFO][smbo.py:334] Finished 300 trials.
[BlockwiseMinSamplesLeafCallback] trials=300, block=4, min_samples_leaf=5
[INFO][abstract_intensifier.py:630] Added config 7ea4a6 and rejected config ae7dbe as incumbent because it is not better than the incumbents on 1 instances: 
[INFO][smbo.py:334] Finished 350 trials.
[INFO][abstract_intensifier.py:630] Added config 07d15a and rejected config 7ea4a6 as incumbent because it is not better than the incumbents on 1 instances: 
[INFO][smbo.py:334] Finished 400 trials.
[INFO][smbo.py:342] Configuration budget is exhausted:
[INFO][smbo.py:343] --- Remaining wallclock time: inf
[INFO][smbo.py:344] --- Remaining cpu time: inf
[INFO][smbo.py:345] --- Remaining trials: 0
policy=(1, 2, 3, 5), seed=1, incumbent_cost=-3.201225758070272
Configuration(values={
  'x1': 0.4063869964292,
  'x2': 0.8826897154856,
  'x3': 0.8135907377599,
  'x4': 0.5669351674485,
  'x5': 0.1379580684717,
  'x6': 0.0393166969095,
})
[batch 10/16] policy=leaf_policy_1_2_3_5, seed=2
[INFO][abstract_initial_design.py:74] Using `n_configs` and ignoring `n_configs_per_hyperparameter`.
[INFO][abstract_initial_design.py:143] Using 25 initial design configurations and 0 additional configurations.
[BlockwiseMinSamplesLeafCallback] trials=0, block=1, min_samples_leaf=1
[INFO][abstract_intensifier.py:313] Using only one seed for deterministic scenario.
[INFO][abstract_intensifier.py:523] Added config b9fdb3 as new incumbent because there are no incumbents yet.
[INFO][abstract_intensifier.py:630] Added config 097fb7 and rejected config b9fdb3 as incumbent because it is not better than the incumbents on 1 instances: 
[INFO][abstract_intensifier.py:630] Added config 911f6d and rejected config 097fb7 as incumbent because it is not better than the incumbents on 1 instances: 
[INFO][abstract_intensifier.py:630] Added config 0b476d and rejected config 911f6d as incumbent because it is not better than the incumbents on 1 instances: 
[INFO][smbo.py:334] Finished 50 trials.
[INFO][abstract_intensifier.py:630] Added config 34a7f5 and rejected config 0b476d as incumbent because it is not better than the incumbents on 1 instances: 
[INFO][abstract_intensifier.py:630] Added config 9a3455 and rejected config 34a7f5 as incumbent because it is not better than the incumbents on 1 instances: 
[INFO][abstract_intensifier.py:630] Added config af0206 and rejected config 9a3455 as incumbent because it is not better than the incumbents on 1 instances: 
[INFO][abstract_intensifier.py:630] Added config f2a91b and rejected config af0206 as incumbent because it is not better than the incumbents on 1 instances: 
[INFO][smbo.py:334] Finished 100 trials.
[BlockwiseMinSamplesLeafCallback] trials=100, block=2, min_samples_leaf=2
[INFO][abstract_intensifier.py:630] Added config 1ff76b and rejected config f2a91b as incumbent because it is not better than the incumbents on 1 instances: 
[INFO][abstract_intensifier.py:630] Added config aa2635 and rejected config 1ff76b as incumbent because it is not better than the incumbents on 1 instances: 
[INFO][abstract_intensifier.py:630] Added config a2906d and rejected config aa2635 as incumbent because it is not better than the incumbents on 1 instances: 
[INFO][abstract_intensifier.py:630] Added config f0bd11 and rejected config a2906d as incumbent because it is not better than the incumbents on 1 instances: 
[INFO][abstract_intensifier.py:630] Added config b1d60a and rejected config f0bd11 as incumbent because it is not better than the incumbents on 1 instances: 
[INFO][smbo.py:334] Finished 150 trials.
[INFO][smbo.py:334] Finished 200 trials.
[BlockwiseMinSamplesLeafCallback] trials=200, block=3, min_samples_leaf=3
[INFO][abstract_intensifier.py:630] Added config 0e9416 and rejected config b1d60a as incumbent because it is not better than the incumbents on 1 instances: 
[INFO][abstract_intensifier.py:630] Added config 43d37b and rejected config 0e9416 as incumbent because it is not better than the incumbents on 1 instances: 
[INFO][abstract_intensifier.py:630] Added config 3dda6e and rejected config 43d37b as incumbent because it is not better than the incumbents on 1 instances: 
[INFO][smbo.py:334] Finished 250 trials.
[INFO][abstract_intensifier.py:630] Added config 0980c5 and rejected config 3dda6e as incumbent because it is not better than the incumbents on 1 instances: 
[INFO][abstract_intensifier.py:630] Added config 6d4a56 and rejected config 0980c5 as incumbent because it is not better than the incumbents on 1 instances: 
[INFO][abstract_intensifier.py:630] Added config 2cf8c5 and rejected config 6d4a56 as incumbent because it is not better than the incumbents on 1 instances: 
[INFO][abstract_intensifier.py:630] Added config aa2eb2 and rejected config 2cf8c5 as incumbent because it is not better than the incumbents on 1 instances: 
[INFO][abstract_intensifier.py:630] Added config 7cc645 and rejected config aa2eb2 as incumbent because it is not better than the incumbents on 1 instances: 
[INFO][abstract_intensifier.py:630] Added config e3dd64 and rejected config 7cc645 as incumbent because it is not better than the incumbents on 1 instances: 
[INFO][abstract_intensifier.py:630] Added config b4c0a4 and rejected config e3dd64 as incumbent because it is not better than the incumbents on 1 instances: 
[INFO][smbo.py:334] Finished 300 trials.
[BlockwiseMinSamplesLeafCallback] trials=300, block=4, min_samples_leaf=5
[INFO][abstract_intensifier.py:630] Added config 3dcbab and rejected config b4c0a4 as incumbent because it is not better than the incumbents on 1 instances: 
[INFO][smbo.py:334] Finished 350 trials.
[INFO][abstract_intensifier.py:630] Added config 6df188 and rejected config 3dcbab as incumbent because it is not better than the incumbents on 1 instances: 
[INFO][abstract_intensifier.py:630] Added config 5655b3 and rejected config 6df188 as incumbent because it is not better than the incumbents on 1 instances: 
[INFO][smbo.py:334] Finished 400 trials.
[INFO][smbo.py:342] Configuration budget is exhausted:
[INFO][smbo.py:343] --- Remaining wallclock time: inf
[INFO][smbo.py:344] --- Remaining cpu time: inf
[INFO][smbo.py:345] --- Remaining trials: 0
policy=(1, 2, 3, 5), seed=2, incumbent_cost=-3.303925324610042
Configuration(values={
  'x1': 0.209703751993,
  'x2': 0.1143816798533,
  'x3': 0.4679970166465,
  'x4': 0.2760392546903,
  'x5': 0.3127175099126,
  'x6': 0.6677198671265,
})
[batch 11/16] policy=leaf_policy_1_2_3_5, seed=3
[INFO][abstract_initial_design.py:74] Using `n_configs` and ignoring `n_configs_per_hyperparameter`.
[INFO][abstract_initial_design.py:143] Using 25 initial design configurations and 0 additional configurations.
[BlockwiseMinSamplesLeafCallback] trials=0, block=1, min_samples_leaf=1
[INFO][abstract_intensifier.py:313] Using only one seed for deterministic scenario.
[INFO][abstract_intensifier.py:523] Added config 545df9 as new incumbent because there are no incumbents yet.
[INFO][abstract_intensifier.py:630] Added config 2b45fe and rejected config 545df9 as incumbent because it is not better than the incumbents on 1 instances: 
[INFO][abstract_intensifier.py:630] Added config a6b0ac and rejected config 2b45fe as incumbent because it is not better than the incumbents on 1 instances: 
[INFO][smbo.py:334] Finished 50 trials.
[INFO][abstract_intensifier.py:630] Added config 17b489 and rejected config a6b0ac as incumbent because it is not better than the incumbents on 1 instances: 
[INFO][abstract_intensifier.py:630] Added config f90dda and rejected config 17b489 as incumbent because it is not better than the incumbents on 1 instances: 
[INFO][abstract_intensifier.py:630] Added config 6e554d and rejected config f90dda as incumbent because it is not better than the incumbents on 1 instances: 
[INFO][smbo.py:334] Finished 100 trials.
[BlockwiseMinSamplesLeafCallback] trials=100, block=2, min_samples_leaf=2
[INFO][abstract_intensifier.py:630] Added config 9ba2a8 and rejected config 6e554d as incumbent because it is not better than the incumbents on 1 instances: 
[INFO][abstract_intensifier.py:630] Added config 2ec7cc and rejected config 9ba2a8 as incumbent because it is not better than the incumbents on 1 instances: 
[INFO][abstract_intensifier.py:630] Added config 81de21 and rejected config 2ec7cc as incumbent because it is not better than the incumbents on 1 instances: 
[INFO][abstract_intensifier.py:630] Added config a890cd and rejected config 81de21 as incumbent because it is not better than the incumbents on 1 instances: 
[INFO][smbo.py:334] Finished 150 trials.
[INFO][abstract_intensifier.py:630] Added config 7bbb45 and rejected config a890cd as incumbent because it is not better than the incumbents on 1 instances: 
[INFO][abstract_intensifier.py:630] Added config 85f5c7 and rejected config 7bbb45 as incumbent because it is not better than the incumbents on 1 instances: 
[INFO][abstract_intensifier.py:630] Added config c6f4e1 and rejected config 85f5c7 as incumbent because it is not better than the incumbents on 1 instances: 
[INFO][abstract_intensifier.py:630] Added config b2f83a and rejected config c6f4e1 as incumbent because it is not better than the incumbents on 1 instances: 
[INFO][abstract_intensifier.py:630] Added config 83ed01 and rejected config b2f83a as incumbent because it is not better than the incumbents on 1 instances: 
[INFO][abstract_intensifier.py:630] Added config 88a9e9 and rejected config 83ed01 as incumbent because it is not better than the incumbents on 1 instances: 
[INFO][smbo.py:334] Finished 200 trials.
[BlockwiseMinSamplesLeafCallback] trials=200, block=3, min_samples_leaf=3
[INFO][abstract_intensifier.py:630] Added config b8aef2 and rejected config 88a9e9 as incumbent because it is not better than the incumbents on 1 instances: 
[INFO][abstract_intensifier.py:630] Added config 1caf20 and rejected config b8aef2 as incumbent because it is not better than the incumbents on 1 instances: 
[INFO][abstract_intensifier.py:630] Added config a5b46d and rejected config 1caf20 as incumbent because it is not better than the incumbents on 1 instances: 
[INFO][smbo.py:334] Finished 250 trials.
[INFO][abstract_intensifier.py:630] Added config 94128e and rejected config a5b46d as incumbent because it is not better than the incumbents on 1 instances: 
[INFO][abstract_intensifier.py:630] Added config 5e0c3f and rejected config 94128e as incumbent because it is not better than the incumbents on 1 instances: 
[INFO][abstract_intensifier.py:630] Added config e55813 and rejected config 5e0c3f as incumbent because it is not better than the incumbents on 1 instances: 
[INFO][smbo.py:334] Finished 300 trials.
[BlockwiseMinSamplesLeafCallback] trials=300, block=4, min_samples_leaf=5
[INFO][abstract_intensifier.py:630] Added config 7d1995 and rejected config e55813 as incumbent because it is not better than the incumbents on 1 instances: 
[INFO][smbo.py:334] Finished 350 trials.
[INFO][abstract_intensifier.py:630] Added config fd6573 and rejected config 7d1995 as incumbent because it is not better than the incumbents on 1 instances: 
[INFO][abstract_intensifier.py:630] Added config def5d7 and rejected config fd6573 as incumbent because it is not better than the incumbents on 1 instances: 
[INFO][abstract_intensifier.py:630] Added config c823ee and rejected config def5d7 as incumbent because it is not better than the incumbents on 1 instances: 
[INFO][abstract_intensifier.py:630] Added config 1f6993 and rejected config c823ee as incumbent because it is not better than the incumbents on 1 instances: 
[INFO][abstract_intensifier.py:630] Added config b3da32 and rejected config 1f6993 as incumbent because it is not better than the incumbents on 1 instances: 
[INFO][smbo.py:334] Finished 400 trials.
[INFO][smbo.py:342] Configuration budget is exhausted:
[INFO][smbo.py:343] --- Remaining wallclock time: inf
[INFO][smbo.py:344] --- Remaining cpu time: inf
[INFO][smbo.py:345] --- Remaining trials: 0
policy=(1, 2, 3, 5), seed=3, incumbent_cost=-3.1943557323934253
Configuration(values={
  'x1': 0.4055180638421,
  'x2': 0.879041101289,
  'x3': 0.9234086110542,
  'x4': 0.5712267937651,
  'x5': 0.0006888029608,
  'x6': 0.0317893048679,
})
[batch 12/16] policy=leaf_policy_1_2_3_5, seed=4
[INFO][abstract_initial_design.py:74] Using `n_configs` and ignoring `n_configs_per_hyperparameter`.
[INFO][abstract_initial_design.py:143] Using 25 initial design configurations and 0 additional configurations.
[BlockwiseMinSamplesLeafCallback] trials=0, block=1, min_samples_leaf=1
[INFO][abstract_intensifier.py:313] Using only one seed for deterministic scenario.
[INFO][abstract_intensifier.py:523] Added config 4a153e as new incumbent because there are no incumbents yet.
[INFO][abstract_intensifier.py:630] Added config 73bb85 and rejected config 4a153e as incumbent because it is not better than the incumbents on 1 instances: 
[INFO][abstract_intensifier.py:630] Added config dbd536 and rejected config 73bb85 as incumbent because it is not better than the incumbents on 1 instances: 
[INFO][abstract_intensifier.py:630] Added config ed9eb0 and rejected config dbd536 as incumbent because it is not better than the incumbents on 1 instances: 
[INFO][smbo.py:334] Finished 50 trials.
[INFO][abstract_intensifier.py:630] Added config e11d1d and rejected config ed9eb0 as incumbent because it is not better than the incumbents on 1 instances: 
[INFO][abstract_intensifier.py:630] Added config 4bd437 and rejected config e11d1d as incumbent because it is not better than the incumbents on 1 instances: 
[INFO][abstract_intensifier.py:630] Added config 81a718 and rejected config 4bd437 as incumbent because it is not better than the incumbents on 1 instances: 
[INFO][abstract_intensifier.py:630] Added config 030dd5 and rejected config 81a718 as incumbent because it is not better than the incumbents on 1 instances: 
[INFO][abstract_intensifier.py:630] Added config 31cb87 and rejected config 030dd5 as incumbent because it is not better than the incumbents on 1 instances: 
[INFO][abstract_intensifier.py:630] Added config d6a2d2 and rejected config 31cb87 as incumbent because it is not better than the incumbents on 1 instances: 
[INFO][abstract_intensifier.py:630] Added config 2d0e17 and rejected config d6a2d2 as incumbent because it is not better than the incumbents on 1 instances: 
[INFO][abstract_intensifier.py:630] Added config 223b56 and rejected config 2d0e17 as incumbent because it is not better than the incumbents on 1 instances: 
[INFO][smbo.py:334] Finished 100 trials.
[BlockwiseMinSamplesLeafCallback] trials=100, block=2, min_samples_leaf=2
[INFO][abstract_intensifier.py:630] Added config 05b72b and rejected config 223b56 as incumbent because it is not better than the incumbents on 1 instances: 
[INFO][abstract_intensifier.py:630] Added config decf38 and rejected config 05b72b as incumbent because it is not better than the incumbents on 1 instances: 
[INFO][abstract_intensifier.py:630] Added config bfe373 and rejected config decf38 as incumbent because it is not better than the incumbents on 1 instances: 
[INFO][abstract_intensifier.py:630] Added config e184e2 and rejected config bfe373 as incumbent because it is not better than the incumbents on 1 instances: 
[INFO][smbo.py:334] Finished 150 trials.
[INFO][abstract_intensifier.py:630] Added config 8beec9 and rejected config e184e2 as incumbent because it is not better than the incumbents on 1 instances: 
[INFO][abstract_intensifier.py:630] Added config 9af4df and rejected config 8beec9 as incumbent because it is not better than the incumbents on 1 instances: 
[INFO][abstract_intensifier.py:630] Added config c5caa4 and rejected config 9af4df as incumbent because it is not better than the incumbents on 1 instances: 
[INFO][abstract_intensifier.py:630] Added config fee796 and rejected config c5caa4 as incumbent because it is not better than the incumbents on 1 instances: 
[INFO][smbo.py:334] Finished 200 trials.
[BlockwiseMinSamplesLeafCallback] trials=200, block=3, min_samples_leaf=3
[INFO][abstract_intensifier.py:630] Added config 67d529 and rejected config fee796 as incumbent because it is not better than the incumbents on 1 instances: 
[INFO][smbo.py:334] Finished 250 trials.
[INFO][abstract_intensifier.py:630] Added config cb4a9b and rejected config 67d529 as incumbent because it is not better than the incumbents on 1 instances: 
[INFO][smbo.py:334] Finished 300 trials.
[BlockwiseMinSamplesLeafCallback] trials=300, block=4, min_samples_leaf=5
[INFO][abstract_intensifier.py:630] Added config 13ea6e and rejected config cb4a9b as incumbent because it is not better than the incumbents on 1 instances: 
[INFO][smbo.py:334] Finished 350 trials.
[INFO][smbo.py:334] Finished 400 trials.
[INFO][smbo.py:342] Configuration budget is exhausted:
[INFO][smbo.py:343] --- Remaining wallclock time: inf
[INFO][smbo.py:344] --- Remaining cpu time: inf
[INFO][smbo.py:345] --- Remaining trials: 0
policy=(1, 2, 3, 5), seed=4, incumbent_cost=-3.236706117993411
Configuration(values={
  'x1': 0.2238425453594,
  'x2': 0.0662575055419,
  'x3': 0.4586451993333,
  'x4': 0.2755389037234,
  'x5': 0.3119998156281,
  'x6': 0.6581755318802,
})
[batch 13/16] policy=leaf_policy_1_2_5_1, seed=0
[INFO][abstract_initial_design.py:74] Using `n_configs` and ignoring `n_configs_per_hyperparameter`.
[INFO][abstract_initial_design.py:143] Using 25 initial design configurations and 0 additional configurations.
[BlockwiseMinSamplesLeafCallback] trials=0, block=1, min_samples_leaf=1
[INFO][abstract_intensifier.py:313] Using only one seed for deterministic scenario.
[INFO][abstract_intensifier.py:523] Added config 250a07 as new incumbent because there are no incumbents yet.
[INFO][abstract_intensifier.py:630] Added config 9895f5 and rejected config 250a07 as incumbent because it is not better than the incumbents on 1 instances: 
[INFO][abstract_intensifier.py:630] Added config 6ed6e4 and rejected config 9895f5 as incumbent because it is not better than the incumbents on 1 instances: 
[INFO][abstract_intensifier.py:630] Added config 718a9a and rejected config 6ed6e4 as incumbent because it is not better than the incumbents on 1 instances: 
[INFO][abstract_intensifier.py:630] Added config 58c622 and rejected config 718a9a as incumbent because it is not better than the incumbents on 1 instances: 
[INFO][smbo.py:334] Finished 50 trials.
[INFO][abstract_intensifier.py:630] Added config 0bd9d7 and rejected config 58c622 as incumbent because it is not better than the incumbents on 1 instances: 
[INFO][abstract_intensifier.py:630] Added config 421e34 and rejected config 0bd9d7 as incumbent because it is not better than the incumbents on 1 instances: 
[INFO][abstract_intensifier.py:630] Added config 040aec and rejected config 421e34 as incumbent because it is not better than the incumbents on 1 instances: 
[INFO][abstract_intensifier.py:630] Added config ac982d and rejected config 040aec as incumbent because it is not better than the incumbents on 1 instances: 
[INFO][smbo.py:334] Finished 100 trials.
[BlockwiseMinSamplesLeafCallback] trials=100, block=2, min_samples_leaf=2
[INFO][abstract_intensifier.py:630] Added config 455c93 and rejected config ac982d as incumbent because it is not better than the incumbents on 1 instances: 
[INFO][abstract_intensifier.py:630] Added config 280230 and rejected config 455c93 as incumbent because it is not better than the incumbents on 1 instances: 
[INFO][abstract_intensifier.py:630] Added config 940f39 and rejected config 280230 as incumbent because it is not better than the incumbents on 1 instances: 
[INFO][smbo.py:334] Finished 150 trials.
[INFO][abstract_intensifier.py:630] Added config 0b5405 and rejected config 940f39 as incumbent because it is not better than the incumbents on 1 instances: 
[INFO][abstract_intensifier.py:630] Added config 92d334 and rejected config 0b5405 as incumbent because it is not better than the incumbents on 1 instances: 
[INFO][abstract_intensifier.py:630] Added config 57ad48 and rejected config 92d334 as incumbent because it is not better than the incumbents on 1 instances: 
[INFO][abstract_intensifier.py:630] Added config 7bd699 and rejected config 57ad48 as incumbent because it is not better than the incumbents on 1 instances: 
[INFO][abstract_intensifier.py:630] Added config 89d72d and rejected config 7bd699 as incumbent because it is not better than the incumbents on 1 instances: 
[INFO][smbo.py:334] Finished 200 trials.
[BlockwiseMinSamplesLeafCallback] trials=200, block=3, min_samples_leaf=5
[INFO][abstract_intensifier.py:630] Added config 233cf9 and rejected config 89d72d as incumbent because it is not better than the incumbents on 1 instances: 
[INFO][abstract_intensifier.py:630] Added config d79b43 and rejected config 233cf9 as incumbent because it is not better than the incumbents on 1 instances: 
[INFO][abstract_intensifier.py:630] Added config 0fcb9d and rejected config d79b43 as incumbent because it is not better than the incumbents on 1 instances: 
[INFO][smbo.py:334] Finished 250 trials.
[INFO][abstract_intensifier.py:630] Added config 760a07 and rejected config 0fcb9d as incumbent because it is not better than the incumbents on 1 instances: 
[INFO][abstract_intensifier.py:630] Added config 6774ad and rejected config 760a07 as incumbent because it is not better than the incumbents on 1 instances: 
[INFO][smbo.py:334] Finished 300 trials.
[BlockwiseMinSamplesLeafCallback] trials=300, block=4, min_samples_leaf=1
[INFO][abstract_intensifier.py:630] Added config 90def0 and rejected config 6774ad as incumbent because it is not better than the incumbents on 1 instances: 
[INFO][abstract_intensifier.py:630] Added config 315624 and rejected config 90def0 as incumbent because it is not better than the incumbents on 1 instances: 
[INFO][smbo.py:334] Finished 350 trials.
[INFO][abstract_intensifier.py:630] Added config d9752b and rejected config 315624 as incumbent because it is not better than the incumbents on 1 instances: 
[INFO][abstract_intensifier.py:630] Added config f2dc63 and rejected config d9752b as incumbent because it is not better than the incumbents on 1 instances: 
[INFO][abstract_intensifier.py:630] Added config 00ec23 and rejected config f2dc63 as incumbent because it is not better than the incumbents on 1 instances: 
[INFO][abstract_intensifier.py:630] Added config 2aae2f and rejected config 00ec23 as incumbent because it is not better than the incumbents on 1 instances: 
[INFO][abstract_intensifier.py:630] Added config 98128a and rejected config 2aae2f as incumbent because it is not better than the incumbents on 1 instances: 
[INFO][abstract_intensifier.py:630] Added config d4bfc9 and rejected config 98128a as incumbent because it is not better than the incumbents on 1 instances: 
[INFO][abstract_intensifier.py:630] Added config 276940 and rejected config d4bfc9 as incumbent because it is not better than the incumbents on 1 instances: 
[INFO][smbo.py:334] Finished 400 trials.
[INFO][smbo.py:342] Configuration budget is exhausted:
[INFO][smbo.py:343] --- Remaining wallclock time: inf
[INFO][smbo.py:344] --- Remaining cpu time: inf
[INFO][smbo.py:345] --- Remaining trials: 0
policy=(1, 2, 5, 1), seed=0, incumbent_cost=-3.2024535730125803
Configuration(values={
  'x1': 0.4026843327548,
  'x2': 0.884228574403,
  'x3': 0.8793597582058,
  'x4': 0.5764346515589,
  'x5': 0.122104234062,
  'x6': 0.0383552193405,
})
[batch 14/16] policy=leaf_policy_1_2_5_1, seed=1
[INFO][abstract_initial_design.py:74] Using `n_configs` and ignoring `n_configs_per_hyperparameter`.
[INFO][abstract_initial_design.py:143] Using 25 initial design configurations and 0 additional configurations.
[BlockwiseMinSamplesLeafCallback] trials=0, block=1, min_samples_leaf=1
[INFO][abstract_intensifier.py:313] Using only one seed for deterministic scenario.
[INFO][abstract_intensifier.py:523] Added config 873002 as new incumbent because there are no incumbents yet.
[INFO][abstract_intensifier.py:630] Added config ce9203 and rejected config 873002 as incumbent because it is not better than the incumbents on 1 instances: 
[INFO][abstract_intensifier.py:630] Added config 1e5f6e and rejected config ce9203 as incumbent because it is not better than the incumbents on 1 instances: 
[INFO][abstract_intensifier.py:630] Added config f55c8b and rejected config 1e5f6e as incumbent because it is not better than the incumbents on 1 instances: 
[INFO][abstract_intensifier.py:630] Added config fde285 and rejected config f55c8b as incumbent because it is not better than the incumbents on 1 instances: 
[INFO][smbo.py:334] Finished 50 trials.
[INFO][abstract_intensifier.py:630] Added config ec8dab and rejected config fde285 as incumbent because it is not better than the incumbents on 1 instances: 
[INFO][abstract_intensifier.py:630] Added config e32949 and rejected config ec8dab as incumbent because it is not better than the incumbents on 1 instances: 
[INFO][abstract_intensifier.py:630] Added config d31b11 and rejected config e32949 as incumbent because it is not better than the incumbents on 1 instances: 
[INFO][abstract_intensifier.py:630] Added config 3eab51 and rejected config d31b11 as incumbent because it is not better than the incumbents on 1 instances: 
[INFO][abstract_intensifier.py:630] Added config cfa598 and rejected config 3eab51 as incumbent because it is not better than the incumbents on 1 instances: 
[INFO][smbo.py:334] Finished 100 trials.
[BlockwiseMinSamplesLeafCallback] trials=100, block=2, min_samples_leaf=2
[INFO][abstract_intensifier.py:630] Added config 99aa3e and rejected config cfa598 as incumbent because it is not better than the incumbents on 1 instances: 
[INFO][abstract_intensifier.py:630] Added config 326722 and rejected config 99aa3e as incumbent because it is not better than the incumbents on 1 instances: 
[INFO][abstract_intensifier.py:630] Added config 1ff327 and rejected config 326722 as incumbent because it is not better than the incumbents on 1 instances: 
[INFO][abstract_intensifier.py:630] Added config 76312c and rejected config 1ff327 as incumbent because it is not better than the incumbents on 1 instances: 
[INFO][abstract_intensifier.py:630] Added config ba9348 and rejected config 76312c as incumbent because it is not better than the incumbents on 1 instances: 
[INFO][abstract_intensifier.py:630] Added config cb29ea and rejected config ba9348 as incumbent because it is not better than the incumbents on 1 instances: 
[INFO][abstract_intensifier.py:630] Added config 6b1b3a and rejected config cb29ea as incumbent because it is not better than the incumbents on 1 instances: 
[INFO][abstract_intensifier.py:630] Added config afd7f9 and rejected config 6b1b3a as incumbent because it is not better than the incumbents on 1 instances: 
[INFO][smbo.py:334] Finished 150 trials.
[INFO][abstract_intensifier.py:630] Added config f5803c and rejected config afd7f9 as incumbent because it is not better than the incumbents on 1 instances: 
[INFO][abstract_intensifier.py:630] Added config d27ee9 and rejected config f5803c as incumbent because it is not better than the incumbents on 1 instances: 
[INFO][abstract_intensifier.py:630] Added config 350e6f and rejected config d27ee9 as incumbent because it is not better than the incumbents on 1 instances: 
[INFO][abstract_intensifier.py:630] Added config c7dcae and rejected config 350e6f as incumbent because it is not better than the incumbents on 1 instances: 
[INFO][abstract_intensifier.py:630] Added config 50f64c and rejected config c7dcae as incumbent because it is not better than the incumbents on 1 instances: 
[INFO][abstract_intensifier.py:630] Added config ec2878 and rejected config 50f64c as incumbent because it is not better than the incumbents on 1 instances: 
[INFO][smbo.py:334] Finished 200 trials.
[BlockwiseMinSamplesLeafCallback] trials=200, block=3, min_samples_leaf=5
[INFO][abstract_intensifier.py:630] Added config dfc1f6 and rejected config ec2878 as incumbent because it is not better than the incumbents on 1 instances: 
[INFO][abstract_intensifier.py:630] Added config 7c7ea6 and rejected config dfc1f6 as incumbent because it is not better than the incumbents on 1 instances: 
[INFO][smbo.py:334] Finished 250 trials.
[INFO][abstract_intensifier.py:630] Added config c80509 and rejected config 7c7ea6 as incumbent because it is not better than the incumbents on 1 instances: 
[INFO][abstract_intensifier.py:630] Added config a491a7 and rejected config c80509 as incumbent because it is not better than the incumbents on 1 instances: 
[INFO][abstract_intensifier.py:630] Added config e58193 and rejected config a491a7 as incumbent because it is not better than the incumbents on 1 instances: 
[INFO][abstract_intensifier.py:630] Added config e15231 and rejected config e58193 as incumbent because it is not better than the incumbents on 1 instances: 
[INFO][abstract_intensifier.py:630] Added config f8c6d9 and rejected config e15231 as incumbent because it is not better than the incumbents on 1 instances: 
[INFO][smbo.py:334] Finished 300 trials.
[BlockwiseMinSamplesLeafCallback] trials=300, block=4, min_samples_leaf=1
[INFO][smbo.py:334] Finished 350 trials.
[INFO][abstract_intensifier.py:630] Added config 937eb9 and rejected config f8c6d9 as incumbent because it is not better than the incumbents on 1 instances: 
[INFO][abstract_intensifier.py:630] Added config 1a52f6 and rejected config 937eb9 as incumbent because it is not better than the incumbents on 1 instances: 
[INFO][abstract_intensifier.py:630] Added config 0d5d72 and rejected config 1a52f6 as incumbent because it is not better than the incumbents on 1 instances: 
[INFO][smbo.py:334] Finished 400 trials.
[INFO][smbo.py:342] Configuration budget is exhausted:
[INFO][smbo.py:343] --- Remaining wallclock time: inf
[INFO][smbo.py:344] --- Remaining cpu time: inf
[INFO][smbo.py:345] --- Remaining trials: 0
policy=(1, 2, 5, 1), seed=1, incumbent_cost=-3.198693649564632
Configuration(values={
  'x1': 0.401451368079,
  'x2': 0.8827615015618,
  'x3': 0.9667384297947,
  'x4': 0.5667299513952,
  'x5': 0.1367596408671,
  'x6': 0.0384147605472,
})
[batch 15/16] policy=leaf_policy_1_2_5_1, seed=2
[INFO][abstract_initial_design.py:74] Using `n_configs` and ignoring `n_configs_per_hyperparameter`.
[INFO][abstract_initial_design.py:143] Using 25 initial design configurations and 0 additional configurations.
[BlockwiseMinSamplesLeafCallback] trials=0, block=1, min_samples_leaf=1
[INFO][abstract_intensifier.py:313] Using only one seed for deterministic scenario.
[INFO][abstract_intensifier.py:523] Added config b9fdb3 as new incumbent because there are no incumbents yet.
[INFO][abstract_intensifier.py:630] Added config 097fb7 and rejected config b9fdb3 as incumbent because it is not better than the incumbents on 1 instances: 
[INFO][abstract_intensifier.py:630] Added config 911f6d and rejected config 097fb7 as incumbent because it is not better than the incumbents on 1 instances: 
[INFO][abstract_intensifier.py:630] Added config 0b476d and rejected config 911f6d as incumbent because it is not better than the incumbents on 1 instances: 
[INFO][smbo.py:334] Finished 50 trials.
[INFO][abstract_intensifier.py:630] Added config 34a7f5 and rejected config 0b476d as incumbent because it is not better than the incumbents on 1 instances: 
[INFO][abstract_intensifier.py:630] Added config 9a3455 and rejected config 34a7f5 as incumbent because it is not better than the incumbents on 1 instances: 
[INFO][abstract_intensifier.py:630] Added config af0206 and rejected config 9a3455 as incumbent because it is not better than the incumbents on 1 instances: 
[INFO][abstract_intensifier.py:630] Added config f2a91b and rejected config af0206 as incumbent because it is not better than the incumbents on 1 instances: 
[INFO][smbo.py:334] Finished 100 trials.
[BlockwiseMinSamplesLeafCallback] trials=100, block=2, min_samples_leaf=2
[INFO][abstract_intensifier.py:630] Added config 1ff76b and rejected config f2a91b as incumbent because it is not better than the incumbents on 1 instances: 
[INFO][abstract_intensifier.py:630] Added config aa2635 and rejected config 1ff76b as incumbent because it is not better than the incumbents on 1 instances: 
[INFO][abstract_intensifier.py:630] Added config a2906d and rejected config aa2635 as incumbent because it is not better than the incumbents on 1 instances: 
[INFO][abstract_intensifier.py:630] Added config f0bd11 and rejected config a2906d as incumbent because it is not better than the incumbents on 1 instances: 
[INFO][abstract_intensifier.py:630] Added config b1d60a and rejected config f0bd11 as incumbent because it is not better than the incumbents on 1 instances: 
[INFO][smbo.py:334] Finished 150 trials.
[INFO][smbo.py:334] Finished 200 trials.
[BlockwiseMinSamplesLeafCallback] trials=200, block=3, min_samples_leaf=5
[INFO][abstract_intensifier.py:630] Added config 405ea8 and rejected config b1d60a as incumbent because it is not better than the incumbents on 1 instances: 
[INFO][abstract_intensifier.py:630] Added config e611ca and rejected config 405ea8 as incumbent because it is not better than the incumbents on 1 instances: 
[INFO][abstract_intensifier.py:630] Added config 2d1df6 and rejected config e611ca as incumbent because it is not better than the incumbents on 1 instances: 
[INFO][abstract_intensifier.py:630] Added config 6875a0 and rejected config 2d1df6 as incumbent because it is not better than the incumbents on 1 instances: 
[INFO][smbo.py:334] Finished 250 trials.
[INFO][abstract_intensifier.py:630] Added config acdac1 and rejected config 6875a0 as incumbent because it is not better than the incumbents on 1 instances: 
[INFO][abstract_intensifier.py:630] Added config ff724c and rejected config acdac1 as incumbent because it is not better than the incumbents on 1 instances: 
[INFO][abstract_intensifier.py:630] Added config 6dd331 and rejected config ff724c as incumbent because it is not better than the incumbents on 1 instances: 
[INFO][smbo.py:334] Finished 300 trials.
[BlockwiseMinSamplesLeafCallback] trials=300, block=4, min_samples_leaf=1
[INFO][smbo.py:334] Finished 350 trials.
[INFO][abstract_intensifier.py:630] Added config 5924d9 and rejected config 6dd331 as incumbent because it is not better than the incumbents on 1 instances: 
[INFO][abstract_intensifier.py:630] Added config dcfcac and rejected config 5924d9 as incumbent because it is not better than the incumbents on 1 instances: 
[INFO][smbo.py:334] Finished 400 trials.
[INFO][smbo.py:342] Configuration budget is exhausted:
[INFO][smbo.py:343] --- Remaining wallclock time: inf
[INFO][smbo.py:344] --- Remaining cpu time: inf
[INFO][smbo.py:345] --- Remaining trials: 0
policy=(1, 2, 5, 1), seed=2, incumbent_cost=-3.30546902943626
Configuration(values={
  'x1': 0.1990722478606,
  'x2': 0.1158954166094,
  'x3': 0.4624177870223,
  'x4': 0.2789854154951,
  'x5': 0.314607376529,
  'x6': 0.6639027739355,
})
[batch 16/16] policy=leaf_policy_1_2_5_1, seed=3
[INFO][abstract_initial_design.py:74] Using `n_configs` and ignoring `n_configs_per_hyperparameter`.
[INFO][abstract_initial_design.py:143] Using 25 initial design configurations and 0 additional configurations.
[BlockwiseMinSamplesLeafCallback] trials=0, block=1, min_samples_leaf=1
[INFO][abstract_intensifier.py:313] Using only one seed for deterministic scenario.
[INFO][abstract_intensifier.py:523] Added config 545df9 as new incumbent because there are no incumbents yet.
[INFO][abstract_intensifier.py:630] Added config 2b45fe and rejected config 545df9 as incumbent because it is not better than the incumbents on 1 instances: 
[INFO][abstract_intensifier.py:630] Added config a6b0ac and rejected config 2b45fe as incumbent because it is not better than the incumbents on 1 instances: 
[INFO][smbo.py:334] Finished 50 trials.
[INFO][abstract_intensifier.py:630] Added config 17b489 and rejected config a6b0ac as incumbent because it is not better than the incumbents on 1 instances: 
[INFO][abstract_intensifier.py:630] Added config f90dda and rejected config 17b489 as incumbent because it is not better than the incumbents on 1 instances: 
[INFO][abstract_intensifier.py:630] Added config 6e554d and rejected config f90dda as incumbent because it is not better than the incumbents on 1 instances: 
[INFO][smbo.py:334] Finished 100 trials.
[BlockwiseMinSamplesLeafCallback] trials=100, block=2, min_samples_leaf=2
[INFO][abstract_intensifier.py:630] Added config 9ba2a8 and rejected config 6e554d as incumbent because it is not better than the incumbents on 1 instances: 
[INFO][abstract_intensifier.py:630] Added config 2ec7cc and rejected config 9ba2a8 as incumbent because it is not better than the incumbents on 1 instances: 
[INFO][abstract_intensifier.py:630] Added config 81de21 and rejected config 2ec7cc as incumbent because it is not better than the incumbents on 1 instances: 
[INFO][abstract_intensifier.py:630] Added config a890cd and rejected config 81de21 as incumbent because it is not better than the incumbents on 1 instances: 
[INFO][smbo.py:334] Finished 150 trials.
[INFO][abstract_intensifier.py:630] Added config 7bbb45 and rejected config a890cd as incumbent because it is not better than the incumbents on 1 instances: 
[INFO][abstract_intensifier.py:630] Added config 85f5c7 and rejected config 7bbb45 as incumbent because it is not better than the incumbents on 1 instances: 
[INFO][abstract_intensifier.py:630] Added config c6f4e1 and rejected config 85f5c7 as incumbent because it is not better than the incumbents on 1 instances: 
[INFO][abstract_intensifier.py:630] Added config b2f83a and rejected config c6f4e1 as incumbent because it is not better than the incumbents on 1 instances: 
[INFO][abstract_intensifier.py:630] Added config 83ed01 and rejected config b2f83a as incumbent because it is not better than the incumbents on 1 instances: 
[INFO][abstract_intensifier.py:630] Added config 88a9e9 and rejected config 83ed01 as incumbent because it is not better than the incumbents on 1 instances: 
[INFO][smbo.py:334] Finished 200 trials.
[BlockwiseMinSamplesLeafCallback] trials=200, block=3, min_samples_leaf=5
[INFO][abstract_intensifier.py:630] Added config b93f16 and rejected config 88a9e9 as incumbent because it is not better than the incumbents on 1 instances: 
[INFO][abstract_intensifier.py:630] Added config 28a46c and rejected config b93f16 as incumbent because it is not better than the incumbents on 1 instances: 
[INFO][smbo.py:334] Finished 250 trials.
[INFO][abstract_intensifier.py:630] Added config 0fa310 and rejected config 28a46c as incumbent because it is not better than the incumbents on 1 instances: 
[INFO][abstract_intensifier.py:630] Added config ca53f0 and rejected config 0fa310 as incumbent because it is not better than the incumbents on 1 instances: 
[INFO][abstract_intensifier.py:630] Added config 6d5288 and rejected config ca53f0 as incumbent because it is not better than the incumbents on 1 instances: 
[INFO][smbo.py:334] Finished 300 trials.
[BlockwiseMinSamplesLeafCallback] trials=300, block=4, min_samples_leaf=1
[INFO][abstract_intensifier.py:630] Added config 1d27c6 and rejected config 6d5288 as incumbent because it is not better than the incumbents on 1 instances: 
[INFO][abstract_intensifier.py:630] Added config 25269e and rejected config 1d27c6 as incumbent because it is not better than the incumbents on 1 instances: 
[INFO][abstract_intensifier.py:630] Added config 928dca and rejected config 25269e as incumbent because it is not better than the incumbents on 1 instances: 
[INFO][abstract_intensifier.py:630] Added config 8a9975 and rejected config 928dca as incumbent because it is not better than the incumbents on 1 instances: 
[INFO][abstract_intensifier.py:630] Added config fb5ddc and rejected config 8a9975 as incumbent because it is not better than the incumbents on 1 instances: 
[INFO][abstract_intensifier.py:630] Added config f3bd7d and rejected config fb5ddc as incumbent because it is not better than the incumbents on 1 instances: 
[INFO][abstract_intensifier.py:630] Added config 658ed2 and rejected config f3bd7d as incumbent because it is not better than the incumbents on 1 instances: 
[INFO][smbo.py:334] Finished 350 trials.
[INFO][abstract_intensifier.py:630] Added config 8e0513 and rejected config 658ed2 as incumbent because it is not better than the incumbents on 1 instances: 
[INFO][abstract_intensifier.py:630] Added config a3bb77 and rejected config 8e0513 as incumbent because it is not better than the incumbents on 1 instances: 
[INFO][smbo.py:334] Finished 400 trials.
[INFO][smbo.py:342] Configuration budget is exhausted:
[INFO][smbo.py:343] --- Remaining wallclock time: inf
[INFO][smbo.py:344] --- Remaining cpu time: inf
[INFO][smbo.py:345] --- Remaining trials: 0
policy=(1, 2, 5, 1), seed=3, incumbent_cost=-3.1972476284474394
Configuration(values={
  'x1': 0.404965904629,
  'x2': 0.8819709789274,
  'x3': 0.8654703914309,
  'x4': 0.5767749806495,
  'x5': 0.0017187159158,
  'x6': 0.0393910268993,
})
submitit INFO (2026-06-24 01:38:15,560) - Job completed successfully
[INFO][submission.py:56] Job completed successfully
submitit INFO (2026-06-24 01:38:15,571) - Exiting after successful completion
[INFO][submission.py:61] Exiting after successful completion
